<?xml version="1.0" encoding="UTF-8"?>
<!-- Generated by org.testng.reporters.JUnitXMLReporter -->
<testsuite ignored="26" hostname="LENOVO" failures="2" tests="2" name="Health Checkup Tests" time="14.212" errors="0" timestamp="2026-01-21T17:51:49 IST">
  <testcase classname="test.BMSTest" name="verifyMasterHealthCheckup" time="10.052">
    <failure type="com.microsoft.playwright.impl.TargetClosedError" message="Error {
  message=&amp;apos;Target page, context or browser has been closed
  name=&amp;apos;TargetClosedError
  stack=&amp;apos;TargetClosedError:Target page, context or browser has been closed
Error
    at captureRawStack (C:\Users\HAIPPY~1\AppData\Local\Temp\playwright-java-8541975594615293244\package\lib\utils\stackTrace.js:49:17)
    at LongStandingScope._race (C:\Users\HAIPPY~1\AppData\Local\Temp\playwright-java-8541975594615293244\package\lib\utils\manualPromise.js:91:52)
    at LongStandingScope.race (C:\Users\HAIPPY~1\AppData\Local\Temp\playwright-java-8541975594615293244\package\lib\utils\manualPromise.js:84:17)
    at FrameDispatcher._handleCommand (C:\Users\HAIPPY~1\AppData\Local\Temp\playwright-java-8541975594615293244\package\lib\server\dispatchers\dispatcher.js:96:36)
    at DispatcherConnection.dispatch (C:\Users\HAIPPY~1\AppData\Local\Temp\playwright-java-8541975594615293244\package\lib\server\dispatchers\dispatcher.js:361:39)
}
Call log:
- waiting for getByLabel(&amp;quot;Pay Later, Enquire Now&amp;quot;)
-   locator resolved to &amp;lt;input type=&amp;quot;radio&amp;quot; name=&amp;quot;position&amp;quot; value=&amp;quot;payCentre&amp;quot; class=&amp;quot;PrivateSwitchBase-input css-1m9pwf3&amp;quot;/&amp;gt;
">
      <![CDATA[com.microsoft.playwright.impl.TargetClosedError: Error {
  message='Target page, context or browser has been closed
  name='TargetClosedError
  stack='TargetClosedError:Target page, context or browser has been closed
Error
    at captureRawStack (C:\Users\HAIPPY~1\AppData\Local\Temp\playwright-java-8541975594615293244\package\lib\utils\stackTrace.js:49:17)
    at LongStandingScope._race (C:\Users\HAIPPY~1\AppData\Local\Temp\playwright-java-8541975594615293244\package\lib\utils\manualPromise.js:91:52)
    at LongStandingScope.race (C:\Users\HAIPPY~1\AppData\Local\Temp\playwright-java-8541975594615293244\package\lib\utils\manualPromise.js:84:17)
    at FrameDispatcher._handleCommand (C:\Users\HAIPPY~1\AppData\Local\Temp\playwright-java-8541975594615293244\package\lib\server\dispatchers\dispatcher.js:96:36)
    at DispatcherConnection.dispatch (C:\Users\HAIPPY~1\AppData\Local\Temp\playwright-java-8541975594615293244\package\lib\server\dispatchers\dispatcher.js:361:39)
}
Call log:
- waiting for getByLabel("Pay Later, Enquire Now")
-   locator resolved to <input type="radio" name="position" value="payCentre" class="PrivateSwitchBase-input css-1m9pwf3"/>

at com.microsoft.playwright.impl.WaitableResult.get(WaitableResult.java:54)
at com.microsoft.playwright.impl.ChannelOwner.runUntil(ChannelOwner.java:120)
at com.microsoft.playwright.impl.Connection.sendMessage(Connection.java:130)
at com.microsoft.playwright.impl.ChannelOwner.sendMessage(ChannelOwner.java:106)
at com.microsoft.playwright.impl.FrameImpl.checkImpl(FrameImpl.java:233)
at com.microsoft.playwright.impl.FrameImpl.lambda$check$7(FrameImpl.java:224)
at com.microsoft.playwright.impl.LoggingSupport.lambda$withLogging$0(LoggingSupport.java:36)
at com.microsoft.playwright.impl.LoggingSupport.withLogging(LoggingSupport.java:47)
at com.microsoft.playwright.impl.ChannelOwner.withLogging(ChannelOwner.java:89)
at com.microsoft.playwright.impl.LoggingSupport.withLogging(LoggingSupport.java:35)
at com.microsoft.playwright.impl.FrameImpl.check(FrameImpl.java:224)
at com.microsoft.playwright.impl.LocatorImpl.check(LocatorImpl.java:147)
at com.microsoft.playwright.Locator.check(Locator.java:2293)
at page.BMSPage.BookSlverMasterHealthcheckup(BMSPage.java:601)
at test.BMSTest.verifyMasterHealthCheckup(BMSTest.java:136)
at java.base/java.util.ArrayList.forEach(ArrayList.java:1511)
Caused by: com.microsoft.playwright.impl.TargetClosedError: Error {
  message='Target page, context or browser has been closed
  name='TargetClosedError
  stack='TargetClosedError:Target page, context or browser has been closed
Error
    at captureRawStack (C:\Users\HAIPPY~1\AppData\Local\Temp\playwright-java-8541975594615293244\package\lib\utils\stackTrace.js:49:17)
    at LongStandingScope._race (C:\Users\HAIPPY~1\AppData\Local\Temp\playwright-java-8541975594615293244\package\lib\utils\manualPromise.js:91:52)
    at LongStandingScope.race (C:\Users\HAIPPY~1\AppData\Local\Temp\playwright-java-8541975594615293244\package\lib\utils\manualPromise.js:84:17)
    at FrameDispatcher._handleCommand (C:\Users\HAIPPY~1\AppData\Local\Temp\playwright-java-8541975594615293244\package\lib\server\dispatchers\dispatcher.js:96:36)
    at DispatcherConnection.dispatch (C:\Users\HAIPPY~1\AppData\Local\Temp\playwright-java-8541975594615293244\package\lib\server\dispatchers\dispatcher.js:361:39)
}
Call log:
- waiting for getByLabel("Pay Later, Enquire Now")
-   locator resolved to <input type="radio" name="position" value="payCentre" class="PrivateSwitchBase-input css-1m9pwf3"/>

at com.microsoft.playwright.impl.Connection.dispatch(Connection.java:256)
at com.microsoft.playwright.impl.Connection.processOneMessage(Connection.java:211)
at com.microsoft.playwright.impl.ChannelOwner.runUntil(ChannelOwner.java:118)
... 41 more
... Removed 27 stack frames]]>
    </failure>
  </testcase> <!-- verifyMasterHealthCheckup -->
  <testcase classname="test.BMSTest" name="verifyGoldMHCBook" time="0.004">
    <failure type="com.microsoft.playwright.impl.TargetClosedError" message="Error {
  message=&amp;apos;Target page, context or browser has been closed
  name=&amp;apos;TargetClosedError
  stack=&amp;apos;TargetClosedError: Target page, context or browser has been closed
    at DispatcherConnection.dispatch (C:\Users\HAIPPY~1\AppData\Local\Temp\playwright-java-8541975594615293244\package\lib\server\dispatchers\dispatcher.js:273:44)
    at transport.onmessage (C:\Users\HAIPPY~1\AppData\Local\Temp\playwright-java-8541975594615293244\package\lib\cli\driver.js:52:57)
    at Immediate._onImmediate (C:\Users\HAIPPY~1\AppData\Local\Temp\playwright-java-8541975594615293244\package\lib\protocol\transport.js:77:34)
    at process.processImmediate (node:internal/timers:483:21)
}">
      <![CDATA[com.microsoft.playwright.impl.TargetClosedError: Error {
  message='Target page, context or browser has been closed
  name='TargetClosedError
  stack='TargetClosedError: Target page, context or browser has been closed
    at DispatcherConnection.dispatch (C:\Users\HAIPPY~1\AppData\Local\Temp\playwright-java-8541975594615293244\package\lib\server\dispatchers\dispatcher.js:273:44)
    at transport.onmessage (C:\Users\HAIPPY~1\AppData\Local\Temp\playwright-java-8541975594615293244\package\lib\cli\driver.js:52:57)
    at Immediate._onImmediate (C:\Users\HAIPPY~1\AppData\Local\Temp\playwright-java-8541975594615293244\package\lib\protocol\transport.js:77:34)
    at process.processImmediate (node:internal/timers:483:21)
}
at com.microsoft.playwright.impl.WaitableResult.get(WaitableResult.java:54)
at com.microsoft.playwright.impl.ChannelOwner.runUntil(ChannelOwner.java:120)
at com.microsoft.playwright.impl.Connection.sendMessage(Connection.java:130)
at com.microsoft.playwright.impl.ChannelOwner.sendMessage(ChannelOwner.java:106)
at com.microsoft.playwright.impl.FrameImpl.navigateImpl(FrameImpl.java:463)
at com.microsoft.playwright.impl.PageImpl.lambda$navigate$46(PageImpl.java:932)
at com.microsoft.playwright.impl.LoggingSupport.withLogging(LoggingSupport.java:47)
at com.microsoft.playwright.impl.ChannelOwner.withLogging(ChannelOwner.java:89)
at com.microsoft.playwright.impl.PageImpl.navigate(PageImpl.java:932)
at com.microsoft.playwright.impl.PageImpl.navigate(PageImpl.java:42)
at com.microsoft.playwright.Page.navigate(Page.java:5446)
at page.BMSPage.BookGoldMHCBook(BMSPage.java:608)
at test.BMSTest.verifyGoldMHCBook(BMSTest.java:141)
at java.base/java.util.ArrayList.forEach(ArrayList.java:1511)
Caused by: com.microsoft.playwright.impl.TargetClosedError: Error {
  message='Target page, context or browser has been closed
  name='TargetClosedError
  stack='TargetClosedError: Target page, context or browser has been closed
    at DispatcherConnection.dispatch (C:\Users\HAIPPY~1\AppData\Local\Temp\playwright-java-8541975594615293244\package\lib\server\dispatchers\dispatcher.js:273:44)
    at transport.onmessage (C:\Users\HAIPPY~1\AppData\Local\Temp\playwright-java-8541975594615293244\package\lib\cli\driver.js:52:57)
    at Immediate._onImmediate (C:\Users\HAIPPY~1\AppData\Local\Temp\playwright-java-8541975594615293244\package\lib\protocol\transport.js:77:34)
    at process.processImmediate (node:internal/timers:483:21)
}
at com.microsoft.playwright.impl.Connection.dispatch(Connection.java:256)
at com.microsoft.playwright.impl.Connection.processOneMessage(Connection.java:211)
at com.microsoft.playwright.impl.ChannelOwner.runUntil(ChannelOwner.java:118)
... 39 more
... Removed 27 stack frames]]>
    </failure>
  </testcase> <!-- verifyGoldMHCBook -->
  <testcase classname="test.BMSTest" name="verifyCTAbdomenBook" time="0.0">
    <ignored/>
  </testcase> <!-- verifyCTAbdomenBook -->
  <testcase classname="test.BMSTest" name="verifyResendOTP" time="0.0">
    <ignored/>
  </testcase> <!-- verifyResendOTP -->
  <testcase classname="test.BMSTest" name="verifyMRIBrainBook" time="0.0">
    <ignored/>
  </testcase> <!-- verifyMRIBrainBook -->
  <testcase classname="test.BMSTest" name="verifyCTBook" time="0.0">
    <ignored/>
  </testcase> <!-- verifyCTBook -->
  <testcase classname="test.BMSTest" name="verifyUSGBook" time="0.0">
    <ignored/>
  </testcase> <!-- verifyUSGBook -->
  <testcase classname="test.BMSTest" name="verifyRemoveAddress" time="0.0">
    <ignored/>
  </testcase> <!-- verifyRemoveAddress -->
  <testcase classname="test.BMSTest" name="verifyCervicalMRIBook" time="0.0">
    <ignored/>
  </testcase> <!-- verifyCervicalMRIBook -->
  <testcase classname="test.BMSTest" name="verifyAddAddress" time="0.0">
    <ignored/>
  </testcase> <!-- verifyAddAddress -->
  <testcase classname="test.BMSTest" name="verifyEditMobileLogin" time="0.0">
    <ignored/>
  </testcase> <!-- verifyEditMobileLogin -->
  <testcase classname="test.BMSTest" name="verifyLogin" time="0.0">
    <ignored/>
  </testcase> <!-- verifyLogin -->
  <testcase classname="test.BMSTest" name="verifyCTBrainBook" time="0.0">
    <ignored/>
  </testcase> <!-- verifyCTBrainBook -->
  <testcase classname="test.BMSTest" name="verifyCTPNSScanBook" time="0.0">
    <ignored/>
  </testcase> <!-- verifyCTPNSScanBook -->
  <testcase classname="test.BMSTest" name="verifyMRIAbdomenBook" time="0.0">
    <ignored/>
  </testcase> <!-- verifyMRIAbdomenBook -->
  <testcase classname="test.BMSTest" name="verifyCTChestBook" time="0.0">
    <ignored/>
  </testcase> <!-- verifyCTChestBook -->
  <testcase classname="test.BMSTest" name="verifyKneeMRIBook" time="0.0">
    <ignored/>
  </testcase> <!-- verifyKneeMRIBook -->
  <testcase classname="test.BMSTest" name="verifyTitleTest" time="0.0">
    <ignored/>
  </testcase> <!-- verifyTitleTest -->
  <testcase classname="test.BMSTest" name="verifyBrokenLinksTest" time="0.0">
    <ignored/>
  </testcase> <!-- verifyBrokenLinksTest -->
  <testcase classname="test.BMSTest" name="verifyUrlTest" time="0.0">
    <ignored/>
  </testcase> <!-- verifyUrlTest -->
  <testcase classname="test.BMSTest" name="verifyCheckNavigationFlow" time="0.0">
    <ignored/>
  </testcase> <!-- verifyCheckNavigationFlow -->
  <testcase classname="test.BMSTest" name="VerifplatinumMHCBook" time="0.0">
    <ignored/>
  </testcase> <!-- VerifplatinumMHCBook -->
  <testcase classname="test.BMSTest" name="verifyXRAYBook" time="0.0">
    <ignored/>
  </testcase> <!-- verifyXRAYBook -->
  <testcase classname="test.BMSTest" name="verifyPETCTBook" time="0.0">
    <ignored/>
  </testcase> <!-- verifyPETCTBook -->
  <testcase classname="test.BMSTest" name="verifyInvalidOTP" time="0.0">
    <ignored/>
  </testcase> <!-- verifyInvalidOTP -->
  <testcase classname="test.BMSTest" name="verifyNeckBook" time="0.0">
    <ignored/>
  </testcase> <!-- verifyNeckBook -->
  <testcase classname="test.BMSTest" name="verifyEditProfile" time="0.0">
    <ignored/>
  </testcase> <!-- verifyEditProfile -->
  <testcase classname="test.BMSTest" name="verifyECGBook" time="0.0">
    <ignored/>
  </testcase> <!-- verifyECGBook -->
</testsuite> <!-- Health Checkup Tests -->
