<?xml version="1.0" encoding="UTF-8"?>
<!-- Generated by org.testng.reporters.JUnitXMLReporter -->
<testsuite ignored="21" hostname="LENOVO" failures="7" tests="7" name="Profile Tests" time="95.302" errors="0" timestamp="2026-01-21T17:51:34 IST">
  <testcase classname="test.BMSTest" name="verifyLogin" time="0.161">
    <failure type="com.microsoft.playwright.impl.TargetClosedError" message="Error {
  message=&amp;apos;Target page, context or browser has been closed
  name=&amp;apos;TargetClosedError
  stack=&amp;apos;TargetClosedError:Target page, context or browser has been closed
Error
    at captureRawStack (C:\Users\HAIPPY~1\AppData\Local\Temp\playwright-java-8541975594615293244\package\lib\utils\stackTrace.js:49:17)
    at LongStandingScope._race (C:\Users\HAIPPY~1\AppData\Local\Temp\playwright-java-8541975594615293244\package\lib\utils\manualPromise.js:91:52)
    at LongStandingScope.race (C:\Users\HAIPPY~1\AppData\Local\Temp\playwright-java-8541975594615293244\package\lib\utils\manualPromise.js:84:17)
    at FrameDispatcher._handleCommand (C:\Users\HAIPPY~1\AppData\Local\Temp\playwright-java-8541975594615293244\package\lib\server\dispatchers\dispatcher.js:96:36)
    at DispatcherConnection.dispatch (C:\Users\HAIPPY~1\AppData\Local\Temp\playwright-java-8541975594615293244\package\lib\server\dispatchers\dispatcher.js:361:39)
}
Call log:
- navigating to &amp;quot;https://bmsuat.inovatrik.com/&amp;quot;, waiting until &amp;quot;load&amp;quot;
">
      <![CDATA[com.microsoft.playwright.impl.TargetClosedError: Error {
  message='Target page, context or browser has been closed
  name='TargetClosedError
  stack='TargetClosedError:Target page, context or browser has been closed
Error
    at captureRawStack (C:\Users\HAIPPY~1\AppData\Local\Temp\playwright-java-8541975594615293244\package\lib\utils\stackTrace.js:49:17)
    at LongStandingScope._race (C:\Users\HAIPPY~1\AppData\Local\Temp\playwright-java-8541975594615293244\package\lib\utils\manualPromise.js:91:52)
    at LongStandingScope.race (C:\Users\HAIPPY~1\AppData\Local\Temp\playwright-java-8541975594615293244\package\lib\utils\manualPromise.js:84:17)
    at FrameDispatcher._handleCommand (C:\Users\HAIPPY~1\AppData\Local\Temp\playwright-java-8541975594615293244\package\lib\server\dispatchers\dispatcher.js:96:36)
    at DispatcherConnection.dispatch (C:\Users\HAIPPY~1\AppData\Local\Temp\playwright-java-8541975594615293244\package\lib\server\dispatchers\dispatcher.js:361:39)
}
Call log:
- navigating to "https://bmsuat.inovatrik.com/", waiting until "load"

at com.microsoft.playwright.impl.WaitableResult.get(WaitableResult.java:54)
at com.microsoft.playwright.impl.ChannelOwner.runUntil(ChannelOwner.java:120)
at com.microsoft.playwright.impl.Connection.sendMessage(Connection.java:130)
at com.microsoft.playwright.impl.ChannelOwner.sendMessage(ChannelOwner.java:106)
at com.microsoft.playwright.impl.FrameImpl.navigateImpl(FrameImpl.java:463)
at com.microsoft.playwright.impl.PageImpl.lambda$navigate$46(PageImpl.java:932)
at com.microsoft.playwright.impl.LoggingSupport.withLogging(LoggingSupport.java:47)
at com.microsoft.playwright.impl.ChannelOwner.withLogging(ChannelOwner.java:89)
at com.microsoft.playwright.impl.PageImpl.navigate(PageImpl.java:932)
at com.microsoft.playwright.impl.PageImpl.navigate(PageImpl.java:42)
at com.microsoft.playwright.Page.navigate(Page.java:5446)
at page.BMSPage.login(BMSPage.java:102)
at test.BMSTest.verifyLogin(BMSTest.java:43)
at java.base/java.util.ArrayList.forEach(ArrayList.java:1511)
Caused by: com.microsoft.playwright.impl.TargetClosedError: Error {
  message='Target page, context or browser has been closed
  name='TargetClosedError
  stack='TargetClosedError:Target page, context or browser has been closed
Error
    at captureRawStack (C:\Users\HAIPPY~1\AppData\Local\Temp\playwright-java-8541975594615293244\package\lib\utils\stackTrace.js:49:17)
    at LongStandingScope._race (C:\Users\HAIPPY~1\AppData\Local\Temp\playwright-java-8541975594615293244\package\lib\utils\manualPromise.js:91:52)
    at LongStandingScope.race (C:\Users\HAIPPY~1\AppData\Local\Temp\playwright-java-8541975594615293244\package\lib\utils\manualPromise.js:84:17)
    at FrameDispatcher._handleCommand (C:\Users\HAIPPY~1\AppData\Local\Temp\playwright-java-8541975594615293244\package\lib\server\dispatchers\dispatcher.js:96:36)
    at DispatcherConnection.dispatch (C:\Users\HAIPPY~1\AppData\Local\Temp\playwright-java-8541975594615293244\package\lib\server\dispatchers\dispatcher.js:361:39)
}
Call log:
- navigating to "https://bmsuat.inovatrik.com/", waiting until "load"

at com.microsoft.playwright.impl.Connection.dispatch(Connection.java:256)
at com.microsoft.playwright.impl.Connection.processOneMessage(Connection.java:211)
at com.microsoft.playwright.impl.ChannelOwner.runUntil(ChannelOwner.java:118)
... 39 more
... Removed 27 stack frames]]>
    </failure>
  </testcase> <!-- verifyLogin -->
  <testcase classname="test.BMSTest" name="verifyEditProfile" time="30.014">
    <failure type="com.microsoft.playwright.TimeoutError" message="Timeout 30000ms exceeded">
      <![CDATA[com.microsoft.playwright.TimeoutError: Timeout 30000ms exceeded
at com.microsoft.playwright.impl.WaitableTimeout.get(WaitableTimeout.java:41)
at com.microsoft.playwright.impl.WaitableRace.get(WaitableRace.java:44)
at com.microsoft.playwright.impl.ChannelOwner.runUntil(ChannelOwner.java:120)
at com.microsoft.playwright.impl.FrameImpl.waitForLoadStateImpl(FrameImpl.java:906)
at com.microsoft.playwright.impl.FrameImpl.waitForLoadStateImpl(FrameImpl.java:891)
at com.microsoft.playwright.impl.PageImpl.lambda$waitForLoadState$86(PageImpl.java:1405)
at com.microsoft.playwright.impl.WaitForEventLogger.lambda$get$0(WaitForEventLogger.java:50)
at com.microsoft.playwright.impl.LoggingSupport.withLogging(LoggingSupport.java:47)
at com.microsoft.playwright.impl.ChannelOwner.withLogging(ChannelOwner.java:89)
at com.microsoft.playwright.impl.WaitForEventLogger.get(WaitForEventLogger.java:41)
at com.microsoft.playwright.impl.ChannelOwner.withWaitLogging(ChannelOwner.java:82)
at com.microsoft.playwright.impl.PageImpl.waitForLoadState(PageImpl.java:1404)
at com.microsoft.playwright.Page.waitForLoadState(Page.java:7706)
at com.microsoft.playwright.Page.waitForLoadState(Page.java:7734)
at page.BMSPage.editProfile(BMSPage.java:119)
at test.BMSTest.verifyEditProfile(BMSTest.java:48)
at java.base/java.util.ArrayList.forEach(ArrayList.java:1511)
... Removed 27 stack frames]]>
    </failure>
  </testcase> <!-- verifyEditProfile -->
  <testcase classname="test.BMSTest" name="verifyAddAddress" time="0.0">
    <failure type="com.microsoft.playwright.impl.TargetClosedError" message="Error {
  message=&amp;apos;Target page, context or browser has been closed
  name=&amp;apos;TargetClosedError
  stack=&amp;apos;TargetClosedError: Target page, context or browser has been closed
    at DispatcherConnection.dispatch (C:\Users\HAIPPY~1\AppData\Local\Temp\playwright-java-8541975594615293244\package\lib\server\dispatchers\dispatcher.js:273:44)
    at transport.onmessage (C:\Users\HAIPPY~1\AppData\Local\Temp\playwright-java-8541975594615293244\package\lib\cli\driver.js:52:57)
    at Immediate._onImmediate (C:\Users\HAIPPY~1\AppData\Local\Temp\playwright-java-8541975594615293244\package\lib\protocol\transport.js:77:34)
    at process.processImmediate (node:internal/timers:483:21)
}">
      <![CDATA[com.microsoft.playwright.impl.TargetClosedError: Error {
  message='Target page, context or browser has been closed
  name='TargetClosedError
  stack='TargetClosedError: Target page, context or browser has been closed
    at DispatcherConnection.dispatch (C:\Users\HAIPPY~1\AppData\Local\Temp\playwright-java-8541975594615293244\package\lib\server\dispatchers\dispatcher.js:273:44)
    at transport.onmessage (C:\Users\HAIPPY~1\AppData\Local\Temp\playwright-java-8541975594615293244\package\lib\cli\driver.js:52:57)
    at Immediate._onImmediate (C:\Users\HAIPPY~1\AppData\Local\Temp\playwright-java-8541975594615293244\package\lib\protocol\transport.js:77:34)
    at process.processImmediate (node:internal/timers:483:21)
}
at com.microsoft.playwright.impl.WaitableResult.get(WaitableResult.java:54)
at com.microsoft.playwright.impl.ChannelOwner.runUntil(ChannelOwner.java:120)
at com.microsoft.playwright.impl.Connection.sendMessage(Connection.java:130)
at com.microsoft.playwright.impl.ChannelOwner.sendMessage(ChannelOwner.java:106)
at com.microsoft.playwright.impl.FrameImpl.clickImpl(FrameImpl.java:252)
at com.microsoft.playwright.impl.FrameImpl.lambda$click$8(FrameImpl.java:243)
at com.microsoft.playwright.impl.LoggingSupport.lambda$withLogging$0(LoggingSupport.java:36)
at com.microsoft.playwright.impl.LoggingSupport.withLogging(LoggingSupport.java:47)
at com.microsoft.playwright.impl.ChannelOwner.withLogging(ChannelOwner.java:89)
at com.microsoft.playwright.impl.LoggingSupport.withLogging(LoggingSupport.java:35)
at com.microsoft.playwright.impl.FrameImpl.click(FrameImpl.java:243)
at com.microsoft.playwright.impl.LocatorImpl.click(LocatorImpl.java:160)
at com.microsoft.playwright.Locator.click(Locator.java:2406)
at page.BMSPage.addAddress(BMSPage.java:130)
at test.BMSTest.verifyAddAddress(BMSTest.java:53)
at java.base/java.util.ArrayList.forEach(ArrayList.java:1511)
Caused by: com.microsoft.playwright.impl.TargetClosedError: Error {
  message='Target page, context or browser has been closed
  name='TargetClosedError
  stack='TargetClosedError: Target page, context or browser has been closed
    at DispatcherConnection.dispatch (C:\Users\HAIPPY~1\AppData\Local\Temp\playwright-java-8541975594615293244\package\lib\server\dispatchers\dispatcher.js:273:44)
    at transport.onmessage (C:\Users\HAIPPY~1\AppData\Local\Temp\playwright-java-8541975594615293244\package\lib\cli\driver.js:52:57)
    at Immediate._onImmediate (C:\Users\HAIPPY~1\AppData\Local\Temp\playwright-java-8541975594615293244\package\lib\protocol\transport.js:77:34)
    at process.processImmediate (node:internal/timers:483:21)
}
at com.microsoft.playwright.impl.Connection.dispatch(Connection.java:256)
at com.microsoft.playwright.impl.Connection.processOneMessage(Connection.java:211)
at com.microsoft.playwright.impl.ChannelOwner.runUntil(ChannelOwner.java:118)
... 41 more
... Removed 27 stack frames]]>
    </failure>
  </testcase> <!-- verifyAddAddress -->
  <testcase classname="test.BMSTest" name="verifyRemoveAddress" time="30.009">
    <failure type="com.microsoft.playwright.TimeoutError" message="Timeout 30000ms exceeded">
      <![CDATA[com.microsoft.playwright.TimeoutError: Timeout 30000ms exceeded
at com.microsoft.playwright.impl.WaitableTimeout.get(WaitableTimeout.java:41)
at com.microsoft.playwright.impl.WaitableRace.get(WaitableRace.java:44)
at com.microsoft.playwright.impl.ChannelOwner.runUntil(ChannelOwner.java:120)
at com.microsoft.playwright.impl.FrameImpl.waitForLoadStateImpl(FrameImpl.java:906)
at com.microsoft.playwright.impl.FrameImpl.waitForLoadStateImpl(FrameImpl.java:891)
at com.microsoft.playwright.impl.PageImpl.lambda$waitForLoadState$86(PageImpl.java:1405)
at com.microsoft.playwright.impl.WaitForEventLogger.lambda$get$0(WaitForEventLogger.java:50)
at com.microsoft.playwright.impl.LoggingSupport.withLogging(LoggingSupport.java:47)
at com.microsoft.playwright.impl.ChannelOwner.withLogging(ChannelOwner.java:89)
at com.microsoft.playwright.impl.WaitForEventLogger.get(WaitForEventLogger.java:41)
at com.microsoft.playwright.impl.ChannelOwner.withWaitLogging(ChannelOwner.java:82)
at com.microsoft.playwright.impl.PageImpl.waitForLoadState(PageImpl.java:1404)
at com.microsoft.playwright.Page.waitForLoadState(Page.java:7706)
at com.microsoft.playwright.Page.waitForLoadState(Page.java:7734)
at page.BMSPage.removeAddress(BMSPage.java:145)
at test.BMSTest.verifyRemoveAddress(BMSTest.java:58)
at java.base/java.util.ArrayList.forEach(ArrayList.java:1511)
... Removed 27 stack frames]]>
    </failure>
  </testcase> <!-- verifyRemoveAddress -->
  <testcase classname="test.BMSTest" name="verifyEditMobileLogin" time="0.0">
    <failure type="com.microsoft.playwright.impl.TargetClosedError" message="Error {
  message=&amp;apos;Target page, context or browser has been closed
  name=&amp;apos;TargetClosedError
  stack=&amp;apos;TargetClosedError: Target page, context or browser has been closed
    at DispatcherConnection.dispatch (C:\Users\HAIPPY~1\AppData\Local\Temp\playwright-java-8541975594615293244\package\lib\server\dispatchers\dispatcher.js:273:44)
    at transport.onmessage (C:\Users\HAIPPY~1\AppData\Local\Temp\playwright-java-8541975594615293244\package\lib\cli\driver.js:52:57)
    at Immediate._onImmediate (C:\Users\HAIPPY~1\AppData\Local\Temp\playwright-java-8541975594615293244\package\lib\protocol\transport.js:77:34)
    at process.processImmediate (node:internal/timers:483:21)
}">
      <![CDATA[com.microsoft.playwright.impl.TargetClosedError: Error {
  message='Target page, context or browser has been closed
  name='TargetClosedError
  stack='TargetClosedError: Target page, context or browser has been closed
    at DispatcherConnection.dispatch (C:\Users\HAIPPY~1\AppData\Local\Temp\playwright-java-8541975594615293244\package\lib\server\dispatchers\dispatcher.js:273:44)
    at transport.onmessage (C:\Users\HAIPPY~1\AppData\Local\Temp\playwright-java-8541975594615293244\package\lib\cli\driver.js:52:57)
    at Immediate._onImmediate (C:\Users\HAIPPY~1\AppData\Local\Temp\playwright-java-8541975594615293244\package\lib\protocol\transport.js:77:34)
    at process.processImmediate (node:internal/timers:483:21)
}
at com.microsoft.playwright.impl.WaitableResult.get(WaitableResult.java:54)
at com.microsoft.playwright.impl.ChannelOwner.runUntil(ChannelOwner.java:120)
at com.microsoft.playwright.impl.Connection.sendMessage(Connection.java:130)
at com.microsoft.playwright.impl.ChannelOwner.sendMessage(ChannelOwner.java:106)
at com.microsoft.playwright.impl.FrameImpl.navigateImpl(FrameImpl.java:463)
at com.microsoft.playwright.impl.PageImpl.lambda$navigate$46(PageImpl.java:932)
at com.microsoft.playwright.impl.LoggingSupport.withLogging(LoggingSupport.java:47)
at com.microsoft.playwright.impl.ChannelOwner.withLogging(ChannelOwner.java:89)
at com.microsoft.playwright.impl.PageImpl.navigate(PageImpl.java:932)
at com.microsoft.playwright.impl.PageImpl.navigate(PageImpl.java:42)
at com.microsoft.playwright.Page.navigate(Page.java:5446)
at page.BMSPage.EditMobileLogin(BMSPage.java:496)
at test.BMSTest.verifyEditMobileLogin(BMSTest.java:118)
at java.base/java.util.ArrayList.forEach(ArrayList.java:1511)
Caused by: com.microsoft.playwright.impl.TargetClosedError: Error {
  message='Target page, context or browser has been closed
  name='TargetClosedError
  stack='TargetClosedError: Target page, context or browser has been closed
    at DispatcherConnection.dispatch (C:\Users\HAIPPY~1\AppData\Local\Temp\playwright-java-8541975594615293244\package\lib\server\dispatchers\dispatcher.js:273:44)
    at transport.onmessage (C:\Users\HAIPPY~1\AppData\Local\Temp\playwright-java-8541975594615293244\package\lib\cli\driver.js:52:57)
    at Immediate._onImmediate (C:\Users\HAIPPY~1\AppData\Local\Temp\playwright-java-8541975594615293244\package\lib\protocol\transport.js:77:34)
    at process.processImmediate (node:internal/timers:483:21)
}
at com.microsoft.playwright.impl.Connection.dispatch(Connection.java:256)
at com.microsoft.playwright.impl.Connection.processOneMessage(Connection.java:211)
at com.microsoft.playwright.impl.ChannelOwner.runUntil(ChannelOwner.java:118)
... 39 more
... Removed 27 stack frames]]>
    </failure>
  </testcase> <!-- verifyEditMobileLogin -->
  <testcase classname="test.BMSTest" name="verifyResendOTP" time="30.017">
    <failure type="com.microsoft.playwright.TimeoutError" message="Timeout 30000ms exceeded">
      <![CDATA[com.microsoft.playwright.TimeoutError: Timeout 30000ms exceeded
at com.microsoft.playwright.impl.WaitableTimeout.get(WaitableTimeout.java:41)
at com.microsoft.playwright.impl.WaitableRace.get(WaitableRace.java:44)
at com.microsoft.playwright.impl.ChannelOwner.runUntil(ChannelOwner.java:120)
at com.microsoft.playwright.impl.FrameImpl.waitForLoadStateImpl(FrameImpl.java:906)
at com.microsoft.playwright.impl.FrameImpl.waitForLoadStateImpl(FrameImpl.java:891)
at com.microsoft.playwright.impl.PageImpl.lambda$waitForLoadState$86(PageImpl.java:1405)
at com.microsoft.playwright.impl.WaitForEventLogger.lambda$get$0(WaitForEventLogger.java:50)
at com.microsoft.playwright.impl.LoggingSupport.withLogging(LoggingSupport.java:47)
at com.microsoft.playwright.impl.ChannelOwner.withLogging(ChannelOwner.java:89)
at com.microsoft.playwright.impl.WaitForEventLogger.get(WaitForEventLogger.java:41)
at com.microsoft.playwright.impl.ChannelOwner.withWaitLogging(ChannelOwner.java:82)
at com.microsoft.playwright.impl.PageImpl.waitForLoadState(PageImpl.java:1404)
at com.microsoft.playwright.Page.waitForLoadState(Page.java:7706)
at com.microsoft.playwright.Page.waitForLoadState(Page.java:7734)
at page.BMSPage.ResendOTP(BMSPage.java:509)
at test.BMSTest.verifyResendOTP(BMSTest.java:123)
at java.base/java.util.ArrayList.forEach(ArrayList.java:1511)
... Removed 27 stack frames]]>
    </failure>
  </testcase> <!-- verifyResendOTP -->
  <testcase classname="test.BMSTest" name="verifyInvalidOTP" time="0.0">
    <failure type="com.microsoft.playwright.impl.TargetClosedError" message="Error {
  message=&amp;apos;Target page, context or browser has been closed
  name=&amp;apos;TargetClosedError
  stack=&amp;apos;TargetClosedError: Target page, context or browser has been closed
    at DispatcherConnection.dispatch (C:\Users\HAIPPY~1\AppData\Local\Temp\playwright-java-8541975594615293244\package\lib\server\dispatchers\dispatcher.js:273:44)
    at transport.onmessage (C:\Users\HAIPPY~1\AppData\Local\Temp\playwright-java-8541975594615293244\package\lib\cli\driver.js:52:57)
    at Immediate._onImmediate (C:\Users\HAIPPY~1\AppData\Local\Temp\playwright-java-8541975594615293244\package\lib\protocol\transport.js:77:34)
    at process.processImmediate (node:internal/timers:483:21)
}">
      <![CDATA[com.microsoft.playwright.impl.TargetClosedError: Error {
  message='Target page, context or browser has been closed
  name='TargetClosedError
  stack='TargetClosedError: Target page, context or browser has been closed
    at DispatcherConnection.dispatch (C:\Users\HAIPPY~1\AppData\Local\Temp\playwright-java-8541975594615293244\package\lib\server\dispatchers\dispatcher.js:273:44)
    at transport.onmessage (C:\Users\HAIPPY~1\AppData\Local\Temp\playwright-java-8541975594615293244\package\lib\cli\driver.js:52:57)
    at Immediate._onImmediate (C:\Users\HAIPPY~1\AppData\Local\Temp\playwright-java-8541975594615293244\package\lib\protocol\transport.js:77:34)
    at process.processImmediate (node:internal/timers:483:21)
}
at com.microsoft.playwright.impl.WaitableResult.get(WaitableResult.java:54)
at com.microsoft.playwright.impl.ChannelOwner.runUntil(ChannelOwner.java:120)
at com.microsoft.playwright.impl.Connection.sendMessage(Connection.java:130)
at com.microsoft.playwright.impl.ChannelOwner.sendMessage(ChannelOwner.java:106)
at com.microsoft.playwright.impl.FrameImpl.navigateImpl(FrameImpl.java:463)
at com.microsoft.playwright.impl.PageImpl.lambda$navigate$46(PageImpl.java:932)
at com.microsoft.playwright.impl.LoggingSupport.withLogging(LoggingSupport.java:47)
at com.microsoft.playwright.impl.ChannelOwner.withLogging(ChannelOwner.java:89)
at com.microsoft.playwright.impl.PageImpl.navigate(PageImpl.java:932)
at com.microsoft.playwright.impl.PageImpl.navigate(PageImpl.java:42)
at com.microsoft.playwright.Page.navigate(Page.java:5446)
at page.BMSPage.InvalidOTP(BMSPage.java:520)
at test.BMSTest.verifyInvalidOTP(BMSTest.java:128)
at java.base/java.util.ArrayList.forEach(ArrayList.java:1511)
Caused by: com.microsoft.playwright.impl.TargetClosedError: Error {
  message='Target page, context or browser has been closed
  name='TargetClosedError
  stack='TargetClosedError: Target page, context or browser has been closed
    at DispatcherConnection.dispatch (C:\Users\HAIPPY~1\AppData\Local\Temp\playwright-java-8541975594615293244\package\lib\server\dispatchers\dispatcher.js:273:44)
    at transport.onmessage (C:\Users\HAIPPY~1\AppData\Local\Temp\playwright-java-8541975594615293244\package\lib\cli\driver.js:52:57)
    at Immediate._onImmediate (C:\Users\HAIPPY~1\AppData\Local\Temp\playwright-java-8541975594615293244\package\lib\protocol\transport.js:77:34)
    at process.processImmediate (node:internal/timers:483:21)
}
at com.microsoft.playwright.impl.Connection.dispatch(Connection.java:256)
at com.microsoft.playwright.impl.Connection.processOneMessage(Connection.java:211)
at com.microsoft.playwright.impl.ChannelOwner.runUntil(ChannelOwner.java:118)
... 39 more
... Removed 27 stack frames]]>
    </failure>
  </testcase> <!-- verifyInvalidOTP -->
  <testcase classname="test.BMSTest" name="verifyMRIAbdomenBook" time="0.0">
    <ignored/>
  </testcase> <!-- verifyMRIAbdomenBook -->
  <testcase classname="test.BMSTest" name="verifyCTChestBook" time="0.0">
    <ignored/>
  </testcase> <!-- verifyCTChestBook -->
  <testcase classname="test.BMSTest" name="verifyGoldMHCBook" time="0.0">
    <ignored/>
  </testcase> <!-- verifyGoldMHCBook -->
  <testcase classname="test.BMSTest" name="verifyCTBrainBook" time="0.0">
    <ignored/>
  </testcase> <!-- verifyCTBrainBook -->
  <testcase classname="test.BMSTest" name="verifyCheckNavigationFlow" time="0.0">
    <ignored/>
  </testcase> <!-- verifyCheckNavigationFlow -->
  <testcase classname="test.BMSTest" name="verifyCTAbdomenBook" time="0.0">
    <ignored/>
  </testcase> <!-- verifyCTAbdomenBook -->
  <testcase classname="test.BMSTest" name="verifyPETCTBook" time="0.0">
    <ignored/>
  </testcase> <!-- verifyPETCTBook -->
  <testcase classname="test.BMSTest" name="verifyUrlTest" time="0.0">
    <ignored/>
  </testcase> <!-- verifyUrlTest -->
  <testcase classname="test.BMSTest" name="verifyXRAYBook" time="0.0">
    <ignored/>
  </testcase> <!-- verifyXRAYBook -->
  <testcase classname="test.BMSTest" name="verifyUSGBook" time="0.0">
    <ignored/>
  </testcase> <!-- verifyUSGBook -->
  <testcase classname="test.BMSTest" name="verifyCTPNSScanBook" time="0.0">
    <ignored/>
  </testcase> <!-- verifyCTPNSScanBook -->
  <testcase classname="test.BMSTest" name="verifyMasterHealthCheckup" time="0.0">
    <ignored/>
  </testcase> <!-- verifyMasterHealthCheckup -->
  <testcase classname="test.BMSTest" name="VerifplatinumMHCBook" time="0.0">
    <ignored/>
  </testcase> <!-- VerifplatinumMHCBook -->
  <testcase classname="test.BMSTest" name="verifyBrokenLinksTest" time="0.0">
    <ignored/>
  </testcase> <!-- verifyBrokenLinksTest -->
  <testcase classname="test.BMSTest" name="verifyECGBook" time="0.0">
    <ignored/>
  </testcase> <!-- verifyECGBook -->
  <testcase classname="test.BMSTest" name="verifyCTBook" time="0.0">
    <ignored/>
  </testcase> <!-- verifyCTBook -->
  <testcase classname="test.BMSTest" name="verifyCervicalMRIBook" time="0.0">
    <ignored/>
  </testcase> <!-- verifyCervicalMRIBook -->
  <testcase classname="test.BMSTest" name="verifyKneeMRIBook" time="0.0">
    <ignored/>
  </testcase> <!-- verifyKneeMRIBook -->
  <testcase classname="test.BMSTest" name="verifyMRIBrainBook" time="0.0">
    <ignored/>
  </testcase> <!-- verifyMRIBrainBook -->
  <testcase classname="test.BMSTest" name="verifyNeckBook" time="0.0">
    <ignored/>
  </testcase> <!-- verifyNeckBook -->
  <testcase classname="test.BMSTest" name="verifyTitleTest" time="0.0">
    <ignored/>
  </testcase> <!-- verifyTitleTest -->
</testsuite> <!-- Profile Tests -->
