<?xml version="1.0" encoding="UTF-8"?>
<!-- Generated by org.testng.reporters.JUnitXMLReporter -->
<testsuite ignored="0" hostname="LENOVO" failures="17" tests="28" name="Regression Tests" time="425.153" errors="0" timestamp="2026-01-21T17:47:40 IST">
  <testcase classname="test.BMSTest" name="verifyUrlTest" time="0.002"/>
  <testcase classname="test.BMSTest" name="verifyTitleTest" time="0.025"/>
  <testcase classname="test.BMSTest" name="verifyBrokenLinksTest" time="0.063"/>
  <testcase classname="test.BMSTest" name="verifyCheckNavigationFlow" time="9.625"/>
  <testcase classname="test.BMSTest" name="verifyLogin" time="7.035">
    <failure type="org.opentest4j.AssertionFailedError" message="Locator expected to contain text: My Account
Received: &amp;lt;element(s) not found&amp;gt;

Call log:
Locator.expect with timeout 5000ms
waiting for getByRole(AriaRole.BANNER)">
      <![CDATA[org.opentest4j.AssertionFailedError: Locator expected to contain text: My Account
Received: <element(s) not found>

Call log:
Locator.expect with timeout 5000ms
waiting for getByRole(AriaRole.BANNER)
at com.microsoft.playwright.impl.AssertionsBase.expectImpl(AssertionsBase.java:74)
at com.microsoft.playwright.impl.AssertionsBase.expectImpl(AssertionsBase.java:51)
at com.microsoft.playwright.impl.AssertionsBase.expectImpl(AssertionsBase.java:42)
at com.microsoft.playwright.impl.LocatorAssertionsImpl.containsText(LocatorAssertionsImpl.java:47)
at com.microsoft.playwright.assertions.LocatorAssertions.containsText(LocatorAssertions.java:839)
at page.BMSPage.login(BMSPage.java:115)
at test.BMSTest.verifyLogin(BMSTest.java:43)
at java.base/java.util.ArrayList.forEach(ArrayList.java:1511)
... Removed 27 stack frames]]>
    </failure>
  </testcase> <!-- verifyLogin -->
  <testcase classname="test.BMSTest" name="verifyEditProfile" time="30.008">
    <failure type="com.microsoft.playwright.TimeoutError" message="Error {
  message=&amp;apos;Timeout 30000ms exceeded.
  name=&amp;apos;TimeoutError
  stack=&amp;apos;TimeoutError: Timeout 30000ms exceeded.
    at ProgressController.run (C:\Users\HAIPPY~1\AppData\Local\Temp\playwright-java-8541975594615293244\package\lib\server\progress.js:78:26)
    at Frame.click (C:\Users\HAIPPY~1\AppData\Local\Temp\playwright-java-8541975594615293244\package\lib\server\frames.js:1007:23)
    at FrameDispatcher.click (C:\Users\HAIPPY~1\AppData\Local\Temp\playwright-java-8541975594615293244\package\lib\server\dispatchers\frameDispatcher.js:157:30)
    at FrameDispatcher._handleCommand (C:\Users\HAIPPY~1\AppData\Local\Temp\playwright-java-8541975594615293244\package\lib\server\dispatchers\dispatcher.js:94:40)
    at DispatcherConnection.dispatch (C:\Users\HAIPPY~1\AppData\Local\Temp\playwright-java-8541975594615293244\package\lib\server\dispatchers\dispatcher.js:361:39)
}
Call log:
- waiting for locator(&amp;quot;//*[@id=\&amp;quot;root\&amp;quot;]/div[2]/div[2]/div[2]/div/div/div/div[2]/div[2]/div/div/div[1]/div[2]/button&amp;quot;)
">
      <![CDATA[com.microsoft.playwright.TimeoutError: Error {
  message='Timeout 30000ms exceeded.
  name='TimeoutError
  stack='TimeoutError: Timeout 30000ms exceeded.
    at ProgressController.run (C:\Users\HAIPPY~1\AppData\Local\Temp\playwright-java-8541975594615293244\package\lib\server\progress.js:78:26)
    at Frame.click (C:\Users\HAIPPY~1\AppData\Local\Temp\playwright-java-8541975594615293244\package\lib\server\frames.js:1007:23)
    at FrameDispatcher.click (C:\Users\HAIPPY~1\AppData\Local\Temp\playwright-java-8541975594615293244\package\lib\server\dispatchers\frameDispatcher.js:157:30)
    at FrameDispatcher._handleCommand (C:\Users\HAIPPY~1\AppData\Local\Temp\playwright-java-8541975594615293244\package\lib\server\dispatchers\dispatcher.js:94:40)
    at DispatcherConnection.dispatch (C:\Users\HAIPPY~1\AppData\Local\Temp\playwright-java-8541975594615293244\package\lib\server\dispatchers\dispatcher.js:361:39)
}
Call log:
- waiting for locator("//*[@id=\"root\"]/div[2]/div[2]/div[2]/div/div/div/div[2]/div[2]/div/div/div[1]/div[2]/button")

at com.microsoft.playwright.impl.WaitableResult.get(WaitableResult.java:52)
at com.microsoft.playwright.impl.ChannelOwner.runUntil(ChannelOwner.java:120)
at com.microsoft.playwright.impl.Connection.sendMessage(Connection.java:130)
at com.microsoft.playwright.impl.ChannelOwner.sendMessage(ChannelOwner.java:106)
at com.microsoft.playwright.impl.FrameImpl.clickImpl(FrameImpl.java:252)
at com.microsoft.playwright.impl.FrameImpl.lambda$click$8(FrameImpl.java:243)
at com.microsoft.playwright.impl.LoggingSupport.lambda$withLogging$0(LoggingSupport.java:36)
at com.microsoft.playwright.impl.LoggingSupport.withLogging(LoggingSupport.java:47)
at com.microsoft.playwright.impl.ChannelOwner.withLogging(ChannelOwner.java:89)
at com.microsoft.playwright.impl.LoggingSupport.withLogging(LoggingSupport.java:35)
at com.microsoft.playwright.impl.FrameImpl.click(FrameImpl.java:243)
at com.microsoft.playwright.impl.LocatorImpl.click(LocatorImpl.java:160)
at com.microsoft.playwright.Locator.click(Locator.java:2406)
at page.BMSPage.editProfile(BMSPage.java:120)
at test.BMSTest.verifyEditProfile(BMSTest.java:48)
at java.base/java.util.ArrayList.forEach(ArrayList.java:1511)
Caused by: com.microsoft.playwright.TimeoutError: Error {
  message='Timeout 30000ms exceeded.
  name='TimeoutError
  stack='TimeoutError: Timeout 30000ms exceeded.
    at ProgressController.run (C:\Users\HAIPPY~1\AppData\Local\Temp\playwright-java-8541975594615293244\package\lib\server\progress.js:78:26)
    at Frame.click (C:\Users\HAIPPY~1\AppData\Local\Temp\playwright-java-8541975594615293244\package\lib\server\frames.js:1007:23)
    at FrameDispatcher.click (C:\Users\HAIPPY~1\AppData\Local\Temp\playwright-java-8541975594615293244\package\lib\server\dispatchers\frameDispatcher.js:157:30)
    at FrameDispatcher._handleCommand (C:\Users\HAIPPY~1\AppData\Local\Temp\playwright-java-8541975594615293244\package\lib\server\dispatchers\dispatcher.js:94:40)
    at DispatcherConnection.dispatch (C:\Users\HAIPPY~1\AppData\Local\Temp\playwright-java-8541975594615293244\package\lib\server\dispatchers\dispatcher.js:361:39)
}
Call log:
- waiting for locator("//*[@id=\"root\"]/div[2]/div[2]/div[2]/div/div/div/div[2]/div[2]/div/div/div[1]/div[2]/button")

at com.microsoft.playwright.impl.Connection.dispatch(Connection.java:254)
at com.microsoft.playwright.impl.Connection.processOneMessage(Connection.java:211)
at com.microsoft.playwright.impl.ChannelOwner.runUntil(ChannelOwner.java:118)
... 41 more
... Removed 27 stack frames]]>
    </failure>
  </testcase> <!-- verifyEditProfile -->
  <testcase classname="test.BMSTest" name="verifyAddAddress" time="30.015">
    <failure type="com.microsoft.playwright.TimeoutError" message="Error {
  message=&amp;apos;Timeout 30000ms exceeded.
  name=&amp;apos;TimeoutError
  stack=&amp;apos;TimeoutError: Timeout 30000ms exceeded.
    at ProgressController.run (C:\Users\HAIPPY~1\AppData\Local\Temp\playwright-java-8541975594615293244\package\lib\server\progress.js:78:26)
    at Frame.click (C:\Users\HAIPPY~1\AppData\Local\Temp\playwright-java-8541975594615293244\package\lib\server\frames.js:1007:23)
    at FrameDispatcher.click (C:\Users\HAIPPY~1\AppData\Local\Temp\playwright-java-8541975594615293244\package\lib\server\dispatchers\frameDispatcher.js:157:30)
    at FrameDispatcher._handleCommand (C:\Users\HAIPPY~1\AppData\Local\Temp\playwright-java-8541975594615293244\package\lib\server\dispatchers\dispatcher.js:94:40)
    at DispatcherConnection.dispatch (C:\Users\HAIPPY~1\AppData\Local\Temp\playwright-java-8541975594615293244\package\lib\server\dispatchers\dispatcher.js:361:39)
}
Call log:
- waiting for getByRole(AriaRole.BUTTON, new Page.GetByRoleOptions().setName(&amp;quot;Add Address&amp;quot;))
">
      <![CDATA[com.microsoft.playwright.TimeoutError: Error {
  message='Timeout 30000ms exceeded.
  name='TimeoutError
  stack='TimeoutError: Timeout 30000ms exceeded.
    at ProgressController.run (C:\Users\HAIPPY~1\AppData\Local\Temp\playwright-java-8541975594615293244\package\lib\server\progress.js:78:26)
    at Frame.click (C:\Users\HAIPPY~1\AppData\Local\Temp\playwright-java-8541975594615293244\package\lib\server\frames.js:1007:23)
    at FrameDispatcher.click (C:\Users\HAIPPY~1\AppData\Local\Temp\playwright-java-8541975594615293244\package\lib\server\dispatchers\frameDispatcher.js:157:30)
    at FrameDispatcher._handleCommand (C:\Users\HAIPPY~1\AppData\Local\Temp\playwright-java-8541975594615293244\package\lib\server\dispatchers\dispatcher.js:94:40)
    at DispatcherConnection.dispatch (C:\Users\HAIPPY~1\AppData\Local\Temp\playwright-java-8541975594615293244\package\lib\server\dispatchers\dispatcher.js:361:39)
}
Call log:
- waiting for getByRole(AriaRole.BUTTON, new Page.GetByRoleOptions().setName("Add Address"))

at com.microsoft.playwright.impl.WaitableResult.get(WaitableResult.java:52)
at com.microsoft.playwright.impl.ChannelOwner.runUntil(ChannelOwner.java:120)
at com.microsoft.playwright.impl.Connection.sendMessage(Connection.java:130)
at com.microsoft.playwright.impl.ChannelOwner.sendMessage(ChannelOwner.java:106)
at com.microsoft.playwright.impl.FrameImpl.clickImpl(FrameImpl.java:252)
at com.microsoft.playwright.impl.FrameImpl.lambda$click$8(FrameImpl.java:243)
at com.microsoft.playwright.impl.LoggingSupport.lambda$withLogging$0(LoggingSupport.java:36)
at com.microsoft.playwright.impl.LoggingSupport.withLogging(LoggingSupport.java:47)
at com.microsoft.playwright.impl.ChannelOwner.withLogging(ChannelOwner.java:89)
at com.microsoft.playwright.impl.LoggingSupport.withLogging(LoggingSupport.java:35)
at com.microsoft.playwright.impl.FrameImpl.click(FrameImpl.java:243)
at com.microsoft.playwright.impl.LocatorImpl.click(LocatorImpl.java:160)
at com.microsoft.playwright.Locator.click(Locator.java:2406)
at page.BMSPage.addAddress(BMSPage.java:130)
at test.BMSTest.verifyAddAddress(BMSTest.java:53)
at java.base/java.util.ArrayList.forEach(ArrayList.java:1511)
Caused by: com.microsoft.playwright.TimeoutError: Error {
  message='Timeout 30000ms exceeded.
  name='TimeoutError
  stack='TimeoutError: Timeout 30000ms exceeded.
    at ProgressController.run (C:\Users\HAIPPY~1\AppData\Local\Temp\playwright-java-8541975594615293244\package\lib\server\progress.js:78:26)
    at Frame.click (C:\Users\HAIPPY~1\AppData\Local\Temp\playwright-java-8541975594615293244\package\lib\server\frames.js:1007:23)
    at FrameDispatcher.click (C:\Users\HAIPPY~1\AppData\Local\Temp\playwright-java-8541975594615293244\package\lib\server\dispatchers\frameDispatcher.js:157:30)
    at FrameDispatcher._handleCommand (C:\Users\HAIPPY~1\AppData\Local\Temp\playwright-java-8541975594615293244\package\lib\server\dispatchers\dispatcher.js:94:40)
    at DispatcherConnection.dispatch (C:\Users\HAIPPY~1\AppData\Local\Temp\playwright-java-8541975594615293244\package\lib\server\dispatchers\dispatcher.js:361:39)
}
Call log:
- waiting for getByRole(AriaRole.BUTTON, new Page.GetByRoleOptions().setName("Add Address"))

at com.microsoft.playwright.impl.Connection.dispatch(Connection.java:254)
at com.microsoft.playwright.impl.Connection.processOneMessage(Connection.java:211)
at com.microsoft.playwright.impl.ChannelOwner.runUntil(ChannelOwner.java:118)
... 41 more
... Removed 27 stack frames]]>
    </failure>
  </testcase> <!-- verifyAddAddress -->
  <testcase classname="test.BMSTest" name="verifyRemoveAddress" time="30.01">
    <failure type="com.microsoft.playwright.TimeoutError" message="Error {
  message=&amp;apos;Timeout 30000ms exceeded.
  name=&amp;apos;TimeoutError
  stack=&amp;apos;TimeoutError: Timeout 30000ms exceeded.
    at ProgressController.run (C:\Users\HAIPPY~1\AppData\Local\Temp\playwright-java-8541975594615293244\package\lib\server\progress.js:78:26)
    at Frame.click (C:\Users\HAIPPY~1\AppData\Local\Temp\playwright-java-8541975594615293244\package\lib\server\frames.js:1007:23)
    at FrameDispatcher.click (C:\Users\HAIPPY~1\AppData\Local\Temp\playwright-java-8541975594615293244\package\lib\server\dispatchers\frameDispatcher.js:157:30)
    at FrameDispatcher._handleCommand (C:\Users\HAIPPY~1\AppData\Local\Temp\playwright-java-8541975594615293244\package\lib\server\dispatchers\dispatcher.js:94:40)
    at DispatcherConnection.dispatch (C:\Users\HAIPPY~1\AppData\Local\Temp\playwright-java-8541975594615293244\package\lib\server\dispatchers\dispatcher.js:361:39)
}
Call log:
- waiting for locator(&amp;quot;.MuiGrid-root &amp;gt; div &amp;gt; div:nth-child(2) &amp;gt; div:nth-child(2) &amp;gt; button&amp;quot;).first()
">
      <![CDATA[com.microsoft.playwright.TimeoutError: Error {
  message='Timeout 30000ms exceeded.
  name='TimeoutError
  stack='TimeoutError: Timeout 30000ms exceeded.
    at ProgressController.run (C:\Users\HAIPPY~1\AppData\Local\Temp\playwright-java-8541975594615293244\package\lib\server\progress.js:78:26)
    at Frame.click (C:\Users\HAIPPY~1\AppData\Local\Temp\playwright-java-8541975594615293244\package\lib\server\frames.js:1007:23)
    at FrameDispatcher.click (C:\Users\HAIPPY~1\AppData\Local\Temp\playwright-java-8541975594615293244\package\lib\server\dispatchers\frameDispatcher.js:157:30)
    at FrameDispatcher._handleCommand (C:\Users\HAIPPY~1\AppData\Local\Temp\playwright-java-8541975594615293244\package\lib\server\dispatchers\dispatcher.js:94:40)
    at DispatcherConnection.dispatch (C:\Users\HAIPPY~1\AppData\Local\Temp\playwright-java-8541975594615293244\package\lib\server\dispatchers\dispatcher.js:361:39)
}
Call log:
- waiting for locator(".MuiGrid-root > div > div:nth-child(2) > div:nth-child(2) > button").first()

at com.microsoft.playwright.impl.WaitableResult.get(WaitableResult.java:52)
at com.microsoft.playwright.impl.ChannelOwner.runUntil(ChannelOwner.java:120)
at com.microsoft.playwright.impl.Connection.sendMessage(Connection.java:130)
at com.microsoft.playwright.impl.ChannelOwner.sendMessage(ChannelOwner.java:106)
at com.microsoft.playwright.impl.FrameImpl.clickImpl(FrameImpl.java:252)
at com.microsoft.playwright.impl.FrameImpl.lambda$click$8(FrameImpl.java:243)
at com.microsoft.playwright.impl.LoggingSupport.lambda$withLogging$0(LoggingSupport.java:36)
at com.microsoft.playwright.impl.LoggingSupport.withLogging(LoggingSupport.java:47)
at com.microsoft.playwright.impl.ChannelOwner.withLogging(ChannelOwner.java:89)
at com.microsoft.playwright.impl.LoggingSupport.withLogging(LoggingSupport.java:35)
at com.microsoft.playwright.impl.FrameImpl.click(FrameImpl.java:243)
at com.microsoft.playwright.impl.LocatorImpl.click(LocatorImpl.java:160)
at com.microsoft.playwright.Locator.click(Locator.java:2406)
at page.BMSPage.removeAddress(BMSPage.java:146)
at test.BMSTest.verifyRemoveAddress(BMSTest.java:58)
at java.base/java.util.ArrayList.forEach(ArrayList.java:1511)
Caused by: com.microsoft.playwright.TimeoutError: Error {
  message='Timeout 30000ms exceeded.
  name='TimeoutError
  stack='TimeoutError: Timeout 30000ms exceeded.
    at ProgressController.run (C:\Users\HAIPPY~1\AppData\Local\Temp\playwright-java-8541975594615293244\package\lib\server\progress.js:78:26)
    at Frame.click (C:\Users\HAIPPY~1\AppData\Local\Temp\playwright-java-8541975594615293244\package\lib\server\frames.js:1007:23)
    at FrameDispatcher.click (C:\Users\HAIPPY~1\AppData\Local\Temp\playwright-java-8541975594615293244\package\lib\server\dispatchers\frameDispatcher.js:157:30)
    at FrameDispatcher._handleCommand (C:\Users\HAIPPY~1\AppData\Local\Temp\playwright-java-8541975594615293244\package\lib\server\dispatchers\dispatcher.js:94:40)
    at DispatcherConnection.dispatch (C:\Users\HAIPPY~1\AppData\Local\Temp\playwright-java-8541975594615293244\package\lib\server\dispatchers\dispatcher.js:361:39)
}
Call log:
- waiting for locator(".MuiGrid-root > div > div:nth-child(2) > div:nth-child(2) > button").first()

at com.microsoft.playwright.impl.Connection.dispatch(Connection.java:254)
at com.microsoft.playwright.impl.Connection.processOneMessage(Connection.java:211)
at com.microsoft.playwright.impl.ChannelOwner.runUntil(ChannelOwner.java:118)
... 41 more
... Removed 27 stack frames]]>
    </failure>
  </testcase> <!-- verifyRemoveAddress -->
  <testcase classname="test.BMSTest" name="verifyMRIAbdomenBook" time="16.97">
    <failure type="org.opentest4j.AssertionFailedError" message="Locator expected to contain text: 294401
Received: 29439621 Jan 2026, 05:26 pmTesting City-Tata IVR--9345999487Call-NewTo be collectedMissed Call---628630​29439221 Jan 2026, 05:02 pmveera inovatrik-Tata IVR--9087003803Call-NewTo be collectedMissed Call---824799​29432521 Jan 2026, 01:23 pmTest-Tata IVR--9489794586Call-NewTo be collectedMissed Call---508124​29439421 Jan 2026, 05:08 pm--Tata IVR--9167609327Call-NewTo be collectedMissed Call---355543​29438521 Jan 2026, 04:51 pmsds-Tata IVR--6369021072Call-NewTo be collectedMissed Call---250559​29439321 Jan 2026, 05:04 pm--Tata IVR--7012782878Call-NewTo be collectedMissed Call---147527​29431921 Jan 2026, 01:07 pm--Tata IVR--6384075107Call-NewTo be collectedMissed Call---489191​29437621 Jan 2026, 04:15 pmUmme Asma-Tata IVR--8660912744Call-NewTo be collectedMissed Call---261027​29438121 Jan 2026, 04:31 pm--Tata IVR--8766326693Call-NewTo be collectedMissed Call---330314​29435221 Jan 2026, 02:47 pm--Tata IVR--9739623231Call-NewTo be collectedMissed Call---923747​29438021 Jan 2026, 04:27 pmTesting-Tata IVR--7502508191Call-NewTo be collectedMissed Call---877946​29437921 Jan 2026, 04:27 pm--Tata IVR--6374873219Call-NewTo be collectedMissed Call---358872​29437821 Jan 2026, 04:26 pmTesting-Tata IVR--9360620662Call-NewTo be collectedMissed Call---407858​29437521 Jan 2026, 04:11 pm--Tata IVR--9075031905Call-NewTo be collectedMissed Call---796060​29437421 Jan 2026, 03:55 pm--Tata IVR--8106999651Call-NewTo be collectedMissed Call---714246​29435121 Jan 2026, 02:42 pm--Tata IVR--7985995043Call-NewTo be collectedMissed Call---834332​29436021 Jan 2026, 03:26 pm--Tata IVR--9860080600Call-NewTo be collectedMissed Call---160864​29436121 Jan 2026, 03:27 pm--Tata IVR--7718978661Call-NewTo be collectedMissed Call---798001​29435621 Jan 2026, 03:08 pm--Tata IVR--9858120674Call-NewTo be collectedMissed Call---521790​29435821 Jan 2026, 03:13 pm--Tata IVR--9930724909Call-NewTo be collectedMissed Call---442445​29435921 Jan 2026, 03:13 pm--Tata IVR--7620160436Call-NewTo be collectedMissed Call---185471​29435721 Jan 2026, 03:09 pmRathi C-Tata IVR--9940832670Call-NewTo be collectedMissed Call---471017​29435421 Jan 2026, 02:57 pmRosalin Jamadar -Tata IVR--9439960774Call-NewTo be collectedMissed Call---294968​29434721 Jan 2026, 02:17 pm--Tata IVR--7975474546Call-NewTo be collectedMissed Call---983468​29434521 Jan 2026, 02:09 pm--Tata IVR--7400276466Call-NewTo be collectedMissed Call---704156​29434421 Jan 2026, 02:05 pm--Tata IVR--8217691929Call-NewTo be collectedMissed Call---819801​29434321 Jan 2026, 02:04 pm--Tata IVR--9221232352Call-NewTo be collectedMissed Call---991233​29434221 Jan 2026, 02:00 pm--Tata IVR--9008684992Call-NewTo be collectedMissed Call---288304​29434021 Jan 2026, 01:45 pm--Tata IVR--9970584034Call-NewTo be collectedMissed Call---885116​29432621 Jan 2026, 01:23 pm--Tata IVR--8082428087Call-NewTo be collectedMissed Call---794679​

Call log:
Locator.expect with timeout 5000ms
waiting for locator(&amp;quot;tbody&amp;quot;)
  locator resolved to &amp;lt;tbody class=&amp;quot;MuiTableBody-root css-1xnox0e&amp;quot;&amp;gt;…&amp;lt;/tbody&amp;gt;
  unexpected value &amp;quot;29439621 Jan 2026, 05:26 pmTesting City-Tata IVR--9345999487Call-NewTo be collectedMissed Call---628630​29439221 Jan 2026, 05:02 pmveera inovatrik-Tata IVR--9087003803Call-NewTo be collectedMissed Call---824799​29432521 Jan 2026, 01:23 pmTest-Tata IVR--9489794586Call-NewTo be collectedMissed Call---508124​29439421 Jan 2026, 05:08 pm--Tata IVR--9167609327Call-NewTo be collectedMissed Call---355543​29438521 Jan 2026, 04:51 pmsds-Tata IVR--6369021072Call-NewTo be collectedMissed Call---250559​29439321 Jan 2026, 05:04 pm--Tata IVR--7012782878Call-NewTo be collectedMissed Call---147527​29431921 Jan 2026, 01:07 pm--Tata IVR--6384075107Call-NewTo be collectedMissed Call---489191​29437621 Jan 2026, 04:15 pmUmme Asma-Tata IVR--8660912744Call-NewTo be collectedMissed Call---261027​29438121 Jan 2026, 04:31 pm--Tata IVR--8766326693Call-NewTo be collectedMissed Call---330314​29435221 Jan 2026, 02:47 pm--Tata IVR--9739623231Call-NewTo be collectedMissed Call---923747​29438021 Jan 2026, 04:27 pmTesting-Tata IVR--7502508191Call-NewTo be collectedMissed Call---877946​29437921 Jan 2026, 04:27 pm--Tata IVR--6374873219Call-NewTo be collectedMissed Call---358872​29437821 Jan 2026, 04:26 pmTesting-Tata IVR--9360620662Call-NewTo be collectedMissed Call---407858​29437521 Jan 2026, 04:11 pm--Tata IVR--9075031905Call-NewTo be collectedMissed Call---796060​29437421 Jan 2026, 03:55 pm--Tata IVR--8106999651Call-NewTo be collectedMissed Call---714246​29435121 Jan 2026, 02:42 pm--Tata IVR--7985995043Call-NewTo be collectedMissed Call---834332​29436021 Jan 2026, 03:26 pm--Tata IVR--9860080600Call-NewTo be collectedMissed Call---160864​29436121 Jan 2026, 03:27 pm--Tata IVR--7718978661Call-NewTo be collectedMissed Call---798001​29435621 Jan 2026, 03:08 pm--Tata IVR--9858120674Call-NewTo be collectedMissed Call---521790​29435821 Jan 2026, 03:13 pm--Tata IVR--9930724909Call-NewTo be collectedMissed Call---442445​29435921 Jan 2026, 03:13 pm--Tata IVR--7620160436Call-NewTo be collectedMissed Call---185471​29435721 Jan 2026, 03:09 pmRathi C-Tata IVR--9940832670Call-NewTo be collectedMissed Call---471017​29435421 Jan 2026, 02:57 pmRosalin Jamadar -Tata IVR--9439960774Call-NewTo be collectedMissed Call---294968​29434721 Jan 2026, 02:17 pm--Tata IVR--7975474546Call-NewTo be collectedMissed Call---983468​29434521 Jan 2026, 02:09 pm--Tata IVR--7400276466Call-NewTo be collectedMissed Call---704156​29434421 Jan 2026, 02:05 pm--Tata IVR--8217691929Call-NewTo be collectedMissed Call---819801​29434321 Jan 2026, 02:04 pm--Tata IVR--9221232352Call-NewTo be collectedMissed Call---991233​29434221 Jan 2026, 02:00 pm--Tata IVR--9008684992Call-NewTo be collectedMissed Call---288304​29434021 Jan 2026, 01:45 pm--Tata IVR--9970584034Call-NewTo be collectedMissed Call---885116​29432621 Jan 2026, 01:23 pm--Tata IVR--8082428087Call-NewTo be collectedMissed Call---794679​&amp;quot;
  locator resolved to &amp;lt;tbody class=&amp;quot;MuiTableBody-root css-1xnox0e&amp;quot;&amp;gt;…&amp;lt;/tbody&amp;gt;
  unexpected value &amp;quot;29439621 Jan 2026, 05:26 pmTesting City-Tata IVR--9345999487Call-NewTo be collectedMissed Call---628630​29439221 Jan 2026, 05:02 pmveera inovatrik-Tata IVR--9087003803Call-NewTo be collectedMissed Call---824799​29432521 Jan 2026, 01:23 pmTest-Tata IVR--9489794586Call-NewTo be collectedMissed Call---508124​29439421 Jan 2026, 05:08 pm--Tata IVR--9167609327Call-NewTo be collectedMissed Call---355543​29438521 Jan 2026, 04:51 pmsds-Tata IVR--6369021072Call-NewTo be collectedMissed Call---250559​29439321 Jan 2026, 05:04 pm--Tata IVR--7012782878Call-NewTo be collectedMissed Call---147527​29431921 Jan 2026, 01:07 pm--Tata IVR--6384075107Call-NewTo be collectedMissed Call---489191​29437621 Jan 2026, 04:15 pmUmme Asma-Tata IVR--8660912744Call-NewTo be collectedMissed Call---261027​29438121 Jan 2026, 04:31 pm--Tata IVR--8766326693Call-NewTo be collectedMissed Call---330314​29435221 Jan 2026, 02:47 pm--Tata IVR--9739623231Call-NewTo be collectedMissed Call---923747​29438021 Jan 2026, 04:27 pmTesting-Tata IVR--7502508191Call-NewTo be collectedMissed Call---877946​29437921 Jan 2026, 04:27 pm--Tata IVR--6374873219Call-NewTo be collectedMissed Call---358872​29437821 Jan 2026, 04:26 pmTesting-Tata IVR--9360620662Call-NewTo be collectedMissed Call---407858​29437521 Jan 2026, 04:11 pm--Tata IVR--9075031905Call-NewTo be collectedMissed Call---796060​29437421 Jan 2026, 03:55 pm--Tata IVR--8106999651Call-NewTo be collectedMissed Call---714246​29435121 Jan 2026, 02:42 pm--Tata IVR--7985995043Call-NewTo be collectedMissed Call---834332​29436021 Jan 2026, 03:26 pm--Tata IVR--9860080600Call-NewTo be collectedMissed Call---160864​29436121 Jan 2026, 03:27 pm--Tata IVR--7718978661Call-NewTo be collectedMissed Call---798001​29435621 Jan 2026, 03:08 pm--Tata IVR--9858120674Call-NewTo be collectedMissed Call---521790​29435821 Jan 2026, 03:13 pm--Tata IVR--9930724909Call-NewTo be collectedMissed Call---442445​29435921 Jan 2026, 03:13 pm--Tata IVR--7620160436Call-NewTo be collectedMissed Call---185471​29435721 Jan 2026, 03:09 pmRathi C-Tata IVR--9940832670Call-NewTo be collectedMissed Call---471017​29435421 Jan 2026, 02:57 pmRosalin Jamadar -Tata IVR--9439960774Call-NewTo be collectedMissed Call---294968​29434721 Jan 2026, 02:17 pm--Tata IVR--7975474546Call-NewTo be collectedMissed Call---983468​29434521 Jan 2026, 02:09 pm--Tata IVR--7400276466Call-NewTo be collectedMissed Call---704156​29434421 Jan 2026, 02:05 pm--Tata IVR--8217691929Call-NewTo be collectedMissed Call---819801​29434321 Jan 2026, 02:04 pm--Tata IVR--9221232352Call-NewTo be collectedMissed Call---991233​29434221 Jan 2026, 02:00 pm--Tata IVR--9008684992Call-NewTo be collectedMissed Call---288304​29434021 Jan 2026, 01:45 pm--Tata IVR--9970584034Call-NewTo be collectedMissed Call---885116​29432621 Jan 2026, 01:23 pm--Tata IVR--8082428087Call-NewTo be collectedMissed Call---794679​&amp;quot;
  locator resolved to &amp;lt;tbody class=&amp;quot;MuiTableBody-root css-1xnox0e&amp;quot;&amp;gt;…&amp;lt;/tbody&amp;gt;
  unexpected value &amp;quot;29439621 Jan 2026, 05:26 pmTesting City-Tata IVR--9345999487Call-NewTo be collectedMissed Call---628630​29439221 Jan 2026, 05:02 pmveera inovatrik-Tata IVR--9087003803Call-NewTo be collectedMissed Call---824799​29432521 Jan 2026, 01:23 pmTest-Tata IVR--9489794586Call-NewTo be collectedMissed Call---508124​29439421 Jan 2026, 05:08 pm--Tata IVR--9167609327Call-NewTo be collectedMissed Call---355543​29438521 Jan 2026, 04:51 pmsds-Tata IVR--6369021072Call-NewTo be collectedMissed Call---250559​29439321 Jan 2026, 05:04 pm--Tata IVR--7012782878Call-NewTo be collectedMissed Call---147527​29431921 Jan 2026, 01:07 pm--Tata IVR--6384075107Call-NewTo be collectedMissed Call---489191​29437621 Jan 2026, 04:15 pmUmme Asma-Tata IVR--8660912744Call-NewTo be collectedMissed Call---261027​29438121 Jan 2026, 04:31 pm--Tata IVR--8766326693Call-NewTo be collectedMissed Call---330314​29435221 Jan 2026, 02:47 pm--Tata IVR--9739623231Call-NewTo be collectedMissed Call---923747​29438021 Jan 2026, 04:27 pmTesting-Tata IVR--7502508191Call-NewTo be collectedMissed Call---877946​29437921 Jan 2026, 04:27 pm--Tata IVR--6374873219Call-NewTo be collectedMissed Call---358872​29437821 Jan 2026, 04:26 pmTesting-Tata IVR--9360620662Call-NewTo be collectedMissed Call---407858​29437521 Jan 2026, 04:11 pm--Tata IVR--9075031905Call-NewTo be collectedMissed Call---796060​29437421 Jan 2026, 03:55 pm--Tata IVR--8106999651Call-NewTo be collectedMissed Call---714246​29435121 Jan 2026, 02:42 pm--Tata IVR--7985995043Call-NewTo be collectedMissed Call---834332​29436021 Jan 2026, 03:26 pm--Tata IVR--9860080600Call-NewTo be collectedMissed Call---160864​29436121 Jan 2026, 03:27 pm--Tata IVR--7718978661Call-NewTo be collectedMissed Call---798001​29435621 Jan 2026, 03:08 pm--Tata IVR--9858120674Call-NewTo be collectedMissed Call---521790​29435821 Jan 2026, 03:13 pm--Tata IVR--9930724909Call-NewTo be collectedMissed Call---442445​29435921 Jan 2026, 03:13 pm--Tata IVR--7620160436Call-NewTo be collectedMissed Call---185471​29435721 Jan 2026, 03:09 pmRathi C-Tata IVR--9940832670Call-NewTo be collectedMissed Call---471017​29435421 Jan 2026, 02:57 pmRosalin Jamadar -Tata IVR--9439960774Call-NewTo be collectedMissed Call---294968​29434721 Jan 2026, 02:17 pm--Tata IVR--7975474546Call-NewTo be collectedMissed Call---983468​29434521 Jan 2026, 02:09 pm--Tata IVR--7400276466Call-NewTo be collectedMissed Call---704156​29434421 Jan 2026, 02:05 pm--Tata IVR--8217691929Call-NewTo be collectedMissed Call---819801​29434321 Jan 2026, 02:04 pm--Tata IVR--9221232352Call-NewTo be collectedMissed Call---991233​29434221 Jan 2026, 02:00 pm--Tata IVR--9008684992Call-NewTo be collectedMissed Call---288304​29434021 Jan 2026, 01:45 pm--Tata IVR--9970584034Call-NewTo be collectedMissed Call---885116​29432621 Jan 2026, 01:23 pm--Tata IVR--8082428087Call-NewTo be collectedMissed Call---794679​&amp;quot;
  locator resolved to &amp;lt;tbody class=&amp;quot;MuiTableBody-root css-1xnox0e&amp;quot;&amp;gt;…&amp;lt;/tbody&amp;gt;
  unexpected value &amp;quot;29439621 Jan 2026, 05:26 pmTesting City-Tata IVR--9345999487Call-NewTo be collectedMissed Call---628630​29439221 Jan 2026, 05:02 pmveera inovatrik-Tata IVR--9087003803Call-NewTo be collectedMissed Call---824799​29432521 Jan 2026, 01:23 pmTest-Tata IVR--9489794586Call-NewTo be collectedMissed Call---508124​29439421 Jan 2026, 05:08 pm--Tata IVR--9167609327Call-NewTo be collectedMissed Call---355543​29438521 Jan 2026, 04:51 pmsds-Tata IVR--6369021072Call-NewTo be collectedMissed Call---250559​29439321 Jan 2026, 05:04 pm--Tata IVR--7012782878Call-NewTo be collectedMissed Call---147527​29431921 Jan 2026, 01:07 pm--Tata IVR--6384075107Call-NewTo be collectedMissed Call---489191​29437621 Jan 2026, 04:15 pmUmme Asma-Tata IVR--8660912744Call-NewTo be collectedMissed Call---261027​29438121 Jan 2026, 04:31 pm--Tata IVR--8766326693Call-NewTo be collectedMissed Call---330314​29435221 Jan 2026, 02:47 pm--Tata IVR--9739623231Call-NewTo be collectedMissed Call---923747​29438021 Jan 2026, 04:27 pmTesting-Tata IVR--7502508191Call-NewTo be collectedMissed Call---877946​29437921 Jan 2026, 04:27 pm--Tata IVR--6374873219Call-NewTo be collectedMissed Call---358872​29437821 Jan 2026, 04:26 pmTesting-Tata IVR--9360620662Call-NewTo be collectedMissed Call---407858​29437521 Jan 2026, 04:11 pm--Tata IVR--9075031905Call-NewTo be collectedMissed Call---796060​29437421 Jan 2026, 03:55 pm--Tata IVR--8106999651Call-NewTo be collectedMissed Call---714246​29435121 Jan 2026, 02:42 pm--Tata IVR--7985995043Call-NewTo be collectedMissed Call---834332​29436021 Jan 2026, 03:26 pm--Tata IVR--9860080600Call-NewTo be collectedMissed Call---160864​29436121 Jan 2026, 03:27 pm--Tata IVR--7718978661Call-NewTo be collectedMissed Call---798001​29435621 Jan 2026, 03:08 pm--Tata IVR--9858120674Call-NewTo be collectedMissed Call---521790​29435821 Jan 2026, 03:13 pm--Tata IVR--9930724909Call-NewTo be collectedMissed Call---442445​29435921 Jan 2026, 03:13 pm--Tata IVR--7620160436Call-NewTo be collectedMissed Call---185471​29435721 Jan 2026, 03:09 pmRathi C-Tata IVR--9940832670Call-NewTo be collectedMissed Call---471017​29435421 Jan 2026, 02:57 pmRosalin Jamadar -Tata IVR--9439960774Call-NewTo be collectedMissed Call---294968​29434721 Jan 2026, 02:17 pm--Tata IVR--7975474546Call-NewTo be collectedMissed Call---983468​29434521 Jan 2026, 02:09 pm--Tata IVR--7400276466Call-NewTo be collectedMissed Call---704156​29434421 Jan 2026, 02:05 pm--Tata IVR--8217691929Call-NewTo be collectedMissed Call---819801​29434321 Jan 2026, 02:04 pm--Tata IVR--9221232352Call-NewTo be collectedMissed Call---991233​29434221 Jan 2026, 02:00 pm--Tata IVR--9008684992Call-NewTo be collectedMissed Call---288304​29434021 Jan 2026, 01:45 pm--Tata IVR--9970584034Call-NewTo be collectedMissed Call---885116​29432621 Jan 2026, 01:23 pm--Tata IVR--8082428087Call-NewTo be collectedMissed Call---794679​&amp;quot;
  locator resolved to &amp;lt;tbody class=&amp;quot;MuiTableBody-root css-1xnox0e&amp;quot;&amp;gt;…&amp;lt;/tbody&amp;gt;
  unexpected value &amp;quot;29439621 Jan 2026, 05:26 pmTesting City-Tata IVR--9345999487Call-NewTo be collectedMissed Call---628630​29439221 Jan 2026, 05:02 pmveera inovatrik-Tata IVR--9087003803Call-NewTo be collectedMissed Call---824799​29432521 Jan 2026, 01:23 pmTest-Tata IVR--9489794586Call-NewTo be collectedMissed Call---508124​29439421 Jan 2026, 05:08 pm--Tata IVR--9167609327Call-NewTo be collectedMissed Call---355543​29438521 Jan 2026, 04:51 pmsds-Tata IVR--6369021072Call-NewTo be collectedMissed Call---250559​29439321 Jan 2026, 05:04 pm--Tata IVR--7012782878Call-NewTo be collectedMissed Call---147527​29431921 Jan 2026, 01:07 pm--Tata IVR--6384075107Call-NewTo be collectedMissed Call---489191​29437621 Jan 2026, 04:15 pmUmme Asma-Tata IVR--8660912744Call-NewTo be collectedMissed Call---261027​29438121 Jan 2026, 04:31 pm--Tata IVR--8766326693Call-NewTo be collectedMissed Call---330314​29435221 Jan 2026, 02:47 pm--Tata IVR--9739623231Call-NewTo be collectedMissed Call---923747​29438021 Jan 2026, 04:27 pmTesting-Tata IVR--7502508191Call-NewTo be collectedMissed Call---877946​29437921 Jan 2026, 04:27 pm--Tata IVR--6374873219Call-NewTo be collectedMissed Call---358872​29437821 Jan 2026, 04:26 pmTesting-Tata IVR--9360620662Call-NewTo be collectedMissed Call---407858​29437521 Jan 2026, 04:11 pm--Tata IVR--9075031905Call-NewTo be collectedMissed Call---796060​29437421 Jan 2026, 03:55 pm--Tata IVR--8106999651Call-NewTo be collectedMissed Call---714246​29435121 Jan 2026, 02:42 pm--Tata IVR--7985995043Call-NewTo be collectedMissed Call---834332​29436021 Jan 2026, 03:26 pm--Tata IVR--9860080600Call-NewTo be collectedMissed Call---160864​29436121 Jan 2026, 03:27 pm--Tata IVR--7718978661Call-NewTo be collectedMissed Call---798001​29435621 Jan 2026, 03:08 pm--Tata IVR--9858120674Call-NewTo be collectedMissed Call---521790​29435821 Jan 2026, 03:13 pm--Tata IVR--9930724909Call-NewTo be collectedMissed Call---442445​29435921 Jan 2026, 03:13 pm--Tata IVR--7620160436Call-NewTo be collectedMissed Call---185471​29435721 Jan 2026, 03:09 pmRathi C-Tata IVR--9940832670Call-NewTo be collectedMissed Call---471017​29435421 Jan 2026, 02:57 pmRosalin Jamadar -Tata IVR--9439960774Call-NewTo be collectedMissed Call---294968​29434721 Jan 2026, 02:17 pm--Tata IVR--7975474546Call-NewTo be collectedMissed Call---983468​29434521 Jan 2026, 02:09 pm--Tata IVR--7400276466Call-NewTo be collectedMissed Call---704156​29434421 Jan 2026, 02:05 pm--Tata IVR--8217691929Call-NewTo be collectedMissed Call---819801​29434321 Jan 2026, 02:04 pm--Tata IVR--9221232352Call-NewTo be collectedMissed Call---991233​29434221 Jan 2026, 02:00 pm--Tata IVR--9008684992Call-NewTo be collectedMissed Call---288304​29434021 Jan 2026, 01:45 pm--Tata IVR--9970584034Call-NewTo be collectedMissed Call---885116​29432621 Jan 2026, 01:23 pm--Tata IVR--8082428087Call-NewTo be collectedMissed Call---794679​&amp;quot;
  locator resolved to &amp;lt;tbody class=&amp;quot;MuiTableBody-root css-1xnox0e&amp;quot;&amp;gt;…&amp;lt;/tbody&amp;gt;
  unexpected value &amp;quot;29439621 Jan 2026, 05:26 pmTesting City-Tata IVR--9345999487Call-NewTo be collectedMissed Call---628630​29439221 Jan 2026, 05:02 pmveera inovatrik-Tata IVR--9087003803Call-NewTo be collectedMissed Call---824799​29432521 Jan 2026, 01:23 pmTest-Tata IVR--9489794586Call-NewTo be collectedMissed Call---508124​29439421 Jan 2026, 05:08 pm--Tata IVR--9167609327Call-NewTo be collectedMissed Call---355543​29438521 Jan 2026, 04:51 pmsds-Tata IVR--6369021072Call-NewTo be collectedMissed Call---250559​29439321 Jan 2026, 05:04 pm--Tata IVR--7012782878Call-NewTo be collectedMissed Call---147527​29431921 Jan 2026, 01:07 pm--Tata IVR--6384075107Call-NewTo be collectedMissed Call---489191​29437621 Jan 2026, 04:15 pmUmme Asma-Tata IVR--8660912744Call-NewTo be collectedMissed Call---261027​29438121 Jan 2026, 04:31 pm--Tata IVR--8766326693Call-NewTo be collectedMissed Call---330314​29435221 Jan 2026, 02:47 pm--Tata IVR--9739623231Call-NewTo be collectedMissed Call---923747​29438021 Jan 2026, 04:27 pmTesting-Tata IVR--7502508191Call-NewTo be collectedMissed Call---877946​29437921 Jan 2026, 04:27 pm--Tata IVR--6374873219Call-NewTo be collectedMissed Call---358872​29437821 Jan 2026, 04:26 pmTesting-Tata IVR--9360620662Call-NewTo be collectedMissed Call---407858​29437521 Jan 2026, 04:11 pm--Tata IVR--9075031905Call-NewTo be collectedMissed Call---796060​29437421 Jan 2026, 03:55 pm--Tata IVR--8106999651Call-NewTo be collectedMissed Call---714246​29435121 Jan 2026, 02:42 pm--Tata IVR--7985995043Call-NewTo be collectedMissed Call---834332​29436021 Jan 2026, 03:26 pm--Tata IVR--9860080600Call-NewTo be collectedMissed Call---160864​29436121 Jan 2026, 03:27 pm--Tata IVR--7718978661Call-NewTo be collectedMissed Call---798001​29435621 Jan 2026, 03:08 pm--Tata IVR--9858120674Call-NewTo be collectedMissed Call---521790​29435821 Jan 2026, 03:13 pm--Tata IVR--9930724909Call-NewTo be collectedMissed Call---442445​29435921 Jan 2026, 03:13 pm--Tata IVR--7620160436Call-NewTo be collectedMissed Call---185471​29435721 Jan 2026, 03:09 pmRathi C-Tata IVR--9940832670Call-NewTo be collectedMissed Call---471017​29435421 Jan 2026, 02:57 pmRosalin Jamadar -Tata IVR--9439960774Call-NewTo be collectedMissed Call---294968​29434721 Jan 2026, 02:17 pm--Tata IVR--7975474546Call-NewTo be collectedMissed Call---983468​29434521 Jan 2026, 02:09 pm--Tata IVR--7400276466Call-NewTo be collectedMissed Call---704156​29434421 Jan 2026, 02:05 pm--Tata IVR--8217691929Call-NewTo be collectedMissed Call---819801​29434321 Jan 2026, 02:04 pm--Tata IVR--9221232352Call-NewTo be collectedMissed Call---991233​29434221 Jan 2026, 02:00 pm--Tata IVR--9008684992Call-NewTo be collectedMissed Call---288304​29434021 Jan 2026, 01:45 pm--Tata IVR--9970584034Call-NewTo be collectedMissed Call---885116​29432621 Jan 2026, 01:23 pm--Tata IVR--8082428087Call-NewTo be collectedMissed Call---794679​&amp;quot;
  locator resolved to &amp;lt;tbody class=&amp;quot;MuiTableBody-root css-1xnox0e&amp;quot;&amp;gt;…&amp;lt;/tbody&amp;gt;
  unexpected value &amp;quot;29439621 Jan 2026, 05:26 pmTesting City-Tata IVR--9345999487Call-NewTo be collectedMissed Call---628630​29439221 Jan 2026, 05:02 pmveera inovatrik-Tata IVR--9087003803Call-NewTo be collectedMissed Call---824799​29432521 Jan 2026, 01:23 pmTest-Tata IVR--9489794586Call-NewTo be collectedMissed Call---508124​29439421 Jan 2026, 05:08 pm--Tata IVR--9167609327Call-NewTo be collectedMissed Call---355543​29438521 Jan 2026, 04:51 pmsds-Tata IVR--6369021072Call-NewTo be collectedMissed Call---250559​29439321 Jan 2026, 05:04 pm--Tata IVR--7012782878Call-NewTo be collectedMissed Call---147527​29431921 Jan 2026, 01:07 pm--Tata IVR--6384075107Call-NewTo be collectedMissed Call---489191​29437621 Jan 2026, 04:15 pmUmme Asma-Tata IVR--8660912744Call-NewTo be collectedMissed Call---261027​29438121 Jan 2026, 04:31 pm--Tata IVR--8766326693Call-NewTo be collectedMissed Call---330314​29435221 Jan 2026, 02:47 pm--Tata IVR--9739623231Call-NewTo be collectedMissed Call---923747​29438021 Jan 2026, 04:27 pmTesting-Tata IVR--7502508191Call-NewTo be collectedMissed Call---877946​29437921 Jan 2026, 04:27 pm--Tata IVR--6374873219Call-NewTo be collectedMissed Call---358872​29437821 Jan 2026, 04:26 pmTesting-Tata IVR--9360620662Call-NewTo be collectedMissed Call---407858​29437521 Jan 2026, 04:11 pm--Tata IVR--9075031905Call-NewTo be collectedMissed Call---796060​29437421 Jan 2026, 03:55 pm--Tata IVR--8106999651Call-NewTo be collectedMissed Call---714246​29435121 Jan 2026, 02:42 pm--Tata IVR--7985995043Call-NewTo be collectedMissed Call---834332​29436021 Jan 2026, 03:26 pm--Tata IVR--9860080600Call-NewTo be collectedMissed Call---160864​29436121 Jan 2026, 03:27 pm--Tata IVR--7718978661Call-NewTo be collectedMissed Call---798001​29435621 Jan 2026, 03:08 pm--Tata IVR--9858120674Call-NewTo be collectedMissed Call---521790​29435821 Jan 2026, 03:13 pm--Tata IVR--9930724909Call-NewTo be collectedMissed Call---442445​29435921 Jan 2026, 03:13 pm--Tata IVR--7620160436Call-NewTo be collectedMissed Call---185471​29435721 Jan 2026, 03:09 pmRathi C-Tata IVR--9940832670Call-NewTo be collectedMissed Call---471017​29435421 Jan 2026, 02:57 pmRosalin Jamadar -Tata IVR--9439960774Call-NewTo be collectedMissed Call---294968​29434721 Jan 2026, 02:17 pm--Tata IVR--7975474546Call-NewTo be collectedMissed Call---983468​29434521 Jan 2026, 02:09 pm--Tata IVR--7400276466Call-NewTo be collectedMissed Call---704156​29434421 Jan 2026, 02:05 pm--Tata IVR--8217691929Call-NewTo be collectedMissed Call---819801​29434321 Jan 2026, 02:04 pm--Tata IVR--9221232352Call-NewTo be collectedMissed Call---991233​29434221 Jan 2026, 02:00 pm--Tata IVR--9008684992Call-NewTo be collectedMissed Call---288304​29434021 Jan 2026, 01:45 pm--Tata IVR--9970584034Call-NewTo be collectedMissed Call---885116​29432621 Jan 2026, 01:23 pm--Tata IVR--8082428087Call-NewTo be collectedMissed Call---794679​&amp;quot;
  locator resolved to &amp;lt;tbody class=&amp;quot;MuiTableBody-root css-1xnox0e&amp;quot;&amp;gt;…&amp;lt;/tbody&amp;gt;
  unexpected value &amp;quot;29439621 Jan 2026, 05:26 pmTesting City-Tata IVR--9345999487Call-NewTo be collectedMissed Call---628630​29439221 Jan 2026, 05:02 pmveera inovatrik-Tata IVR--9087003803Call-NewTo be collectedMissed Call---824799​29432521 Jan 2026, 01:23 pmTest-Tata IVR--9489794586Call-NewTo be collectedMissed Call---508124​29439421 Jan 2026, 05:08 pm--Tata IVR--9167609327Call-NewTo be collectedMissed Call---355543​29438521 Jan 2026, 04:51 pmsds-Tata IVR--6369021072Call-NewTo be collectedMissed Call---250559​29439321 Jan 2026, 05:04 pm--Tata IVR--7012782878Call-NewTo be collectedMissed Call---147527​29431921 Jan 2026, 01:07 pm--Tata IVR--6384075107Call-NewTo be collectedMissed Call---489191​29437621 Jan 2026, 04:15 pmUmme Asma-Tata IVR--8660912744Call-NewTo be collectedMissed Call---261027​29438121 Jan 2026, 04:31 pm--Tata IVR--8766326693Call-NewTo be collectedMissed Call---330314​29435221 Jan 2026, 02:47 pm--Tata IVR--9739623231Call-NewTo be collectedMissed Call---923747​29438021 Jan 2026, 04:27 pmTesting-Tata IVR--7502508191Call-NewTo be collectedMissed Call---877946​29437921 Jan 2026, 04:27 pm--Tata IVR--6374873219Call-NewTo be collectedMissed Call---358872​29437821 Jan 2026, 04:26 pmTesting-Tata IVR--9360620662Call-NewTo be collectedMissed Call---407858​29437521 Jan 2026, 04:11 pm--Tata IVR--9075031905Call-NewTo be collectedMissed Call---796060​29437421 Jan 2026, 03:55 pm--Tata IVR--8106999651Call-NewTo be collectedMissed Call---714246​29435121 Jan 2026, 02:42 pm--Tata IVR--7985995043Call-NewTo be collectedMissed Call---834332​29436021 Jan 2026, 03:26 pm--Tata IVR--9860080600Call-NewTo be collectedMissed Call---160864​29436121 Jan 2026, 03:27 pm--Tata IVR--7718978661Call-NewTo be collectedMissed Call---798001​29435621 Jan 2026, 03:08 pm--Tata IVR--9858120674Call-NewTo be collectedMissed Call---521790​29435821 Jan 2026, 03:13 pm--Tata IVR--9930724909Call-NewTo be collectedMissed Call---442445​29435921 Jan 2026, 03:13 pm--Tata IVR--7620160436Call-NewTo be collectedMissed Call---185471​29435721 Jan 2026, 03:09 pmRathi C-Tata IVR--9940832670Call-NewTo be collectedMissed Call---471017​29435421 Jan 2026, 02:57 pmRosalin Jamadar -Tata IVR--9439960774Call-NewTo be collectedMissed Call---294968​29434721 Jan 2026, 02:17 pm--Tata IVR--7975474546Call-NewTo be collectedMissed Call---983468​29434521 Jan 2026, 02:09 pm--Tata IVR--7400276466Call-NewTo be collectedMissed Call---704156​29434421 Jan 2026, 02:05 pm--Tata IVR--8217691929Call-NewTo be collectedMissed Call---819801​29434321 Jan 2026, 02:04 pm--Tata IVR--9221232352Call-NewTo be collectedMissed Call---991233​29434221 Jan 2026, 02:00 pm--Tata IVR--9008684992Call-NewTo be collectedMissed Call---288304​29434021 Jan 2026, 01:45 pm--Tata IVR--9970584034Call-NewTo be collectedMissed Call---885116​29432621 Jan 2026, 01:23 pm--Tata IVR--8082428087Call-NewTo be collectedMissed Call---794679​&amp;quot;
  locator resolved to &amp;lt;tbody class=&amp;quot;MuiTableBody-root css-1xnox0e&amp;quot;&amp;gt;…&amp;lt;/tbody&amp;gt;
  unexpected value &amp;quot;29439621 Jan 2026, 05:26 pmTesting City-Tata IVR--9345999487Call-NewTo be collectedMissed Call---628630​29439221 Jan 2026, 05:02 pmveera inovatrik-Tata IVR--9087003803Call-NewTo be collectedMissed Call---824799​29432521 Jan 2026, 01:23 pmTest-Tata IVR--9489794586Call-NewTo be collectedMissed Call---508124​29439421 Jan 2026, 05:08 pm--Tata IVR--9167609327Call-NewTo be collectedMissed Call---355543​29438521 Jan 2026, 04:51 pmsds-Tata IVR--6369021072Call-NewTo be collectedMissed Call---250559​29439321 Jan 2026, 05:04 pm--Tata IVR--7012782878Call-NewTo be collectedMissed Call---147527​29431921 Jan 2026, 01:07 pm--Tata IVR--6384075107Call-NewTo be collectedMissed Call---489191​29437621 Jan 2026, 04:15 pmUmme Asma-Tata IVR--8660912744Call-NewTo be collectedMissed Call---261027​29438121 Jan 2026, 04:31 pm--Tata IVR--8766326693Call-NewTo be collectedMissed Call---330314​29435221 Jan 2026, 02:47 pm--Tata IVR--9739623231Call-NewTo be collectedMissed Call---923747​29438021 Jan 2026, 04:27 pmTesting-Tata IVR--7502508191Call-NewTo be collectedMissed Call---877946​29437921 Jan 2026, 04:27 pm--Tata IVR--6374873219Call-NewTo be collectedMissed Call---358872​29437821 Jan 2026, 04:26 pmTesting-Tata IVR--9360620662Call-NewTo be collectedMissed Call---407858​29437521 Jan 2026, 04:11 pm--Tata IVR--9075031905Call-NewTo be collectedMissed Call---796060​29437421 Jan 2026, 03:55 pm--Tata IVR--8106999651Call-NewTo be collectedMissed Call---714246​29435121 Jan 2026, 02:42 pm--Tata IVR--7985995043Call-NewTo be collectedMissed Call---834332​29436021 Jan 2026, 03:26 pm--Tata IVR--9860080600Call-NewTo be collectedMissed Call---160864​29436121 Jan 2026, 03:27 pm--Tata IVR--7718978661Call-NewTo be collectedMissed Call---798001​29435621 Jan 2026, 03:08 pm--Tata IVR--9858120674Call-NewTo be collectedMissed Call---521790​29435821 Jan 2026, 03:13 pm--Tata IVR--9930724909Call-NewTo be collectedMissed Call---442445​29435921 Jan 2026, 03:13 pm--Tata IVR--7620160436Call-NewTo be collectedMissed Call---185471​29435721 Jan 2026, 03:09 pmRathi C-Tata IVR--9940832670Call-NewTo be collectedMissed Call---471017​29435421 Jan 2026, 02:57 pmRosalin Jamadar -Tata IVR--9439960774Call-NewTo be collectedMissed Call---294968​29434721 Jan 2026, 02:17 pm--Tata IVR--7975474546Call-NewTo be collectedMissed Call---983468​29434521 Jan 2026, 02:09 pm--Tata IVR--7400276466Call-NewTo be collectedMissed Call---704156​29434421 Jan 2026, 02:05 pm--Tata IVR--8217691929Call-NewTo be collectedMissed Call---819801​29434321 Jan 2026, 02:04 pm--Tata IVR--9221232352Call-NewTo be collectedMissed Call---991233​29434221 Jan 2026, 02:00 pm--Tata IVR--9008684992Call-NewTo be collectedMissed Call---288304​29434021 Jan 2026, 01:45 pm--Tata IVR--9970584034Call-NewTo be collectedMissed Call---885116​29432621 Jan 2026, 01:23 pm--Tata IVR--8082428087Call-NewTo be collectedMissed Call---794679​&amp;quot;">
      <![CDATA[org.opentest4j.AssertionFailedError: Locator expected to contain text: 294401
Received: 29439621 Jan 2026, 05:26 pmTesting City-Tata IVR--9345999487Call-NewTo be collectedMissed Call---628630​29439221 Jan 2026, 05:02 pmveera inovatrik-Tata IVR--9087003803Call-NewTo be collectedMissed Call---824799​29432521 Jan 2026, 01:23 pmTest-Tata IVR--9489794586Call-NewTo be collectedMissed Call---508124​29439421 Jan 2026, 05:08 pm--Tata IVR--9167609327Call-NewTo be collectedMissed Call---355543​29438521 Jan 2026, 04:51 pmsds-Tata IVR--6369021072Call-NewTo be collectedMissed Call---250559​29439321 Jan 2026, 05:04 pm--Tata IVR--7012782878Call-NewTo be collectedMissed Call---147527​29431921 Jan 2026, 01:07 pm--Tata IVR--6384075107Call-NewTo be collectedMissed Call---489191​29437621 Jan 2026, 04:15 pmUmme Asma-Tata IVR--8660912744Call-NewTo be collectedMissed Call---261027​29438121 Jan 2026, 04:31 pm--Tata IVR--8766326693Call-NewTo be collectedMissed Call---330314​29435221 Jan 2026, 02:47 pm--Tata IVR--9739623231Call-NewTo be collectedMissed Call---923747​29438021 Jan 2026, 04:27 pmTesting-Tata IVR--7502508191Call-NewTo be collectedMissed Call---877946​29437921 Jan 2026, 04:27 pm--Tata IVR--6374873219Call-NewTo be collectedMissed Call---358872​29437821 Jan 2026, 04:26 pmTesting-Tata IVR--9360620662Call-NewTo be collectedMissed Call---407858​29437521 Jan 2026, 04:11 pm--Tata IVR--9075031905Call-NewTo be collectedMissed Call---796060​29437421 Jan 2026, 03:55 pm--Tata IVR--8106999651Call-NewTo be collectedMissed Call---714246​29435121 Jan 2026, 02:42 pm--Tata IVR--7985995043Call-NewTo be collectedMissed Call---834332​29436021 Jan 2026, 03:26 pm--Tata IVR--9860080600Call-NewTo be collectedMissed Call---160864​29436121 Jan 2026, 03:27 pm--Tata IVR--7718978661Call-NewTo be collectedMissed Call---798001​29435621 Jan 2026, 03:08 pm--Tata IVR--9858120674Call-NewTo be collectedMissed Call---521790​29435821 Jan 2026, 03:13 pm--Tata IVR--9930724909Call-NewTo be collectedMissed Call---442445​29435921 Jan 2026, 03:13 pm--Tata IVR--7620160436Call-NewTo be collectedMissed Call---185471​29435721 Jan 2026, 03:09 pmRathi C-Tata IVR--9940832670Call-NewTo be collectedMissed Call---471017​29435421 Jan 2026, 02:57 pmRosalin Jamadar -Tata IVR--9439960774Call-NewTo be collectedMissed Call---294968​29434721 Jan 2026, 02:17 pm--Tata IVR--7975474546Call-NewTo be collectedMissed Call---983468​29434521 Jan 2026, 02:09 pm--Tata IVR--7400276466Call-NewTo be collectedMissed Call---704156​29434421 Jan 2026, 02:05 pm--Tata IVR--8217691929Call-NewTo be collectedMissed Call---819801​29434321 Jan 2026, 02:04 pm--Tata IVR--9221232352Call-NewTo be collectedMissed Call---991233​29434221 Jan 2026, 02:00 pm--Tata IVR--9008684992Call-NewTo be collectedMissed Call---288304​29434021 Jan 2026, 01:45 pm--Tata IVR--9970584034Call-NewTo be collectedMissed Call---885116​29432621 Jan 2026, 01:23 pm--Tata IVR--8082428087Call-NewTo be collectedMissed Call---794679​

Call log:
Locator.expect with timeout 5000ms
waiting for locator("tbody")
  locator resolved to <tbody class="MuiTableBody-root css-1xnox0e">…</tbody>
  unexpected value "29439621 Jan 2026, 05:26 pmTesting City-Tata IVR--9345999487Call-NewTo be collectedMissed Call---628630​29439221 Jan 2026, 05:02 pmveera inovatrik-Tata IVR--9087003803Call-NewTo be collectedMissed Call---824799​29432521 Jan 2026, 01:23 pmTest-Tata IVR--9489794586Call-NewTo be collectedMissed Call---508124​29439421 Jan 2026, 05:08 pm--Tata IVR--9167609327Call-NewTo be collectedMissed Call---355543​29438521 Jan 2026, 04:51 pmsds-Tata IVR--6369021072Call-NewTo be collectedMissed Call---250559​29439321 Jan 2026, 05:04 pm--Tata IVR--7012782878Call-NewTo be collectedMissed Call---147527​29431921 Jan 2026, 01:07 pm--Tata IVR--6384075107Call-NewTo be collectedMissed Call---489191​29437621 Jan 2026, 04:15 pmUmme Asma-Tata IVR--8660912744Call-NewTo be collectedMissed Call---261027​29438121 Jan 2026, 04:31 pm--Tata IVR--8766326693Call-NewTo be collectedMissed Call---330314​29435221 Jan 2026, 02:47 pm--Tata IVR--9739623231Call-NewTo be collectedMissed Call---923747​29438021 Jan 2026, 04:27 pmTesting-Tata IVR--7502508191Call-NewTo be collectedMissed Call---877946​29437921 Jan 2026, 04:27 pm--Tata IVR--6374873219Call-NewTo be collectedMissed Call---358872​29437821 Jan 2026, 04:26 pmTesting-Tata IVR--9360620662Call-NewTo be collectedMissed Call---407858​29437521 Jan 2026, 04:11 pm--Tata IVR--9075031905Call-NewTo be collectedMissed Call---796060​29437421 Jan 2026, 03:55 pm--Tata IVR--8106999651Call-NewTo be collectedMissed Call---714246​29435121 Jan 2026, 02:42 pm--Tata IVR--7985995043Call-NewTo be collectedMissed Call---834332​29436021 Jan 2026, 03:26 pm--Tata IVR--9860080600Call-NewTo be collectedMissed Call---160864​29436121 Jan 2026, 03:27 pm--Tata IVR--7718978661Call-NewTo be collectedMissed Call---798001​29435621 Jan 2026, 03:08 pm--Tata IVR--9858120674Call-NewTo be collectedMissed Call---521790​29435821 Jan 2026, 03:13 pm--Tata IVR--9930724909Call-NewTo be collectedMissed Call---442445​29435921 Jan 2026, 03:13 pm--Tata IVR--7620160436Call-NewTo be collectedMissed Call---185471​29435721 Jan 2026, 03:09 pmRathi C-Tata IVR--9940832670Call-NewTo be collectedMissed Call---471017​29435421 Jan 2026, 02:57 pmRosalin Jamadar -Tata IVR--9439960774Call-NewTo be collectedMissed Call---294968​29434721 Jan 2026, 02:17 pm--Tata IVR--7975474546Call-NewTo be collectedMissed Call---983468​29434521 Jan 2026, 02:09 pm--Tata IVR--7400276466Call-NewTo be collectedMissed Call---704156​29434421 Jan 2026, 02:05 pm--Tata IVR--8217691929Call-NewTo be collectedMissed Call---819801​29434321 Jan 2026, 02:04 pm--Tata IVR--9221232352Call-NewTo be collectedMissed Call---991233​29434221 Jan 2026, 02:00 pm--Tata IVR--9008684992Call-NewTo be collectedMissed Call---288304​29434021 Jan 2026, 01:45 pm--Tata IVR--9970584034Call-NewTo be collectedMissed Call---885116​29432621 Jan 2026, 01:23 pm--Tata IVR--8082428087Call-NewTo be collectedMissed Call---794679​"
  locator resolved to <tbody class="MuiTableBody-root css-1xnox0e">…</tbody>
  unexpected value "29439621 Jan 2026, 05:26 pmTesting City-Tata IVR--9345999487Call-NewTo be collectedMissed Call---628630​29439221 Jan 2026, 05:02 pmveera inovatrik-Tata IVR--9087003803Call-NewTo be collectedMissed Call---824799​29432521 Jan 2026, 01:23 pmTest-Tata IVR--9489794586Call-NewTo be collectedMissed Call---508124​29439421 Jan 2026, 05:08 pm--Tata IVR--9167609327Call-NewTo be collectedMissed Call---355543​29438521 Jan 2026, 04:51 pmsds-Tata IVR--6369021072Call-NewTo be collectedMissed Call---250559​29439321 Jan 2026, 05:04 pm--Tata IVR--7012782878Call-NewTo be collectedMissed Call---147527​29431921 Jan 2026, 01:07 pm--Tata IVR--6384075107Call-NewTo be collectedMissed Call---489191​29437621 Jan 2026, 04:15 pmUmme Asma-Tata IVR--8660912744Call-NewTo be collectedMissed Call---261027​29438121 Jan 2026, 04:31 pm--Tata IVR--8766326693Call-NewTo be collectedMissed Call---330314​29435221 Jan 2026, 02:47 pm--Tata IVR--9739623231Call-NewTo be collectedMissed Call---923747​29438021 Jan 2026, 04:27 pmTesting-Tata IVR--7502508191Call-NewTo be collectedMissed Call---877946​29437921 Jan 2026, 04:27 pm--Tata IVR--6374873219Call-NewTo be collectedMissed Call---358872​29437821 Jan 2026, 04:26 pmTesting-Tata IVR--9360620662Call-NewTo be collectedMissed Call---407858​29437521 Jan 2026, 04:11 pm--Tata IVR--9075031905Call-NewTo be collectedMissed Call---796060​29437421 Jan 2026, 03:55 pm--Tata IVR--8106999651Call-NewTo be collectedMissed Call---714246​29435121 Jan 2026, 02:42 pm--Tata IVR--7985995043Call-NewTo be collectedMissed Call---834332​29436021 Jan 2026, 03:26 pm--Tata IVR--9860080600Call-NewTo be collectedMissed Call---160864​29436121 Jan 2026, 03:27 pm--Tata IVR--7718978661Call-NewTo be collectedMissed Call---798001​29435621 Jan 2026, 03:08 pm--Tata IVR--9858120674Call-NewTo be collectedMissed Call---521790​29435821 Jan 2026, 03:13 pm--Tata IVR--9930724909Call-NewTo be collectedMissed Call---442445​29435921 Jan 2026, 03:13 pm--Tata IVR--7620160436Call-NewTo be collectedMissed Call---185471​29435721 Jan 2026, 03:09 pmRathi C-Tata IVR--9940832670Call-NewTo be collectedMissed Call---471017​29435421 Jan 2026, 02:57 pmRosalin Jamadar -Tata IVR--9439960774Call-NewTo be collectedMissed Call---294968​29434721 Jan 2026, 02:17 pm--Tata IVR--7975474546Call-NewTo be collectedMissed Call---983468​29434521 Jan 2026, 02:09 pm--Tata IVR--7400276466Call-NewTo be collectedMissed Call---704156​29434421 Jan 2026, 02:05 pm--Tata IVR--8217691929Call-NewTo be collectedMissed Call---819801​29434321 Jan 2026, 02:04 pm--Tata IVR--9221232352Call-NewTo be collectedMissed Call---991233​29434221 Jan 2026, 02:00 pm--Tata IVR--9008684992Call-NewTo be collectedMissed Call---288304​29434021 Jan 2026, 01:45 pm--Tata IVR--9970584034Call-NewTo be collectedMissed Call---885116​29432621 Jan 2026, 01:23 pm--Tata IVR--8082428087Call-NewTo be collectedMissed Call---794679​"
  locator resolved to <tbody class="MuiTableBody-root css-1xnox0e">…</tbody>
  unexpected value "29439621 Jan 2026, 05:26 pmTesting City-Tata IVR--9345999487Call-NewTo be collectedMissed Call---628630​29439221 Jan 2026, 05:02 pmveera inovatrik-Tata IVR--9087003803Call-NewTo be collectedMissed Call---824799​29432521 Jan 2026, 01:23 pmTest-Tata IVR--9489794586Call-NewTo be collectedMissed Call---508124​29439421 Jan 2026, 05:08 pm--Tata IVR--9167609327Call-NewTo be collectedMissed Call---355543​29438521 Jan 2026, 04:51 pmsds-Tata IVR--6369021072Call-NewTo be collectedMissed Call---250559​29439321 Jan 2026, 05:04 pm--Tata IVR--7012782878Call-NewTo be collectedMissed Call---147527​29431921 Jan 2026, 01:07 pm--Tata IVR--6384075107Call-NewTo be collectedMissed Call---489191​29437621 Jan 2026, 04:15 pmUmme Asma-Tata IVR--8660912744Call-NewTo be collectedMissed Call---261027​29438121 Jan 2026, 04:31 pm--Tata IVR--8766326693Call-NewTo be collectedMissed Call---330314​29435221 Jan 2026, 02:47 pm--Tata IVR--9739623231Call-NewTo be collectedMissed Call---923747​29438021 Jan 2026, 04:27 pmTesting-Tata IVR--7502508191Call-NewTo be collectedMissed Call---877946​29437921 Jan 2026, 04:27 pm--Tata IVR--6374873219Call-NewTo be collectedMissed Call---358872​29437821 Jan 2026, 04:26 pmTesting-Tata IVR--9360620662Call-NewTo be collectedMissed Call---407858​29437521 Jan 2026, 04:11 pm--Tata IVR--9075031905Call-NewTo be collectedMissed Call---796060​29437421 Jan 2026, 03:55 pm--Tata IVR--8106999651Call-NewTo be collectedMissed Call---714246​29435121 Jan 2026, 02:42 pm--Tata IVR--7985995043Call-NewTo be collectedMissed Call---834332​29436021 Jan 2026, 03:26 pm--Tata IVR--9860080600Call-NewTo be collectedMissed Call---160864​29436121 Jan 2026, 03:27 pm--Tata IVR--7718978661Call-NewTo be collectedMissed Call---798001​29435621 Jan 2026, 03:08 pm--Tata IVR--9858120674Call-NewTo be collectedMissed Call---521790​29435821 Jan 2026, 03:13 pm--Tata IVR--9930724909Call-NewTo be collectedMissed Call---442445​29435921 Jan 2026, 03:13 pm--Tata IVR--7620160436Call-NewTo be collectedMissed Call---185471​29435721 Jan 2026, 03:09 pmRathi C-Tata IVR--9940832670Call-NewTo be collectedMissed Call---471017​29435421 Jan 2026, 02:57 pmRosalin Jamadar -Tata IVR--9439960774Call-NewTo be collectedMissed Call---294968​29434721 Jan 2026, 02:17 pm--Tata IVR--7975474546Call-NewTo be collectedMissed Call---983468​29434521 Jan 2026, 02:09 pm--Tata IVR--7400276466Call-NewTo be collectedMissed Call---704156​29434421 Jan 2026, 02:05 pm--Tata IVR--8217691929Call-NewTo be collectedMissed Call---819801​29434321 Jan 2026, 02:04 pm--Tata IVR--9221232352Call-NewTo be collectedMissed Call---991233​29434221 Jan 2026, 02:00 pm--Tata IVR--9008684992Call-NewTo be collectedMissed Call---288304​29434021 Jan 2026, 01:45 pm--Tata IVR--9970584034Call-NewTo be collectedMissed Call---885116​29432621 Jan 2026, 01:23 pm--Tata IVR--8082428087Call-NewTo be collectedMissed Call---794679​"
  locator resolved to <tbody class="MuiTableBody-root css-1xnox0e">…</tbody>
  unexpected value "29439621 Jan 2026, 05:26 pmTesting City-Tata IVR--9345999487Call-NewTo be collectedMissed Call---628630​29439221 Jan 2026, 05:02 pmveera inovatrik-Tata IVR--9087003803Call-NewTo be collectedMissed Call---824799​29432521 Jan 2026, 01:23 pmTest-Tata IVR--9489794586Call-NewTo be collectedMissed Call---508124​29439421 Jan 2026, 05:08 pm--Tata IVR--9167609327Call-NewTo be collectedMissed Call---355543​29438521 Jan 2026, 04:51 pmsds-Tata IVR--6369021072Call-NewTo be collectedMissed Call---250559​29439321 Jan 2026, 05:04 pm--Tata IVR--7012782878Call-NewTo be collectedMissed Call---147527​29431921 Jan 2026, 01:07 pm--Tata IVR--6384075107Call-NewTo be collectedMissed Call---489191​29437621 Jan 2026, 04:15 pmUmme Asma-Tata IVR--8660912744Call-NewTo be collectedMissed Call---261027​29438121 Jan 2026, 04:31 pm--Tata IVR--8766326693Call-NewTo be collectedMissed Call---330314​29435221 Jan 2026, 02:47 pm--Tata IVR--9739623231Call-NewTo be collectedMissed Call---923747​29438021 Jan 2026, 04:27 pmTesting-Tata IVR--7502508191Call-NewTo be collectedMissed Call---877946​29437921 Jan 2026, 04:27 pm--Tata IVR--6374873219Call-NewTo be collectedMissed Call---358872​29437821 Jan 2026, 04:26 pmTesting-Tata IVR--9360620662Call-NewTo be collectedMissed Call---407858​29437521 Jan 2026, 04:11 pm--Tata IVR--9075031905Call-NewTo be collectedMissed Call---796060​29437421 Jan 2026, 03:55 pm--Tata IVR--8106999651Call-NewTo be collectedMissed Call---714246​29435121 Jan 2026, 02:42 pm--Tata IVR--7985995043Call-NewTo be collectedMissed Call---834332​29436021 Jan 2026, 03:26 pm--Tata IVR--9860080600Call-NewTo be collectedMissed Call---160864​29436121 Jan 2026, 03:27 pm--Tata IVR--7718978661Call-NewTo be collectedMissed Call---798001​29435621 Jan 2026, 03:08 pm--Tata IVR--9858120674Call-NewTo be collectedMissed Call---521790​29435821 Jan 2026, 03:13 pm--Tata IVR--9930724909Call-NewTo be collectedMissed Call---442445​29435921 Jan 2026, 03:13 pm--Tata IVR--7620160436Call-NewTo be collectedMissed Call---185471​29435721 Jan 2026, 03:09 pmRathi C-Tata IVR--9940832670Call-NewTo be collectedMissed Call---471017​29435421 Jan 2026, 02:57 pmRosalin Jamadar -Tata IVR--9439960774Call-NewTo be collectedMissed Call---294968​29434721 Jan 2026, 02:17 pm--Tata IVR--7975474546Call-NewTo be collectedMissed Call---983468​29434521 Jan 2026, 02:09 pm--Tata IVR--7400276466Call-NewTo be collectedMissed Call---704156​29434421 Jan 2026, 02:05 pm--Tata IVR--8217691929Call-NewTo be collectedMissed Call---819801​29434321 Jan 2026, 02:04 pm--Tata IVR--9221232352Call-NewTo be collectedMissed Call---991233​29434221 Jan 2026, 02:00 pm--Tata IVR--9008684992Call-NewTo be collectedMissed Call---288304​29434021 Jan 2026, 01:45 pm--Tata IVR--9970584034Call-NewTo be collectedMissed Call---885116​29432621 Jan 2026, 01:23 pm--Tata IVR--8082428087Call-NewTo be collectedMissed Call---794679​"
  locator resolved to <tbody class="MuiTableBody-root css-1xnox0e">…</tbody>
  unexpected value "29439621 Jan 2026, 05:26 pmTesting City-Tata IVR--9345999487Call-NewTo be collectedMissed Call---628630​29439221 Jan 2026, 05:02 pmveera inovatrik-Tata IVR--9087003803Call-NewTo be collectedMissed Call---824799​29432521 Jan 2026, 01:23 pmTest-Tata IVR--9489794586Call-NewTo be collectedMissed Call---508124​29439421 Jan 2026, 05:08 pm--Tata IVR--9167609327Call-NewTo be collectedMissed Call---355543​29438521 Jan 2026, 04:51 pmsds-Tata IVR--6369021072Call-NewTo be collectedMissed Call---250559​29439321 Jan 2026, 05:04 pm--Tata IVR--7012782878Call-NewTo be collectedMissed Call---147527​29431921 Jan 2026, 01:07 pm--Tata IVR--6384075107Call-NewTo be collectedMissed Call---489191​29437621 Jan 2026, 04:15 pmUmme Asma-Tata IVR--8660912744Call-NewTo be collectedMissed Call---261027​29438121 Jan 2026, 04:31 pm--Tata IVR--8766326693Call-NewTo be collectedMissed Call---330314​29435221 Jan 2026, 02:47 pm--Tata IVR--9739623231Call-NewTo be collectedMissed Call---923747​29438021 Jan 2026, 04:27 pmTesting-Tata IVR--7502508191Call-NewTo be collectedMissed Call---877946​29437921 Jan 2026, 04:27 pm--Tata IVR--6374873219Call-NewTo be collectedMissed Call---358872​29437821 Jan 2026, 04:26 pmTesting-Tata IVR--9360620662Call-NewTo be collectedMissed Call---407858​29437521 Jan 2026, 04:11 pm--Tata IVR--9075031905Call-NewTo be collectedMissed Call---796060​29437421 Jan 2026, 03:55 pm--Tata IVR--8106999651Call-NewTo be collectedMissed Call---714246​29435121 Jan 2026, 02:42 pm--Tata IVR--7985995043Call-NewTo be collectedMissed Call---834332​29436021 Jan 2026, 03:26 pm--Tata IVR--9860080600Call-NewTo be collectedMissed Call---160864​29436121 Jan 2026, 03:27 pm--Tata IVR--7718978661Call-NewTo be collectedMissed Call---798001​29435621 Jan 2026, 03:08 pm--Tata IVR--9858120674Call-NewTo be collectedMissed Call---521790​29435821 Jan 2026, 03:13 pm--Tata IVR--9930724909Call-NewTo be collectedMissed Call---442445​29435921 Jan 2026, 03:13 pm--Tata IVR--7620160436Call-NewTo be collectedMissed Call---185471​29435721 Jan 2026, 03:09 pmRathi C-Tata IVR--9940832670Call-NewTo be collectedMissed Call---471017​29435421 Jan 2026, 02:57 pmRosalin Jamadar -Tata IVR--9439960774Call-NewTo be collectedMissed Call---294968​29434721 Jan 2026, 02:17 pm--Tata IVR--7975474546Call-NewTo be collectedMissed Call---983468​29434521 Jan 2026, 02:09 pm--Tata IVR--7400276466Call-NewTo be collectedMissed Call---704156​29434421 Jan 2026, 02:05 pm--Tata IVR--8217691929Call-NewTo be collectedMissed Call---819801​29434321 Jan 2026, 02:04 pm--Tata IVR--9221232352Call-NewTo be collectedMissed Call---991233​29434221 Jan 2026, 02:00 pm--Tata IVR--9008684992Call-NewTo be collectedMissed Call---288304​29434021 Jan 2026, 01:45 pm--Tata IVR--9970584034Call-NewTo be collectedMissed Call---885116​29432621 Jan 2026, 01:23 pm--Tata IVR--8082428087Call-NewTo be collectedMissed Call---794679​"
  locator resolved to <tbody class="MuiTableBody-root css-1xnox0e">…</tbody>
  unexpected value "29439621 Jan 2026, 05:26 pmTesting City-Tata IVR--9345999487Call-NewTo be collectedMissed Call---628630​29439221 Jan 2026, 05:02 pmveera inovatrik-Tata IVR--9087003803Call-NewTo be collectedMissed Call---824799​29432521 Jan 2026, 01:23 pmTest-Tata IVR--9489794586Call-NewTo be collectedMissed Call---508124​29439421 Jan 2026, 05:08 pm--Tata IVR--9167609327Call-NewTo be collectedMissed Call---355543​29438521 Jan 2026, 04:51 pmsds-Tata IVR--6369021072Call-NewTo be collectedMissed Call---250559​29439321 Jan 2026, 05:04 pm--Tata IVR--7012782878Call-NewTo be collectedMissed Call---147527​29431921 Jan 2026, 01:07 pm--Tata IVR--6384075107Call-NewTo be collectedMissed Call---489191​29437621 Jan 2026, 04:15 pmUmme Asma-Tata IVR--8660912744Call-NewTo be collectedMissed Call---261027​29438121 Jan 2026, 04:31 pm--Tata IVR--8766326693Call-NewTo be collectedMissed Call---330314​29435221 Jan 2026, 02:47 pm--Tata IVR--9739623231Call-NewTo be collectedMissed Call---923747​29438021 Jan 2026, 04:27 pmTesting-Tata IVR--7502508191Call-NewTo be collectedMissed Call---877946​29437921 Jan 2026, 04:27 pm--Tata IVR--6374873219Call-NewTo be collectedMissed Call---358872​29437821 Jan 2026, 04:26 pmTesting-Tata IVR--9360620662Call-NewTo be collectedMissed Call---407858​29437521 Jan 2026, 04:11 pm--Tata IVR--9075031905Call-NewTo be collectedMissed Call---796060​29437421 Jan 2026, 03:55 pm--Tata IVR--8106999651Call-NewTo be collectedMissed Call---714246​29435121 Jan 2026, 02:42 pm--Tata IVR--7985995043Call-NewTo be collectedMissed Call---834332​29436021 Jan 2026, 03:26 pm--Tata IVR--9860080600Call-NewTo be collectedMissed Call---160864​29436121 Jan 2026, 03:27 pm--Tata IVR--7718978661Call-NewTo be collectedMissed Call---798001​29435621 Jan 2026, 03:08 pm--Tata IVR--9858120674Call-NewTo be collectedMissed Call---521790​29435821 Jan 2026, 03:13 pm--Tata IVR--9930724909Call-NewTo be collectedMissed Call---442445​29435921 Jan 2026, 03:13 pm--Tata IVR--7620160436Call-NewTo be collectedMissed Call---185471​29435721 Jan 2026, 03:09 pmRathi C-Tata IVR--9940832670Call-NewTo be collectedMissed Call---471017​29435421 Jan 2026, 02:57 pmRosalin Jamadar -Tata IVR--9439960774Call-NewTo be collectedMissed Call---294968​29434721 Jan 2026, 02:17 pm--Tata IVR--7975474546Call-NewTo be collectedMissed Call---983468​29434521 Jan 2026, 02:09 pm--Tata IVR--7400276466Call-NewTo be collectedMissed Call---704156​29434421 Jan 2026, 02:05 pm--Tata IVR--8217691929Call-NewTo be collectedMissed Call---819801​29434321 Jan 2026, 02:04 pm--Tata IVR--9221232352Call-NewTo be collectedMissed Call---991233​29434221 Jan 2026, 02:00 pm--Tata IVR--9008684992Call-NewTo be collectedMissed Call---288304​29434021 Jan 2026, 01:45 pm--Tata IVR--9970584034Call-NewTo be collectedMissed Call---885116​29432621 Jan 2026, 01:23 pm--Tata IVR--8082428087Call-NewTo be collectedMissed Call---794679​"
  locator resolved to <tbody class="MuiTableBody-root css-1xnox0e">…</tbody>
  unexpected value "29439621 Jan 2026, 05:26 pmTesting City-Tata IVR--9345999487Call-NewTo be collectedMissed Call---628630​29439221 Jan 2026, 05:02 pmveera inovatrik-Tata IVR--9087003803Call-NewTo be collectedMissed Call---824799​29432521 Jan 2026, 01:23 pmTest-Tata IVR--9489794586Call-NewTo be collectedMissed Call---508124​29439421 Jan 2026, 05:08 pm--Tata IVR--9167609327Call-NewTo be collectedMissed Call---355543​29438521 Jan 2026, 04:51 pmsds-Tata IVR--6369021072Call-NewTo be collectedMissed Call---250559​29439321 Jan 2026, 05:04 pm--Tata IVR--7012782878Call-NewTo be collectedMissed Call---147527​29431921 Jan 2026, 01:07 pm--Tata IVR--6384075107Call-NewTo be collectedMissed Call---489191​29437621 Jan 2026, 04:15 pmUmme Asma-Tata IVR--8660912744Call-NewTo be collectedMissed Call---261027​29438121 Jan 2026, 04:31 pm--Tata IVR--8766326693Call-NewTo be collectedMissed Call---330314​29435221 Jan 2026, 02:47 pm--Tata IVR--9739623231Call-NewTo be collectedMissed Call---923747​29438021 Jan 2026, 04:27 pmTesting-Tata IVR--7502508191Call-NewTo be collectedMissed Call---877946​29437921 Jan 2026, 04:27 pm--Tata IVR--6374873219Call-NewTo be collectedMissed Call---358872​29437821 Jan 2026, 04:26 pmTesting-Tata IVR--9360620662Call-NewTo be collectedMissed Call---407858​29437521 Jan 2026, 04:11 pm--Tata IVR--9075031905Call-NewTo be collectedMissed Call---796060​29437421 Jan 2026, 03:55 pm--Tata IVR--8106999651Call-NewTo be collectedMissed Call---714246​29435121 Jan 2026, 02:42 pm--Tata IVR--7985995043Call-NewTo be collectedMissed Call---834332​29436021 Jan 2026, 03:26 pm--Tata IVR--9860080600Call-NewTo be collectedMissed Call---160864​29436121 Jan 2026, 03:27 pm--Tata IVR--7718978661Call-NewTo be collectedMissed Call---798001​29435621 Jan 2026, 03:08 pm--Tata IVR--9858120674Call-NewTo be collectedMissed Call---521790​29435821 Jan 2026, 03:13 pm--Tata IVR--9930724909Call-NewTo be collectedMissed Call---442445​29435921 Jan 2026, 03:13 pm--Tata IVR--7620160436Call-NewTo be collectedMissed Call---185471​29435721 Jan 2026, 03:09 pmRathi C-Tata IVR--9940832670Call-NewTo be collectedMissed Call---471017​29435421 Jan 2026, 02:57 pmRosalin Jamadar -Tata IVR--9439960774Call-NewTo be collectedMissed Call---294968​29434721 Jan 2026, 02:17 pm--Tata IVR--7975474546Call-NewTo be collectedMissed Call---983468​29434521 Jan 2026, 02:09 pm--Tata IVR--7400276466Call-NewTo be collectedMissed Call---704156​29434421 Jan 2026, 02:05 pm--Tata IVR--8217691929Call-NewTo be collectedMissed Call---819801​29434321 Jan 2026, 02:04 pm--Tata IVR--9221232352Call-NewTo be collectedMissed Call---991233​29434221 Jan 2026, 02:00 pm--Tata IVR--9008684992Call-NewTo be collectedMissed Call---288304​29434021 Jan 2026, 01:45 pm--Tata IVR--9970584034Call-NewTo be collectedMissed Call---885116​29432621 Jan 2026, 01:23 pm--Tata IVR--8082428087Call-NewTo be collectedMissed Call---794679​"
  locator resolved to <tbody class="MuiTableBody-root css-1xnox0e">…</tbody>
  unexpected value "29439621 Jan 2026, 05:26 pmTesting City-Tata IVR--9345999487Call-NewTo be collectedMissed Call---628630​29439221 Jan 2026, 05:02 pmveera inovatrik-Tata IVR--9087003803Call-NewTo be collectedMissed Call---824799​29432521 Jan 2026, 01:23 pmTest-Tata IVR--9489794586Call-NewTo be collectedMissed Call---508124​29439421 Jan 2026, 05:08 pm--Tata IVR--9167609327Call-NewTo be collectedMissed Call---355543​29438521 Jan 2026, 04:51 pmsds-Tata IVR--6369021072Call-NewTo be collectedMissed Call---250559​29439321 Jan 2026, 05:04 pm--Tata IVR--7012782878Call-NewTo be collectedMissed Call---147527​29431921 Jan 2026, 01:07 pm--Tata IVR--6384075107Call-NewTo be collectedMissed Call---489191​29437621 Jan 2026, 04:15 pmUmme Asma-Tata IVR--8660912744Call-NewTo be collectedMissed Call---261027​29438121 Jan 2026, 04:31 pm--Tata IVR--8766326693Call-NewTo be collectedMissed Call---330314​29435221 Jan 2026, 02:47 pm--Tata IVR--9739623231Call-NewTo be collectedMissed Call---923747​29438021 Jan 2026, 04:27 pmTesting-Tata IVR--7502508191Call-NewTo be collectedMissed Call---877946​29437921 Jan 2026, 04:27 pm--Tata IVR--6374873219Call-NewTo be collectedMissed Call---358872​29437821 Jan 2026, 04:26 pmTesting-Tata IVR--9360620662Call-NewTo be collectedMissed Call---407858​29437521 Jan 2026, 04:11 pm--Tata IVR--9075031905Call-NewTo be collectedMissed Call---796060​29437421 Jan 2026, 03:55 pm--Tata IVR--8106999651Call-NewTo be collectedMissed Call---714246​29435121 Jan 2026, 02:42 pm--Tata IVR--7985995043Call-NewTo be collectedMissed Call---834332​29436021 Jan 2026, 03:26 pm--Tata IVR--9860080600Call-NewTo be collectedMissed Call---160864​29436121 Jan 2026, 03:27 pm--Tata IVR--7718978661Call-NewTo be collectedMissed Call---798001​29435621 Jan 2026, 03:08 pm--Tata IVR--9858120674Call-NewTo be collectedMissed Call---521790​29435821 Jan 2026, 03:13 pm--Tata IVR--9930724909Call-NewTo be collectedMissed Call---442445​29435921 Jan 2026, 03:13 pm--Tata IVR--7620160436Call-NewTo be collectedMissed Call---185471​29435721 Jan 2026, 03:09 pmRathi C-Tata IVR--9940832670Call-NewTo be collectedMissed Call---471017​29435421 Jan 2026, 02:57 pmRosalin Jamadar -Tata IVR--9439960774Call-NewTo be collectedMissed Call---294968​29434721 Jan 2026, 02:17 pm--Tata IVR--7975474546Call-NewTo be collectedMissed Call---983468​29434521 Jan 2026, 02:09 pm--Tata IVR--7400276466Call-NewTo be collectedMissed Call---704156​29434421 Jan 2026, 02:05 pm--Tata IVR--8217691929Call-NewTo be collectedMissed Call---819801​29434321 Jan 2026, 02:04 pm--Tata IVR--9221232352Call-NewTo be collectedMissed Call---991233​29434221 Jan 2026, 02:00 pm--Tata IVR--9008684992Call-NewTo be collectedMissed Call---288304​29434021 Jan 2026, 01:45 pm--Tata IVR--9970584034Call-NewTo be collectedMissed Call---885116​29432621 Jan 2026, 01:23 pm--Tata IVR--8082428087Call-NewTo be collectedMissed Call---794679​"
  locator resolved to <tbody class="MuiTableBody-root css-1xnox0e">…</tbody>
  unexpected value "29439621 Jan 2026, 05:26 pmTesting City-Tata IVR--9345999487Call-NewTo be collectedMissed Call---628630​29439221 Jan 2026, 05:02 pmveera inovatrik-Tata IVR--9087003803Call-NewTo be collectedMissed Call---824799​29432521 Jan 2026, 01:23 pmTest-Tata IVR--9489794586Call-NewTo be collectedMissed Call---508124​29439421 Jan 2026, 05:08 pm--Tata IVR--9167609327Call-NewTo be collectedMissed Call---355543​29438521 Jan 2026, 04:51 pmsds-Tata IVR--6369021072Call-NewTo be collectedMissed Call---250559​29439321 Jan 2026, 05:04 pm--Tata IVR--7012782878Call-NewTo be collectedMissed Call---147527​29431921 Jan 2026, 01:07 pm--Tata IVR--6384075107Call-NewTo be collectedMissed Call---489191​29437621 Jan 2026, 04:15 pmUmme Asma-Tata IVR--8660912744Call-NewTo be collectedMissed Call---261027​29438121 Jan 2026, 04:31 pm--Tata IVR--8766326693Call-NewTo be collectedMissed Call---330314​29435221 Jan 2026, 02:47 pm--Tata IVR--9739623231Call-NewTo be collectedMissed Call---923747​29438021 Jan 2026, 04:27 pmTesting-Tata IVR--7502508191Call-NewTo be collectedMissed Call---877946​29437921 Jan 2026, 04:27 pm--Tata IVR--6374873219Call-NewTo be collectedMissed Call---358872​29437821 Jan 2026, 04:26 pmTesting-Tata IVR--9360620662Call-NewTo be collectedMissed Call---407858​29437521 Jan 2026, 04:11 pm--Tata IVR--9075031905Call-NewTo be collectedMissed Call---796060​29437421 Jan 2026, 03:55 pm--Tata IVR--8106999651Call-NewTo be collectedMissed Call---714246​29435121 Jan 2026, 02:42 pm--Tata IVR--7985995043Call-NewTo be collectedMissed Call---834332​29436021 Jan 2026, 03:26 pm--Tata IVR--9860080600Call-NewTo be collectedMissed Call---160864​29436121 Jan 2026, 03:27 pm--Tata IVR--7718978661Call-NewTo be collectedMissed Call---798001​29435621 Jan 2026, 03:08 pm--Tata IVR--9858120674Call-NewTo be collectedMissed Call---521790​29435821 Jan 2026, 03:13 pm--Tata IVR--9930724909Call-NewTo be collectedMissed Call---442445​29435921 Jan 2026, 03:13 pm--Tata IVR--7620160436Call-NewTo be collectedMissed Call---185471​29435721 Jan 2026, 03:09 pmRathi C-Tata IVR--9940832670Call-NewTo be collectedMissed Call---471017​29435421 Jan 2026, 02:57 pmRosalin Jamadar -Tata IVR--9439960774Call-NewTo be collectedMissed Call---294968​29434721 Jan 2026, 02:17 pm--Tata IVR--7975474546Call-NewTo be collectedMissed Call---983468​29434521 Jan 2026, 02:09 pm--Tata IVR--7400276466Call-NewTo be collectedMissed Call---704156​29434421 Jan 2026, 02:05 pm--Tata IVR--8217691929Call-NewTo be collectedMissed Call---819801​29434321 Jan 2026, 02:04 pm--Tata IVR--9221232352Call-NewTo be collectedMissed Call---991233​29434221 Jan 2026, 02:00 pm--Tata IVR--9008684992Call-NewTo be collectedMissed Call---288304​29434021 Jan 2026, 01:45 pm--Tata IVR--9970584034Call-NewTo be collectedMissed Call---885116​29432621 Jan 2026, 01:23 pm--Tata IVR--8082428087Call-NewTo be collectedMissed Call---794679​"
at com.microsoft.playwright.impl.AssertionsBase.expectImpl(AssertionsBase.java:74)
at com.microsoft.playwright.impl.AssertionsBase.expectImpl(AssertionsBase.java:51)
at com.microsoft.playwright.impl.AssertionsBase.expectImpl(AssertionsBase.java:42)
at com.microsoft.playwright.impl.LocatorAssertionsImpl.containsText(LocatorAssertionsImpl.java:47)
at com.microsoft.playwright.assertions.LocatorAssertions.containsText(LocatorAssertions.java:839)
at page.BMSPage.adminBookingIdVerification(BMSPage.java:196)
at page.BMSPage.MRIAbdomenBook(BMSPage.java:169)
at test.BMSTest.verifyMRIAbdomenBook(BMSTest.java:63)
at java.base/java.util.ArrayList.forEach(ArrayList.java:1511)
... Removed 27 stack frames]]>
    </failure>
  </testcase> <!-- verifyMRIAbdomenBook -->
  <testcase classname="test.BMSTest" name="verifyMRIBrainBook" time="16.645">
    <failure type="org.opentest4j.AssertionFailedError" message="Locator expected to contain text: 294402
Received: 29439621 Jan 2026, 05:26 pmTesting City-Tata IVR--9345999487Call-NewTo be collectedMissed Call---628630​29439221 Jan 2026, 05:02 pmveera inovatrik-Tata IVR--9087003803Call-NewTo be collectedMissed Call---824799​29432521 Jan 2026, 01:23 pmTest-Tata IVR--9489794586Call-NewTo be collectedMissed Call---508124​29439421 Jan 2026, 05:08 pm--Tata IVR--9167609327Call-NewTo be collectedMissed Call---355543​29438521 Jan 2026, 04:51 pmsds-Tata IVR--6369021072Call-NewTo be collectedMissed Call---250559​29439321 Jan 2026, 05:04 pm--Tata IVR--7012782878Call-NewTo be collectedMissed Call---147527​29431921 Jan 2026, 01:07 pm--Tata IVR--6384075107Call-NewTo be collectedMissed Call---489191​29437621 Jan 2026, 04:15 pmUmme Asma-Tata IVR--8660912744Call-NewTo be collectedMissed Call---261027​29438121 Jan 2026, 04:31 pm--Tata IVR--8766326693Call-NewTo be collectedMissed Call---330314​29435221 Jan 2026, 02:47 pm--Tata IVR--9739623231Call-NewTo be collectedMissed Call---923747​29438021 Jan 2026, 04:27 pmTesting-Tata IVR--7502508191Call-NewTo be collectedMissed Call---877946​29437921 Jan 2026, 04:27 pm--Tata IVR--6374873219Call-NewTo be collectedMissed Call---358872​29437821 Jan 2026, 04:26 pmTesting-Tata IVR--9360620662Call-NewTo be collectedMissed Call---407858​29437521 Jan 2026, 04:11 pm--Tata IVR--9075031905Call-NewTo be collectedMissed Call---796060​29437421 Jan 2026, 03:55 pm--Tata IVR--8106999651Call-NewTo be collectedMissed Call---714246​29435121 Jan 2026, 02:42 pm--Tata IVR--7985995043Call-NewTo be collectedMissed Call---834332​29436021 Jan 2026, 03:26 pm--Tata IVR--9860080600Call-NewTo be collectedMissed Call---160864​29436121 Jan 2026, 03:27 pm--Tata IVR--7718978661Call-NewTo be collectedMissed Call---798001​29435621 Jan 2026, 03:08 pm--Tata IVR--9858120674Call-NewTo be collectedMissed Call---521790​29435821 Jan 2026, 03:13 pm--Tata IVR--9930724909Call-NewTo be collectedMissed Call---442445​29435921 Jan 2026, 03:13 pm--Tata IVR--7620160436Call-NewTo be collectedMissed Call---185471​29435721 Jan 2026, 03:09 pmRathi C-Tata IVR--9940832670Call-NewTo be collectedMissed Call---471017​29435421 Jan 2026, 02:57 pmRosalin Jamadar -Tata IVR--9439960774Call-NewTo be collectedMissed Call---294968​29434721 Jan 2026, 02:17 pm--Tata IVR--7975474546Call-NewTo be collectedMissed Call---983468​29434521 Jan 2026, 02:09 pm--Tata IVR--7400276466Call-NewTo be collectedMissed Call---704156​29434421 Jan 2026, 02:05 pm--Tata IVR--8217691929Call-NewTo be collectedMissed Call---819801​29434321 Jan 2026, 02:04 pm--Tata IVR--9221232352Call-NewTo be collectedMissed Call---991233​29434221 Jan 2026, 02:00 pm--Tata IVR--9008684992Call-NewTo be collectedMissed Call---288304​29434021 Jan 2026, 01:45 pm--Tata IVR--9970584034Call-NewTo be collectedMissed Call---885116​29432621 Jan 2026, 01:23 pm--Tata IVR--8082428087Call-NewTo be collectedMissed 
[...]
  locator resolved to <tbody class="MuiTableBody-root css-1xnox0e">…</tbody>
  unexpected value "29439621 Jan 2026, 05:26 pmTesting City-Tata IVR--9345999487Call-NewTo be collectedMissed Call---628630​29439221 Jan 2026, 05:02 pmveera inovatrik-Tata IVR--9087003803Call-NewTo be collectedMissed Call---824799​29432521 Jan 2026, 01:23 pmTest-Tata IVR--9489794586Call-NewTo be collectedMissed Call---508124​29439421 Jan 2026, 05:08 pm--Tata IVR--9167609327Call-NewTo be collectedMissed Call---355543​29438521 Jan 2026, 04:51 pmsds-Tata IVR--6369021072Call-NewTo be collectedMissed Call---250559​29439321 Jan 2026, 05:04 pm--Tata IVR--7012782878Call-NewTo be collectedMissed Call---147527​29431921 Jan 2026, 01:07 pm--Tata IVR--6384075107Call-NewTo be collectedMissed Call---489191​29437621 Jan 2026, 04:15 pmUmme Asma-Tata IVR--8660912744Call-NewTo be collectedMissed Call---261027​29438121 Jan 2026, 04:31 pm--Tata IVR--8766326693Call-NewTo be collectedMissed Call---330314​29435221 Jan 2026, 02:47 pm--Tata IVR--9739623231Call-NewTo be collectedMissed Call---923747​29438021 Jan 2026, 04:27 pmTesting-Tata IVR--7502508191Call-NewTo be collectedMissed Call---877946​29437921 Jan 2026, 04:27 pm--Tata IVR--6374873219Call-NewTo be collectedMissed Call---358872​29437821 Jan 2026, 04:26 pmTesting-Tata IVR--9360620662Call-NewTo be collectedMissed Call---407858​29437521 Jan 2026, 04:11 pm--Tata IVR--9075031905Call-NewTo be collectedMissed Call---796060​29437421 Jan 2026, 03:55 pm--Tata IVR--8106999651Call-NewTo be collectedMissed Call---714246​29435121 Jan 2026, 02:42 pm--Tata IVR--7985995043Call-NewTo be collectedMissed Call---834332​29436021 Jan 2026, 03:26 pm--Tata IVR--9860080600Call-NewTo be collectedMissed Call---160864​29436121 Jan 2026, 03:27 pm--Tata IVR--7718978661Call-NewTo be collectedMissed Call---798001​29435621 Jan 2026, 03:08 pm--Tata IVR--9858120674Call-NewTo be collectedMissed Call---521790​29435821 Jan 2026, 03:13 pm--Tata IVR--9930724909Call-NewTo be collectedMissed Call---442445​29435921 Jan 2026, 03:13 pm--Tata IVR--7620160436Call-NewTo be collectedMissed Call---185471​29435721 Jan 2026, 03:09 pmRathi C-Tata IVR--9940832670Call-NewTo be collectedMissed Call---471017​29435421 Jan 2026, 02:57 pmRosalin Jamadar -Tata IVR--9439960774Call-NewTo be collectedMissed Call---294968​29434721 Jan 2026, 02:17 pm--Tata IVR--7975474546Call-NewTo be collectedMissed Call---983468​29434521 Jan 2026, 02:09 pm--Tata IVR--7400276466Call-NewTo be collectedMissed Call---704156​29434421 Jan 2026, 02:05 pm--Tata IVR--8217691929Call-NewTo be collectedMissed Call---819801​29434321 Jan 2026, 02:04 pm--Tata IVR--9221232352Call-NewTo be collectedMissed Call---991233​29434221 Jan 2026, 02:00 pm--Tata IVR--9008684992Call-NewTo be collectedMissed Call---288304​29434021 Jan 2026, 01:45 pm--Tata IVR--9970584034Call-NewTo be collectedMissed Call---885116​29432621 Jan 2026, 01:23 pm--Tata IVR--8082428087Call-NewTo be collectedMissed Call---794679​"
  locator resolved to <tbody class="MuiTableBody-root css-1xnox0e">…</tbody>
  unexpected value "29439621 Jan 2026, 05:26 pmTesting City-Tata IVR--9345999487Call-NewTo be collectedMissed Call---628630​29439221 Jan 2026, 05:02 pmveera inovatrik-Tata IVR--9087003803Call-NewTo be collectedMissed Call---824799​29432521 Jan 2026, 01:23 pmTest-Tata IVR--9489794586Call-NewTo be collectedMissed Call---508124​29439421 Jan 2026, 05:08 pm--Tata IVR--9167609327Call-NewTo be collectedMissed Call---355543​29438521 Jan 2026, 04:51 pmsds-Tata IVR--6369021072Call-NewTo be collectedMissed Call---250559​29439321 Jan 2026, 05:04 pm--Tata IVR--7012782878Call-NewTo be collectedMissed Call---147527​29431921 Jan 2026, 01:07 pm--Tata IVR--6384075107Call-NewTo be collectedMissed Call---489191​29437621 Jan 2026, 04:15 pmUmme Asma-Tata IVR--8660912744Call-NewTo be collectedMissed Call---261027​29438121 Jan 2026, 04:31 pm--Tata IVR--8766326693Call-NewTo be collectedMissed Call---330314​29435221 Jan 2026, 02:47 pm--Tata IVR--9739623231Call-NewTo be collectedMissed Call---923747​29438021 Jan 2026, 04:27 pmTesting-Tata IVR--7502508191Call-NewTo be collectedMissed Call---877946​29437921 Jan 2026, 04:27 pm--Tata IVR--6374873219Call-NewTo be collectedMissed Call---358872​29437821 Jan 2026, 04:26 pmTesting-Tata IVR--9360620662Call-NewTo be collectedMissed Call---407858​29437521 Jan 2026, 04:11 pm--Tata IVR--9075031905Call-NewTo be collectedMissed Call---796060​29437421 Jan 2026, 03:55 pm--Tata IVR--8106999651Call-NewTo be collectedMissed Call---714246​29435121 Jan 2026, 02:42 pm--Tata IVR--7985995043Call-NewTo be collectedMissed Call---834332​29436021 Jan 2026, 03:26 pm--Tata IVR--9860080600Call-NewTo be collectedMissed Call---160864​29436121 Jan 2026, 03:27 pm--Tata IVR--7718978661Call-NewTo be collectedMissed Call---798001​29435621 Jan 2026, 03:08 pm--Tata IVR--9858120674Call-NewTo be collectedMissed Call---521790​29435821 Jan 2026, 03:13 pm--Tata IVR--9930724909Call-NewTo be collectedMissed Call---442445​29435921 Jan 2026, 03:13 pm--Tata IVR--7620160436Call-NewTo be collectedMissed Call---185471​29435721 Jan 2026, 03:09 pmRathi C-Tata IVR--9940832670Call-NewTo be collectedMissed Call---471017​29435421 Jan 2026, 02:57 pmRosalin Jamadar -Tata IVR--9439960774Call-NewTo be collectedMissed Call---294968​29434721 Jan 2026, 02:17 pm--Tata IVR--7975474546Call-NewTo be collectedMissed Call---983468​29434521 Jan 2026, 02:09 pm--Tata IVR--7400276466Call-NewTo be collectedMissed Call---704156​29434421 Jan 2026, 02:05 pm--Tata IVR--8217691929Call-NewTo be collectedMissed Call---819801​29434321 Jan 2026, 02:04 pm--Tata IVR--9221232352Call-NewTo be collectedMissed Call---991233​29434221 Jan 2026, 02:00 pm--Tata IVR--9008684992Call-NewTo be collectedMissed Call---288304​29434021 Jan 2026, 01:45 pm--Tata IVR--9970584034Call-NewTo be collectedMissed Call---885116​29432621 Jan 2026, 01:23 pm--Tata IVR--8082428087Call-NewTo be collectedMissed Call---794679​"
  locator resolved to <tbody class="MuiTableBody-root css-1xnox0e">…</tbody>
  unexpected value "29439621 Jan 2026, 05:26 pmTesting City-Tata IVR--9345999487Call-NewTo be collectedMissed Call---628630​29439221 Jan 2026, 05:02 pmveera inovatrik-Tata IVR--9087003803Call-NewTo be collectedMissed Call---824799​29432521 Jan 2026, 01:23 pmTest-Tata IVR--9489794586Call-NewTo be collectedMissed Call---508124​29439421 Jan 2026, 05:08 pm--Tata IVR--9167609327Call-NewTo be collectedMissed Call---355543​29438521 Jan 2026, 04:51 pmsds-Tata IVR--6369021072Call-NewTo be collectedMissed Call---250559​29439321 Jan 2026, 05:04 pm--Tata IVR--7012782878Call-NewTo be collectedMissed Call---147527​29431921 Jan 2026, 01:07 pm--Tata IVR--6384075107Call-NewTo be collectedMissed Call---489191​29437621 Jan 2026, 04:15 pmUmme Asma-Tata IVR--8660912744Call-NewTo be collectedMissed Call---261027​29438121 Jan 2026, 04:31 pm--Tata IVR--8766326693Call-NewTo be collectedMissed Call---330314​29435221 Jan 2026, 02:47 pm--Tata IVR--9739623231Call-NewTo be collectedMissed Call---923747​29438021 Jan 2026, 04:27 pmTesting-Tata IVR--7502508191Call-NewTo be collectedMissed Call---877946​29437921 Jan 2026, 04:27 pm--Tata IVR--6374873219Call-NewTo be collectedMissed Call---358872​29437821 Jan 2026, 04:26 pmTesting-Tata IVR--9360620662Call-NewTo be collectedMissed Call---407858​29437521 Jan 2026, 04:11 pm--Tata IVR--9075031905Call-NewTo be collectedMissed Call---796060​29437421 Jan 2026, 03:55 pm--Tata IVR--8106999651Call-NewTo be collectedMissed Call---714246​29435121 Jan 2026, 02:42 pm--Tata IVR--7985995043Call-NewTo be collectedMissed Call---834332​29436021 Jan 2026, 03:26 pm--Tata IVR--9860080600Call-NewTo be collectedMissed Call---160864​29436121 Jan 2026, 03:27 pm--Tata IVR--7718978661Call-NewTo be collectedMissed Call---798001​29435621 Jan 2026, 03:08 pm--Tata IVR--9858120674Call-NewTo be collectedMissed Call---521790​29435821 Jan 2026, 03:13 pm--Tata IVR--9930724909Call-NewTo be collectedMissed Call---442445​29435921 Jan 2026, 03:13 pm--Tata IVR--7620160436Call-NewTo be collectedMissed Call---185471​29435721 Jan 2026, 03:09 pmRathi C-Tata IVR--9940832670Call-NewTo be collectedMissed Call---471017​29435421 Jan 2026, 02:57 pmRosalin Jamadar -Tata IVR--9439960774Call-NewTo be collectedMissed Call---294968​29434721 Jan 2026, 02:17 pm--Tata IVR--7975474546Call-NewTo be collectedMissed Call---983468​29434521 Jan 2026, 02:09 pm--Tata IVR--7400276466Call-NewTo be collectedMissed Call---704156​29434421 Jan 2026, 02:05 pm--Tata IVR--8217691929Call-NewTo be collectedMissed Call---819801​29434321 Jan 2026, 02:04 pm--Tata IVR--9221232352Call-NewTo be collectedMissed Call---991233​29434221 Jan 2026, 02:00 pm--Tata IVR--9008684992Call-NewTo be collectedMissed Call---288304​29434021 Jan 2026, 01:45 pm--Tata IVR--9970584034Call-NewTo be collectedMissed Call---885116​29432621 Jan 2026, 01:23 pm--Tata IVR--8082428087Call-NewTo be collectedMissed Call---794679​"
at com.microsoft.playwright.impl.AssertionsBase.expectImpl(AssertionsBase.java:74)
at com.microsoft.playwright.impl.AssertionsBase.expectImpl(AssertionsBase.java:51)
at com.microsoft.playwright.impl.AssertionsBase.expectImpl(AssertionsBase.java:42)
at com.microsoft.playwright.impl.LocatorAssertionsImpl.containsText(LocatorAssertionsImpl.java:47)
at com.microsoft.playwright.assertions.LocatorAssertions.containsText(LocatorAssertions.java:839)
at page.BMSPage.adminBookingIdVerification(BMSPage.java:196)
at page.BMSPage.PETCTBook(BMSPage.java:491)
at test.BMSTest.verifyPETCTBook(BMSTest.java:113)
at java.base/java.util.ArrayList.forEach(ArrayList.java:1511)
... Removed 27 stack frames]]>
    </failure>
  </testcase> <!-- verifyPETCTBook -->
  <testcase classname="test.BMSTest" name="verifyEditMobileLogin" time="3.033"/>
  <testcase classname="test.BMSTest" name="verifyResendOTP" time="0.324"/>
  <testcase classname="test.BMSTest" name="verifyInvalidOTP" time="2.532"/>
  <testcase classname="test.BMSTest" name="verifyMasterHealthCheckup" time="10.032"/>
  <testcase classname="test.BMSTest" name="verifyGoldMHCBook" time="9.432"/>
  <testcase classname="test.BMSTest" name="VerifplatinumMHCBook" time="8.868"/>
  <testcase classname="test.BMSTest" name="verifyXRAYBook" time="7.036"/>
  <testcase classname="test.BMSTest" name="verifyUSGBook" time="34.581">
    <failure type="com.microsoft.playwright.TimeoutError" message="Error {
  message=&amp;apos;Timeout 30000ms exceeded.
  name=&amp;apos;TimeoutError
  stack=&amp;apos;TimeoutError: Timeout 30000ms exceeded.
    at ProgressController.run (C:\Users\HAIPPY~1\AppData\Local\Temp\playwright-java-8541975594615293244\package\lib\server\progress.js:78:26)
    at Frame.click (C:\Users\HAIPPY~1\AppData\Local\Temp\playwright-java-8541975594615293244\package\lib\server\frames.js:1007:23)
    at FrameDispatcher.click (C:\Users\HAIPPY~1\AppData\Local\Temp\playwright-java-8541975594615293244\package\lib\server\dispatchers\frameDispatcher.js:157:30)
    at FrameDispatcher._handleCommand (C:\Users\HAIPPY~1\AppData\Local\Temp\playwright-java-8541975594615293244\package\lib\server\dispatchers\dispatcher.js:94:40)
    at DispatcherConnection.dispatch (C:\Users\HAIPPY~1\AppData\Local\Temp\playwright-java-8541975594615293244\package\lib\server\dispatchers\dispatcher.js:361:39)
}
Call log:
- waiting for locator(&amp;quot;body &amp;gt; div.MuiBox-root.css-16mjwcv &amp;gt; div.MuiBox-root.css-19p0syp&amp;quot;).first()
">
      <![CDATA[com.microsoft.playwright.TimeoutError: Error {
  message='Timeout 30000ms exceeded.
  name='TimeoutError
  stack='TimeoutError: Timeout 30000ms exceeded.
    at ProgressController.run (C:\Users\HAIPPY~1\AppData\Local\Temp\playwright-java-8541975594615293244\package\lib\server\progress.js:78:26)
    at Frame.click (C:\Users\HAIPPY~1\AppData\Local\Temp\playwright-java-8541975594615293244\package\lib\server\frames.js:1007:23)
    at FrameDispatcher.click (C:\Users\HAIPPY~1\AppData\Local\Temp\playwright-java-8541975594615293244\package\lib\server\dispatchers\frameDispatcher.js:157:30)
    at FrameDispatcher._handleCommand (C:\Users\HAIPPY~1\AppData\Local\Temp\playwright-java-8541975594615293244\package\lib\server\dispatchers\dispatcher.js:94:40)
    at DispatcherConnection.dispatch (C:\Users\HAIPPY~1\AppData\Local\Temp\playwright-java-8541975594615293244\package\lib\server\dispatchers\dispatcher.js:361:39)
}
Call log:
- waiting for locator("body > div.MuiBox-root.css-16mjwcv > div.MuiBox-root.css-19p0syp").first()

at com.microsoft.playwright.impl.WaitableResult.get(WaitableResult.java:52)
at com.microsoft.playwright.impl.ChannelOwner.runUntil(ChannelOwner.java:120)
at com.microsoft.playwright.impl.Connection.sendMessage(Connection.java:130)
at com.microsoft.playwright.impl.ChannelOwner.sendMessage(ChannelOwner.java:106)
at com.microsoft.playwright.impl.FrameImpl.clickImpl(FrameImpl.java:252)
at com.microsoft.playwright.impl.FrameImpl.lambda$click$8(FrameImpl.java:243)
at com.microsoft.playwright.impl.LoggingSupport.lambda$withLogging$0(LoggingSupport.java:36)
at com.microsoft.playwright.impl.LoggingSupport.withLogging(LoggingSupport.java:47)
at com.microsoft.playwright.impl.ChannelOwner.withLogging(ChannelOwner.java:89)
at com.microsoft.playwright.impl.LoggingSupport.withLogging(LoggingSupport.java:35)
at com.microsoft.playwright.impl.FrameImpl.click(FrameImpl.java:243)
at com.microsoft.playwright.impl.LocatorImpl.click(LocatorImpl.java:160)
at com.microsoft.playwright.Locator.click(Locator.java:2406)
at page.BMSPage.bookUSG(BMSPage.java:718)
at test.BMSTest.verifyUSGBook(BMSTest.java:155)
at java.base/java.util.ArrayList.forEach(ArrayList.java:1511)
Caused by: com.microsoft.playwright.TimeoutError: Error {
  message='Timeout 30000ms exceeded.
  name='TimeoutError
  stack='TimeoutError: Timeout 30000ms exceeded.
    at ProgressController.run (C:\Users\HAIPPY~1\AppData\Local\Temp\playwright-java-8541975594615293244\package\lib\server\progress.js:78:26)
    at Frame.click (C:\Users\HAIPPY~1\AppData\Local\Temp\playwright-java-8541975594615293244\package\lib\server\frames.js:1007:23)
    at FrameDispatcher.click (C:\Users\HAIPPY~1\AppData\Local\Temp\playwright-java-8541975594615293244\package\lib\server\dispatchers\frameDispatcher.js:157:30)
    at FrameDispatcher._handleCommand (C:\Users\HAIPPY~1\AppData\Local\Temp\playwright-java-8541975594615293244\package\lib\server\dispatchers\dispatcher.js:94:40)
    at DispatcherConnection.dispatch (C:\Users\HAIPPY~1\AppData\Local\Temp\playwright-java-8541975594615293244\package\lib\server\dispatchers\dispatcher.js:361:39)
}
Call log:
- waiting for locator("body > div.MuiBox-root.css-16mjwcv > div.MuiBox-root.css-19p0syp").first()

at com.microsoft.playwright.impl.Connection.dispatch(Connection.java:254)
at com.microsoft.playwright.impl.Connection.processOneMessage(Connection.java:211)
at com.microsoft.playwright.impl.ChannelOwner.runUntil(ChannelOwner.java:118)
... 41 more
... Removed 27 stack frames]]>
    </failure>
  </testcase> <!-- verifyUSGBook -->
  <testcase classname="test.BMSTest" name="verifyECGBook" time="30.007">
    <failure type="com.microsoft.playwright.TimeoutError" message="Error {
  message=&amp;apos;Timeout 30000ms exceeded.
  name=&amp;apos;TimeoutError
  stack=&amp;apos;TimeoutError: Timeout 30000ms exceeded.
    at ProgressController.run (C:\Users\HAIPPY~1\AppData\Local\Temp\playwright-java-8541975594615293244\package\lib\server\progress.js:78:26)
    at Frame.click (C:\Users\HAIPPY~1\AppData\Local\Temp\playwright-java-8541975594615293244\package\lib\server\frames.js:1007:23)
    at FrameDispatcher.click (C:\Users\HAIPPY~1\AppData\Local\Temp\playwright-java-8541975594615293244\package\lib\server\dispatchers\frameDispatcher.js:157:30)
    at FrameDispatcher._handleCommand (C:\Users\HAIPPY~1\AppData\Local\Temp\playwright-java-8541975594615293244\package\lib\server\dispatchers\dispatcher.js:94:40)
    at DispatcherConnection.dispatch (C:\Users\HAIPPY~1\AppData\Local\Temp\playwright-java-8541975594615293244\package\lib\server\dispatchers\dispatcher.js:361:39)
}
Call log:
- waiting for getByRole(AriaRole.BUTTON, new Page.GetByRoleOptions().setName(&amp;quot;Scans&amp;quot;))
">
      <![CDATA[com.microsoft.playwright.TimeoutError: Error {
  message='Timeout 30000ms exceeded.
  name='TimeoutError
  stack='TimeoutError: Timeout 30000ms exceeded.
    at ProgressController.run (C:\Users\HAIPPY~1\AppData\Local\Temp\playwright-java-8541975594615293244\package\lib\server\progress.js:78:26)
    at Frame.click (C:\Users\HAIPPY~1\AppData\Local\Temp\playwright-java-8541975594615293244\package\lib\server\frames.js:1007:23)
    at FrameDispatcher.click (C:\Users\HAIPPY~1\AppData\Local\Temp\playwright-java-8541975594615293244\package\lib\server\dispatchers\frameDispatcher.js:157:30)
    at FrameDispatcher._handleCommand (C:\Users\HAIPPY~1\AppData\Local\Temp\playwright-java-8541975594615293244\package\lib\server\dispatchers\dispatcher.js:94:40)
    at DispatcherConnection.dispatch (C:\Users\HAIPPY~1\AppData\Local\Temp\playwright-java-8541975594615293244\package\lib\server\dispatchers\dispatcher.js:361:39)
}
Call log:
- waiting for getByRole(AriaRole.BUTTON, new Page.GetByRoleOptions().setName("Scans"))

at com.microsoft.playwright.impl.WaitableResult.get(WaitableResult.java:52)
at com.microsoft.playwright.impl.ChannelOwner.runUntil(ChannelOwner.java:120)
at com.microsoft.playwright.impl.Connection.sendMessage(Connection.java:130)
at com.microsoft.playwright.impl.ChannelOwner.sendMessage(ChannelOwner.java:106)
at com.microsoft.playwright.impl.FrameImpl.clickImpl(FrameImpl.java:252)
at com.microsoft.playwright.impl.FrameImpl.lambda$click$8(FrameImpl.java:243)
at com.microsoft.playwright.impl.LoggingSupport.lambda$withLogging$0(LoggingSupport.java:36)
at com.microsoft.playwright.impl.LoggingSupport.withLogging(LoggingSupport.java:47)
at com.microsoft.playwright.impl.ChannelOwner.withLogging(ChannelOwner.java:89)
at com.microsoft.playwright.impl.LoggingSupport.withLogging(LoggingSupport.java:35)
at com.microsoft.playwright.impl.FrameImpl.click(FrameImpl.java:243)
at com.microsoft.playwright.impl.LocatorImpl.click(LocatorImpl.java:160)
at com.microsoft.playwright.Locator.click(Locator.java:2406)
at page.BMSPage.bookECG(BMSPage.java:728)
at test.BMSTest.verifyECGBook(BMSTest.java:160)
at java.base/java.util.ArrayList.forEach(ArrayList.java:1511)
Caused by: com.microsoft.playwright.TimeoutError: Error {
  message='Timeout 30000ms exceeded.
  name='TimeoutError
  stack='TimeoutError: Timeout 30000ms exceeded.
    at ProgressController.run (C:\Users\HAIPPY~1\AppData\Local\Temp\playwright-java-8541975594615293244\package\lib\server\progress.js:78:26)
    at Frame.click (C:\Users\HAIPPY~1\AppData\Local\Temp\playwright-java-8541975594615293244\package\lib\server\frames.js:1007:23)
    at FrameDispatcher.click (C:\Users\HAIPPY~1\AppData\Local\Temp\playwright-java-8541975594615293244\package\lib\server\dispatchers\frameDispatcher.js:157:30)
    at FrameDispatcher._handleCommand (C:\Users\HAIPPY~1\AppData\Local\Temp\playwright-java-8541975594615293244\package\lib\server\dispatchers\dispatcher.js:94:40)
    at DispatcherConnection.dispatch (C:\Users\HAIPPY~1\AppData\Local\Temp\playwright-java-8541975594615293244\package\lib\server\dispatchers\dispatcher.js:361:39)
}
Call log:
- waiting for getByRole(AriaRole.BUTTON, new Page.GetByRoleOptions().setName("Scans"))

at com.microsoft.playwright.impl.Connection.dispatch(Connection.java:254)
at com.microsoft.playwright.impl.Connection.processOneMessage(Connection.java:211)
at com.microsoft.playwright.impl.ChannelOwner.runUntil(ChannelOwner.java:118)
... 41 more
... Removed 27 stack frames]]>
    </failure>
  </testcase> <!-- verifyECGBook -->
</testsuite> <!-- Regression Tests -->
