<?xml version="1.0" encoding="UTF-8"?>
<!-- Generated by org.testng.reporters.JUnitXMLReporter -->
<testsuite ignored="0" hostname="LENOVO" failures="15" tests="28" name="Default test" time="557.893" errors="0" timestamp="2026-01-16T17:11:52 IST">
  <testcase classname="test.BMSTest" name="verifyUrlTest" time="0.013">
    <failure type="java.lang.AssertionError" message="Intentional failure to demonstrate screenshot capture on test failure">
      <![CDATA[java.lang.AssertionError: Intentional failure to demonstrate screenshot capture on test failure
at org.testng.Assert.fail(Assert.java:111)
at test.BMSTest.verifyUrlTest(BMSTest.java:23)
at java.base/jdk.internal.reflect.NativeMethodAccessorImpl.invoke0(Native Method)
at java.base/jdk.internal.reflect.NativeMethodAccessorImpl.invoke(NativeMethodAccessorImpl.java:77)
at java.base/jdk.internal.reflect.DelegatingMethodAccessorImpl.invoke(DelegatingMethodAccessorImpl.java:43)
at java.base/java.lang.reflect.Method.invoke(Method.java:568)
at org.testng.internal.invokers.MethodInvocationHelper.invokeMethod(MethodInvocationHelper.java:141)
at org.testng.internal.invokers.TestInvoker.invokeMethod(TestInvoker.java:686)
at org.testng.internal.invokers.TestInvoker.invokeTestMethod(TestInvoker.java:230)
at org.testng.internal.invokers.MethodRunner.runInSequence(MethodRunner.java:63)
at org.testng.internal.invokers.TestInvoker$MethodInvocationAgent.invoke(TestInvoker.java:992)
at org.testng.internal.invokers.TestInvoker.invokeTestMethods(TestInvoker.java:203)
at org.testng.internal.invokers.TestMethodWorker.invokeTestMethods(TestMethodWorker.java:154)
at org.testng.internal.invokers.TestMethodWorker.run(TestMethodWorker.java:134)
at java.base/java.util.ArrayList.forEach(ArrayList.java:1511)
at org.testng.TestRunner.privateRun(TestRunner.java:739)
at org.testng.TestRunner.run(TestRunner.java:614)
at org.testng.SuiteRunner.runTest(SuiteRunner.java:421)
at org.testng.SuiteRunner.runSequentially(SuiteRunner.java:413)
at org.testng.SuiteRunner.privateRun(SuiteRunner.java:373)
at org.testng.SuiteRunner.run(SuiteRunner.java:312)
at org.testng.SuiteRunnerWorker.runSuite(SuiteRunnerWorker.java:52)
at org.testng.SuiteRunnerWorker.run(SuiteRunnerWorker.java:95)
at org.testng.TestNG.runSuitesSequentially(TestNG.java:1274)
at org.testng.TestNG.runSuitesLocally(TestNG.java:1208)
at org.testng.TestNG.runSuites(TestNG.java:1112)
at org.testng.TestNG.run(TestNG.java:1079)
at org.testng.remote.AbstractRemoteTestNG.run(AbstractRemoteTestNG.java:115)
at org.testng.remote.RemoteTestNG.initAndRun(RemoteTestNG.java:293)
at org.testng.remote.RemoteTestNG.main(RemoteTestNG.java:91)
]]>
    </failure>
  </testcase> <!-- verifyUrlTest -->
  <testcase classname="test.BMSTest" name="verifyTitleTest" time="0.012"/>
  <testcase classname="test.BMSTest" name="verifyBrokenLinksTest" time="0.085"/>
  <testcase classname="test.BMSTest" name="verifyCheckNavigationFlow" time="9.53"/>
  <testcase classname="test.BMSTest" name="verifyLogin" time="30.859">
    <failure type="com.microsoft.playwright.TimeoutError" message="Error {
  message=&amp;apos;Timeout 30000ms exceeded.
  name=&amp;apos;TimeoutError
  stack=&amp;apos;TimeoutError: Timeout 30000ms exceeded.
    at ProgressController.run (C:\Users\HAIPPY~1\AppData\Local\Temp\playwright-java-12860961260305132035\package\lib\server\progress.js:78:26)
    at Frame.waitForSelector (C:\Users\HAIPPY~1\AppData\Local\Temp\playwright-java-12860961260305132035\package\lib\server\frames.js:619:23)
    at FrameDispatcher.waitForSelector (C:\Users\HAIPPY~1\AppData\Local\Temp\playwright-java-12860961260305132035\package\lib\server\dispatchers\frameDispatcher.js:105:103)
    at FrameDispatcher._handleCommand (C:\Users\HAIPPY~1\AppData\Local\Temp\playwright-java-12860961260305132035\package\lib\server\dispatchers\dispatcher.js:94:40)
    at DispatcherConnection.dispatch (C:\Users\HAIPPY~1\AppData\Local\Temp\playwright-java-12860961260305132035\package\lib\server\dispatchers\dispatcher.js:361:39)
}
Call log:
- waiting for locator(&amp;quot;[role=&amp;apos;textbox&amp;apos;]:first-of-type&amp;quot;) to be visible
">
      <![CDATA[com.microsoft.playwright.TimeoutError: Error {
  message='Timeout 30000ms exceeded.
  name='TimeoutError
  stack='TimeoutError: Timeout 30000ms exceeded.
    at ProgressController.run (C:\Users\HAIPPY~1\AppData\Local\Temp\playwright-java-12860961260305132035\package\lib\server\progress.js:78:26)
    at Frame.waitForSelector (C:\Users\HAIPPY~1\AppData\Local\Temp\playwright-java-12860961260305132035\package\lib\server\frames.js:619:23)
    at FrameDispatcher.waitForSelector (C:\Users\HAIPPY~1\AppData\Local\Temp\playwright-java-12860961260305132035\package\lib\server\dispatchers\frameDispatcher.js:105:103)
    at FrameDispatcher._handleCommand (C:\Users\HAIPPY~1\AppData\Local\Temp\playwright-java-12860961260305132035\package\lib\server\dispatchers\dispatcher.js:94:40)
    at DispatcherConnection.dispatch (C:\Users\HAIPPY~1\AppData\Local\Temp\playwright-java-12860961260305132035\package\lib\server\dispatchers\dispatcher.js:361:39)
}
Call log:
- waiting for locator("[role='textbox']:first-of-type") to be visible

at com.microsoft.playwright.impl.WaitableResult.get(WaitableResult.java:52)
at com.microsoft.playwright.impl.ChannelOwner.runUntil(ChannelOwner.java:120)
at com.microsoft.playwright.impl.Connection.sendMessage(Connection.java:130)
at com.microsoft.playwright.impl.ChannelOwner.sendMessage(ChannelOwner.java:106)
at com.microsoft.playwright.impl.FrameImpl.waitForSelectorImpl(FrameImpl.java:1060)
at com.microsoft.playwright.impl.FrameImpl.waitForSelectorImpl(FrameImpl.java:1050)
at com.microsoft.playwright.impl.PageImpl.lambda$waitForSelector$93(PageImpl.java:1553)
at com.microsoft.playwright.impl.LoggingSupport.withLogging(LoggingSupport.java:47)
at com.microsoft.playwright.impl.ChannelOwner.withLogging(ChannelOwner.java:89)
at com.microsoft.playwright.impl.PageImpl.waitForSelector(PageImpl.java:1552)
at page.BMSPage.login(BMSPage.java:96)
at test.BMSTest.verifyLogin(BMSTest.java:43)
at java.base/jdk.internal.reflect.NativeMethodAccessorImpl.invoke0(Native Method)
at java.base/jdk.internal.reflect.NativeMethodAccessorImpl.invoke(NativeMethodAccessorImpl.java:77)
at java.base/jdk.internal.reflect.DelegatingMethodAccessorImpl.invoke(DelegatingMethodAccessorImpl.java:43)
at java.base/java.lang.reflect.Method.invoke(Method.java:568)
at org.testng.internal.invokers.MethodInvocationHelper.invokeMethod(MethodInvocationHelper.java:141)
at org.testng.internal.invokers.TestInvoker.invokeMethod(TestInvoker.java:686)
at org.testng.internal.invokers.TestInvoker.invokeTestMethod(TestInvoker.java:230)
at org.testng.internal.invokers.MethodRunner.runInSequence(MethodRunner.java:63)
at org.testng.internal.invokers.TestInvoker$MethodInvocationAgent.invoke(TestInvoker.java:992)
at org.testng.internal.invokers.TestInvoker.invokeTestMethods(TestInvoker.java:203)
at org.testng.internal.invokers.TestMethodWorker.invokeTestMethods(TestMethodWorker.java:154)
at org.testng.internal.invokers.TestMethodWorker.run(TestMethodWorker.java:134)
at java.base/java.util.ArrayList.forEach(ArrayList.java:1511)
at org.testng.TestRunner.privateRun(TestRunner.java:739)
at org.testng.TestRunner.run(TestRunner.java:614)
at org.testng.SuiteRunner.runTest(SuiteRunner.java:421)
at org.testng.SuiteRunner.runSequentially(SuiteRunner.java:413)
at org.testng.SuiteRunner.privateRun(SuiteRunner.java:373)
at org.testng.SuiteRunner.run(SuiteRunner.java:312)
at org.testng.SuiteRunnerWorker.runSuite(SuiteRunnerWorker.java:52)
at org.testng.SuiteRunnerWorker.run(SuiteRunnerWorker.java:95)
at org.testng.TestNG.runSuitesSequentially(TestNG.java:1274)
at org.testng.TestNG.runSuitesLocally(TestNG.java:1208)
at org.testng.TestNG.runSuites(TestNG.java:1112)
at org.testng.TestNG.run(TestNG.java:1079)
at org.testng.remote.AbstractRemoteTestNG.run(AbstractRemoteTestNG.java:115)
at org.testng.remote.RemoteTestNG.initAndRun(RemoteTestNG.java:293)
at org.testng.remote.RemoteTestNG.main(RemoteTestNG.java:91)
Caused by: com.microsoft.playwright.TimeoutError: Error {
  message='Timeout 30000ms exceeded.
  name='TimeoutError
  stack='TimeoutError: Timeout 30000ms exceeded.
    at ProgressController.run (C:\Users\HAIPPY~1\AppData\Local\Temp\playwright-java-12860961260305132035\package\lib\server\progress.js:78:26)
    at Frame.waitForSelector (C:\Users\HAIPPY~1\AppData\Local\Temp\playwright-java-12860961260305132035\package\lib\server\frames.js:619:23)
    at FrameDispatcher.waitForSelector (C:\Users\HAIPPY~1\AppData\Local\Temp\playwright-java-12860961260305132035\package\lib\server\dispatchers\frameDispatcher.js:105:103)
    at FrameDispatcher._handleCommand (C:\Users\HAIPPY~1\AppData\Local\Temp\playwright-java-12860961260305132035\package\lib\server\dispatchers\dispatcher.js:94:40)
    at DispatcherConnection.dispatch (C:\Users\HAIPPY~1\AppData\Local\Temp\playwright-java-12860961260305132035\package\lib\server\dispatchers\dispatcher.js:361:39)
}
Call log:
- waiting for locator("[role='textbox']:first-of-type") to be visible

at com.microsoft.playwright.impl.Connection.dispatch(Connection.java:254)
at com.microsoft.playwright.impl.Connection.processOneMessage(Connection.java:211)
at com.microsoft.playwright.impl.ChannelOwner.runUntil(ChannelOwner.java:118)
... 38 more
]]>
    </failure>
  </testcase> <!-- verifyLogin -->
  <testcase classname="test.BMSTest" name="verifyEditProfile" time="30.01">
    <failure type="com.microsoft.playwright.TimeoutError" message="Error {
  message=&amp;apos;Timeout 30000ms exceeded.
  name=&amp;apos;TimeoutError
  stack=&amp;apos;TimeoutError: Timeout 30000ms exceeded.
    at ProgressController.run (C:\Users\HAIPPY~1\AppData\Local\Temp\playwright-java-12860961260305132035\package\lib\server\progress.js:78:26)
    at Frame.click (C:\Users\HAIPPY~1\AppData\Local\Temp\playwright-java-12860961260305132035\package\lib\server\frames.js:1007:23)
    at FrameDispatcher.click (C:\Users\HAIPPY~1\AppData\Local\Temp\playwright-java-12860961260305132035\package\lib\server\dispatchers\frameDispatcher.js:157:30)
    at FrameDispatcher._handleCommand (C:\Users\HAIPPY~1\AppData\Local\Temp\playwright-java-12860961260305132035\package\lib\server\dispatchers\dispatcher.js:94:40)
    at DispatcherConnection.dispatch (C:\Users\HAIPPY~1\AppData\Local\Temp\playwright-java-12860961260305132035\package\lib\server\dispatchers\dispatcher.js:361:39)
}
Call log:
- waiting for locator(&amp;quot;//*[@id=\&amp;quot;root\&amp;quot;]/div[2]/div[2]/div[2]/div/div/div/div[2]/div[2]/div/div/div[1]/div[2]/button&amp;quot;)
">
      <![CDATA[com.microsoft.playwright.TimeoutError: Error {
  message='Timeout 30000ms exceeded.
  name='TimeoutError
  stack='TimeoutError: Timeout 30000ms exceeded.
    at ProgressController.run (C:\Users\HAIPPY~1\AppData\Local\Temp\playwright-java-12860961260305132035\package\lib\server\progress.js:78:26)
    at Frame.click (C:\Users\HAIPPY~1\AppData\Local\Temp\playwright-java-12860961260305132035\package\lib\server\frames.js:1007:23)
    at FrameDispatcher.click (C:\Users\HAIPPY~1\AppData\Local\Temp\playwright-java-12860961260305132035\package\lib\server\dispatchers\frameDispatcher.js:157:30)
    at FrameDispatcher._handleCommand (C:\Users\HAIPPY~1\AppData\Local\Temp\playwright-java-12860961260305132035\package\lib\server\dispatchers\dispatcher.js:94:40)
    at DispatcherConnection.dispatch (C:\Users\HAIPPY~1\AppData\Local\Temp\playwright-java-12860961260305132035\package\lib\server\dispatchers\dispatcher.js:361:39)
}
Call log:
- waiting for locator("//*[@id=\"root\"]/div[2]/div[2]/div[2]/div/div/div/div[2]/div[2]/div/div/div[1]/div[2]/button")

at com.microsoft.playwright.impl.WaitableResult.get(WaitableResult.java:52)
at com.microsoft.playwright.impl.ChannelOwner.runUntil(ChannelOwner.java:120)
at com.microsoft.playwright.impl.Connection.sendMessage(Connection.java:130)
at com.microsoft.playwright.impl.ChannelOwner.sendMessage(ChannelOwner.java:106)
at com.microsoft.playwright.impl.FrameImpl.clickImpl(FrameImpl.java:252)
at com.microsoft.playwright.impl.FrameImpl.lambda$click$8(FrameImpl.java:243)
at com.microsoft.playwright.impl.LoggingSupport.lambda$withLogging$0(LoggingSupport.java:36)
at com.microsoft.playwright.impl.LoggingSupport.withLogging(LoggingSupport.java:47)
at com.microsoft.playwright.impl.ChannelOwner.withLogging(ChannelOwner.java:89)
at com.microsoft.playwright.impl.LoggingSupport.withLogging(LoggingSupport.java:35)
at com.microsoft.playwright.impl.FrameImpl.click(FrameImpl.java:243)
at com.microsoft.playwright.impl.LocatorImpl.click(LocatorImpl.java:160)
at com.microsoft.playwright.Locator.click(Locator.java:2406)
at page.BMSPage.editProfile(BMSPage.java:107)
at test.BMSTest.verifyEditProfile(BMSTest.java:48)
at java.base/jdk.internal.reflect.NativeMethodAccessorImpl.invoke0(Native Method)
at java.base/jdk.internal.reflect.NativeMethodAccessorImpl.invoke(NativeMethodAccessorImpl.java:77)
at java.base/jdk.internal.reflect.DelegatingMethodAccessorImpl.invoke(DelegatingMethodAccessorImpl.java:43)
at java.base/java.lang.reflect.Method.invoke(Method.java:568)
at org.testng.internal.invokers.MethodInvocationHelper.invokeMethod(MethodInvocationHelper.java:141)
at org.testng.internal.invokers.TestInvoker.invokeMethod(TestInvoker.java:686)
at org.testng.internal.invokers.TestInvoker.invokeTestMethod(TestInvoker.java:230)
at org.testng.internal.invokers.MethodRunner.runInSequence(MethodRunner.java:63)
at org.testng.internal.invokers.TestInvoker$MethodInvocationAgent.invoke(TestInvoker.java:992)
at org.testng.internal.invokers.TestInvoker.invokeTestMethods(TestInvoker.java:203)
at org.testng.internal.invokers.TestMethodWorker.invokeTestMethods(TestMethodWorker.java:154)
at org.testng.internal.invokers.TestMethodWorker.run(TestMethodWorker.java:134)
at java.base/java.util.ArrayList.forEach(ArrayList.java:1511)
at org.testng.TestRunner.privateRun(TestRunner.java:739)
at org.testng.TestRunner.run(TestRunner.java:614)
at org.testng.SuiteRunner.runTest(SuiteRunner.java:421)
at org.testng.SuiteRunner.runSequentially(SuiteRunner.java:413)
at org.testng.SuiteRunner.privateRun(SuiteRunner.java:373)
at org.testng.SuiteRunner.run(SuiteRunner.java:312)
at org.testng.SuiteRunnerWorker.runSuite(SuiteRunnerWorker.java:52)
at org.testng.SuiteRunnerWorker.run(SuiteRunnerWorker.java:95)
at org.testng.TestNG.runSuitesSequentially(TestNG.java:1274)
at org.testng.TestNG.runSuitesLocally(TestNG.java:1208)
at org.testng.TestNG.runSuites(TestNG.java:1112)
at org.testng.TestNG.run(TestNG.java:1079)
at org.testng.remote.AbstractRemoteTestNG.run(AbstractRemoteTestNG.java:115)
at org.testng.remote.RemoteTestNG.initAndRun(RemoteTestNG.java:293)
at org.testng.remote.RemoteTestNG.main(RemoteTestNG.java:91)
Caused by: com.microsoft.playwright.TimeoutError: Error {
  message='Timeout 30000ms exceeded.
  name='TimeoutError
  stack='TimeoutError: Timeout 30000ms exceeded.
    at ProgressController.run (C:\Users\HAIPPY~1\AppData\Local\Temp\playwright-java-12860961260305132035\package\lib\server\progress.js:78:26)
    at Frame.click (C:\Users\HAIPPY~1\AppData\Local\Temp\playwright-java-12860961260305132035\package\lib\server\frames.js:1007:23)
    at FrameDispatcher.click (C:\Users\HAIPPY~1\AppData\Local\Temp\playwright-java-12860961260305132035\package\lib\server\dispatchers\frameDispatcher.js:157:30)
    at FrameDispatcher._handleCommand (C:\Users\HAIPPY~1\AppData\Local\Temp\playwright-java-12860961260305132035\package\lib\server\dispatchers\dispatcher.js:94:40)
    at DispatcherConnection.dispatch (C:\Users\HAIPPY~1\AppData\Local\Temp\playwright-java-12860961260305132035\package\lib\server\dispatchers\dispatcher.js:361:39)
}
Call log:
- waiting for locator("//*[@id=\"root\"]/div[2]/div[2]/div[2]/div/div/div/div[2]/div[2]/div/div/div[1]/div[2]/button")

at com.microsoft.playwright.impl.Connection.dispatch(Connection.java:254)
at com.microsoft.playwright.impl.Connection.processOneMessage(Connection.java:211)
at com.microsoft.playwright.impl.ChannelOwner.runUntil(ChannelOwner.java:118)
... 41 more
]]>
    </failure>
  </testcase> <!-- verifyEditProfile -->
  <testcase classname="test.BMSTest" name="verifyAddAddress" time="30.015">
    <failure type="com.microsoft.playwright.TimeoutError" message="Error {
  message=&amp;apos;Timeout 30000ms exceeded.
  name=&amp;apos;TimeoutError
  stack=&amp;apos;TimeoutError: Timeout 30000ms exceeded.
    at ProgressController.run (C:\Users\HAIPPY~1\AppData\Local\Temp\playwright-java-12860961260305132035\package\lib\server\progress.js:78:26)
    at Frame.click (C:\Users\HAIPPY~1\AppData\Local\Temp\playwright-java-12860961260305132035\package\lib\server\frames.js:1007:23)
    at FrameDispatcher.click (C:\Users\HAIPPY~1\AppData\Local\Temp\playwright-java-12860961260305132035\package\lib\server\dispatchers\frameDispatcher.js:157:30)
    at FrameDispatcher._handleCommand (C:\Users\HAIPPY~1\AppData\Local\Temp\playwright-java-12860961260305132035\package\lib\server\dispatchers\dispatcher.js:94:40)
    at DispatcherConnection.dispatch (C:\Users\HAIPPY~1\AppData\Local\Temp\playwright-java-12860961260305132035\package\lib\server\dispatchers\dispatcher.js:361:39)
}
Call log:
- waiting for getByRole(AriaRole.BUTTON, new Page.GetByRoleOptions().setName(&amp;quot;Add Address&amp;quot;))
">
      <![CDATA[com.microsoft.playwright.TimeoutError: Error {
  message='Timeout 30000ms exceeded.
  name='TimeoutError
  stack='TimeoutError: Timeout 30000ms exceeded.
    at ProgressController.run (C:\Users\HAIPPY~1\AppData\Local\Temp\playwright-java-12860961260305132035\package\lib\server\progress.js:78:26)
    at Frame.click (C:\Users\HAIPPY~1\AppData\Local\Temp\playwright-java-12860961260305132035\package\lib\server\frames.js:1007:23)
    at FrameDispatcher.click (C:\Users\HAIPPY~1\AppData\Local\Temp\playwright-java-12860961260305132035\package\lib\server\dispatchers\frameDispatcher.js:157:30)
    at FrameDispatcher._handleCommand (C:\Users\HAIPPY~1\AppData\Local\Temp\playwright-java-12860961260305132035\package\lib\server\dispatchers\dispatcher.js:94:40)
    at DispatcherConnection.dispatch (C:\Users\HAIPPY~1\AppData\Local\Temp\playwright-java-12860961260305132035\package\lib\server\dispatchers\dispatcher.js:361:39)
}
Call log:
- waiting for getByRole(AriaRole.BUTTON, new Page.GetByRoleOptions().setName("Add Address"))

at com.microsoft.playwright.impl.WaitableResult.get(WaitableResult.java:52)
at com.microsoft.playwright.impl.ChannelOwner.runUntil(ChannelOwner.java:120)
at com.microsoft.playwright.impl.Connection.sendMessage(Connection.java:130)
at com.microsoft.playwright.impl.ChannelOwner.sendMessage(ChannelOwner.java:106)
at com.microsoft.playwright.impl.FrameImpl.clickImpl(FrameImpl.java:252)
at com.microsoft.playwright.impl.FrameImpl.lambda$click$8(FrameImpl.java:243)
at com.microsoft.playwright.impl.LoggingSupport.lambda$withLogging$0(LoggingSupport.java:36)
at com.microsoft.playwright.impl.LoggingSupport.withLogging(LoggingSupport.java:47)
at com.microsoft.playwright.impl.ChannelOwner.withLogging(ChannelOwner.java:89)
at com.microsoft.playwright.impl.LoggingSupport.withLogging(LoggingSupport.java:35)
at com.microsoft.playwright.impl.FrameImpl.click(FrameImpl.java:243)
at com.microsoft.playwright.impl.LocatorImpl.click(LocatorImpl.java:160)
at com.microsoft.playwright.Locator.click(Locator.java:2406)
at page.BMSPage.addAddress(BMSPage.java:117)
at test.BMSTest.verifyAddAddress(BMSTest.java:53)
at java.base/jdk.internal.reflect.NativeMethodAccessorImpl.invoke0(Native Method)
at java.base/jdk.internal.reflect.NativeMethodAccessorImpl.invoke(NativeMethodAccessorImpl.java:77)
at java.base/jdk.internal.reflect.DelegatingMethodAccessorImpl.invoke(DelegatingMethodAccessorImpl.java:43)
at java.base/java.lang.reflect.Method.invoke(Method.java:568)
at org.testng.internal.invokers.MethodInvocationHelper.invokeMethod(MethodInvocationHelper.java:141)
at org.testng.internal.invokers.TestInvoker.invokeMethod(TestInvoker.java:686)
at org.testng.internal.invokers.TestInvoker.invokeTestMethod(TestInvoker.java:230)
at org.testng.internal.invokers.MethodRunner.runInSequence(MethodRunner.java:63)
at org.testng.internal.invokers.TestInvoker$MethodInvocationAgent.invoke(TestInvoker.java:992)
at org.testng.internal.invokers.TestInvoker.invokeTestMethods(TestInvoker.java:203)
at org.testng.internal.invokers.TestMethodWorker.invokeTestMethods(TestMethodWorker.java:154)
at org.testng.internal.invokers.TestMethodWorker.run(TestMethodWorker.java:134)
at java.base/java.util.ArrayList.forEach(ArrayList.java:1511)
at org.testng.TestRunner.privateRun(TestRunner.java:739)
at org.testng.TestRunner.run(TestRunner.java:614)
at org.testng.SuiteRunner.runTest(SuiteRunner.java:421)
at org.testng.SuiteRunner.runSequentially(SuiteRunner.java:413)
at org.testng.SuiteRunner.privateRun(SuiteRunner.java:373)
at org.testng.SuiteRunner.run(SuiteRunner.java:312)
at org.testng.SuiteRunnerWorker.runSuite(SuiteRunnerWorker.java:52)
at org.testng.SuiteRunnerWorker.run(SuiteRunnerWorker.java:95)
at org.testng.TestNG.runSuitesSequentially(TestNG.java:1274)
at org.testng.TestNG.runSuitesLocally(TestNG.java:1208)
at org.testng.TestNG.runSuites(TestNG.java:1112)
at org.testng.TestNG.run(TestNG.java:1079)
at org.testng.remote.AbstractRemoteTestNG.run(AbstractRemoteTestNG.java:115)
at org.testng.remote.RemoteTestNG.initAndRun(RemoteTestNG.java:293)
at org.testng.remote.RemoteTestNG.main(RemoteTestNG.java:91)
Caused by: com.microsoft.playwright.TimeoutError: Error {
  message='Timeout 30000ms exceeded.
  name='TimeoutError
  stack='TimeoutError: Timeout 30000ms exceeded.
    at ProgressController.run (C:\Users\HAIPPY~1\AppData\Local\Temp\playwright-java-12860961260305132035\package\lib\server\progress.js:78:26)
    at Frame.click (C:\Users\HAIPPY~1\AppData\Local\Temp\playwright-java-12860961260305132035\package\lib\server\frames.js:1007:23)
    at FrameDispatcher.click (C:\Users\HAIPPY~1\AppData\Local\Temp\playwright-java-12860961260305132035\package\lib\server\dispatchers\frameDispatcher.js:157:30)
    at FrameDispatcher._handleCommand (C:\Users\HAIPPY~1\AppData\Local\Temp\playwright-java-12860961260305132035\package\lib\server\dispatchers\dispatcher.js:94:40)
    at DispatcherConnection.dispatch (C:\Users\HAIPPY~1\AppData\Local\Temp\playwright-java-12860961260305132035\package\lib\server\dispatchers\dispatcher.js:361:39)
}
Call log:
- waiting for getByRole(AriaRole.BUTTON, new Page.GetByRoleOptions().setName("Add Address"))

at com.microsoft.playwright.impl.Connection.dispatch(Connection.java:254)
at com.microsoft.playwright.impl.Connection.processOneMessage(Connection.java:211)
at com.microsoft.playwright.impl.ChannelOwner.runUntil(ChannelOwner.java:118)
... 41 more
]]>
    </failure>
  </testcase> <!-- verifyAddAddress -->
  <testcase classname="test.BMSTest" name="verifyRemoveAddress" time="30.012">
    <failure type="com.microsoft.playwright.TimeoutError" message="Error {
  message=&amp;apos;Timeout 30000ms exceeded.
  name=&amp;apos;TimeoutError
  stack=&amp;apos;TimeoutError: Timeout 30000ms exceeded.
    at ProgressController.run (C:\Users\HAIPPY~1\AppData\Local\Temp\playwright-java-12860961260305132035\package\lib\server\progress.js:78:26)
    at Frame.click (C:\Users\HAIPPY~1\AppData\Local\Temp\playwright-java-12860961260305132035\package\lib\server\frames.js:1007:23)
    at FrameDispatcher.click (C:\Users\HAIPPY~1\AppData\Local\Temp\playwright-java-12860961260305132035\package\lib\server\dispatchers\frameDispatcher.js:157:30)
    at FrameDispatcher._handleCommand (C:\Users\HAIPPY~1\AppData\Local\Temp\playwright-java-12860961260305132035\package\lib\server\dispatchers\dispatcher.js:94:40)
    at DispatcherConnection.dispatch (C:\Users\HAIPPY~1\AppData\Local\Temp\playwright-java-12860961260305132035\package\lib\server\dispatchers\dispatcher.js:361:39)
}
Call log:
- waiting for locator(&amp;quot;.MuiGrid-root &amp;gt; div &amp;gt; div:nth-child(2) &amp;gt; div:nth-child(2) &amp;gt; button&amp;quot;).first()
">
      <![CDATA[com.microsoft.playwright.TimeoutError: Error {
  message='Timeout 30000ms exceeded.
  name='TimeoutError
  stack='TimeoutError: Timeout 30000ms exceeded.
    at ProgressController.run (C:\Users\HAIPPY~1\AppData\Local\Temp\playwright-java-12860961260305132035\package\lib\server\progress.js:78:26)
    at Frame.click (C:\Users\HAIPPY~1\AppData\Local\Temp\playwright-java-12860961260305132035\package\lib\server\frames.js:1007:23)
    at FrameDispatcher.click (C:\Users\HAIPPY~1\AppData\Local\Temp\playwright-java-12860961260305132035\package\lib\server\dispatchers\frameDispatcher.js:157:30)
    at FrameDispatcher._handleCommand (C:\Users\HAIPPY~1\AppData\Local\Temp\playwright-java-12860961260305132035\package\lib\server\dispatchers\dispatcher.js:94:40)
    at DispatcherConnection.dispatch (C:\Users\HAIPPY~1\AppData\Local\Temp\playwright-java-12860961260305132035\package\lib\server\dispatchers\dispatcher.js:361:39)
}
Call log:
- waiting for locator(".MuiGrid-root > div > div:nth-child(2) > div:nth-child(2) > button").first()

at com.microsoft.playwright.impl.WaitableResult.get(WaitableResult.java:52)
at com.microsoft.playwright.impl.ChannelOwner.runUntil(ChannelOwner.java:120)
at com.microsoft.playwright.impl.Connection.sendMessage(Connection.java:130)
at com.microsoft.playwright.impl.ChannelOwner.sendMessage(ChannelOwner.java:106)
at com.microsoft.playwright.impl.FrameImpl.clickImpl(FrameImpl.java:252)
at com.microsoft.playwright.impl.FrameImpl.lambda$click$8(FrameImpl.java:243)
at com.microsoft.playwright.impl.LoggingSupport.lambda$withLogging$0(LoggingSupport.java:36)
at com.microsoft.playwright.impl.LoggingSupport.withLogging(LoggingSupport.java:47)
at com.microsoft.playwright.impl.ChannelOwner.withLogging(ChannelOwner.java:89)
at com.microsoft.playwright.impl.LoggingSupport.withLogging(LoggingSupport.java:35)
at com.microsoft.playwright.impl.FrameImpl.click(FrameImpl.java:243)
at com.microsoft.playwright.impl.LocatorImpl.click(LocatorImpl.java:160)
at com.microsoft.playwright.Locator.click(Locator.java:2406)
at page.BMSPage.removeAddress(BMSPage.java:133)
at test.BMSTest.verifyRemoveAddress(BMSTest.java:58)
at java.base/jdk.internal.reflect.NativeMethodAccessorImpl.invoke0(Native Method)
at java.base/jdk.internal.reflect.NativeMethodAccessorImpl.invoke(NativeMethodAccessorImpl.java:77)
at java.base/jdk.internal.reflect.DelegatingMethodAccessorImpl.invoke(DelegatingMethodAccessorImpl.java:43)
at java.base/java.lang.reflect.Method.invoke(Method.java:568)
at org.testng.internal.invokers.MethodInvocationHelper.invokeMethod(MethodInvocationHelper.java:141)
at org.testng.internal.invokers.TestInvoker.invokeMethod(TestInvoker.java:686)
at org.testng.internal.invokers.TestInvoker.invokeTestMethod(TestInvoker.java:230)
at org.testng.internal.invokers.MethodRunner.runInSequence(MethodRunner.java:63)
at org.testng.internal.invokers.TestInvoker$MethodInvocationAgent.invoke(TestInvoker.java:992)
at org.testng.internal.invokers.TestInvoker.invokeTestMethods(TestInvoker.java:203)
at org.testng.internal.invokers.TestMethodWorker.invokeTestMethods(TestMethodWorker.java:154)
at org.testng.internal.invokers.TestMethodWorker.run(TestMethodWorker.java:134)
at java.base/java.util.ArrayList.forEach(ArrayList.java:1511)
at org.testng.TestRunner.privateRun(TestRunner.java:739)
at org.testng.TestRunner.run(TestRunner.java:614)
at org.testng.SuiteRunner.runTest(SuiteRunner.java:421)
at org.testng.SuiteRunner.runSequentially(SuiteRunner.java:413)
at org.testng.SuiteRunner.privateRun(SuiteRunner.java:373)
at org.testng.SuiteRunner.run(SuiteRunner.java:312)
at org.testng.SuiteRunnerWorker.runSuite(SuiteRunnerWorker.java:52)
at org.testng.SuiteRunnerWorker.run(SuiteRunnerWorker.java:95)
at org.testng.TestNG.runSuitesSequentially(TestNG.java:1274)
at org.testng.TestNG.runSuitesLocally(TestNG.java:1208)
at org.testng.TestNG.runSuites(TestNG.java:1112)
at org.testng.TestNG.run(TestNG.java:1079)
at org.testng.remote.AbstractRemoteTestNG.run(AbstractRemoteTestNG.java:115)
at org.testng.remote.RemoteTestNG.initAndRun(RemoteTestNG.java:293)
at org.testng.remote.RemoteTestNG.main(RemoteTestNG.java:91)
Caused by: com.microsoft.playwright.TimeoutError: Error {
  message='Timeout 30000ms exceeded.
  name='TimeoutError
  stack='TimeoutError: Timeout 30000ms exceeded.
    at ProgressController.run (C:\Users\HAIPPY~1\AppData\Local\Temp\playwright-java-12860961260305132035\package\lib\server\progress.js:78:26)
    at Frame.click (C:\Users\HAIPPY~1\AppData\Local\Temp\playwright-java-12860961260305132035\package\lib\server\frames.js:1007:23)
    at FrameDispatcher.click (C:\Users\HAIPPY~1\AppData\Local\Temp\playwright-java-12860961260305132035\package\lib\server\dispatchers\frameDispatcher.js:157:30)
    at FrameDispatcher._handleCommand (C:\Users\HAIPPY~1\AppData\Local\Temp\playwright-java-12860961260305132035\package\lib\server\dispatchers\dispatcher.js:94:40)
    at DispatcherConnection.dispatch (C:\Users\HAIPPY~1\AppData\Local\Temp\playwright-java-12860961260305132035\package\lib\server\dispatchers\dispatcher.js:361:39)
}
Call log:
- waiting for locator(".MuiGrid-root > div > div:nth-child(2) > div:nth-child(2) > button").first()

at com.microsoft.playwright.impl.Connection.dispatch(Connection.java:254)
at com.microsoft.playwright.impl.Connection.processOneMessage(Connection.java:211)
at com.microsoft.playwright.impl.ChannelOwner.runUntil(ChannelOwner.java:118)
... 41 more
]]>
    </failure>
  </testcase> <!-- verifyRemoveAddress -->
  <testcase classname="test.BMSTest" name="verifyMRIAbdomenBook" time="14.03"/>
  <testcase classname="test.BMSTest" name="verifyMRIBrainBook" time="12.163"/>
  <testcase classname="test.BMSTest" name="verifyCervicalMRIBook" time="12.243"/>
  <testcase classname="test.BMSTest" name="verifyKneeMRIBook" time="14.177"/>
  <testcase classname="test.BMSTest" name="verifyCTBook" time="14.217"/>
  <testcase classname="test.BMSTest" name="verifyCTAbdomenBook" time="38.307">
    <failure type="com.microsoft.playwright.TimeoutError" message="Error {
  message=&amp;apos;Timeout 30000ms exceeded.
  name=&amp;apos;TimeoutError
  stack=&amp;apos;TimeoutError: Timeout 30000ms exceeded.
    at ProgressController.run (C:\Users\HAIPPY~1\AppData\Local\Temp\playwright-java-12860961260305132035\package\lib\server\progress.js:78:26)
    at Frame.waitForSelector (C:\Users\HAIPPY~1\AppData\Local\Temp\playwright-java-12860961260305132035\package\lib\server\frames.js:619:23)
    at FrameDispatcher.waitForSelector (C:\Users\HAIPPY~1\AppData\Local\Temp\playwright-java-12860961260305132035\package\lib\server\dispatchers\frameDispatcher.js:105:103)
    at FrameDispatcher._handleCommand (C:\Users\HAIPPY~1\AppData\Local\Temp\playwright-java-12860961260305132035\package\lib\server\dispatchers\dispatcher.js:94:40)
    at DispatcherConnection.dispatch (C:\Users\HAIPPY~1\AppData\Local\Temp\playwright-java-12860961260305132035\package\lib\server\dispatchers\dispatcher.js:361:39)
}
Call log:
- waiting for locator(&amp;quot;[role=&amp;apos;button&amp;apos;]:has-text(&amp;apos;Proceed&amp;apos;)&amp;quot;) to be visible
">
      <![CDATA[com.microsoft.playwright.TimeoutError: Error {
  message='Timeout 30000ms exceeded.
  name='TimeoutError
  stack='TimeoutError: Timeout 30000ms exceeded.
    at ProgressController.run (C:\Users\HAIPPY~1\AppData\Local\Temp\playwright-java-12860961260305132035\package\lib\server\progress.js:78:26)
    at Frame.waitForSelector (C:\Users\HAIPPY~1\AppData\Local\Temp\playwright-java-12860961260305132035\package\lib\server\frames.js:619:23)
    at FrameDispatcher.waitForSelector (C:\Users\HAIPPY~1\AppData\Local\Temp\playwright-java-12860961260305132035\package\lib\server\dispatchers\frameDispatcher.js:105:103)
    at FrameDispatcher._handleCommand (C:\Users\HAIPPY~1\AppData\Local\Temp\playwright-java-12860961260305132035\package\lib\server\dispatchers\dispatcher.js:94:40)
    at DispatcherConnection.dispatch (C:\Users\HAIPPY~1\AppData\Local\Temp\playwright-java-12860961260305132035\package\lib\server\dispatchers\dispatcher.js:361:39)
}
Call log:
- waiting for locator("[role='button']:has-text('Proceed')") to be visible

at com.microsoft.playwright.impl.WaitableResult.get(WaitableResult.java:52)
at com.microsoft.playwright.impl.ChannelOwner.runUntil(ChannelOwner.java:120)
at com.microsoft.playwright.impl.Connection.sendMessage(Connection.java:130)
at com.microsoft.playwright.impl.ChannelOwner.sendMessage(ChannelOwner.java:106)
at com.microsoft.playwright.impl.FrameImpl.waitForSelectorImpl(FrameImpl.java:1060)
at com.microsoft.playwright.impl.FrameImpl.waitForSelectorImpl(FrameImpl.java:1050)
at com.microsoft.playwright.impl.PageImpl.lambda$waitForSelector$93(PageImpl.java:1553)
at com.microsoft.playwright.impl.LoggingSupport.withLogging(LoggingSupport.java:47)
at com.microsoft.playwright.impl.ChannelOwner.withLogging(ChannelOwner.java:89)
at com.microsoft.playwright.impl.PageImpl.waitForSelector(PageImpl.java:1552)
at page.BMSPage.CTAdbomenBook(BMSPage.java:256)
at test.BMSTest.verifyCTAbdomenBook(BMSTest.java:88)
at java.base/jdk.internal.reflect.NativeMethodAccessorImpl.invoke0(Native Method)
at java.base/jdk.internal.reflect.NativeMethodAccessorImpl.invoke(NativeMethodAccessorImpl.java:77)
at java.base/jdk.internal.reflect.DelegatingMethodAccessorImpl.invoke(DelegatingMethodAccessorImpl.java:43)
at java.base/java.lang.reflect.Method.invoke(Method.java:568)
at org.testng.internal.invokers.MethodInvocationHelper.invokeMethod(MethodInvocationHelper.java:141)
at org.testng.internal.invokers.TestInvoker.invokeMethod(TestInvoker.java:686)
at org.testng.internal.invokers.TestInvoker.invokeTestMethod(TestInvoker.java:230)
at org.testng.internal.invokers.MethodRunner.runInSequence(MethodRunner.java:63)
at org.testng.internal.invokers.TestInvoker$MethodInvocationAgent.invoke(TestInvoker.java:992)
at org.testng.internal.invokers.TestInvoker.invokeTestMethods(TestInvoker.java:203)
at org.testng.internal.invokers.TestMethodWorker.invokeTestMethods(TestMethodWorker.java:154)
at org.testng.internal.invokers.TestMethodWorker.run(TestMethodWorker.java:134)
at java.base/java.util.ArrayList.forEach(ArrayList.java:1511)
at org.testng.TestRunner.privateRun(TestRunner.java:739)
at org.testng.TestRunner.run(TestRunner.java:614)
at org.testng.SuiteRunner.runTest(SuiteRunner.java:421)
at org.testng.SuiteRunner.runSequentially(SuiteRunner.java:413)
at org.testng.SuiteRunner.privateRun(SuiteRunner.java:373)
at org.testng.SuiteRunner.run(SuiteRunner.java:312)
at org.testng.SuiteRunnerWorker.runSuite(SuiteRunnerWorker.java:52)
at org.testng.SuiteRunnerWorker.run(SuiteRunnerWorker.java:95)
at org.testng.TestNG.runSuitesSequentially(TestNG.java:1274)
at org.testng.TestNG.runSuitesLocally(TestNG.java:1208)
at org.testng.TestNG.runSuites(TestNG.java:1112)
at org.testng.TestNG.run(TestNG.java:1079)
at org.testng.remote.AbstractRemoteTestNG.run(AbstractRemoteTestNG.java:115)
at org.testng.remote.RemoteTestNG.initAndRun(RemoteTestNG.java:293)
at org.testng.remote.RemoteTestNG.main(RemoteTestNG.java:91)
Caused by: com.microsoft.playwright.TimeoutError: Error {
  message='Timeout 30000ms exceeded.
  name='TimeoutError
  stack='TimeoutError: Timeout 30000ms exceeded.
    at ProgressController.run (C:\Users\HAIPPY~1\AppData\Local\Temp\playwright-java-12860961260305132035\package\lib\server\progress.js:78:26)
    at Frame.waitForSelector (C:\Users\HAIPPY~1\AppData\Local\Temp\playwright-java-12860961260305132035\package\lib\server\frames.js:619:23)
    at FrameDispatcher.waitForSelector (C:\Users\HAIPPY~1\AppData\Local\Temp\playwright-java-12860961260305132035\package\lib\server\dispatchers\frameDispatcher.js:105:103)
    at FrameDispatcher._handleCommand (C:\Users\HAIPPY~1\AppData\Local\Temp\playwright-java-12860961260305132035\package\lib\server\dispatchers\dispatcher.js:94:40)
    at DispatcherConnection.dispatch (C:\Users\HAIPPY~1\AppData\Local\Temp\playwright-java-12860961260305132035\package\lib\server\dispatchers\dispatcher.js:361:39)
}
Call log:
- waiting for locator("[role='button']:has-text('Proceed')") to be visible

at com.microsoft.playwright.impl.Connection.dispatch(Connection.java:254)
at com.microsoft.playwright.impl.Connection.processOneMessage(Connection.java:211)
at com.microsoft.playwright.impl.ChannelOwner.runUntil(ChannelOwner.java:118)
... 38 more
]]>
    </failure>
  </testcase> <!-- verifyCTAbdomenBook -->
  <testcase classname="test.BMSTest" name="verifyCTBrainBook" time="33.392">
    <failure type="com.microsoft.playwright.TimeoutError" message="Error {
  message=&amp;apos;Timeout 30000ms exceeded.
  name=&amp;apos;TimeoutError
  stack=&amp;apos;TimeoutError: Timeout 30000ms exceeded.
    at ProgressController.run (C:\Users\HAIPPY~1\AppData\Local\Temp\playwright-java-12860961260305132035\package\lib\server\progress.js:78:26)
    at Frame.fill (C:\Users\HAIPPY~1\AppData\Local\Temp\playwright-java-12860961260305132035\package\lib\server\frames.js:1057:23)
    at FrameDispatcher.fill (C:\Users\HAIPPY~1\AppData\Local\Temp\playwright-java-12860961260305132035\package\lib\server\dispatchers\frameDispatcher.js:169:30)
    at FrameDispatcher._handleCommand (C:\Users\HAIPPY~1\AppData\Local\Temp\playwright-java-12860961260305132035\package\lib\server\dispatchers\dispatcher.js:94:40)
    at DispatcherConnection.dispatch (C:\Users\HAIPPY~1\AppData\Local\Temp\playwright-java-12860961260305132035\package\lib\server\dispatchers\dispatcher.js:361:39)
}
Call log:
- waiting for getByPlaceholder(&amp;quot;Enter Full Name&amp;quot;)
-   locator resolved to &amp;lt;input readonly type=&amp;quot;text&amp;quot; value=&amp;quot;CTAbdomenTest&amp;quot; placeholder=&amp;quot;Enter Full Name&amp;quot; class=&amp;quot;MuiInputBase-input MuiInput-input MuiInputBase-inputAdornedStart Mui-readOnly MuiInputBase-readOnly css-mnn31&amp;quot;/&amp;gt;
-   fill(&amp;quot;SIYADCTBRAIN&amp;quot;)
- attempting fill action
-   waiting for element to be visible, enabled and editable
-   element is not editable
- retrying fill action, attempt #1
-   waiting for element to be visible, enabled and editable
-   element is not editable
- retrying fill action, attempt #2
-   waiting 20ms
-   waiting for element to be visible, enabled and editable
-   element is not editable
- retrying fill action, attempt #3
-   waiting 100ms
-   waiting for element to be visible, enabled and editable
-   element is not editable
- retrying fill action, attempt #4
-   waiting 100ms
-   waiting for element to be visible, enabled and editable
-   element is not editable
- retrying fill action, attempt #5
-   waiting 500ms
-   waiting for element to be visible, enabled and editable
-   element is not editable
- retrying fill action, attempt #6
-   waiting 500ms
-   waiting for element to be visible, enabled and editable
-   element is not editable
- retrying fill action, attempt #7
-   waiting 500ms
-   waiting for element to be visible, enabled and editable
-   element is not editable
- retrying fill action, attempt #8
-   waiting 500ms
-   waiting for element to be visible, enabled and editable
-   element is not editable
- retrying fill action, attempt #9
-   waiting 500ms
-   waiting for element to be visible, enabled and editable
-   element is not editable
- retrying fill action, attempt #10
-   waiting 500ms
-   waiting for element to be visible, enabled and editable
-   element is not editable
- retrying fill action, attempt #11
-   waiting 500ms
-   waiting for element to be visible, enabled and editable
-   element is not editable
- retrying fill action, attempt #12
-   waiting 500ms
-   waiting for element to be visible, enabled and editable
-   element is not editable
- retrying fill action, attempt #13
-   waiting 500ms
-   waiting for element to be visible, enabled and editable
-   element is not editable
- retrying fill action, attempt #14
-   waiting 500ms
-   waiting for element to be visible, enabled and editable
-   element is not editable
- retrying fill action, attempt #15
-   waiting 500ms
-   waiting for element to be visible, enabled and editable
-   element is not editable
- retrying fill action, attempt #16
-   waiting 500ms
-   waiting for element to be visible, enabled and editable
-   element is not editable
- retrying fill action, attempt #17
-   waiting 500ms
-   waiting for element to be visible, enabled and editable
-   element is not editable
- retrying fill action, attempt #18
-   waiting 500ms
-   waiting for element to be visible, enabled and editable
-   element is not editable
- retrying fill action, attempt #19
-   waiting 500ms
-   waiting for element to be visible, enabled and editable
-   element is not editable
- retrying fill action, attempt #20
-   waiting 500ms
-   waiting for element to be visible, enabled and editable
-   element is not editable
- retrying fill action, attempt #21
-   waiting 500ms
-   waiting for element to be visible, enabled and editable
-   element is not editable
- retrying fill action, attempt #22
-   waiting 500ms
-   waiting for element to be visible, enabled and editable
-   element is not editable
- retrying fill action, attempt #23
-   waiting 500ms
-   waiting for element to be visible, enabled and editable
-   element is not editable
- retrying fill action, attempt #24
-   waiting 500ms
-   waiting for element to be visible, enabled and editable
-   element is not editable
- retrying fill action, attempt #25
-   waiting 500ms
-   waiting for element to be visible, enabled and editable
-   element is not editable
- retrying fill action, attempt #26
-   waiting 500ms
-   waiting for element to be visible, enabled and editable
-   element is not editable
- retrying fill action, attempt #27
-   waiting 500ms
-   waiting for element to be visible, enabled and editable
-   element is not editable
- retrying fill action, attempt #28
-   waiting 500ms
-   waiting for element to be visible, enabled and editable
-   element is not editable
- retrying fill action, attempt #29
-   waiting 500ms
-   waiting for element to be visible, enabled and editable
-   element is not editable
- retrying fill action, attempt #30
-   waiting 500ms
-   waiting for element to be visible, enabled and editable
-   element is not editable
- retrying fill action, attempt #31
-   waiting 500ms
-   waiting for element to be visible, enabled and editable
-   element is not editable
- retrying fill action, attempt #32
-   waiting 500ms
-   waiting for element to be visible, enabled and editable
-   element is not editable
- retrying fill action, attempt #33
-   waiting 500ms
-   waiting for element to be visible, enabled and editable
-   element is not editable
- retrying fill action, attempt #34
-   waiting 500ms
-   waiting for element to be visible, enabled and editable
-   element is not editable
- retrying fill action, attempt #35
-   waiting 500ms
-   waiting for element to be visible, enabled and editable
-   element is not editable
- retrying fill action, attempt #36
-   waiting 500ms
-   waiting for element to be visible, enabled and editable
-   element is not editable
- retrying fill action, attempt #37
-   waiting 500ms
-   waiting for element to be visible, enabled and editable
-   element is not editable
- retrying fill action, attempt #38
-   waiting 500ms
-   waiting for element to be visible, enabled and editable
-   element is not editable
- retrying fill action, attempt #39
-   waiting 500ms
-   waiting for element to be visible, enabled and editable
-   element is not editable
- retrying fill action, attempt #40
-   waiting 500ms
-   waiting for element to be visible, enabled and editable
-   element is not editable
- retrying fill action, attempt #41
-   waiting 500ms
-   waiting for element to be visible, enabled and editable
-   element is not editable
- retrying fill action, attempt #42
-   waiting 500ms
-   waiting for element to be visible, enabled and editable
-   element is not editable
- retrying fill action, attempt #43
-   waiting 500ms
-   waiting for element to be visible, enabled and editable
-   element is not editable
- retrying fill action, attempt #44
-   waiting 500ms
-   waiting for element to be visible, enabled and editable
-   element is not editable
- retrying fill action, attempt #45
-   waiting 500ms
-   waiting for element to be visible, enabled and editable
-   element is not editable
- retrying fill action, attempt #46
-   waiting 500ms
-   waiting for element to be visible, enabled and editable
-   element is not editable
- retrying fill action, attempt #47
-   waiting 500ms
-   waiting for element to be visible, enabled and editable
-   element is not editable
- retrying fill action, attempt #48
-   waiting 500ms
-   waiting for element to be visible, enabled and editable
-   element is not editable
- retrying fill action, attempt #49
-   waiting 500ms
-   waiting for element to be visible, enabled and editable
-   element is not editable
- retrying fill action, attempt #50
-   waiting 500ms
-   waiting for element to be visible, enabled and editable
-   element is not editable
- retrying fill action, attempt #51
-   waiting 500ms
-   waiting for element to be visible, enabled and editable
-   element is not editable
- retrying fill action, attempt #52
-   waiting 500ms
-   waiting for element to be visible, enabled and editable
-   element is not editable
- retrying fill action, attempt #53
-   waiting 500ms
-   waiting for element to be visible, enabled and editable
-   element is not editable
- retrying fill action, attempt #54
-   waiting 500ms
-   waiting for element to be visible, enabled and editable
-   element is not editable
- retrying fill action, attempt #55
-   waiting 500ms
-   waiting for element to be visible, enabled and editable
-   element is not editable
- retrying fill action, attempt #56
-   waiting 500ms
-   waiting for element to be visible, enabled and editable
-   element is not editable
- retrying fill action, attempt #57
-   waiting 500ms
-   waiting for element to be visible, enabled and editable
-   element is not editable
- retrying fill action, attempt #58
-   waiting 500ms
-   waiting for element to be visible, enabled and editable
-   element is not editable
- retrying fill action, attempt #59
-   waiting 500ms
-   waiting for element to be visible, enabled and editable
-   element is not editable
- retrying fill action, attempt #60
-   waiting 500ms
-   waiting for element to be visible, enabled and editable
-   element is not editable
- retrying fill action, attempt #61
-   waiting 500ms
-   waiting for element to be visible, enabled and editable
-   element is not editable
- retrying fill action, attempt #62
-   waiting 500ms
">
      <![CDATA[com.microsoft.playwright.TimeoutError: Error {
  message='Timeout 30000ms exceeded.
  name='TimeoutError
  stack='TimeoutError: Timeout 30000ms exceeded.
    at ProgressController.run (C:\Users\HAIPPY~1\AppData\Local\Temp\playwright-java-12860961260305132035\package\lib\server\progress.js:78:26)
    at Frame.fill (C:\Users\HAIPPY~1\AppData\Local\Temp\playwright-java-12860961260305132035\package\lib\server\frames.js:1057:23)
    at FrameDispatcher.fill (C:\Users\HAIPPY~1\AppData\Local\Temp\playwright-java-12860961260305132035\package\lib\server\dispatchers\frameDispatcher.js:169:30)
    at FrameDispatcher._handleCommand (C:\Users\HAIPPY~1\AppData\Local\Temp\playwright-java-12860961260305132035\package\lib\server\dispatchers\dispatcher.js:94:40)
    at DispatcherConnection.dispatch (C:\Users\HAIPPY~1\AppData\Local\Temp\playwright-java-12860961260305132035\package\lib\server\dispatchers\dispatcher.js:361:39)
}
Call log:
- waiting for getByPlaceholder("Enter Full Name")
-   locator resolved to <input readonly type="text" value="CTAbdomenTest" placeholder="Enter Full Name" class="MuiInputBase-input MuiInput-input MuiInputBase-inputAdornedStart Mui-readOnly MuiInputBase-readOnly css-mnn31"/>
-   fill("SIYADCTBRAIN")
- attempting fill action
-   waiting for element to be visible, enabled and editable
-   element is not editable
- retrying fill action, attempt #1
-   waiting for element to be visible, enabled and editable
-   element is not editable
- retrying fill action, attempt #2
-   waiting 20ms
-   waiting for element to be visible, enabled and editable
-   element is not editable
- retrying fill action, attempt #3
-   waiting 100ms
-   waiting for element to be visible, enabled and editable
-   element is not editable
- retrying fill action, attempt #4
-   waiting 100ms
-   waiting for element to be visible, enabled and editable
-   element is not editable
- retrying fill action, attempt #5
-   waiting 500ms
-   waiting for element to be visible, enabled and editable
-   element is not editable
- retrying fill action, attempt #6
-   waiting 500ms
-   waiting for element to be visible, enabled and editable
-   element is not editable
- retrying fill action, attempt #7
-   waiting 500ms
-   waiting for element to be visible, enabled and editable
-   element is not editable
- retrying fill action, attempt #8
-   waiting 500ms
-   waiting for element to be visible, enabled and editable
-   element is not editable
- retrying fill action, attempt #9
-   waiting 500ms
-   waiting for element to be visible, enabled and editable
-   element is not editable
- retrying fill action, attempt #10
-   waiting 500ms
-   waiting for element to be visible, enabled and editable
-   element is not editable
- retrying fill action, attempt #11
-   waiting 500ms
-   waiting for element to be visible, enabled and editable
-   element is not editable
- retrying fill action, attempt #12
-   waiting 500ms
-   waiting for element to be visible, enabled and editable
-   element is not editable
- retrying fill action, attempt #13
-   waiting 500ms
-   waiting for element to be visible, enabled and editable
-   element is not editable
- retrying fill action, attempt #14
-   waiting 500ms
-   waiting for element to be visible, enabled and editable
-   element is not editable
- retrying fill action, attempt #15
-   waiting 500ms
-   waiting for element to be visible, enabled and editable
-   element is not editable
- retrying fill action, attempt #16
-   waiting 500ms
-   waiting for element to be visible, enabled and editable
-   element is not editable
- retrying fill action, attempt #17
-   waiting 500ms
-   waiting for element to be visible, enabled and editable
-   element is not editable
- retrying fill action, attempt #18
-   waiting 500ms
-   waiting for element to be visible, enabled and editable
-   element is not editable
- retrying fill action, attempt #19
-   waiting 500ms
-   waiting for element to be visible, enabled and editable
-   element is not editable
- retrying fill action, attempt #20
-   waiting 500ms
-   waiting for element to be visible, enabled and editable
-   element is not editable
- retrying fill action, attempt #21
-   waiting 500ms
-   waiting for element to be visible, enabled and editable
-   element is not editable
- retrying fill action, attempt #22
-   waiting 500ms
-   waiting for element to be visible, enabled and editable
-   element is not editable
- retrying fill action, attempt #23
-   waiting 500ms
-   waiting for element to be visible, enabled and editable
-   element is not editable
- retrying fill action, attempt #24
-   waiting 500ms
-   waiting for element to be visible, enabled and editable
-   element is not editable
- retrying fill action, attempt #25
-   waiting 500ms
-   waiting for element to be visible, enabled and editable
-   element is not editable
- retrying fill action, attempt #26
-   waiting 500ms
-   waiting for element to be visible, enabled and editable
-   element is not editable
- retrying fill action, attempt #27
-   waiting 500ms
-   waiting for element to be visible, enabled and editable
-   element is not editable
- retrying fill action, attempt #28
-   waiting 500ms
-   waiting for element to be visible, enabled and editable
-   element is not editable
- retrying fill action, attempt #29
-   waiting 500ms
-   waiting for element to be visible, enabled and editable
-   element is not editable
- retrying fill action, attempt #30
-   waiting 500ms
-   waiting for element to be visible, enabled and editable
-   element is not editable
- retrying fill action, attempt #31
-   waiting 500ms
-   waiting for element to be visible, enabled and editable
-   element is not editable
- retrying fill action, attempt #32
-   waiting 500ms
-   waiting for element to be visible, enabled and editable
-   element is not editable
- retrying fill action, attempt #33
-   waiting 500ms
-   waiting for element to be visible, enabled and editable
-   element is not editable
- retrying fill action, attempt #34
-   waiting 500ms
-   waiting for element to be visible, enabled and editable
-   element is not editable
- retrying fill action, attempt #35
-   waiting 500ms
-   waiting for element to be visible, enabled and editable
-   element is not editable
- retrying fill action, attempt #36
-   waiting 500ms
-   waiting for element to be visible, enabled and editable
-   element is not editable
- retrying fill action, attempt #37
-   waiting 500ms
-   waiting for element to be visible, enabled and editable
-   element is not editable
- retrying fill action, attempt #38
-   waiting 500ms
-   waiting for element to be visible, enabled and editable
-   element is not editable
- retrying fill action, attempt #39
-   waiting 500ms
-   waiting for element to be visible, enabled and editable
-   element is not editable
- retrying fill action, attempt #40
-   waiting 500ms
-   waiting for element to be visible, enabled and editable
-   element is not editable
- retrying fill action, attempt #41
-   waiting 500ms
-   waiting for element to be visible, enabled and editable
-   element is not editable
- retrying fill action, attempt #42
-   waiting 500ms
-   waiting for element to be visible, enabled and editable
-   element is not editable
- retrying fill action, attempt #43
-   waiting 500ms
-   waiting for element to be visible, enabled and editable
-   element is not editable
- retrying fill action, attempt #44
-   waiting 500ms
-   waiting for element to be visible, enabled and editable
-   element is not editable
- retrying fill action, attempt #45
-   waiting 500ms
-   waiting for element to be visible, enabled and editable
-   element is not editable
- retrying fill action, attempt #46
-   waiting 500ms
-   waiting for element to be visible, enabled and editable
-   element is not editable
- retrying fill action, attempt #47
-   waiting 500ms
-   waiting for element to be visible, enabled and editable
-   element is not editable
- retrying fill action, attempt #48
-   waiting 500ms
-   waiting for element to be visible, enabled and editable
-   element is not editable
- retrying fill action, attempt #49
-   waiting 500ms
-   waiting for element to be visible, enabled and editable
-   element is not editable
- retrying fill action, attempt #50
-   waiting 500ms
-   waiting for element to be visible, enabled and editable
-   element is not editable
- retrying fill action, attempt #51
-   waiting 500ms
-   waiting for element to be visible, enabled and editable
-   element is not editable
- retrying fill action, attempt #52
-   waiting 500ms
-   waiting for element to be visible, enabled and editable
-   element is not editable
- retrying fill action, attempt #53
-   waiting 500ms
-   waiting for element to be visible, enabled and editable
-   element is not editable
- retrying fill action, attempt #54
-   waiting 500ms
-   waiting for element to be visible, enabled and editable
-   element is not editable
- retrying fill action, attempt #55
-   waiting 500ms
-   waiting for element to be visible, enabled and editable
-   element is not editable
- retrying fill action, attempt #56
-   waiting 500ms
-   waiting for element to be visible, enabled and editable
-   element is not editable
- retrying fill action, attempt #57
-   waiting 500ms
-   waiting for element to be visible, enabled and editable
-   element is not editable
- retrying fill action, attempt #58
-   waiting 500ms
-   waiting for element to be visible, enabled and editable
-   element is not editable
- retrying fill action, attempt #59
-   waiting 500ms
-   waiting for element to be visible, enabled and editable
-   element is not editable
- retrying fill action, attempt #60
-   waiting 500ms
-   waiting for element to be visible, enabled and editable
-   element is not editable
- retrying fill action, attempt #61
-   waiting 500ms
-   waiting for element to be visible, enabled and editable
-   element is not editable
- retrying fill action, attempt #62
-   waiting 500ms

at com.microsoft.playwright.impl.WaitableResult.get(WaitableResult.java:52)
at com.microsoft.playwright.impl.ChannelOwner.runUntil(ChannelOwner.java:120)
at com.microsoft.playwright.impl.Connection.sendMessage(Connection.java:130)
at com.microsoft.playwright.impl.ChannelOwner.sendMessage(ChannelOwner.java:106)
at com.microsoft.playwright.impl.FrameImpl.fillImpl(FrameImpl.java:335)
at com.microsoft.playwright.impl.FrameImpl.lambda$fill$14(FrameImpl.java:325)
at com.microsoft.playwright.impl.LoggingSupport.lambda$withLogging$0(LoggingSupport.java:36)
at com.microsoft.playwright.impl.LoggingSupport.withLogging(LoggingSupport.java:47)
at com.microsoft.playwright.impl.ChannelOwner.withLogging(ChannelOwner.java:89)
at com.microsoft.playwright.impl.LoggingSupport.withLogging(LoggingSupport.java:35)
at com.microsoft.playwright.impl.FrameImpl.fill(FrameImpl.java:325)
at com.microsoft.playwright.impl.LocatorImpl.fill(LocatorImpl.java:235)
at com.microsoft.playwright.Locator.fill(Locator.java:2988)
at page.BMSPage.CTBrainScanBook(BMSPage.java:269)
at test.BMSTest.verifyCTBrainBook(BMSTest.java:93)
at java.base/jdk.internal.reflect.NativeMethodAccessorImpl.invoke0(Native Method)
at java.base/jdk.internal.reflect.NativeMethodAccessorImpl.invoke(NativeMethodAccessorImpl.java:77)
at java.base/jdk.internal.reflect.DelegatingMethodAccessorImpl.invoke(DelegatingMethodAccessorImpl.java:43)
at java.base/java.lang.reflect.Method.invoke(Method.java:568)
at org.testng.internal.invokers.MethodInvocationHelper.invokeMethod(MethodInvocationHelper.java:141)
at org.testng.internal.invokers.TestInvoker.invokeMethod(TestInvoker.java:686)
at org.testng.internal.invokers.TestInvoker.invokeTestMethod(TestInvoker.java:230)
at org.testng.internal.invokers.MethodRunner.runInSequence(MethodRunner.java:63)
at org.testng.internal.invokers.TestInvoker$MethodInvocationAgent.invoke(TestInvoker.java:992)
at org.testng.internal.invokers.TestInvoker.invokeTestMethods(TestInvoker.java:203)
at org.testng.internal.invokers.TestMethodWorker.invokeTestMethods(TestMethodWorker.java:154)
at org.testng.internal.invokers.TestMethodWorker.run(TestMethodWorker.java:134)
at java.base/java.util.ArrayList.forEach(ArrayList.java:1511)
at org.testng.TestRunner.privateRun(TestRunner.java:739)
at org.testng.TestRunner.run(TestRunner.java:614)
at org.testng.SuiteRunner.runTest(SuiteRunner.java:421)
at org.testng.SuiteRunner.runSequentially(SuiteRunner.java:413)
at org.testng.SuiteRunner.privateRun(SuiteRunner.java:373)
at org.testng.SuiteRunner.run(SuiteRunner.java:312)
at org.testng.SuiteRunnerWorker.runSuite(SuiteRunnerWorker.java:52)
at org.testng.SuiteRunnerWorker.run(SuiteRunnerWorker.java:95)
at org.testng.TestNG.runSuitesSequentially(TestNG.java:1274)
at org.testng.TestNG.runSuitesLocally(TestNG.java:1208)
at org.testng.TestNG.runSuites(TestNG.java:1112)
at org.testng.TestNG.run(TestNG.java:1079)
at org.testng.remote.AbstractRemoteTestNG.run(AbstractRemoteTestNG.java:115)
at org.testng.remote.RemoteTestNG.initAndRun(RemoteTestNG.java:293)
at org.testng.remote.RemoteTestNG.main(RemoteTestNG.java:91)
Caused by: com.microsoft.playwright.TimeoutError: Error {
  message='Timeout 30000ms exceeded.
  name='TimeoutError
  stack='TimeoutError: Timeout 30000ms exceeded.
    at ProgressController.run (C:\Users\HAIPPY~1\AppData\Local\Temp\playwright-java-12860961260305132035\package\lib\server\progress.js:78:26)
    at Frame.fill (C:\Users\HAIPPY~1\AppData\Local\Temp\playwright-java-12860961260305132035\package\lib\server\frames.js:1057:23)
    at FrameDispatcher.fill (C:\Users\HAIPPY~1\AppData\Local\Temp\playwright-java-12860961260305132035\package\lib\server\dispatchers\frameDispatcher.js:169:30)
    at FrameDispatcher._handleCommand (C:\Users\HAIPPY~1\AppData\Local\Temp\playwright-java-12860961260305132035\package\lib\server\dispatchers\dispatcher.js:94:40)
    at DispatcherConnection.dispatch (C:\Users\HAIPPY~1\AppData\Local\Temp\playwright-java-12860961260305132035\package\lib\server\dispatchers\dispatcher.js:361:39)
}
Call log:
- waiting for getByPlaceholder("Enter Full Name")
-   locator resolved to <input readonly type="text" value="CTAbdomenTest" placeholder="Enter Full Name" class="MuiInputBase-input MuiInput-input MuiInputBase-inputAdornedStart Mui-readOnly MuiInputBase-readOnly css-mnn31"/>
-   fill("SIYADCTBRAIN")
- attempting fill action
-   waiting for element to be visible, enabled and editable
-   element is not editable
- retrying fill action, attempt #1
-   waiting for element to be visible, enabled and editable
-   element is not editable
- retrying fill action, attempt #2
-   waiting 20ms
-   waiting for element to be visible, enabled and editable
-   element is not editable
- retrying fill action, attempt #3
-   waiting 100ms
-   waiting for element to be visible, enabled and editable
-   element is not editable
- retrying fill action, attempt #4
-   waiting 100ms
-   waiting for element to be visible, enabled and editable
-   element is not editable
- retrying fill action, attempt #5
-   waiting 500ms
-   waiting for element to be visible, enabled and editable
-   element is not editable
- retrying fill action, attempt #6
-   waiting 500ms
-   waiting for element to be visible, enabled and editable
-   element is not editable
- retrying fill action, attempt #7
-   waiting 500ms
-   waiting for element to be visible, enabled and editable
-   element is not editable
- retrying fill action, attempt #8
-   waiting 500ms
-   waiting for element to be visible, enabled and editable
-   element is not editable
- retrying fill action, attempt #9
-   waiting 500ms
-   waiting for element to be visible, enabled and editable
-   element is not editable
- retrying fill action, attempt #10
-   waiting 500ms
-   waiting for element to be visible, enabled and editable
-   element is not editable
- retrying fill action, attempt #11
-   waiting 500ms
-   waiting for element to be visible, enabled and editable
-   element is not editable
- retrying fill action, attempt #12
-   waiting 500ms
-   waiting for element to be visible, enabled and editable
-   element is not editable
- retrying fill action, attempt #13
-   waiting 500ms
-   waiting for element to be visible, enabled and editable
-   element is not editable
- retrying fill action, attempt #14
-   waiting 500ms
-   waiting for element to be visible, enabled and editable
-   element is not editable
- retrying fill action, attempt #15
-   waiting 500ms
-   waiting for element to be visible, enabled and editable
-   element is not editable
- retrying fill action, attempt #16
-   waiting 500ms
-   waiting for element to be visible, enabled and editable
-   element is not editable
- retrying fill action, attempt #17
-   waiting 500ms
-   waiting for element to be visible, enabled and editable
-   element is not editable
- retrying fill action, attempt #18
-   waiting 500ms
-   waiting for element to be visible, enabled and editable
-   element is not editable
- retrying fill action, attempt #19
-   waiting 500ms
-   waiting for element to be visible, enabled and editable
-   element is not editable
- retrying fill action, attempt #20
-   waiting 500ms
-   waiting for element to be visible, enabled and editable
-   element is not editable
- retrying fill action, attempt #21
-   waiting 500ms
-   waiting for element to be visible, enabled and editable
-   element is not editable
- retrying fill action, attempt #22
-   waiting 500ms
-   waiting for element to be visible, enabled and editable
-   element is not editable
- retrying fill action, attempt #23
-   waiting 500ms
-   waiting for element to be visible, enabled and editable
-   element is not editable
- retrying fill action, attempt #24
-   waiting 500ms
-   waiting for element to be visible, enabled and editable
-   element is not editable
- retrying fill action, attempt #25
-   waiting 500ms
-   waiting for element to be visible, enabled and editable
-   element is not editable
- retrying fill action, attempt #26
-   waiting 500ms
-   waiting for element to be visible, enabled and editable
-   element is not editable
- retrying fill action, attempt #27
-   waiting 500ms
-   waiting for element to be visible, enabled and editable
-   element is not editable
- retrying fill action, attempt #28
-   waiting 500ms
-   waiting for element to be visible, enabled and editable
-   element is not editable
- retrying fill action, attempt #29
-   waiting 500ms
-   waiting for element to be visible, enabled and editable
-   element is not editable
- retrying fill action, attempt #30
-   waiting 500ms
-   waiting for element to be visible, enabled and editable
-   element is not editable
- retrying fill action, attempt #31
-   waiting 500ms
-   waiting for element to be visible, enabled and editable
-   element is not editable
- retrying fill action, attempt #32
-   waiting 500ms
-   waiting for element to be visible, enabled and editable
-   element is not editable
- retrying fill action, attempt #33
-   waiting 500ms
-   waiting for element to be visible, enabled and editable
-   element is not editable
- retrying fill action, attempt #34
-   waiting 500ms
-   waiting for element to be visible, enabled and editable
-   element is not editable
- retrying fill action, attempt #35
-   waiting 500ms
-   waiting for element to be visible, enabled and editable
-   element is not editable
- retrying fill action, attempt #36
-   waiting 500ms
-   waiting for element to be visible, enabled and editable
-   element is not editable
- retrying fill action, attempt #37
-   waiting 500ms
-   waiting for element to be visible, enabled and editable
-   element is not editable
- retrying fill action, attempt #38
-   waiting 500ms
-   waiting for element to be visible, enabled and editable
-   element is not editable
- retrying fill action, attempt #39
-   waiting 500ms
-   waiting for element to be visible, enabled and editable
-   element is not editable
- retrying fill action, attempt #40
-   waiting 500ms
-   waiting for element to be visible, enabled and editable
-   element is not editable
- retrying fill action, attempt #41
-   waiting 500ms
-   waiting for element to be visible, enabled and editable
-   element is not editable
- retrying fill action, attempt #42
-   waiting 500ms
-   waiting for element to be visible, enabled and editable
-   element is not editable
- retrying fill action, attempt #43
-   waiting 500ms
-   waiting for element to be visible, enabled and editable
-   element is not editable
- retrying fill action, attempt #44
-   waiting 500ms
-   waiting for element to be visible, enabled and editable
-   element is not editable
- retrying fill action, attempt #45
-   waiting 500ms
-   waiting for element to be visible, enabled and editable
-   element is not editable
- retrying fill action, attempt #46
-   waiting 500ms
-   waiting for element to be visible, enabled and editable
-   element is not editable
- retrying fill action, attempt #47
-   waiting 500ms
-   waiting for element to be visible, enabled and editable
-   element is not editable
- retrying fill action, attempt #48
-   waiting 500ms
-   waiting for element to be visible, enabled and editable
-   element is not editable
- retrying fill action, attempt #49
-   waiting 500ms
-   waiting for element to be visible, enabled and editable
-   element is not editable
- retrying fill action, attempt #50
-   waiting 500ms
-   waiting for element to be visible, enabled and editable
-   element is not editable
- retrying fill action, attempt #51
-   waiting 500ms
-   waiting for element to be visible, enabled and editable
-   element is not editable
- retrying fill action, attempt #52
-   waiting 500ms
-   waiting for element to be visible, enabled and editable
-   element is not editable
- retrying fill action, attempt #53
-   waiting 500ms
-   waiting for element to be visible, enabled and editable
-   element is not editable
- retrying fill action, attempt #54
-   waiting 500ms
-   waiting for element to be visible, enabled and editable
-   element is not editable
- retrying fill action, attempt #55
-   waiting 500ms
-   waiting for element to be visible, enabled and editable
-   element is not editable
- retrying fill action, attempt #56
-   waiting 500ms
-   waiting for element to be visible, enabled and editable
-   element is not editable
- retrying fill action, attempt #57
-   waiting 500ms
-   waiting for element to be visible, enabled and editable
-   element is not editable
- retrying fill action, attempt #58
-   waiting 500ms
-   waiting for element to be visible, enabled and editable
-   element is not editable
- retrying fill action, attempt #59
-   waiting 500ms
-   waiting for element to be visible, enabled and editable
-   element is not editable
- retrying fill action, attempt #60
-   waiting 500ms
-   waiting for element to be visible, enabled and editable
-   element is not editable
- retrying fill action, attempt #61
-   waiting 500ms
-   waiting for element to be visible, enabled and editable
-   element is not editable
- retrying fill action, attempt #62
-   waiting 500ms

at com.microsoft.playwright.impl.Connection.dispatch(Connection.java:254)
at com.microsoft.playwright.impl.Connection.processOneMessage(Connection.java:211)
at com.microsoft.playwright.impl.ChannelOwner.runUntil(ChannelOwner.java:118)
... 41 more
]]>
    </failure>
  </testcase> <!-- verifyCTBrainBook -->
  <testcase classname="test.BMSTest" name="verifyCTChestBook" time="33.31">
    <failure type="com.microsoft.playwright.TimeoutError" message="Error {
  message=&amp;apos;Timeout 30000ms exceeded.
  name=&amp;apos;TimeoutError
  stack=&amp;apos;TimeoutError: Timeout 30000ms exceeded.
    at ProgressController.run (C:\Users\HAIPPY~1\AppData\Local\Temp\playwright-java-12860961260305132035\package\lib\server\progress.js:78:26)
    at Frame.fill (C:\Users\HAIPPY~1\AppData\Local\Temp\playwright-java-12860961260305132035\package\lib\server\frames.js:1057:23)
    at FrameDispatcher.fill (C:\Users\HAIPPY~1\AppData\Local\Temp\playwright-java-12860961260305132035\package\lib\server\dispatchers\frameDispatcher.js:169:30)
    at FrameDispatcher._handleCommand (C:\Users\HAIPPY~1\AppData\Local\Temp\playwright-java-12860961260305132035\package\lib\server\dispatchers\dispatcher.js:94:40)
    at DispatcherConnection.dispatch (C:\Users\HAIPPY~1\AppData\Local\Temp\playwright-java-12860961260305132035\package\lib\server\dispatchers\dispatcher.js:361:39)
}
Call log:
- waiting for getByPlaceholder(&amp;quot;Enter Full Name&amp;quot;)
-   locator resolved to &amp;lt;input readonly type=&amp;quot;text&amp;quot; value=&amp;quot;CTAbdomenTest&amp;quot; placeholder=&amp;quot;Enter Full Name&amp;quot; class=&amp;quot;MuiInputBase-input MuiInput-input MuiInputBase-inputAdornedStart Mui-readOnly MuiInputBase-readOnly css-mnn31&amp;quot;/&amp;gt;
-   fill(&amp;quot;SIYADCTCHEST&amp;quot;)
- attempting fill action
-   waiting for element to be visible, enabled and editable
-   element is not editable
- retrying fill action, attempt #1
-   waiting for element to be visible, enabled and editable
-   element is not editable
- retrying fill action, attempt #2
-   waiting 20ms
-   waiting for element to be visible, enabled and editable
-   element is not editable
- retrying fill action, attempt #3
-   waiting 100ms
-   waiting for element to be visible, enabled and editable
-   element is not editable
- retrying fill action, attempt #4
-   waiting 100ms
-   waiting for element to be visible, enabled and editable
-   element is not editable
- retrying fill action, attempt #5
-   waiting 500ms
-   waiting for element to be visible, enabled and editable
-   element is not editable
- retrying fill action, attempt #6
-   waiting 500ms
-   waiting for element to be visible, enabled and editable
-   element is not editable
- retrying fill action, attempt #7
-   waiting 500ms
-   waiting for element to be visible, enabled and editable
-   element is not editable
- retrying fill action, attempt #8
-   waiting 500ms
-   waiting for element to be visible, enabled and editable
-   element is not editable
- retrying fill action, attempt #9
-   waiting 500ms
-   waiting for element to be visible, enabled and editable
-   element is not editable
- retrying fill action, attempt #10
-   waiting 500ms
-   waiting for element to be visible, enabled and editable
-   element is not editable
- retrying fill action, attempt #11
-   waiting 500ms
-   waiting for element to be visible, enabled and editable
-   element is not editable
- retrying fill action, attempt #12
-   waiting 500ms
-   waiting for element to be visible, enabled and editable
-   element is not editable
- retrying fill action, attempt #13
-   waiting 500ms
-   waiting for element to be visible, enabled and editable
-   element is not editable
- retrying fill action, attempt #14
-   waiting 500ms
-   waiting for element to be visible, enabled and editable
-   element is not editable
- retrying fill action, attempt #15
-   waiting 500ms
-   waiting for element to be visible, enabled and editable
-   element is not editable
- retrying fill action, attempt #16
-   waiting 500ms
-   waiting for element to be visible, enabled and editable
-   element is not editable
- retrying fill action, attempt #17
-   waiting 500ms
-   waiting for element to be visible, enabled and editable
-   element is not editable
- retrying fill action, attempt #18
-   waiting 500ms
-   waiting for element to be visible, enabled and editable
-   element is not editable
- retrying fill action, attempt #19
-   waiting 500ms
-   waiting for element to be visible, enabled and editable
-   element is not editable
- retrying fill action, attempt #20
-   waiting 500ms
-   waiting for element to be visible, enabled and editable
-   element is not editable
- retrying fill action, attempt #21
-   waiting 500ms
-   waiting for element to be visible, enabled and editable
-   element is not editable
- retrying fill action, attempt #22
-   waiting 500ms
-   waiting for element to be visible, enabled and editable
-   element is not editable
- retrying fill action, attempt #23
-   waiting 500ms
-   waiting for element to be visible, enabled and editable
-   element is not editable
- retrying fill action, attempt #24
-   waiting 500ms
-   waiting for element to be visible, enabled and editable
-   element is not editable
- retrying fill action, attempt #25
-   waiting 500ms
-   waiting for element to be visible, enabled and editable
-   element is not editable
- retrying fill action, attempt #26
-   waiting 500ms
-   waiting for element to be visible, enabled and editable
-   element is not editable
- retrying fill action, attempt #27
-   waiting 500ms
-   waiting for element to be visible, enabled and editable
-   element is not editable
- retrying fill action, attempt #28
-   waiting 500ms
-   waiting for element to be visible, enabled and editable
-   element is not editable
- retrying fill action, attempt #29
-   waiting 500ms
-   waiting for element to be visible, enabled and editable
-   element is not editable
- retrying fill action, attempt #30
-   waiting 500ms
-   waiting for element to be visible, enabled and editable
-   element is not editable
- retrying fill action, attempt #31
-   waiting 500ms
-   waiting for element to be visible, enabled and editable
-   element is not editable
- retrying fill action, attempt #32
-   waiting 500ms
-   waiting for element to be visible, enabled and editable
-   element is not editable
- retrying fill action, attempt #33
-   waiting 500ms
-   waiting for element to be visible, enabled and editable
-   element is not editable
- retrying fill action, attempt #34
-   waiting 500ms
-   waiting for element to be visible, enabled and editable
-   element is not editable
- retrying fill action, attempt #35
-   waiting 500ms
-   waiting for element to be visible, enabled and editable
-   element is not editable
- retrying fill action, attempt #36
-   waiting 500ms
-   waiting for element to be visible, enabled and editable
-   element is not editable
- retrying fill action, attempt #37
-   waiting 500ms
-   waiting for element to be visible, enabled and editable
-   element is not editable
- retrying fill action, attempt #38
-   waiting 500ms
-   waiting for element to be visible, enabled and editable
-   element is not editable
- retrying fill action, attempt #39
-   waiting 500ms
-   waiting for element to be visible, enabled and editable
-   element is not editable
- retrying fill action, attempt #40
-   waiting 500ms
-   waiting for element to be visible, enabled and editable
-   element is not editable
- retrying fill action, attempt #41
-   waiting 500ms
-   waiting for element to be visible, enabled and editable
-   element is not editable
- retrying fill action, attempt #42
-   waiting 500ms
-   waiting for element to be visible, enabled and editable
-   element is not editable
- retrying fill action, attempt #43
-   waiting 500ms
-   waiting for element to be visible, enabled and editable
-   element is not editable
- retrying fill action, attempt #44
-   waiting 500ms
-   waiting for element to be visible, enabled and editable
-   element is not editable
- retrying fill action, attempt #45
-   waiting 500ms
-   waiting for element to be visible, enabled and editable
-   element is not editable
- retrying fill action, attempt #46
-   waiting 500ms
-   waiting for element to be visible, enabled and editable
-   element is not editable
- retrying fill action, attempt #47
-   waiting 500ms
-   waiting for element to be visible, enabled and editable
-   element is not editable
- retrying fill action, attempt #48
-   waiting 500ms
-   waiting for element to be visible, enabled and editable
-   element is not editable
- retrying fill action, attempt #49
-   waiting 500ms
-   waiting for element to be visible, enabled and editable
-   element is not editable
- retrying fill action, attempt #50
-   waiting 500ms
-   waiting for element to be visible, enabled and editable
-   element is not editable
- retrying fill action, attempt #51
-   waiting 500ms
-   waiting for element to be visible, enabled and editable
-   element is not editable
- retrying fill action, attempt #52
-   waiting 500ms
-   waiting for element to be visible, enabled and editable
-   element is not editable
- retrying fill action, attempt #53
-   waiting 500ms
-   waiting for element to be visible, enabled and editable
-   element is not editable
- retrying fill action, attempt #54
-   waiting 500ms
-   waiting for element to be visible, enabled and editable
-   element is not editable
- retrying fill action, attempt #55
-   waiting 500ms
-   waiting for element to be visible, enabled and editable
-   element is not editable
- retrying fill action, attempt #56
-   waiting 500ms
-   waiting for element to be visible, enabled and editable
-   element is not editable
- retrying fill action, attempt #57
-   waiting 500ms
-   waiting for element to be visible, enabled and editable
-   element is not editable
- retrying fill action, attempt #58
-   waiting 500ms
[...]
- retrying click action, attempt #10
-   waiting 500ms
-   waiting for element to be visible, enabled and stable
-   element is visible, enabled and stable
-   scrolling into view if needed
-   done scrolling
-   <img alt="" src="https://bms-prod-2024.s3.ap-south-1.amazonaws.com/assets/book_package.svg"/> from <div role="presentation" class="MuiModal-root css-8ndowl">…</div> subtree intercepts pointer events
- retrying click action, attempt #11
-   waiting 500ms
-   waiting for element to be visible, enabled and stable
-   element is visible, enabled and stable
-   scrolling into view if needed
-   done scrolling
-   <div class="MuiBox-root css-vhe9au">…</div> from <div role="presentation" class="MuiModal-root css-8ndowl">…</div> subtree intercepts pointer events
- retrying click action, attempt #12
-   waiting 500ms
-   waiting for element to be visible, enabled and stable
-   element is visible, enabled and stable
-   scrolling into view if needed
-   done scrolling
-   <div class="MuiBox-root css-vhe9au">…</div> from <div role="presentation" class="MuiModal-root css-8ndowl">…</div> subtree intercepts pointer events
- retrying click action, attempt #13
-   waiting 500ms
-   waiting for element to be visible, enabled and stable
-   element is visible, enabled and stable
-   scrolling into view if needed
-   done scrolling
-   <div class="MuiBox-root css-vhe9au">…</div> from <div role="presentation" class="MuiModal-root css-8ndowl">…</div> subtree intercepts pointer events
- retrying click action, attempt #14
-   waiting 500ms
-   waiting for element to be visible, enabled and stable
-   element is visible, enabled and stable
-   scrolling into view if needed
-   done scrolling
-   <img alt="" src="https://bms-prod-2024.s3.ap-south-1.amazonaws.com/assets/book_package.svg"/> from <div role="presentation" class="MuiModal-root css-8ndowl">…</div> subtree intercepts pointer events
- retrying click action, attempt #15
-   waiting 500ms
-   waiting for element to be visible, enabled and stable
-   element is visible, enabled and stable
-   scrolling into view if needed
-   done scrolling
-   <div class="MuiBox-root css-vhe9au">…</div> from <div role="presentation" class="MuiModal-root css-8ndowl">…</div> subtree intercepts pointer events
- retrying click action, attempt #16
-   waiting 500ms
-   waiting for element to be visible, enabled and stable
-   element is visible, enabled and stable
-   scrolling into view if needed
-   done scrolling
-   <div class="MuiBox-root css-vhe9au">…</div> from <div role="presentation" class="MuiModal-root css-8ndowl">…</div> subtree intercepts pointer events
- retrying click action, attempt #17
-   waiting 500ms
-   waiting for element to be visible, enabled and stable
-   element is visible, enabled and stable
-   scrolling into view if needed
-   done scrolling
-   <div class="MuiBox-root css-vhe9au">…</div> from <div role="presentation" class="MuiModal-root css-8ndowl">…</div> subtree intercepts pointer events
- retrying click action, attempt #18
-   waiting 500ms
-   waiting for element to be visible, enabled and stable
-   element is visible, enabled and stable
-   scrolling into view if needed
-   done scrolling
-   <img alt="" src="https://bms-prod-2024.s3.ap-south-1.amazonaws.com/assets/book_package.svg"/> from <div role="presentation" class="MuiModal-root css-8ndowl">…</div> subtree intercepts pointer events
- retrying click action, attempt #19
-   waiting 500ms
-   waiting for element to be visible, enabled and stable
-   element is visible, enabled and stable
-   scrolling into view if needed
-   done scrolling
-   <div class="MuiBox-root css-vhe9au">…</div> from <div role="presentation" class="MuiModal-root css-8ndowl">…</div> subtree intercepts pointer events
- retrying click action, attempt #20
-   waiting 500ms
-   waiting for element to be visible, enabled and stable

at com.microsoft.playwright.impl.Connection.dispatch(Connection.java:254)
at com.microsoft.playwright.impl.Connection.processOneMessage(Connection.java:211)
at com.microsoft.playwright.impl.ChannelOwner.runUntil(ChannelOwner.java:118)
... 41 more
]]>
    </failure>
  </testcase> <!-- verifyGoldMHCBook -->
  <testcase classname="test.BMSTest" name="verifyXRAYBook" time="16.832"/>
  <testcase classname="test.BMSTest" name="verifyUSGBook" time="33.889">
    <failure type="com.microsoft.playwright.TimeoutError" message="Error {
  message=&amp;apos;Timeout 30000ms exceeded.
  name=&amp;apos;TimeoutError
  stack=&amp;apos;TimeoutError: Timeout 30000ms exceeded.
    at ProgressController.run (C:\Users\HAIPPY~1\AppData\Local\Temp\playwright-java-12860961260305132035\package\lib\server\progress.js:78:26)
    at Frame.click (C:\Users\HAIPPY~1\AppData\Local\Temp\playwright-java-12860961260305132035\package\lib\server\frames.js:1007:23)
    at FrameDispatcher.click (C:\Users\HAIPPY~1\AppData\Local\Temp\playwright-java-12860961260305132035\package\lib\server\dispatchers\frameDispatcher.js:157:30)
    at FrameDispatcher._handleCommand (C:\Users\HAIPPY~1\AppData\Local\Temp\playwright-java-12860961260305132035\package\lib\server\dispatchers\dispatcher.js:94:40)
    at DispatcherConnection.dispatch (C:\Users\HAIPPY~1\AppData\Local\Temp\playwright-java-12860961260305132035\package\lib\server\dispatchers\dispatcher.js:361:39)
}
Call log:
- waiting for locator(&amp;quot;body &amp;gt; div.MuiBox-root.css-16mjwcv &amp;gt; div.MuiBox-root.css-19p0syp&amp;quot;).first()
">
      <![CDATA[com.microsoft.playwright.TimeoutError: Error {
  message='Timeout 30000ms exceeded.
  name='TimeoutError
  stack='TimeoutError: Timeout 30000ms exceeded.
    at ProgressController.run (C:\Users\HAIPPY~1\AppData\Local\Temp\playwright-java-12860961260305132035\package\lib\server\progress.js:78:26)
    at Frame.click (C:\Users\HAIPPY~1\AppData\Local\Temp\playwright-java-12860961260305132035\package\lib\server\frames.js:1007:23)
    at FrameDispatcher.click (C:\Users\HAIPPY~1\AppData\Local\Temp\playwright-java-12860961260305132035\package\lib\server\dispatchers\frameDispatcher.js:157:30)
    at FrameDispatcher._handleCommand (C:\Users\HAIPPY~1\AppData\Local\Temp\playwright-java-12860961260305132035\package\lib\server\dispatchers\dispatcher.js:94:40)
    at DispatcherConnection.dispatch (C:\Users\HAIPPY~1\AppData\Local\Temp\playwright-java-12860961260305132035\package\lib\server\dispatchers\dispatcher.js:361:39)
}
Call log:
- waiting for locator("body > div.MuiBox-root.css-16mjwcv > div.MuiBox-root.css-19p0syp").first()

at com.microsoft.playwright.impl.WaitableResult.get(WaitableResult.java:52)
at com.microsoft.playwright.impl.ChannelOwner.runUntil(ChannelOwner.java:120)
at com.microsoft.playwright.impl.Connection.sendMessage(Connection.java:130)
at com.microsoft.playwright.impl.ChannelOwner.sendMessage(ChannelOwner.java:106)
at com.microsoft.playwright.impl.FrameImpl.clickImpl(FrameImpl.java:252)
at com.microsoft.playwright.impl.FrameImpl.lambda$click$8(FrameImpl.java:243)
at com.microsoft.playwright.impl.LoggingSupport.lambda$withLogging$0(LoggingSupport.java:36)
at com.microsoft.playwright.impl.LoggingSupport.withLogging(LoggingSupport.java:47)
at com.microsoft.playwright.impl.ChannelOwner.withLogging(ChannelOwner.java:89)
at com.microsoft.playwright.impl.LoggingSupport.withLogging(LoggingSupport.java:35)
at com.microsoft.playwright.impl.FrameImpl.click(FrameImpl.java:243)
at com.microsoft.playwright.impl.LocatorImpl.click(LocatorImpl.java:160)
at com.microsoft.playwright.Locator.click(Locator.java:2406)
at page.BMSPage.bookUSG(BMSPage.java:530)
at test.BMSTest.verifyUSGBook(BMSTest.java:151)
at java.base/jdk.internal.reflect.NativeMethodAccessorImpl.invoke0(Native Method)
at java.base/jdk.internal.reflect.NativeMethodAccessorImpl.invoke(NativeMethodAccessorImpl.java:77)
at java.base/jdk.internal.reflect.DelegatingMethodAccessorImpl.invoke(DelegatingMethodAccessorImpl.java:43)
at java.base/java.lang.reflect.Method.invoke(Method.java:568)
at org.testng.internal.invokers.MethodInvocationHelper.invokeMethod(MethodInvocationHelper.java:141)
at org.testng.internal.invokers.TestInvoker.invokeMethod(TestInvoker.java:686)
at org.testng.internal.invokers.TestInvoker.invokeTestMethod(TestInvoker.java:230)
at org.testng.internal.invokers.MethodRunner.runInSequence(MethodRunner.java:63)
at org.testng.internal.invokers.TestInvoker$MethodInvocationAgent.invoke(TestInvoker.java:992)
at org.testng.internal.invokers.TestInvoker.invokeTestMethods(TestInvoker.java:203)
at org.testng.internal.invokers.TestMethodWorker.invokeTestMethods(TestMethodWorker.java:154)
at org.testng.internal.invokers.TestMethodWorker.run(TestMethodWorker.java:134)
at java.base/java.util.ArrayList.forEach(ArrayList.java:1511)
at org.testng.TestRunner.privateRun(TestRunner.java:739)
at org.testng.TestRunner.run(TestRunner.java:614)
at org.testng.SuiteRunner.runTest(SuiteRunner.java:421)
at org.testng.SuiteRunner.runSequentially(SuiteRunner.java:413)
at org.testng.SuiteRunner.privateRun(SuiteRunner.java:373)
at org.testng.SuiteRunner.run(SuiteRunner.java:312)
at org.testng.SuiteRunnerWorker.runSuite(SuiteRunnerWorker.java:52)
at org.testng.SuiteRunnerWorker.run(SuiteRunnerWorker.java:95)
at org.testng.TestNG.runSuitesSequentially(TestNG.java:1274)
at org.testng.TestNG.runSuitesLocally(TestNG.java:1208)
at org.testng.TestNG.runSuites(TestNG.java:1112)
at org.testng.TestNG.run(TestNG.java:1079)
at org.testng.remote.AbstractRemoteTestNG.run(AbstractRemoteTestNG.java:115)
at org.testng.remote.RemoteTestNG.initAndRun(RemoteTestNG.java:293)
at org.testng.remote.RemoteTestNG.main(RemoteTestNG.java:91)
Caused by: com.microsoft.playwright.TimeoutError: Error {
  message='Timeout 30000ms exceeded.
  name='TimeoutError
  stack='TimeoutError: Timeout 30000ms exceeded.
    at ProgressController.run (C:\Users\HAIPPY~1\AppData\Local\Temp\playwright-java-12860961260305132035\package\lib\server\progress.js:78:26)
    at Frame.click (C:\Users\HAIPPY~1\AppData\Local\Temp\playwright-java-12860961260305132035\package\lib\server\frames.js:1007:23)
    at FrameDispatcher.click (C:\Users\HAIPPY~1\AppData\Local\Temp\playwright-java-12860961260305132035\package\lib\server\dispatchers\frameDispatcher.js:157:30)
    at FrameDispatcher._handleCommand (C:\Users\HAIPPY~1\AppData\Local\Temp\playwright-java-12860961260305132035\package\lib\server\dispatchers\dispatcher.js:94:40)
    at DispatcherConnection.dispatch (C:\Users\HAIPPY~1\AppData\Local\Temp\playwright-java-12860961260305132035\package\lib\server\dispatchers\dispatcher.js:361:39)
}
Call log:
- waiting for locator("body > div.MuiBox-root.css-16mjwcv > div.MuiBox-root.css-19p0syp").first()

at com.microsoft.playwright.impl.Connection.dispatch(Connection.java:254)
at com.microsoft.playwright.impl.Connection.processOneMessage(Connection.java:211)
at com.microsoft.playwright.impl.ChannelOwner.runUntil(ChannelOwner.java:118)
... 41 more
]]>
    </failure>
  </testcase> <!-- verifyUSGBook -->
  <testcase classname="test.BMSTest" name="verifyECGBook" time="30.013">
    <failure type="com.microsoft.playwright.TimeoutError" message="Error {
  message=&amp;apos;Timeout 30000ms exceeded.
  name=&amp;apos;TimeoutError
  stack=&amp;apos;TimeoutError: Timeout 30000ms exceeded.
    at ProgressController.run (C:\Users\HAIPPY~1\AppData\Local\Temp\playwright-java-12860961260305132035\package\lib\server\progress.js:78:26)
    at Frame.click (C:\Users\HAIPPY~1\AppData\Local\Temp\playwright-java-12860961260305132035\package\lib\server\frames.js:1007:23)
    at FrameDispatcher.click (C:\Users\HAIPPY~1\AppData\Local\Temp\playwright-java-12860961260305132035\package\lib\server\dispatchers\frameDispatcher.js:157:30)
    at FrameDispatcher._handleCommand (C:\Users\HAIPPY~1\AppData\Local\Temp\playwright-java-12860961260305132035\package\lib\server\dispatchers\dispatcher.js:94:40)
    at DispatcherConnection.dispatch (C:\Users\HAIPPY~1\AppData\Local\Temp\playwright-java-12860961260305132035\package\lib\server\dispatchers\dispatcher.js:361:39)
}
Call log:
- waiting for getByRole(AriaRole.BUTTON, new Page.GetByRoleOptions().setName(&amp;quot;Scans&amp;quot;))
">
      <![CDATA[com.microsoft.playwright.TimeoutError: Error {
  message='Timeout 30000ms exceeded.
  name='TimeoutError
  stack='TimeoutError: Timeout 30000ms exceeded.
    at ProgressController.run (C:\Users\HAIPPY~1\AppData\Local\Temp\playwright-java-12860961260305132035\package\lib\server\progress.js:78:26)
    at Frame.click (C:\Users\HAIPPY~1\AppData\Local\Temp\playwright-java-12860961260305132035\package\lib\server\frames.js:1007:23)
    at FrameDispatcher.click (C:\Users\HAIPPY~1\AppData\Local\Temp\playwright-java-12860961260305132035\package\lib\server\dispatchers\frameDispatcher.js:157:30)
    at FrameDispatcher._handleCommand (C:\Users\HAIPPY~1\AppData\Local\Temp\playwright-java-12860961260305132035\package\lib\server\dispatchers\dispatcher.js:94:40)
    at DispatcherConnection.dispatch (C:\Users\HAIPPY~1\AppData\Local\Temp\playwright-java-12860961260305132035\package\lib\server\dispatchers\dispatcher.js:361:39)
}
Call log:
- waiting for getByRole(AriaRole.BUTTON, new Page.GetByRoleOptions().setName("Scans"))

at com.microsoft.playwright.impl.WaitableResult.get(WaitableResult.java:52)
at com.microsoft.playwright.impl.ChannelOwner.runUntil(ChannelOwner.java:120)
at com.microsoft.playwright.impl.Connection.sendMessage(Connection.java:130)
at com.microsoft.playwright.impl.ChannelOwner.sendMessage(ChannelOwner.java:106)
at com.microsoft.playwright.impl.FrameImpl.clickImpl(FrameImpl.java:252)
at com.microsoft.playwright.impl.FrameImpl.lambda$click$8(FrameImpl.java:243)
at com.microsoft.playwright.impl.LoggingSupport.lambda$withLogging$0(LoggingSupport.java:36)
at com.microsoft.playwright.impl.LoggingSupport.withLogging(LoggingSupport.java:47)
at com.microsoft.playwright.impl.ChannelOwner.withLogging(ChannelOwner.java:89)
at com.microsoft.playwright.impl.LoggingSupport.withLogging(LoggingSupport.java:35)
at com.microsoft.playwright.impl.FrameImpl.click(FrameImpl.java:243)
at com.microsoft.playwright.impl.LocatorImpl.click(LocatorImpl.java:160)
at com.microsoft.playwright.Locator.click(Locator.java:2406)
at page.BMSPage.bookECG(BMSPage.java:540)
at test.BMSTest.verifyECGBook(BMSTest.java:156)
at java.base/jdk.internal.reflect.NativeMethodAccessorImpl.invoke0(Native Method)
at java.base/jdk.internal.reflect.NativeMethodAccessorImpl.invoke(NativeMethodAccessorImpl.java:77)
at java.base/jdk.internal.reflect.DelegatingMethodAccessorImpl.invoke(DelegatingMethodAccessorImpl.java:43)
at java.base/java.lang.reflect.Method.invoke(Method.java:568)
at org.testng.internal.invokers.MethodInvocationHelper.invokeMethod(MethodInvocationHelper.java:141)
at org.testng.internal.invokers.TestInvoker.invokeMethod(TestInvoker.java:686)
at org.testng.internal.invokers.TestInvoker.invokeTestMethod(TestInvoker.java:230)
at org.testng.internal.invokers.MethodRunner.runInSequence(MethodRunner.java:63)
at org.testng.internal.invokers.TestInvoker$MethodInvocationAgent.invoke(TestInvoker.java:992)
at org.testng.internal.invokers.TestInvoker.invokeTestMethods(TestInvoker.java:203)
at org.testng.internal.invokers.TestMethodWorker.invokeTestMethods(TestMethodWorker.java:154)
at org.testng.internal.invokers.TestMethodWorker.run(TestMethodWorker.java:134)
at java.base/java.util.ArrayList.forEach(ArrayList.java:1511)
at org.testng.TestRunner.privateRun(TestRunner.java:739)
at org.testng.TestRunner.run(TestRunner.java:614)
at org.testng.SuiteRunner.runTest(SuiteRunner.java:421)
at org.testng.SuiteRunner.runSequentially(SuiteRunner.java:413)
at org.testng.SuiteRunner.privateRun(SuiteRunner.java:373)
at org.testng.SuiteRunner.run(SuiteRunner.java:312)
at org.testng.SuiteRunnerWorker.runSuite(SuiteRunnerWorker.java:52)
at org.testng.SuiteRunnerWorker.run(SuiteRunnerWorker.java:95)
at org.testng.TestNG.runSuitesSequentially(TestNG.java:1274)
at org.testng.TestNG.runSuitesLocally(TestNG.java:1208)
at org.testng.TestNG.runSuites(TestNG.java:1112)
at org.testng.TestNG.run(TestNG.java:1079)
at org.testng.remote.AbstractRemoteTestNG.run(AbstractRemoteTestNG.java:115)
at org.testng.remote.RemoteTestNG.initAndRun(RemoteTestNG.java:293)
at org.testng.remote.RemoteTestNG.main(RemoteTestNG.java:91)
Caused by: com.microsoft.playwright.TimeoutError: Error {
  message='Timeout 30000ms exceeded.
  name='TimeoutError
  stack='TimeoutError: Timeout 30000ms exceeded.
    at ProgressController.run (C:\Users\HAIPPY~1\AppData\Local\Temp\playwright-java-12860961260305132035\package\lib\server\progress.js:78:26)
    at Frame.click (C:\Users\HAIPPY~1\AppData\Local\Temp\playwright-java-12860961260305132035\package\lib\server\frames.js:1007:23)
    at FrameDispatcher.click (C:\Users\HAIPPY~1\AppData\Local\Temp\playwright-java-12860961260305132035\package\lib\server\dispatchers\frameDispatcher.js:157:30)
    at FrameDispatcher._handleCommand (C:\Users\HAIPPY~1\AppData\Local\Temp\playwright-java-12860961260305132035\package\lib\server\dispatchers\dispatcher.js:94:40)
    at DispatcherConnection.dispatch (C:\Users\HAIPPY~1\AppData\Local\Temp\playwright-java-12860961260305132035\package\lib\server\dispatchers\dispatcher.js:361:39)
}
Call log:
- waiting for getByRole(AriaRole.BUTTON, new Page.GetByRoleOptions().setName("Scans"))

at com.microsoft.playwright.impl.Connection.dispatch(Connection.java:254)
at com.microsoft.playwright.impl.Connection.processOneMessage(Connection.java:211)
at com.microsoft.playwright.impl.ChannelOwner.runUntil(ChannelOwner.java:118)
... 41 more
]]>
    </failure>
  </testcase> <!-- verifyECGBook -->
  <testcase classname="test.BMSTest" name="testScreenshotCapture" time="0.001">
    <failure type="java.lang.AssertionError" message="Intentional failure to test screenshot capture">
      <![CDATA[java.lang.AssertionError: Intentional failure to test screenshot capture
at test.BMSTest.testScreenshotCapture(BMSTest.java:161)
at java.base/jdk.internal.reflect.NativeMethodAccessorImpl.invoke0(Native Method)
at java.base/jdk.internal.reflect.NativeMethodAccessorImpl.invoke(NativeMethodAccessorImpl.java:77)
at java.base/jdk.internal.reflect.DelegatingMethodAccessorImpl.invoke(DelegatingMethodAccessorImpl.java:43)
at java.base/java.lang.reflect.Method.invoke(Method.java:568)
at org.testng.internal.invokers.MethodInvocationHelper.invokeMethod(MethodInvocationHelper.java:141)
at org.testng.internal.invokers.TestInvoker.invokeMethod(TestInvoker.java:686)
at org.testng.internal.invokers.TestInvoker.invokeTestMethod(TestInvoker.java:230)
at org.testng.internal.invokers.MethodRunner.runInSequence(MethodRunner.java:63)
at org.testng.internal.invokers.TestInvoker$MethodInvocationAgent.invoke(TestInvoker.java:992)
at org.testng.internal.invokers.TestInvoker.invokeTestMethods(TestInvoker.java:203)
at org.testng.internal.invokers.TestMethodWorker.invokeTestMethods(TestMethodWorker.java:154)
at org.testng.internal.invokers.TestMethodWorker.run(TestMethodWorker.java:134)
at java.base/java.util.ArrayList.forEach(ArrayList.java:1511)
at org.testng.TestRunner.privateRun(TestRunner.java:739)
at org.testng.TestRunner.run(TestRunner.java:614)
at org.testng.SuiteRunner.runTest(SuiteRunner.java:421)
at org.testng.SuiteRunner.runSequentially(SuiteRunner.java:413)
at org.testng.SuiteRunner.privateRun(SuiteRunner.java:373)
at org.testng.SuiteRunner.run(SuiteRunner.java:312)
at org.testng.SuiteRunnerWorker.runSuite(SuiteRunnerWorker.java:52)
at org.testng.SuiteRunnerWorker.run(SuiteRunnerWorker.java:95)
at org.testng.TestNG.runSuitesSequentially(TestNG.java:1274)
at org.testng.TestNG.runSuitesLocally(TestNG.java:1208)
at org.testng.TestNG.runSuites(TestNG.java:1112)
at org.testng.TestNG.run(TestNG.java:1079)
at org.testng.remote.AbstractRemoteTestNG.run(AbstractRemoteTestNG.java:115)
at org.testng.remote.RemoteTestNG.initAndRun(RemoteTestNG.java:293)
at org.testng.remote.RemoteTestNG.main(RemoteTestNG.java:91)
]]>
    </failure>
  </testcase> <!-- testScreenshotCapture -->
</testsuite> <!-- Default test -->
