<?xml version="1.0" encoding="UTF-8"?>
<!-- Generated by org.testng.reporters.JUnitXMLReporter -->
<testsuite ignored="0" hostname="LENOVO" failures="4" tests="28" name="Default test" time="270.626" errors="0" timestamp="2026-01-21T12:52:28 IST">
  <testcase classname="test.BMSTest" name="verifyUrlTest" time="0.006"/>
  <testcase classname="test.BMSTest" name="verifyTitleTest" time="0.037"/>
  <testcase classname="test.BMSTest" name="verifyBrokenLinksTest" time="0.08"/>
  <testcase classname="test.BMSTest" name="verifyCheckNavigationFlow" time="9.309"/>
  <testcase classname="test.BMSTest" name="verifyLogin" time="2.154"/>
  <testcase classname="test.BMSTest" name="verifyEditProfile" time="1.311"/>
  <testcase classname="test.BMSTest" name="verifyAddAddress" time="2.621"/>
  <testcase classname="test.BMSTest" name="verifyRemoveAddress" time="0.906"/>
  <testcase classname="test.BMSTest" name="verifyMRIAbdomenBook" time="12.538"/>
  <testcase classname="test.BMSTest" name="verifyMRIBrainBook" time="11.318"/>
  <testcase classname="test.BMSTest" name="verifyCervicalMRIBook" time="10.792"/>
  <testcase classname="test.BMSTest" name="verifyKneeMRIBook" time="10.241"/>
  <testcase classname="test.BMSTest" name="verifyCTBook" time="11.415"/>
  <testcase classname="test.BMSTest" name="verifyCTAbdomenBook" time="11.011"/>
  <testcase classname="test.BMSTest" name="verifyCTBrainBook" time="11.188"/>
  <testcase classname="test.BMSTest" name="verifyCTChestBook" time="11.967"/>
  <testcase classname="test.BMSTest" name="verifyNeckBook" time="12.111"/>
  <testcase classname="test.BMSTest" name="verifyCTPNSScanBook" time="12.201"/>
  <testcase classname="test.BMSTest" name="verifyPETCTBook" time="10.986"/>
  <testcase classname="test.BMSTest" name="verifyEditMobileLogin" time="2.786"/>
  <testcase classname="test.BMSTest" name="verifyResendOTP" time="0.27"/>
  <testcase classname="test.BMSTest" name="verifyInvalidOTP" time="2.304"/>
  <testcase classname="test.BMSTest" name="verifyMasterHealthCheckup" time="9.179"/>
  <testcase classname="test.BMSTest" name="verifyGoldMHCBook" time="30.528">
    <failure type="com.microsoft.playwright.TimeoutError" message="Error {
  message=&amp;apos;Timeout 30000ms exceeded.
  name=&amp;apos;TimeoutError
  stack=&amp;apos;TimeoutError: Timeout 30000ms exceeded.
    at ProgressController.run (C:\Users\HAIPPY~1\AppData\Local\Temp\playwright-java-8870178911876775546\package\lib\server\progress.js:78:26)
    at Frame.waitForSelector (C:\Users\HAIPPY~1\AppData\Local\Temp\playwright-java-8870178911876775546\package\lib\server\frames.js:619:23)
    at FrameDispatcher.waitForSelector (C:\Users\HAIPPY~1\AppData\Local\Temp\playwright-java-8870178911876775546\package\lib\server\dispatchers\frameDispatcher.js:105:103)
    at FrameDispatcher._handleCommand (C:\Users\HAIPPY~1\AppData\Local\Temp\playwright-java-8870178911876775546\package\lib\server\dispatchers\dispatcher.js:94:40)
    at DispatcherConnection.dispatch (C:\Users\HAIPPY~1\AppData\Local\Temp\playwright-java-8870178911876775546\package\lib\server\dispatchers\dispatcher.js:361:39)
    at runNextTicks (node:internal/process/task_queues:60:5)
    at process.processImmediate (node:internal/timers:454:9)
}
Call log:
- waiting for locator(&amp;quot;#packages-section &amp;gt; div.MuiBox-root.css-1ovdh1d &amp;gt; div.MuiBox-root.css-1s6xsst &amp;gt; p&amp;quot;)
">
      <![CDATA[com.microsoft.playwright.TimeoutError: Error {
  message='Timeout 30000ms exceeded.
  name='TimeoutError
  stack='TimeoutError: Timeout 30000ms exceeded.
    at ProgressController.run (C:\Users\HAIPPY~1\AppData\Local\Temp\playwright-java-8870178911876775546\package\lib\server\progress.js:78:26)
    at Frame.waitForSelector (C:\Users\HAIPPY~1\AppData\Local\Temp\playwright-java-8870178911876775546\package\lib\server\frames.js:619:23)
    at FrameDispatcher.waitForSelector (C:\Users\HAIPPY~1\AppData\Local\Temp\playwright-java-8870178911876775546\package\lib\server\dispatchers\frameDispatcher.js:105:103)
    at FrameDispatcher._handleCommand (C:\Users\HAIPPY~1\AppData\Local\Temp\playwright-java-8870178911876775546\package\lib\server\dispatchers\dispatcher.js:94:40)
    at DispatcherConnection.dispatch (C:\Users\HAIPPY~1\AppData\Local\Temp\playwright-java-8870178911876775546\package\lib\server\dispatchers\dispatcher.js:361:39)
    at runNextTicks (node:internal/process/task_queues:60:5)
    at process.processImmediate (node:internal/timers:454:9)
}
Call log:
- waiting for locator("#packages-section > div.MuiBox-root.css-1ovdh1d > div.MuiBox-root.css-1s6xsst > p")

at com.microsoft.playwright.impl.WaitableResult.get(WaitableResult.java:52)
at com.microsoft.playwright.impl.ChannelOwner.runUntil(ChannelOwner.java:120)
at com.microsoft.playwright.impl.Connection.sendMessage(Connection.java:130)
at com.microsoft.playwright.impl.ChannelOwner.sendMessage(ChannelOwner.java:106)
at com.microsoft.playwright.impl.FrameImpl.waitForSelectorImpl(FrameImpl.java:1060)
at com.microsoft.playwright.impl.FrameImpl.waitForSelectorImpl(FrameImpl.java:1050)
at com.microsoft.playwright.impl.FrameImpl.lambda$waitForSelector$46(FrameImpl.java:1046)
at com.microsoft.playwright.impl.LoggingSupport.withLogging(LoggingSupport.java:47)
at com.microsoft.playwright.impl.ChannelOwner.withLogging(ChannelOwner.java:89)
at com.microsoft.playwright.impl.FrameImpl.waitForSelector(FrameImpl.java:1046)
at com.microsoft.playwright.impl.LocatorImpl.elementHandle(LocatorImpl.java:202)
at com.microsoft.playwright.impl.LocatorImpl.withElement(LocatorImpl.java:84)
at com.microsoft.playwright.impl.LocatorImpl.scrollIntoViewIfNeeded(LocatorImpl.java:476)
at com.microsoft.playwright.Locator.scrollIntoViewIfNeeded(Locator.java:4312)
at page.BMSPage.BookGoldMHCBook(BMSPage.java:609)
at test.BMSTest.verifyGoldMHCBook(BMSTest.java:141)
at java.base/jdk.internal.reflect.NativeMethodAccessorImpl.invoke0(Native Method)
at java.base/jdk.internal.reflect.NativeMethodAccessorImpl.invoke(NativeMethodAccessorImpl.java:77)
at java.base/jdk.internal.reflect.DelegatingMethodAccessorImpl.invoke(DelegatingMethodAccessorImpl.java:43)
at java.base/java.lang.reflect.Method.invoke(Method.java:568)
at org.testng.internal.invokers.MethodInvocationHelper.invokeMethod(MethodInvocationHelper.java:141)
at org.testng.internal.invokers.TestInvoker.invokeMethod(TestInvoker.java:686)
at org.testng.internal.invokers.TestInvoker.invokeTestMethod(TestInvoker.java:230)
at org.testng.internal.invokers.MethodRunner.runInSequence(MethodRunner.java:63)
at org.testng.internal.invokers.TestInvoker$MethodInvocationAgent.invoke(TestInvoker.java:992)
at org.testng.internal.invokers.TestInvoker.invokeTestMethods(TestInvoker.java:203)
at org.testng.internal.invokers.TestMethodWorker.invokeTestMethods(TestMethodWorker.java:154)
at org.testng.internal.invokers.TestMethodWorker.run(TestMethodWorker.java:134)
at java.base/java.util.ArrayList.forEach(ArrayList.java:1511)
at org.testng.TestRunner.privateRun(TestRunner.java:739)
at org.testng.TestRunner.run(TestRunner.java:614)
at org.testng.SuiteRunner.runTest(SuiteRunner.java:421)
at org.testng.SuiteRunner.runSequentially(SuiteRunner.java:413)
at org.testng.SuiteRunner.privateRun(SuiteRunner.java:373)
at org.testng.SuiteRunner.run(SuiteRunner.java:312)
at org.testng.SuiteRunnerWorker.runSuite(SuiteRunnerWorker.java:52)
at org.testng.SuiteRunnerWorker.run(SuiteRunnerWorker.java:95)
at org.testng.TestNG.runSuitesSequentially(TestNG.java:1274)
at org.testng.TestNG.runSuitesLocally(TestNG.java:1208)
at org.testng.TestNG.runSuites(TestNG.java:1112)
at org.testng.TestNG.run(TestNG.java:1079)
at org.testng.remote.AbstractRemoteTestNG.run(AbstractRemoteTestNG.java:115)
at org.testng.remote.RemoteTestNG.initAndRun(RemoteTestNG.java:293)
at org.testng.remote.RemoteTestNG.main(RemoteTestNG.java:91)
Caused by: com.microsoft.playwright.TimeoutError: Error {
  message='Timeout 30000ms exceeded.
  name='TimeoutError
  stack='TimeoutError: Timeout 30000ms exceeded.
    at ProgressController.run (C:\Users\HAIPPY~1\AppData\Local\Temp\playwright-java-8870178911876775546\package\lib\server\progress.js:78:26)
    at Frame.waitForSelector (C:\Users\HAIPPY~1\AppData\Local\Temp\playwright-java-8870178911876775546\package\lib\server\frames.js:619:23)
    at FrameDispatcher.waitForSelector (C:\Users\HAIPPY~1\AppData\Local\Temp\playwright-java-8870178911876775546\package\lib\server\dispatchers\frameDispatcher.js:105:103)
    at FrameDispatcher._handleCommand (C:\Users\HAIPPY~1\AppData\Local\Temp\playwright-java-8870178911876775546\package\lib\server\dispatchers\dispatcher.js:94:40)
    at DispatcherConnection.dispatch (C:\Users\HAIPPY~1\AppData\Local\Temp\playwright-java-8870178911876775546\package\lib\server\dispatchers\dispatcher.js:361:39)
    at runNextTicks (node:internal/process/task_queues:60:5)
    at process.processImmediate (node:internal/timers:454:9)
}
Call log:
- waiting for locator("#packages-section > div.MuiBox-root.css-1ovdh1d > div.MuiBox-root.css-1s6xsst > p")

at com.microsoft.playwright.impl.Connection.dispatch(Connection.java:254)
at com.microsoft.playwright.impl.Connection.processOneMessage(Connection.java:211)
at com.microsoft.playwright.impl.ChannelOwner.runUntil(ChannelOwner.java:118)
... 42 more
]]>
    </failure>
  </testcase> <!-- verifyGoldMHCBook -->
  <testcase classname="test.BMSTest" name="verifyXRAYBook" time="7.012"/>
  <testcase classname="test.BMSTest" name="verifyUSGBook" time="33.604">
    <failure type="com.microsoft.playwright.TimeoutError" message="Error {
  message=&amp;apos;Timeout 30000ms exceeded.
  name=&amp;apos;TimeoutError
  stack=&amp;apos;TimeoutError: Timeout 30000ms exceeded.
    at ProgressController.run (C:\Users\HAIPPY~1\AppData\Local\Temp\playwright-java-8870178911876775546\package\lib\server\progress.js:78:26)
    at Frame.click (C:\Users\HAIPPY~1\AppData\Local\Temp\playwright-java-8870178911876775546\package\lib\server\frames.js:1007:23)
    at FrameDispatcher.click (C:\Users\HAIPPY~1\AppData\Local\Temp\playwright-java-8870178911876775546\package\lib\server\dispatchers\frameDispatcher.js:157:30)
    at FrameDispatcher._handleCommand (C:\Users\HAIPPY~1\AppData\Local\Temp\playwright-java-8870178911876775546\package\lib\server\dispatchers\dispatcher.js:94:40)
    at DispatcherConnection.dispatch (C:\Users\HAIPPY~1\AppData\Local\Temp\playwright-java-8870178911876775546\package\lib\server\dispatchers\dispatcher.js:361:39)
}
Call log:
- waiting for locator(&amp;quot;body &amp;gt; div.MuiBox-root.css-16mjwcv &amp;gt; div.MuiBox-root.css-19p0syp&amp;quot;).first()
">
      <![CDATA[com.microsoft.playwright.TimeoutError: Error {
  message='Timeout 30000ms exceeded.
  name='TimeoutError
  stack='TimeoutError: Timeout 30000ms exceeded.
    at ProgressController.run (C:\Users\HAIPPY~1\AppData\Local\Temp\playwright-java-8870178911876775546\package\lib\server\progress.js:78:26)
    at Frame.click (C:\Users\HAIPPY~1\AppData\Local\Temp\playwright-java-8870178911876775546\package\lib\server\frames.js:1007:23)
    at FrameDispatcher.click (C:\Users\HAIPPY~1\AppData\Local\Temp\playwright-java-8870178911876775546\package\lib\server\dispatchers\frameDispatcher.js:157:30)
    at FrameDispatcher._handleCommand (C:\Users\HAIPPY~1\AppData\Local\Temp\playwright-java-8870178911876775546\package\lib\server\dispatchers\dispatcher.js:94:40)
    at DispatcherConnection.dispatch (C:\Users\HAIPPY~1\AppData\Local\Temp\playwright-java-8870178911876775546\package\lib\server\dispatchers\dispatcher.js:361:39)
}
Call log:
- waiting for locator("body > div.MuiBox-root.css-16mjwcv > div.MuiBox-root.css-19p0syp").first()

at com.microsoft.playwright.impl.WaitableResult.get(WaitableResult.java:52)
at com.microsoft.playwright.impl.ChannelOwner.runUntil(ChannelOwner.java:120)
at com.microsoft.playwright.impl.Connection.sendMessage(Connection.java:130)
at com.microsoft.playwright.impl.ChannelOwner.sendMessage(ChannelOwner.java:106)
at com.microsoft.playwright.impl.FrameImpl.clickImpl(FrameImpl.java:252)
at com.microsoft.playwright.impl.FrameImpl.lambda$click$8(FrameImpl.java:243)
at com.microsoft.playwright.impl.LoggingSupport.lambda$withLogging$0(LoggingSupport.java:36)
at com.microsoft.playwright.impl.LoggingSupport.withLogging(LoggingSupport.java:47)
at com.microsoft.playwright.impl.ChannelOwner.withLogging(ChannelOwner.java:89)
at com.microsoft.playwright.impl.LoggingSupport.withLogging(LoggingSupport.java:35)
at com.microsoft.playwright.impl.FrameImpl.click(FrameImpl.java:243)
at com.microsoft.playwright.impl.LocatorImpl.click(LocatorImpl.java:160)
at com.microsoft.playwright.Locator.click(Locator.java:2406)
at page.BMSPage.bookUSG(BMSPage.java:713)
at test.BMSTest.verifyUSGBook(BMSTest.java:151)
at java.base/jdk.internal.reflect.NativeMethodAccessorImpl.invoke0(Native Method)
at java.base/jdk.internal.reflect.NativeMethodAccessorImpl.invoke(NativeMethodAccessorImpl.java:77)
at java.base/jdk.internal.reflect.DelegatingMethodAccessorImpl.invoke(DelegatingMethodAccessorImpl.java:43)
at java.base/java.lang.reflect.Method.invoke(Method.java:568)
at org.testng.internal.invokers.MethodInvocationHelper.invokeMethod(MethodInvocationHelper.java:141)
at org.testng.internal.invokers.TestInvoker.invokeMethod(TestInvoker.java:686)
at org.testng.internal.invokers.TestInvoker.invokeTestMethod(TestInvoker.java:230)
at org.testng.internal.invokers.MethodRunner.runInSequence(MethodRunner.java:63)
at org.testng.internal.invokers.TestInvoker$MethodInvocationAgent.invoke(TestInvoker.java:992)
at org.testng.internal.invokers.TestInvoker.invokeTestMethods(TestInvoker.java:203)
at org.testng.internal.invokers.TestMethodWorker.invokeTestMethods(TestMethodWorker.java:154)
at org.testng.internal.invokers.TestMethodWorker.run(TestMethodWorker.java:134)
at java.base/java.util.ArrayList.forEach(ArrayList.java:1511)
at org.testng.TestRunner.privateRun(TestRunner.java:739)
at org.testng.TestRunner.run(TestRunner.java:614)
at org.testng.SuiteRunner.runTest(SuiteRunner.java:421)
at org.testng.SuiteRunner.runSequentially(SuiteRunner.java:413)
at org.testng.SuiteRunner.privateRun(SuiteRunner.java:373)
at org.testng.SuiteRunner.run(SuiteRunner.java:312)
at org.testng.SuiteRunnerWorker.runSuite(SuiteRunnerWorker.java:52)
at org.testng.SuiteRunnerWorker.run(SuiteRunnerWorker.java:95)
at org.testng.TestNG.runSuitesSequentially(TestNG.java:1274)
at org.testng.TestNG.runSuitesLocally(TestNG.java:1208)
at org.testng.TestNG.runSuites(TestNG.java:1112)
at org.testng.TestNG.run(TestNG.java:1079)
at org.testng.remote.AbstractRemoteTestNG.run(AbstractRemoteTestNG.java:115)
at org.testng.remote.RemoteTestNG.initAndRun(RemoteTestNG.java:293)
at org.testng.remote.RemoteTestNG.main(RemoteTestNG.java:91)
Caused by: com.microsoft.playwright.TimeoutError: Error {
  message='Timeout 30000ms exceeded.
  name='TimeoutError
  stack='TimeoutError: Timeout 30000ms exceeded.
    at ProgressController.run (C:\Users\HAIPPY~1\AppData\Local\Temp\playwright-java-8870178911876775546\package\lib\server\progress.js:78:26)
    at Frame.click (C:\Users\HAIPPY~1\AppData\Local\Temp\playwright-java-8870178911876775546\package\lib\server\frames.js:1007:23)
    at FrameDispatcher.click (C:\Users\HAIPPY~1\AppData\Local\Temp\playwright-java-8870178911876775546\package\lib\server\dispatchers\frameDispatcher.js:157:30)
    at FrameDispatcher._handleCommand (C:\Users\HAIPPY~1\AppData\Local\Temp\playwright-java-8870178911876775546\package\lib\server\dispatchers\dispatcher.js:94:40)
    at DispatcherConnection.dispatch (C:\Users\HAIPPY~1\AppData\Local\Temp\playwright-java-8870178911876775546\package\lib\server\dispatchers\dispatcher.js:361:39)
}
Call log:
- waiting for locator("body > div.MuiBox-root.css-16mjwcv > div.MuiBox-root.css-19p0syp").first()

at com.microsoft.playwright.impl.Connection.dispatch(Connection.java:254)
at com.microsoft.playwright.impl.Connection.processOneMessage(Connection.java:211)
at com.microsoft.playwright.impl.ChannelOwner.runUntil(ChannelOwner.java:118)
... 41 more
]]>
    </failure>
  </testcase> <!-- verifyUSGBook -->
  <testcase classname="test.BMSTest" name="verifyECGBook" time="30.004">
    <failure type="com.microsoft.playwright.TimeoutError" message="Error {
  message=&amp;apos;Timeout 30000ms exceeded.
  name=&amp;apos;TimeoutError
  stack=&amp;apos;TimeoutError: Timeout 30000ms exceeded.
    at ProgressController.run (C:\Users\HAIPPY~1\AppData\Local\Temp\playwright-java-8870178911876775546\package\lib\server\progress.js:78:26)
    at Frame.click (C:\Users\HAIPPY~1\AppData\Local\Temp\playwright-java-8870178911876775546\package\lib\server\frames.js:1007:23)
    at FrameDispatcher.click (C:\Users\HAIPPY~1\AppData\Local\Temp\playwright-java-8870178911876775546\package\lib\server\dispatchers\frameDispatcher.js:157:30)
    at FrameDispatcher._handleCommand (C:\Users\HAIPPY~1\AppData\Local\Temp\playwright-java-8870178911876775546\package\lib\server\dispatchers\dispatcher.js:94:40)
    at DispatcherConnection.dispatch (C:\Users\HAIPPY~1\AppData\Local\Temp\playwright-java-8870178911876775546\package\lib\server\dispatchers\dispatcher.js:361:39)
}
Call log:
- waiting for getByRole(AriaRole.BUTTON, new Page.GetByRoleOptions().setName(&amp;quot;Scans&amp;quot;))
">
      <![CDATA[com.microsoft.playwright.TimeoutError: Error {
  message='Timeout 30000ms exceeded.
  name='TimeoutError
  stack='TimeoutError: Timeout 30000ms exceeded.
    at ProgressController.run (C:\Users\HAIPPY~1\AppData\Local\Temp\playwright-java-8870178911876775546\package\lib\server\progress.js:78:26)
    at Frame.click (C:\Users\HAIPPY~1\AppData\Local\Temp\playwright-java-8870178911876775546\package\lib\server\frames.js:1007:23)
    at FrameDispatcher.click (C:\Users\HAIPPY~1\AppData\Local\Temp\playwright-java-8870178911876775546\package\lib\server\dispatchers\frameDispatcher.js:157:30)
    at FrameDispatcher._handleCommand (C:\Users\HAIPPY~1\AppData\Local\Temp\playwright-java-8870178911876775546\package\lib\server\dispatchers\dispatcher.js:94:40)
    at DispatcherConnection.dispatch (C:\Users\HAIPPY~1\AppData\Local\Temp\playwright-java-8870178911876775546\package\lib\server\dispatchers\dispatcher.js:361:39)
}
Call log:
- waiting for getByRole(AriaRole.BUTTON, new Page.GetByRoleOptions().setName("Scans"))

at com.microsoft.playwright.impl.WaitableResult.get(WaitableResult.java:52)
at com.microsoft.playwright.impl.ChannelOwner.runUntil(ChannelOwner.java:120)
at com.microsoft.playwright.impl.Connection.sendMessage(Connection.java:130)
at com.microsoft.playwright.impl.ChannelOwner.sendMessage(ChannelOwner.java:106)
at com.microsoft.playwright.impl.FrameImpl.clickImpl(FrameImpl.java:252)
at com.microsoft.playwright.impl.FrameImpl.lambda$click$8(FrameImpl.java:243)
at com.microsoft.playwright.impl.LoggingSupport.lambda$withLogging$0(LoggingSupport.java:36)
at com.microsoft.playwright.impl.LoggingSupport.withLogging(LoggingSupport.java:47)
at com.microsoft.playwright.impl.ChannelOwner.withLogging(ChannelOwner.java:89)
at com.microsoft.playwright.impl.LoggingSupport.withLogging(LoggingSupport.java:35)
at com.microsoft.playwright.impl.FrameImpl.click(FrameImpl.java:243)
at com.microsoft.playwright.impl.LocatorImpl.click(LocatorImpl.java:160)
at com.microsoft.playwright.Locator.click(Locator.java:2406)
at page.BMSPage.bookECG(BMSPage.java:723)
at test.BMSTest.verifyECGBook(BMSTest.java:156)
at java.base/jdk.internal.reflect.NativeMethodAccessorImpl.invoke0(Native Method)
at java.base/jdk.internal.reflect.NativeMethodAccessorImpl.invoke(NativeMethodAccessorImpl.java:77)
at java.base/jdk.internal.reflect.DelegatingMethodAccessorImpl.invoke(DelegatingMethodAccessorImpl.java:43)
at java.base/java.lang.reflect.Method.invoke(Method.java:568)
at org.testng.internal.invokers.MethodInvocationHelper.invokeMethod(MethodInvocationHelper.java:141)
at org.testng.internal.invokers.TestInvoker.invokeMethod(TestInvoker.java:686)
at org.testng.internal.invokers.TestInvoker.invokeTestMethod(TestInvoker.java:230)
at org.testng.internal.invokers.MethodRunner.runInSequence(MethodRunner.java:63)
at org.testng.internal.invokers.TestInvoker$MethodInvocationAgent.invoke(TestInvoker.java:992)
at org.testng.internal.invokers.TestInvoker.invokeTestMethods(TestInvoker.java:203)
at org.testng.internal.invokers.TestMethodWorker.invokeTestMethods(TestMethodWorker.java:154)
at org.testng.internal.invokers.TestMethodWorker.run(TestMethodWorker.java:134)
at java.base/java.util.ArrayList.forEach(ArrayList.java:1511)
at org.testng.TestRunner.privateRun(TestRunner.java:739)
at org.testng.TestRunner.run(TestRunner.java:614)
at org.testng.SuiteRunner.runTest(SuiteRunner.java:421)
at org.testng.SuiteRunner.runSequentially(SuiteRunner.java:413)
at org.testng.SuiteRunner.privateRun(SuiteRunner.java:373)
at org.testng.SuiteRunner.run(SuiteRunner.java:312)
at org.testng.SuiteRunnerWorker.runSuite(SuiteRunnerWorker.java:52)
at org.testng.SuiteRunnerWorker.run(SuiteRunnerWorker.java:95)
at org.testng.TestNG.runSuitesSequentially(TestNG.java:1274)
at org.testng.TestNG.runSuitesLocally(TestNG.java:1208)
at org.testng.TestNG.runSuites(TestNG.java:1112)
at org.testng.TestNG.run(TestNG.java:1079)
at org.testng.remote.AbstractRemoteTestNG.run(AbstractRemoteTestNG.java:115)
at org.testng.remote.RemoteTestNG.initAndRun(RemoteTestNG.java:293)
at org.testng.remote.RemoteTestNG.main(RemoteTestNG.java:91)
Caused by: com.microsoft.playwright.TimeoutError: Error {
  message='Timeout 30000ms exceeded.
  name='TimeoutError
  stack='TimeoutError: Timeout 30000ms exceeded.
    at ProgressController.run (C:\Users\HAIPPY~1\AppData\Local\Temp\playwright-java-8870178911876775546\package\lib\server\progress.js:78:26)
    at Frame.click (C:\Users\HAIPPY~1\AppData\Local\Temp\playwright-java-8870178911876775546\package\lib\server\frames.js:1007:23)
    at FrameDispatcher.click (C:\Users\HAIPPY~1\AppData\Local\Temp\playwright-java-8870178911876775546\package\lib\server\dispatchers\frameDispatcher.js:157:30)
    at FrameDispatcher._handleCommand (C:\Users\HAIPPY~1\AppData\Local\Temp\playwright-java-8870178911876775546\package\lib\server\dispatchers\dispatcher.js:94:40)
    at DispatcherConnection.dispatch (C:\Users\HAIPPY~1\AppData\Local\Temp\playwright-java-8870178911876775546\package\lib\server\dispatchers\dispatcher.js:361:39)
}
Call log:
- waiting for getByRole(AriaRole.BUTTON, new Page.GetByRoleOptions().setName("Scans"))

at com.microsoft.playwright.impl.Connection.dispatch(Connection.java:254)
at com.microsoft.playwright.impl.Connection.processOneMessage(Connection.java:211)
at com.microsoft.playwright.impl.ChannelOwner.runUntil(ChannelOwner.java:118)
... 41 more
]]>
    </failure>
  </testcase> <!-- verifyECGBook -->
  <testcase classname="test.BMSTest" name="testScreenshotCapture" time="0.001">
    <failure type="java.lang.AssertionError" message="Intentional failure to test screenshot capture">
      <![CDATA[java.lang.AssertionError: Intentional failure to test screenshot capture
at test.BMSTest.testScreenshotCapture(BMSTest.java:161)
at java.base/jdk.internal.reflect.NativeMethodAccessorImpl.invoke0(Native Method)
at java.base/jdk.internal.reflect.NativeMethodAccessorImpl.invoke(NativeMethodAccessorImpl.java:77)
at java.base/jdk.internal.reflect.DelegatingMethodAccessorImpl.invoke(DelegatingMethodAccessorImpl.java:43)
at java.base/java.lang.reflect.Method.invoke(Method.java:568)
at org.testng.internal.invokers.MethodInvocationHelper.invokeMethod(MethodInvocationHelper.java:141)
at org.testng.internal.invokers.TestInvoker.invokeMethod(TestInvoker.java:686)
at org.testng.internal.invokers.TestInvoker.invokeTestMethod(TestInvoker.java:230)
at org.testng.internal.invokers.MethodRunner.runInSequence(MethodRunner.java:63)
at org.testng.internal.invokers.TestInvoker$MethodInvocationAgent.invoke(TestInvoker.java:992)
at org.testng.internal.invokers.TestInvoker.invokeTestMethods(TestInvoker.java:203)
at org.testng.internal.invokers.TestMethodWorker.invokeTestMethods(TestMethodWorker.java:154)
at org.testng.internal.invokers.TestMethodWorker.run(TestMethodWorker.java:134)
at java.base/java.util.ArrayList.forEach(ArrayList.java:1511)
at org.testng.TestRunner.privateRun(TestRunner.java:739)
at org.testng.TestRunner.run(TestRunner.java:614)
at org.testng.SuiteRunner.runTest(SuiteRunner.java:421)
at org.testng.SuiteRunner.runSequentially(SuiteRunner.java:413)
at org.testng.SuiteRunner.privateRun(SuiteRunner.java:373)
at org.testng.SuiteRunner.run(SuiteRunner.java:312)
at org.testng.SuiteRunnerWorker.runSuite(SuiteRunnerWorker.java:52)
at org.testng.SuiteRunnerWorker.run(SuiteRunnerWorker.java:95)
at org.testng.TestNG.runSuitesSequentially(TestNG.java:1274)
at org.testng.TestNG.runSuitesLocally(TestNG.java:1208)
at org.testng.TestNG.runSuites(TestNG.java:1112)
at org.testng.TestNG.run(TestNG.java:1079)
at org.testng.remote.AbstractRemoteTestNG.run(AbstractRemoteTestNG.java:115)
at org.testng.remote.RemoteTestNG.initAndRun(RemoteTestNG.java:293)
at org.testng.remote.RemoteTestNG.main(RemoteTestNG.java:91)
]]>
    </failure>
  </testcase> <!-- testScreenshotCapture -->
</testsuite> <!-- Default test -->
