-------------------------------------------------------------------------------
Test set: TestSuite
-------------------------------------------------------------------------------
Tests run: 93, Failures: 68, Errors: 0, Skipped: 8, Time elapsed: 557.3 s <<< FAILURE! -- in TestSuite
test.BMSTest.verifyLogin -- Time elapsed: 7.607 s <<< FAILURE!
org.opentest4j.AssertionFailedError: 
Locator expected to contain text: My Account
Received: <element(s) not found>

Call log:
Locator.expect with timeout 5000ms
waiting for getByRole(AriaRole.BANNER)
	at com.microsoft.playwright.impl.AssertionsBase.expectImpl(AssertionsBase.java:74)
	at com.microsoft.playwright.impl.AssertionsBase.expectImpl(AssertionsBase.java:51)
	at com.microsoft.playwright.impl.AssertionsBase.expectImpl(AssertionsBase.java:42)
	at com.microsoft.playwright.impl.LocatorAssertionsImpl.containsText(LocatorAssertionsImpl.java:47)
	at com.microsoft.playwright.assertions.LocatorAssertions.containsText(LocatorAssertions.java:839)
	at page.BMSPage.login(BMSPage.java:115)
	at test.BMSTest.verifyLogin(BMSTest.java:43)
	at java.base/jdk.internal.reflect.NativeMethodAccessorImpl.invoke0(Native Method)
	at java.base/jdk.internal.reflect.NativeMethodAccessorImpl.invoke(NativeMethodAccessorImpl.java:77)
	at java.base/jdk.internal.reflect.DelegatingMethodAccessorImpl.invoke(DelegatingMethodAccessorImpl.java:43)
	at java.base/java.lang.reflect.Method.invoke(Method.java:568)
	at org.testng.internal.invokers.MethodInvocationHelper.invokeMethod(MethodInvocationHelper.java:139)
	at org.testng.internal.invokers.TestInvoker.invokeMethod(TestInvoker.java:664)
	at org.testng.internal.invokers.TestInvoker.invokeTestMethod(TestInvoker.java:228)
	at org.testng.internal.invokers.MethodRunner.runInSequence(MethodRunner.java:63)
	at org.testng.internal.invokers.TestInvoker$MethodInvocationAgent.invoke(TestInvoker.java:961)
	at org.testng.internal.invokers.TestInvoker.invokeTestMethods(TestInvoker.java:201)
	at org.testng.internal.invokers.TestMethodWorker.invokeTestMethods(TestMethodWorker.java:148)
	at org.testng.internal.invokers.TestMethodWorker.run(TestMethodWorker.java:128)
	at java.base/java.util.ArrayList.forEach(ArrayList.java:1511)
	at org.testng.TestRunner.privateRun(TestRunner.java:819)
	at org.testng.TestRunner.run(TestRunner.java:619)
	at org.testng.SuiteRunner.runTest(SuiteRunner.java:443)
	at org.testng.SuiteRunner.runSequentially(SuiteRunner.java:437)
	at org.testng.SuiteRunner.privateRun(SuiteRunner.java:397)
	at org.testng.SuiteRunner.run(SuiteRunner.java:336)
	at org.testng.SuiteRunnerWorker.runSuite(SuiteRunnerWorker.java:52)
	at org.testng.SuiteRunnerWorker.run(SuiteRunnerWorker.java:95)
	at org.testng.TestNG.runSuitesSequentially(TestNG.java:1301)
	at org.testng.TestNG.runSuitesLocally(TestNG.java:1228)
	at org.testng.TestNG.runSuites(TestNG.java:1134)
	at org.testng.TestNG.run(TestNG.java:1101)
	at org.apache.maven.surefire.testng.TestNGExecutor.run(TestNGExecutor.java:308)
	at org.apache.maven.surefire.testng.TestNGXmlTestSuite.execute(TestNGXmlTestSuite.java:71)
	at org.apache.maven.surefire.testng.TestNGProvider.invoke(TestNGProvider.java:113)
	at org.apache.maven.surefire.booter.ForkedBooter.runSuitesInProcess(ForkedBooter.java:385)
	at org.apache.maven.surefire.booter.ForkedBooter.execute(ForkedBooter.java:162)
	at org.apache.maven.surefire.booter.ForkedBooter.run(ForkedBooter.java:507)
	at org.apache.maven.surefire.booter.ForkedBooter.main(ForkedBooter.java:495)

test.BMSTest.verifyMRIAbdomenBook -- Time elapsed: 18.06 s <<< FAILURE!
org.opentest4j.AssertionFailedError: 
Locator expected to contain text: 294421
Received: 29442021 Jan 2026, 05:55 pm--Tata IVR--8438390602Call-NewTo be collectedMissed Call---481172​29439621 Jan 2026, 05:26 pmTesting City-Tata IVR--9345999487Call-NewTo be collectedMissed Call---628630​29439221 Jan 2026, 05:02 pmveera inovatrik-Tata IVR--9087003803Call-NewTo be collectedMissed Call---824799​29432521 Jan 2026, 01:23 pmTest-Tata IVR--9489794586Call-NewTo be collectedMissed Call---508124​29439421 Jan 2026, 05:08 pm--Tata IVR--9167609327Call-NewTo be collectedMissed Call---355543​29438521 Jan 2026, 04:51 pmsds-Tata IVR--6369021072Call-NewTo be collectedMissed Call---250559​29439321 Jan 2026, 05:04 pm--Tata IVR--7012782878Call-NewTo be collectedMissed Call---147527​29431921 Jan 2026, 01:07 pm--Tata IVR--6384075107Call-NewTo be collectedMissed Call---489191​29437621 Jan 2026, 04:15 pmUmme Asma-Tata IVR--8660912744Call-NewTo be collectedMissed Call---261027​29438121 Jan 2026, 04:31 pm--Tata IVR--8766326693Call-NewTo be collectedMissed Call---330314​29435221 Jan 2026, 02:47 pm--Tata IVR--9739623231Call-NewTo be collectedMissed Call---923747​29438021 Jan 2026, 04:27 pmTesting-Tata IVR--7502508191Call-NewTo be collectedMissed Call---877946​29437921 Jan 2026, 04:27 pm--Tata IVR--6374873219Call-NewTo be collectedMissed Call---358872​29437821 Jan 2026, 04:26 pmTesting-Tata IVR--9360620662Call-NewTo be collectedMissed Call---407858​29437521 Jan 2026, 04:11 pm--Tata IVR--9075031905Call-NewTo be collectedMissed Call---796060​29437421 Jan 2026, 03:55 pm--Tata IVR--8106999651Call-NewTo be collectedMissed Call---714246​29435121 Jan 2026, 02:42 pm--Tata IVR--7985995043Call-NewTo be collectedMissed Call---834332​29436021 Jan 2026, 03:26 pm--Tata IVR--9860080600Call-NewTo be collectedMissed Call---160864​29436121 Jan 2026, 03:27 pm--Tata IVR--7718978661Call-NewTo be collectedMissed Call---798001​29435621 Jan 2026, 03:08 pm--Tata IVR--9858120674Call-NewTo be collectedMissed Call---521790​29435821 Jan 2026, 03:13 pm--Tata IVR--9930724909Call-NewTo be collectedMissed Call---442445​29435921 Jan 2026, 03:13 pm--Tata IVR--7620160436Call-NewTo be collectedMissed Call---185471​29435721 Jan 2026, 03:09 pmRathi C-Tata IVR--9940832670Call-NewTo be collectedMissed Call---471017​29435421 Jan 2026, 02:57 pmRosalin Jamadar -Tata IVR--9439960774Call-NewTo be collectedMissed Call---294968​29434721 Jan 2026, 02:17 pm--Tata IVR--7975474546Call-NewTo be collectedMissed Call---983468​29434521 Jan 2026, 02:09 pm--Tata IVR--7400276466Call-NewTo be collectedMissed Call---704156​29434421 Jan 2026, 02:05 pm--Tata IVR--8217691929Call-NewTo be collectedMissed Call---819801​29434321 Jan 2026, 02:04 pm--Tata IVR--9221232352Call-NewTo be collectedMissed Call---991233​29434221 Jan 2026, 02:00 pm--Tata IVR--9008684992Call-NewTo be collectedMissed Call---288304​29434021 Jan 2026, 01:45 pm--Tata IVR--9970584034Call-NewTo be collectedMissed Call---885116​

Call log:
Locator.expect with timeout 5000ms
waiting for locator("tbody")
  locator resolved to <tbody class="MuiTableBody-root css-1xnox0e">…</tbody>
  unexpected value "29442021 Jan 2026, 05:55 pm--Tata IVR--8438390602Call-NewTo be collectedMissed Call---481172​29439621 Jan 2026, 05:26 pmTesting City-Tata IVR--9345999487Call-NewTo be collectedMissed Call---628630​29439221 Jan 2026, 05:02 pmveera inovatrik-Tata IVR--9087003803Call-NewTo be collectedMissed Call---824799​29432521 Jan 2026, 01:23 pmTest-Tata IVR--9489794586Call-NewTo be collectedMissed Call---508124​29439421 Jan 2026, 05:08 pm--Tata IVR--9167609327Call-NewTo be collectedMissed Call---355543​29438521 Jan 2026, 04:51 pmsds-Tata IVR--6369021072Call-NewTo be collectedMissed Call---250559​29439321 Jan 2026, 05:04 pm--Tata IVR--7012782878Call-NewTo be collectedMissed Call---147527​29431921 Jan 2026, 01:07 pm--Tata IVR--6384075107Call-NewTo be collectedMissed Call---489191​29437621 Jan 2026, 04:15 pmUmme Asma-Tata IVR--8660912744Call-NewTo be collectedMissed Call---261027​29438121 Jan 2026, 04:31 pm--Tata IVR--8766326693Call-NewTo be collectedMissed Call---330314​29435221 Jan 2026, 02:47 pm--Tata IVR--9739623231Call-NewTo be collectedMissed Call---923747​29438021 Jan 2026, 04:27 pmTesting-Tata IVR--7502508191Call-NewTo be collectedMissed Call---877946​29437921 Jan 2026, 04:27 pm--Tata IVR--6374873219Call-NewTo be collectedMissed Call---358872​29437821 Jan 2026, 04:26 pmTesting-Tata IVR--9360620662Call-NewTo be collectedMissed Call---407858​29437521 Jan 2026, 04:11 pm--Tata IVR--9075031905Call-NewTo be collectedMissed Call---796060​29437421 Jan 2026, 03:55 pm--Tata IVR--8106999651Call-NewTo be collectedMissed Call---714246​29435121 Jan 2026, 02:42 pm--Tata IVR--7985995043Call-NewTo be collectedMissed Call---834332​29436021 Jan 2026, 03:26 pm--Tata IVR--9860080600Call-NewTo be collectedMissed Call---160864​29436121 Jan 2026, 03:27 pm--Tata IVR--7718978661Call-NewTo be collectedMissed Call---798001​29435621 Jan 2026, 03:08 pm--Tata IVR--9858120674Call-NewTo be collectedMissed Call---521790​29435821 Jan 2026, 03:13 pm--Tata IVR--9930724909Call-NewTo be collectedMissed Call---442445​29435921 Jan 2026, 03:13 pm--Tata IVR--7620160436Call-NewTo be collectedMissed Call---185471​29435721 Jan 2026, 03:09 pmRathi C-Tata IVR--9940832670Call-NewTo be collectedMissed Call---471017​29435421 Jan 2026, 02:57 pmRosalin Jamadar -Tata IVR--9439960774Call-NewTo be collectedMissed Call---294968​29434721 Jan 2026, 02:17 pm--Tata IVR--7975474546Call-NewTo be collectedMissed Call---983468​29434521 Jan 2026, 02:09 pm--Tata IVR--7400276466Call-NewTo be collectedMissed Call---704156​29434421 Jan 2026, 02:05 pm--Tata IVR--8217691929Call-NewTo be collectedMissed Call---819801​29434321 Jan 2026, 02:04 pm--Tata IVR--9221232352Call-NewTo be collectedMissed Call---991233​29434221 Jan 2026, 02:00 pm--Tata IVR--9008684992Call-NewTo be collectedMissed Call---288304​29434021 Jan 2026, 01:45 pm--Tata IVR--9970584034Call-NewTo be collectedMissed Call---885116​"
  locator resolved to <tbody class="MuiTableBody-root css-1xnox0e">…</tbody>
  unexpected value "29442021 Jan 2026, 05:55 pm--Tata IVR--8438390602Call-NewTo be collectedMissed Call---481172​29439621 Jan 2026, 05:26 pmTesting City-Tata IVR--9345999487Call-NewTo be collectedMissed Call---628630​29439221 Jan 2026, 05:02 pmveera inovatrik-Tata IVR--9087003803Call-NewTo be collectedMissed Call---824799​29432521 Jan 2026, 01:23 pmTest-Tata IVR--9489794586Call-NewTo be collectedMissed Call---508124​29439421 Jan 2026, 05:08 pm--Tata IVR--9167609327Call-NewTo be collectedMissed Call---355543​29438521 Jan 2026, 04:51 pmsds-Tata IVR--6369021072Call-NewTo be collectedMissed Call---250559​29439321 Jan 2026, 05:04 pm--Tata IVR--7012782878Call-NewTo be collectedMissed Call---147527​29431921 Jan 2026, 01:07 pm--Tata IVR--6384075107Call-NewTo be collectedMissed Call---489191​29437621 Jan 2026, 04:15 pmUmme Asma-Tata IVR--8660912744Call-NewTo be collectedMissed Call---261027​29438121 Jan 2026, 04:31 pm--Tata IVR--8766326693Call-NewTo be collectedMissed Call---330314​29435221 Jan 2026, 02:47 pm--Tata IVR--9739623231Call-NewTo be collectedMissed Call---923747​29438021 Jan 2026, 04:27 pmTesting-Tata IVR--7502508191Call-NewTo be collectedMissed Call---877946​29437921 Jan 2026, 04:27 pm--Tata IVR--6374873219Call-NewTo be collectedMissed Call---358872​29437821 Jan 2026, 04:26 pmTesting-Tata IVR--9360620662Call-NewTo be collectedMissed Call---407858​29437521 Jan 2026, 04:11 pm--Tata IVR--9075031905Call-NewTo be collectedMissed Call---796060​29437421 Jan 2026, 03:55 pm--Tata IVR--8106999651Call-NewTo be collectedMissed Call---714246​29435121 Jan 2026, 02:42 pm--Tata IVR--7985995043Call-NewTo be collectedMissed Call---834332​29436021 Jan 2026, 03:26 pm--Tata IVR--9860080600Call-NewTo be collectedMissed Call---160864​29436121 Jan 2026, 03:27 pm--Tata IVR--7718978661Call-NewTo be collectedMissed Call---798001​29435621 Jan 2026, 03:08 pm--Tata IVR--9858120674Call-NewTo be collectedMissed Call---521790​29435821 Jan 2026, 03:13 pm--Tata IVR--9930724909Call-NewTo be collectedMissed Call---442445​29435921 Jan 2026, 03:13 pm--Tata IVR--7620160436Call-NewTo be collectedMissed Call---185471​29435721 Jan 2026, 03:09 pmRathi C-Tata IVR--9940832670Call-NewTo be collectedMissed Call---471017​29435421 Jan 2026, 02:57 pmRosalin Jamadar -Tata IVR--9439960774Call-NewTo be collectedMissed Call---294968​29434721 Jan 2026, 02:17 pm--Tata IVR--7975474546Call-NewTo be collectedMissed Call---983468​29434521 Jan 2026, 02:09 pm--Tata IVR--7400276466Call-NewTo be collectedMissed Call---704156​29434421 Jan 2026, 02:05 pm--Tata IVR--8217691929Call-NewTo be collectedMissed Call---819801​29434321 Jan 2026, 02:04 pm--Tata IVR--9221232352Call-NewTo be collectedMissed Call---991233​29434221 Jan 2026, 02:00 pm--Tata IVR--9008684992Call-NewTo be collectedMissed Call---288304​29434021 Jan 2026, 01:45 pm--Tata IVR--9970584034Call-NewTo be collectedMissed Call---885116​"
  locator resolved to <tbody class="MuiTableBody-root css-1xnox0e">…</tbody>
  unexpected value "29442021 Jan 2026, 05:55 pm--Tata IVR--8438390602Call-NewTo be collectedMissed Call---481172​29439621 Jan 2026, 05:26 pmTesting City-Tata IVR--9345999487Call-NewTo be collectedMissed Call---628630​29439221 Jan 2026, 05:02 pmveera inovatrik-Tata IVR--9087003803Call-NewTo be collectedMissed Call---824799​29432521 Jan 2026, 01:23 pmTest-Tata IVR--9489794586Call-NewTo be collectedMissed Call---508124​29439421 Jan 2026, 05:08 pm--Tata IVR--9167609327Call-NewTo be collectedMissed Call---355543​29438521 Jan 2026, 04:51 pmsds-Tata IVR--6369021072Call-NewTo be collectedMissed Call---250559​29439321 Jan 2026, 05:04 pm--Tata IVR--7012782878Call-NewTo be collectedMissed Call---147527​29431921 Jan 2026, 01:07 pm--Tata IVR--6384075107Call-NewTo be collectedMissed Call---489191​29437621 Jan 2026, 04:15 pmUmme Asma-Tata IVR--8660912744Call-NewTo be collectedMissed Call---261027​29438121 Jan 2026, 04:31 pm--Tata IVR--8766326693Call-NewTo be collectedMissed Call---330314​29435221 Jan 2026, 02:47 pm--Tata IVR--9739623231Call-NewTo be collectedMissed Call---923747​29438021 Jan 2026, 04:27 pmTesting-Tata IVR--7502508191Call-NewTo be collectedMissed Call---877946​29437921 Jan 2026, 04:27 pm--Tata IVR--6374873219Call-NewTo be collectedMissed Call---358872​29437821 Jan 2026, 04:26 pmTesting-Tata IVR--9360620662Call-NewTo be collectedMissed Call---407858​29437521 Jan 2026, 04:11 pm--Tata IVR--9075031905Call-NewTo be collectedMissed Call---796060​29437421 Jan 2026, 03:55 pm--Tata IVR--8106999651Call-NewTo be collectedMissed Call---714246​29435121 Jan 2026, 02:42 pm--Tata IVR--7985995043Call-NewTo be collectedMissed Call---834332​29436021 Jan 2026, 03:26 pm--Tata IVR--9860080600Call-NewTo be collectedMissed Call---160864​29436121 Jan 2026, 03:27 pm--Tata IVR--7718978661Call-NewTo be collectedMissed Call---798001​29435621 Jan 2026, 03:08 pm--Tata IVR--9858120674Call-NewTo be collectedMissed Call---521790​29435821 Jan 2026, 03:13 pm--Tata IVR--9930724909Call-NewTo be collectedMissed Call---442445​29435921 Jan 2026, 03:13 pm--Tata IVR--7620160436Call-NewTo be collectedMissed Call---185471​29435721 Jan 2026, 03:09 pmRathi C-Tata IVR--9940832670Call-NewTo be collectedMissed Call---471017​29435421 Jan 2026, 02:57 pmRosalin Jamadar -Tata IVR--9439960774Call-NewTo be collectedMissed Call---294968​29434721 Jan 2026, 02:17 pm--Tata IVR--7975474546Call-NewTo be collectedMissed Call---983468​29434521 Jan 2026, 02:09 pm--Tata IVR--7400276466Call-NewTo be collectedMissed Call---704156​29434421 Jan 2026, 02:05 pm--Tata IVR--8217691929Call-NewTo be collectedMissed Call---819801​29434321 Jan 2026, 02:04 pm--Tata IVR--9221232352Call-NewTo be collectedMissed Call---991233​29434221 Jan 2026, 02:00 pm--Tata IVR--9008684992Call-NewTo be collectedMissed Call---288304​29434021 Jan 2026, 01:45 pm--Tata IVR--9970584034Call-NewTo be collectedMissed Call---885116​"
  locator resolved to <tbody class="MuiTableBody-root css-1xnox0e">…</tbody>
  unexpected value "29442021 Jan 2026, 05:55 pm--Tata IVR--8438390602Call-NewTo be collectedMissed Call---481172​29439621 Jan 2026, 05:26 pmTesting City-Tata IVR--9345999487Call-NewTo be collectedMissed Call---628630​29439221 Jan 2026, 05:02 pmveera inovatrik-Tata IVR--9087003803Call-NewTo be collectedMissed Call---824799​29432521 Jan 2026, 01:23 pmTest-Tata IVR--9489794586Call-NewTo be collectedMissed Call---508124​29439421 Jan 2026, 05:08 pm--Tata IVR--9167609327Call-NewTo be collectedMissed Call---355543​29438521 Jan 2026, 04:51 pmsds-Tata IVR--6369021072Call-NewTo be collectedMissed Call---250559​29439321 Jan 2026, 05:04 pm--Tata IVR--7012782878Call-NewTo be collectedMissed Call---147527​29431921 Jan 2026, 01:07 pm--Tata IVR--6384075107Call-NewTo be collectedMissed Call---489191​29437621 Jan 2026, 04:15 pmUmme Asma-Tata IVR--8660912744Call-NewTo be collectedMissed Call---261027​29438121 Jan 2026, 04:31 pm--Tata IVR--8766326693Call-NewTo be collectedMissed Call---330314​29435221 Jan 2026, 02:47 pm--Tata IVR--9739623231Call-NewTo be collectedMissed Call---923747​29438021 Jan 2026, 04:27 pmTesting-Tata IVR--7502508191Call-NewTo be collectedMissed Call---877946​29437921 Jan 2026, 04:27 pm--Tata IVR--6374873219Call-NewTo be collectedMissed Call---358872​29437821 Jan 2026, 04:26 pmTesting-Tata IVR--9360620662Call-NewTo be collectedMissed Call---407858​29437521 Jan 2026, 04:11 pm--Tata IVR--9075031905Call-NewTo be collectedMissed Call---796060​29437421 Jan 2026, 03:55 pm--Tata IVR--8106999651Call-NewTo be collectedMissed Call---714246​29435121 Jan 2026, 02:42 pm--Tata IVR--7985995043Call-NewTo be collectedMissed Call---834332​29436021 Jan 2026, 03:26 pm--Tata IVR--9860080600Call-NewTo be collectedMissed Call---160864​29436121 Jan 2026, 03:27 pm--Tata IVR--7718978661Call-NewTo be collectedMissed Call---798001​29435621 Jan 2026, 03:08 pm--Tata IVR--9858120674Call-NewTo be collectedMissed Call---521790​29435821 Jan 2026, 03:13 pm--Tata IVR--9930724909Call-NewTo be collectedMissed Call---442445​29435921 Jan 2026, 03:13 pm--Tata IVR--7620160436Call-NewTo be collectedMissed Call---185471​29435721 Jan 2026, 03:09 pmRathi C-Tata IVR--9940832670Call-NewTo be collectedMissed Call---471017​29435421 Jan 2026, 02:57 pmRosalin Jamadar -Tata IVR--9439960774Call-NewTo be collectedMissed Call---294968​29434721 Jan 2026, 02:17 pm--Tata IVR--7975474546Call-NewTo be collectedMissed Call---983468​29434521 Jan 2026, 02:09 pm--Tata IVR--7400276466Call-NewTo be collectedMissed Call---704156​29434421 Jan 2026, 02:05 pm--Tata IVR--8217691929Call-NewTo be collectedMissed Call---819801​29434321 Jan 2026, 02:04 pm--Tata IVR--9221232352Call-NewTo be collectedMissed Call---991233​29434221 Jan 2026, 02:00 pm--Tata IVR--9008684992Call-NewTo be collectedMissed Call---288304​29434021 Jan 2026, 01:45 pm--Tata IVR--9970584034Call-NewTo be collectedMissed Call---885116​"
  locator resolved to <tbody class="MuiTableBody-root css-1xnox0e">…</tbody>
  unexpected value "29442021 Jan 2026, 05:55 pm--Tata IVR--8438390602Call-NewTo be collectedMissed Call---481172​29439621 Jan 2026, 05:26 pmTesting City-Tata IVR--9345999487Call-NewTo be collectedMissed Call---628630​29439221 Jan 2026, 05:02 pmveera inovatrik-Tata IVR--9087003803Call-NewTo be collectedMissed Call---824799​29432521 Jan 2026, 01:23 pmTest-Tata IVR--9489794586Call-NewTo be collectedMissed Call---508124​29439421 Jan 2026, 05:08 pm--Tata IVR--9167609327Call-NewTo be collectedMissed Call---355543​29438521 Jan 2026, 04:51 pmsds-Tata IVR--6369021072Call-NewTo be collectedMissed Call---250559​29439321 Jan 2026, 05:04 pm--Tata IVR--7012782878Call-NewTo be collectedMissed Call---147527​29431921 Jan 2026, 01:07 pm--Tata IVR--6384075107Call-NewTo be collectedMissed Call---489191​29437621 Jan 2026, 04:15 pmUmme Asma-Tata IVR--8660912744Call-NewTo be collectedMissed Call---261027​29438121 Jan 2026, 04:31 pm--Tata IVR--8766326693Call-NewTo be collectedMissed Call---330314​29435221 Jan 2026, 02:47 pm--Tata IVR--9739623231Call-NewTo be collectedMissed Call---923747​29438021 Jan 2026, 04:27 pmTesting-Tata IVR--7502508191Call-NewTo be collectedMissed Call---877946​29437921 Jan 2026, 04:27 pm--Tata IVR--6374873219Call-NewTo be collectedMissed Call---358872​29437821 Jan 2026, 04:26 pmTesting-Tata IVR--9360620662Call-NewTo be collectedMissed Call---407858​29437521 Jan 2026, 04:11 pm--Tata IVR--9075031905Call-NewTo be collectedMissed Call---796060​29437421 Jan 2026, 03:55 pm--Tata IVR--8106999651Call-NewTo be collectedMissed Call---714246​29435121 Jan 2026, 02:42 pm--Tata IVR--7985995043Call-NewTo be collectedMissed Call---834332​29436021 Jan 2026, 03:26 pm--Tata IVR--9860080600Call-NewTo be collectedMissed Call---160864​29436121 Jan 2026, 03:27 pm--Tata IVR--7718978661Call-NewTo be collectedMissed Call---798001​29435621 Jan 2026, 03:08 pm--Tata IVR--9858120674Call-NewTo be collectedMissed Call---521790​29435821 Jan 2026, 03:13 pm--Tata IVR--9930724909Call-NewTo be collectedMissed Call---442445​29435921 Jan 2026, 03:13 pm--Tata IVR--7620160436Call-NewTo be collectedMissed Call---185471​29435721 Jan 2026, 03:09 pmRathi C-Tata IVR--9940832670Call-NewTo be collectedMissed Call---471017​29435421 Jan 2026, 02:57 pmRosalin Jamadar -Tata IVR--9439960774Call-NewTo be collectedMissed Call---294968​29434721 Jan 2026, 02:17 pm--Tata IVR--7975474546Call-NewTo be collectedMissed Call---983468​29434521 Jan 2026, 02:09 pm--Tata IVR--7400276466Call-NewTo be collectedMissed Call---704156​29434421 Jan 2026, 02:05 pm--Tata IVR--8217691929Call-NewTo be collectedMissed Call---819801​29434321 Jan 2026, 02:04 pm--Tata IVR--9221232352Call-NewTo be collectedMissed Call---991233​29434221 Jan 2026, 02:00 pm--Tata IVR--9008684992Call-NewTo be collectedMissed Call---288304​29434021 Jan 2026, 01:45 pm--Tata IVR--9970584034Call-NewTo be collectedMissed Call---885116​"
  locator resolved to <tbody class="MuiTableBody-root css-1xnox0e">…</tbody>
  unexpected value "29442021 Jan 2026, 05:55 pm--Tata IVR--8438390602Call-NewTo be collectedMissed Call---481172​29439621 Jan 2026, 05:26 pmTesting City-Tata IVR--9345999487Call-NewTo be collectedMissed Call---628630​29439221 Jan 2026, 05:02 pmveera inovatrik-Tata IVR--9087003803Call-NewTo be collectedMissed Call---824799​29432521 Jan 2026, 01:23 pmTest-Tata IVR--9489794586Call-NewTo be collectedMissed Call---508124​29439421 Jan 2026, 05:08 pm--Tata IVR--9167609327Call-NewTo be collectedMissed Call---355543​29438521 Jan 2026, 04:51 pmsds-Tata IVR--6369021072Call-NewTo be collectedMissed Call---250559​29439321 Jan 2026, 05:04 pm--Tata IVR--7012782878Call-NewTo be collectedMissed Call---147527​29431921 Jan 2026, 01:07 pm--Tata IVR--6384075107Call-NewTo be collectedMissed Call---489191​29437621 Jan 2026, 04:15 pmUmme Asma-Tata IVR--8660912744Call-NewTo be collectedMissed Call---261027​29438121 Jan 2026, 04:31 pm--Tata IVR--8766326693Call-NewTo be collectedMissed Call---330314​29435221 Jan 2026, 02:47 pm--Tata IVR--9739623231Call-NewTo be collectedMissed Call---923747​29438021 Jan 2026, 04:27 pmTesting-Tata IVR--7502508191Call-NewTo be collectedMissed Call---877946​29437921 Jan 2026, 04:27 pm--Tata IVR--6374873219Call-NewTo be collectedMissed Call---358872​29437821 Jan 2026, 04:26 pmTesting-Tata IVR--9360620662Call-NewTo be collectedMissed Call---407858​29437521 Jan 2026, 04:11 pm--Tata IVR--9075031905Call-NewTo be collectedMissed Call---796060​29437421 Jan 2026, 03:55 pm--Tata IVR--8106999651Call-NewTo be collectedMissed Call---714246​29435121 Jan 2026, 02:42 pm--Tata IVR--7985995043Call-NewTo be collectedMissed Call---834332​29436021 Jan 2026, 03:26 pm--Tata IVR--9860080600Call-NewTo be collectedMissed Call---160864​29436121 Jan 2026, 03:27 pm--Tata IVR--7718978661Call-NewTo be collectedMissed Call---798001​29435621 Jan 2026, 03:08 pm--Tata IVR--9858120674Call-NewTo be collectedMissed Call---521790​29435821 Jan 2026, 03:13 pm--Tata IVR--9930724909Call-NewTo be collectedMissed Call---442445​29435921 Jan 2026, 03:13 pm--Tata IVR--7620160436Call-NewTo be collectedMissed Call---185471​29435721 Jan 2026, 03:09 pmRathi C-Tata IVR--9940832670Call-NewTo be collectedMissed Call---471017​29435421 Jan 2026, 02:57 pmRosalin Jamadar -Tata IVR--9439960774Call-NewTo be collectedMissed Call---294968​29434721 Jan 2026, 02:17 pm--Tata IVR--7975474546Call-NewTo be collectedMissed Call---983468​29434521 Jan 2026, 02:09 pm--Tata IVR--7400276466Call-NewTo be collectedMissed Call---704156​29434421 Jan 2026, 02:05 pm--Tata IVR--8217691929Call-NewTo be collectedMissed Call---819801​29434321 Jan 2026, 02:04 pm--Tata IVR--9221232352Call-NewTo be collectedMissed Call---991233​29434221 Jan 2026, 02:00 pm--Tata IVR--9008684992Call-NewTo be collectedMissed Call---288304​29434021 Jan 2026, 01:45 pm--Tata IVR--9970584034Call-NewTo be collectedMissed Call---885116​"
  locator resolved to <tbody class="MuiTableBody-root css-1xnox0e">…</tbody>
  unexpected value "29442021 Jan 2026, 05:55 pm--Tata IVR--8438390602Call-NewTo be collectedMissed Call---481172​29439621 Jan 2026, 05:26 pmTesting City-Tata IVR--9345999487Call-NewTo be collectedMissed Call---628630​29439221 Jan 2026, 05:02 pmveera inovatrik-Tata IVR--9087003803Call-NewTo be collectedMissed Call---824799​29432521 Jan 2026, 01:23 pmTest-Tata IVR--9489794586Call-NewTo be collectedMissed Call---508124​29439421 Jan 2026, 05:08 pm--Tata IVR--9167609327Call-NewTo be collectedMissed Call---355543​29438521 Jan 2026, 04:51 pmsds-Tata IVR--6369021072Call-NewTo be collectedMissed Call---250559​29439321 Jan 2026, 05:04 pm--Tata IVR--7012782878Call-NewTo be collectedMissed Call---147527​29431921 Jan 2026, 01:07 pm--Tata IVR--6384075107Call-NewTo be collectedMissed Call---489191​29437621 Jan 2026, 04:15 pmUmme Asma-Tata IVR--8660912744Call-NewTo be collectedMissed Call---261027​29438121 Jan 2026, 04:31 pm--Tata IVR--8766326693Call-NewTo be collectedMissed Call---330314​29435221 Jan 2026, 02:47 pm--Tata IVR--9739623231Call-NewTo be collectedMissed Call---923747​29438021 Jan 2026, 04:27 pmTesting-Tata IVR--7502508191Call-NewTo be collectedMissed Call---877946​29437921 Jan 2026, 04:27 pm--Tata IVR--6374873219Call-NewTo be collectedMissed Call---358872​29437821 Jan 2026, 04:26 pmTesting-Tata IVR--9360620662Call-NewTo be collectedMissed Call---407858​29437521 Jan 2026, 04:11 pm--Tata IVR--9075031905Call-NewTo be collectedMissed Call---796060​29437421 Jan 2026, 03:55 pm--Tata IVR--8106999651Call-NewTo be collectedMissed Call---714246​29435121 Jan 2026, 02:42 pm--Tata IVR--7985995043Call-NewTo be collectedMissed Call---834332​29436021 Jan 2026, 03:26 pm--Tata IVR--9860080600Call-NewTo be collectedMissed Call---160864​29436121 Jan 2026, 03:27 pm--Tata IVR--7718978661Call-NewTo be collectedMissed Call---798001​29435621 Jan 2026, 03:08 pm--Tata IVR--9858120674Call-NewTo be collectedMissed Call---521790​29435821 Jan 2026, 03:13 pm--Tata IVR--9930724909Call-NewTo be collectedMissed Call---442445​29435921 Jan 2026, 03:13 pm--Tata IVR--7620160436Call-NewTo be collectedMissed Call---185471​29435721 Jan 2026, 03:09 pmRathi C-Tata IVR--9940832670Call-NewTo be collectedMissed Call---471017​29435421 Jan 2026, 02:57 pmRosalin Jamadar -Tata IVR--9439960774Call-NewTo be collectedMissed Call---294968​29434721 Jan 2026, 02:17 pm--Tata IVR--7975474546Call-NewTo be collectedMissed Call---983468​29434521 Jan 2026, 02:09 pm--Tata IVR--7400276466Call-NewTo be collectedMissed Call---704156​29434421 Jan 2026, 02:05 pm--Tata IVR--8217691929Call-NewTo be collectedMissed Call---819801​29434321 Jan 2026, 02:04 pm--Tata IVR--9221232352Call-NewTo be collectedMissed Call---991233​29434221 Jan 2026, 02:00 pm--Tata IVR--9008684992Call-NewTo be collectedMissed Call---288304​29434021 Jan 2026, 01:45 pm--Tata IVR--9970584034Call-NewTo be collectedMissed Call---885116​"
  locator resolved to <tbody class="MuiTableBody-root css-1xnox0e">…</tbody>
  unexpected value "29442021 Jan 2026, 05:55 pm--Tata IVR--8438390602Call-NewTo be collectedMissed Call---481172​29439621 Jan 2026, 05:26 pmTesting City-Tata IVR--9345999487Call-NewTo be collectedMissed Call---628630​29439221 Jan 2026, 05:02 pmveera inovatrik-Tata IVR--9087003803Call-NewTo be collectedMissed Call---824799​29432521 Jan 2026, 01:23 pmTest-Tata IVR--9489794586Call-NewTo be collectedMissed Call---508124​29439421 Jan 2026, 05:08 pm--Tata IVR--9167609327Call-NewTo be collectedMissed Call---355543​29438521 Jan 2026, 04:51 pmsds-Tata IVR--6369021072Call-NewTo be collectedMissed Call---250559​29439321 Jan 2026, 05:04 pm--Tata IVR--7012782878Call-NewTo be collectedMissed Call---147527​29431921 Jan 2026, 01:07 pm--Tata IVR--6384075107Call-NewTo be collectedMissed Call---489191​29437621 Jan 2026, 04:15 pmUmme Asma-Tata IVR--8660912744Call-NewTo be collectedMissed Call---261027​29438121 Jan 2026, 04:31 pm--Tata IVR--8766326693Call-NewTo be collectedMissed Call---330314​29435221 Jan 2026, 02:47 pm--Tata IVR--9739623231Call-NewTo be collectedMissed Call---923747​29438021 Jan 2026, 04:27 pmTesting-Tata IVR--7502508191Call-NewTo be collectedMissed Call---877946​29437921 Jan 2026, 04:27 pm--Tata IVR--6374873219Call-NewTo be collectedMissed Call---358872​29437821 Jan 2026, 04:26 pmTesting-Tata IVR--9360620662Call-NewTo be collectedMissed Call---407858​29437521 Jan 2026, 04:11 pm--Tata IVR--9075031905Call-NewTo be collectedMissed Call---796060​29437421 Jan 2026, 03:55 pm--Tata IVR--8106999651Call-NewTo be collectedMissed Call---714246​29435121 Jan 2026, 02:42 pm--Tata IVR--7985995043Call-NewTo be collectedMissed Call---834332​29436021 Jan 2026, 03:26 pm--Tata IVR--9860080600Call-NewTo be collectedMissed Call---160864​29436121 Jan 2026, 03:27 pm--Tata IVR--7718978661Call-NewTo be collectedMissed Call---798001​29435621 Jan 2026, 03:08 pm--Tata IVR--9858120674Call-NewTo be collectedMissed Call---521790​29435821 Jan 2026, 03:13 pm--Tata IVR--9930724909Call-NewTo be collectedMissed Call---442445​29435921 Jan 2026, 03:13 pm--Tata IVR--7620160436Call-NewTo be collectedMissed Call---185471​29435721 Jan 2026, 03:09 pmRathi C-Tata IVR--9940832670Call-NewTo be collectedMissed Call---471017​29435421 Jan 2026, 02:57 pmRosalin Jamadar -Tata IVR--9439960774Call-NewTo be collectedMissed Call---294968​29434721 Jan 2026, 02:17 pm--Tata IVR--7975474546Call-NewTo be collectedMissed Call---983468​29434521 Jan 2026, 02:09 pm--Tata IVR--7400276466Call-NewTo be collectedMissed Call---704156​29434421 Jan 2026, 02:05 pm--Tata IVR--8217691929Call-NewTo be collectedMissed Call---819801​29434321 Jan 2026, 02:04 pm--Tata IVR--9221232352Call-NewTo be collectedMissed Call---991233​29434221 Jan 2026, 02:00 pm--Tata IVR--9008684992Call-NewTo be collectedMissed Call---288304​29434021 Jan 2026, 01:45 pm--Tata IVR--9970584034Call-NewTo be collectedMissed Call---885116​"
  locator resolved to <tbody class="MuiTableBody-root css-1xnox0e">…</tbody>
  unexpected value "29442021 Jan 2026, 05:55 pm--Tata IVR--8438390602Call-NewTo be collectedMissed Call---481172​29439621 Jan 2026, 05:26 pmTesting City-Tata IVR--9345999487Call-NewTo be collectedMissed Call---628630​29439221 Jan 2026, 05:02 pmveera inovatrik-Tata IVR--9087003803Call-NewTo be collectedMissed Call---824799​29432521 Jan 2026, 01:23 pmTest-Tata IVR--9489794586Call-NewTo be collectedMissed Call---508124​29439421 Jan 2026, 05:08 pm--Tata IVR--9167609327Call-NewTo be collectedMissed Call---355543​29438521 Jan 2026, 04:51 pmsds-Tata IVR--6369021072Call-NewTo be collectedMissed Call---250559​29439321 Jan 2026, 05:04 pm--Tata IVR--7012782878Call-NewTo be collectedMissed Call---147527​29431921 Jan 2026, 01:07 pm--Tata IVR--6384075107Call-NewTo be collectedMissed Call---489191​29437621 Jan 2026, 04:15 pmUmme Asma-Tata IVR--8660912744Call-NewTo be collectedMissed Call---261027​29438121 Jan 2026, 04:31 pm--Tata IVR--8766326693Call-NewTo be collectedMissed Call---330314​29435221 Jan 2026, 02:47 pm--Tata IVR--9739623231Call-NewTo be collectedMissed Call---923747​29438021 Jan 2026, 04:27 pmTesting-Tata IVR--7502508191Call-NewTo be collectedMissed Call---877946​29437921 Jan 2026, 04:27 pm--Tata IVR--6374873219Call-NewTo be collectedMissed Call---358872​29437821 Jan 2026, 04:26 pmTesting-Tata IVR--9360620662Call-NewTo be collectedMissed Call---407858​29437521 Jan 2026, 04:11 pm--Tata IVR--9075031905Call-NewTo be collectedMissed Call---796060​29437421 Jan 2026, 03:55 pm--Tata IVR--8106999651Call-NewTo be collectedMissed Call---714246​29435121 Jan 2026, 02:42 pm--Tata IVR--7985995043Call-NewTo be collectedMissed Call---834332​29436021 Jan 2026, 03:26 pm--Tata IVR--9860080600Call-NewTo be collectedMissed Call---160864​29436121 Jan 2026, 03:27 pm--Tata IVR--7718978661Call-NewTo be collectedMissed Call---798001​29435621 Jan 2026, 03:08 pm--Tata IVR--9858120674Call-NewTo be collectedMissed Call---521790​29435821 Jan 2026, 03:13 pm--Tata IVR--9930724909Call-NewTo be collectedMissed Call---442445​29435921 Jan 2026, 03:13 pm--Tata IVR--7620160436Call-NewTo be collectedMissed Call---185471​29435721 Jan 2026, 03:09 pmRathi C-Tata IVR--9940832670Call-NewTo be collectedMissed Call---471017​29435421 Jan 2026, 02:57 pmRosalin Jamadar -Tata IVR--9439960774Call-NewTo be collectedMissed Call---294968​29434721 Jan 2026, 02:17 pm--Tata IVR--7975474546Call-NewTo be collectedMissed Call---983468​29434521 Jan 2026, 02:09 pm--Tata IVR--7400276466Call-NewTo be collectedMissed Call---704156​29434421 Jan 2026, 02:05 pm--Tata IVR--8217691929Call-NewTo be collectedMissed Call---819801​29434321 Jan 2026, 02:04 pm--Tata IVR--9221232352Call-NewTo be collectedMissed Call---991233​29434221 Jan 2026, 02:00 pm--Tata IVR--9008684992Call-NewTo be collectedMissed Call---288304​29434021 Jan 2026, 01:45 pm--Tata IVR--9970584034Call-NewTo be collectedMissed Call---885116​"
	at com.microsoft.playwright.impl.AssertionsBase.expectImpl(AssertionsBase.java:74)
	at com.microsoft.playwright.impl.AssertionsBase.expectImpl(AssertionsBase.java:51)
	at com.microsoft.playwright.impl.AssertionsBase.expectImpl(AssertionsBase.java:42)
	at com.microsoft.playwright.impl.LocatorAssertionsImpl.containsText(LocatorAssertionsImpl.java:47)
	at com.microsoft.playwright.assertions.LocatorAssertions.containsText(LocatorAssertions.java:839)
	at page.BMSPage.adminBookingIdVerification(BMSPage.java:196)
	at page.BMSPage.MRIAbdomenBook(BMSPage.java:169)
	at test.BMSTest.verifyMRIAbdomenBook(BMSTest.java:63)
	at java.base/jdk.internal.reflect.NativeMethodAccessorImpl.invoke0(Native Method)
	at java.base/jdk.internal.reflect.NativeMethodAccessorImpl.invoke(NativeMethodAccessorImpl.java:77)
	at java.base/jdk.internal.reflect.DelegatingMethodAccessorImpl.invoke(DelegatingMethodAccessorImpl.java:43)
	at java.base/java.lang.reflect.Method.invoke(Method.java:568)
	at org.testng.internal.invokers.MethodInvocationHelper.invokeMethod(MethodInvocationHelper.java:139)
	at org.testng.internal.invokers.TestInvoker.invokeMethod(TestInvoker.java:664)
	at org.testng.internal.invokers.TestInvoker.invokeTestMethod(TestInvoker.java:228)
	at org.testng.internal.invokers.MethodRunner.runInSequence(MethodRunner.java:63)
	at org.testng.internal.invokers.TestInvoker$MethodInvocationAgent.invoke(TestInvoker.java:961)
	at org.testng.internal.invokers.TestInvoker.invokeTestMethods(TestInvoker.java:201)
	at org.testng.internal.invokers.TestMethodWorker.invokeTestMethods(TestMethodWorker.java:148)
	at org.testng.internal.invokers.TestMethodWorker.run(TestMethodWorker.java:128)
	at java.base/java.util.ArrayList.forEach(ArrayList.java:1511)
	at org.testng.TestRunner.privateRun(TestRunner.java:819)
	at org.testng.TestRunner.run(TestRunner.java:619)
	at org.testng.SuiteRunner.runTest(SuiteRunner.java:443)
	at org.testng.SuiteRunner.runSequentially(SuiteRunner.java:437)
	at org.testng.SuiteRunner.privateRun(SuiteRunner.java:397)
	at org.testng.SuiteRunner.run(SuiteRunner.java:336)
	at org.testng.SuiteRunnerWorker.runSuite(SuiteRunnerWorker.java:52)
	at org.testng.SuiteRunnerWorker.run(SuiteRunnerWorker.java:95)
	at org.testng.TestNG.runSuitesSequentially(TestNG.java:1301)
	at org.testng.TestNG.runSuitesLocally(TestNG.java:1228)
	at org.testng.TestNG.runSuites(TestNG.java:1134)
	at org.testng.TestNG.run(TestNG.java:1101)
	at org.apache.maven.surefire.testng.TestNGExecutor.run(TestNGExecutor.java:308)
	at org.apache.maven.surefire.testng.TestNGXmlTestSuite.execute(TestNGXmlTestSuite.java:71)
	at org.apache.maven.surefire.testng.TestNGProvider.invoke(TestNGProvider.java:113)
	at org.apache.maven.surefire.booter.ForkedBooter.runSuitesInProcess(ForkedBooter.java:385)
	at org.apache.maven.surefire.booter.ForkedBooter.execute(ForkedBooter.java:162)
	at org.apache.maven.surefire.booter.ForkedBooter.run(ForkedBooter.java:507)
	at org.apache.maven.surefire.booter.ForkedBooter.main(ForkedBooter.java:495)

test.BMSTest.verifyMRIBrainBook -- Time elapsed: 17.97 s <<< FAILURE!
org.opentest4j.AssertionFailedError: 
Locator expected to contain text: 294422
Received: 29442021 Jan 2026, 05:55 pm--Tata IVR--8438390602Call-NewTo be collectedMissed Call---481172​29439621 Jan 2026, 05:26 pmTesting City-Tata IVR--9345999487Call-NewTo be collectedMissed Call---628630​29439221 Jan 2026, 05:02 pmveera inovatrik-Tata IVR--9087003803Call-NewTo be collectedMissed Call---824799​29432521 Jan 2026, 01:23 pmTest-Tata IVR--9489794586Call-NewTo be collectedMissed Call---508124​29439421 Jan 2026, 05:08 pm--Tata IVR--9167609327Call-NewTo be collectedMissed Call---355543​29438521 Jan 2026, 04:51 pmsds-Tata IVR--6369021072Call-NewTo be collectedMissed Call---250559​29439321 Jan 2026, 05:04 pm--Tata IVR--7012782878Call-NewTo be collectedMissed Call---147527​29431921 Jan 2026, 01:07 pm--Tata IVR--6384075107Call-NewTo be collectedMissed Call---489191​29437621 Jan 2026, 04:15 pmUmme Asma-Tata IVR--8660912744Call-NewTo be collectedMissed Call---261027​29438121 Jan 2026, 04:31 pm--Tata IVR--8766326693Call-NewTo be collectedMissed Call---330314​29435221 Jan 2026, 02:47 pm--Tata IVR--9739623231Call-NewTo be collectedMissed Call---923747​29438021 Jan 2026, 04:27 pmTesting-Tata IVR--7502508191Call-NewTo be collectedMissed Call---877946​29437921 Jan 2026, 04:27 pm--Tata IVR--6374873219Call-NewTo be collectedMissed Call---358872​29437821 Jan 2026, 04:26 pmTesting-Tata IVR--9360620662Call-NewTo be collectedMissed Call---407858​29437521 Jan 2026, 04:11 pm--Tata IVR--9075031905Call-NewTo be collectedMissed Call---796060​29437421 Jan 2026, 03:55 pm--Tata IVR--8106999651Call-NewTo be collectedMissed Call---714246​29435121 Jan 2026, 02:42 pm--Tata IVR--7985995043Call-NewTo be collectedMissed Call---834332​29436021 Jan 2026, 03:26 pm--Tata IVR--9860080600Call-NewTo be collectedMissed Call---160864​29436121 Jan 2026, 03:27 pm--Tata IVR--7718978661Call-NewTo be collectedMissed Call---798001​29435621 Jan 2026, 03:08 pm--Tata IVR--9858120674Call-NewTo be collectedMissed Call---521790​29435821 Jan 2026, 03:13 pm--Tata IVR--9930724909Call-NewTo be collectedMissed Call---442445​29435921 Jan 2026, 03:13 pm--Tata IVR--7620160436Call-NewTo be collectedMissed Call---185471​29435721 Jan 2026, 03:09 pmRathi C-Tata IVR--9940832670Call-NewTo be collectedMissed Call---471017​29435421 Jan 2026, 02:57 pmRosalin Jamadar -Tata IVR--9439960774Call-NewTo be collectedMissed Call---294968​29434721 Jan 2026, 02:17 pm--Tata IVR--7975474546Call-NewTo be collectedMissed Call---983468​29434521 Jan 2026, 02:09 pm--Tata IVR--7400276466Call-NewTo be collectedMissed Call---704156​29434421 Jan 2026, 02:05 pm--Tata IVR--8217691929Call-NewTo be collectedMissed Call---819801​29434321 Jan 2026, 02:04 pm--Tata IVR--9221232352Call-NewTo be collectedMissed Call---991233​29434221 Jan 2026, 02:00 pm--Tata IVR--9008684992Call-NewTo be collectedMissed Call---288304​29434021 Jan 2026, 01:45 pm--Tata IVR--9970584034Call-NewTo be collectedMissed Call---885116​

Call log:
Locator.expect with timeout 5000ms
waiting for locator("tbody")
  locator resolved to <tbody class="MuiTableBody-root css-1xnox0e">…</tbody>
  unexpected value "29442021 Jan 2026, 05:55 pm--Tata IVR--8438390602Call-NewTo be collectedMissed Call---481172​29439621 Jan 2026, 05:26 pmTesting City-Tata IVR--9345999487Call-NewTo be collectedMissed Call---628630​29439221 Jan 2026, 05:02 pmveera inovatrik-Tata IVR--9087003803Call-NewTo be collectedMissed Call---824799​29432521 Jan 2026, 01:23 pmTest-Tata IVR--9489794586Call-NewTo be collectedMissed Call---508124​29439421 Jan 2026, 05:08 pm--Tata IVR--9167609327Call-NewTo be collectedMissed Call---355543​29438521 Jan 2026, 04:51 pmsds-Tata IVR--6369021072Call-NewTo be collectedMissed Call---250559​29439321 Jan 2026, 05:04 pm--Tata IVR--7012782878Call-NewTo be collectedMissed Call---147527​29431921 Jan 2026, 01:07 pm--Tata IVR--6384075107Call-NewTo be collectedMissed Call---489191​29437621 Jan 2026, 04:15 pmUmme Asma-Tata IVR--8660912744Call-NewTo be collectedMissed Call---261027​29438121 Jan 2026, 04:31 pm--Tata IVR--8766326693Call-NewTo be collectedMissed Call---330314​29435221 Jan 2026, 02:47 pm--Tata IVR--9739623231Call-NewTo be collectedMissed Call---923747​29438021 Jan 2026, 04:27 pmTesting-Tata IVR--7502508191Call-NewTo be collectedMissed Call---877946​29437921 Jan 2026, 04:27 pm--Tata IVR--6374873219Call-NewTo be collectedMissed Call---358872​29437821 Jan 2026, 04:26 pmTesting-Tata IVR--9360620662Call-NewTo be collectedMissed Call---407858​29437521 Jan 2026, 04:11 pm--Tata IVR--9075031905Call-NewTo be collectedMissed Call---796060​29437421 Jan 2026, 03:55 pm--Tata IVR--8106999651Call-NewTo be collectedMissed Call---714246​29435121 Jan 2026, 02:42 pm--Tata IVR--7985995043Call-NewTo be collectedMissed Call---834332​29436021 Jan 2026, 03:26 pm--Tata IVR--9860080600Call-NewTo be collectedMissed Call---160864​29436121 Jan 2026, 03:27 pm--Tata IVR--7718978661Call-NewTo be collectedMissed Call---798001​29435621 Jan 2026, 03:08 pm--Tata IVR--9858120674Call-NewTo be collectedMissed Call---521790​29435821 Jan 2026, 03:13 pm--Tata IVR--9930724909Call-NewTo be collectedMissed Call---442445​29435921 Jan 2026, 03:13 pm--Tata IVR--7620160436Call-NewTo be collectedMissed Call---185471​29435721 Jan 2026, 03:09 pmRathi C-Tata IVR--9940832670Call-NewTo be collectedMissed Call---471017​29435421 Jan 2026, 02:57 pmRosalin Jamadar -Tata IVR--9439960774Call-NewTo be collectedMissed Call---294968​29434721 Jan 2026, 02:17 pm--Tata IVR--7975474546Call-NewTo be collectedMissed Call---983468​29434521 Jan 2026, 02:09 pm--Tata IVR--7400276466Call-NewTo be collectedMissed Call---704156​29434421 Jan 2026, 02:05 pm--Tata IVR--8217691929Call-NewTo be collectedMissed Call---819801​29434321 Jan 2026, 02:04 pm--Tata IVR--9221232352Call-NewTo be collectedMissed Call---991233​29434221 Jan 2026, 02:00 pm--Tata IVR--9008684992Call-NewTo be collectedMissed Call---288304​29434021 Jan 2026, 01:45 pm--Tata IVR--9970584034Call-NewTo be collectedMissed Call---885116​"
  locator resolved to <tbody class="MuiTableBody-root css-1xnox0e">…</tbody>
  unexpected value "29442021 Jan 2026, 05:55 pm--Tata IVR--8438390602Call-NewTo be collectedMissed Call---481172​29439621 Jan 2026, 05:26 pmTesting City-Tata IVR--9345999487Call-NewTo be collectedMissed Call---628630​29439221 Jan 2026, 05:02 pmveera inovatrik-Tata IVR--9087003803Call-NewTo be collectedMissed Call---824799​29432521 Jan 2026, 01:23 pmTest-Tata IVR--9489794586Call-NewTo be collectedMissed Call---508124​29439421 Jan 2026, 05:08 pm--Tata IVR--9167609327Call-NewTo be collectedMissed Call---355543​29438521 Jan 2026, 04:51 pmsds-Tata IVR--6369021072Call-NewTo be collectedMissed Call---250559​29439321 Jan 2026, 05:04 pm--Tata IVR--7012782878Call-NewTo be collectedMissed Call---147527​29431921 Jan 2026, 01:07 pm--Tata IVR--6384075107Call-NewTo be collectedMissed Call---489191​29437621 Jan 2026, 04:15 pmUmme Asma-Tata IVR--8660912744Call-NewTo be collectedMissed Call---261027​29438121 Jan 2026, 04:31 pm--Tata IVR--8766326693Call-NewTo be collectedMissed Call---330314​29435221 Jan 2026, 02:47 pm--Tata IVR--9739623231Call-NewTo be collectedMissed Call---923747​29438021 Jan 2026, 04:27 pmTesting-Tata IVR--7502508191Call-NewTo be collectedMissed Call---877946​29437921 Jan 2026, 04:27 pm--Tata IVR--6374873219Call-NewTo be collectedMissed Call---358872​29437821 Jan 2026, 04:26 pmTesting-Tata IVR--9360620662Call-NewTo be collectedMissed Call---407858​29437521 Jan 2026, 04:11 pm--Tata IVR--9075031905Call-NewTo be collectedMissed Call---796060​29437421 Jan 2026, 03:55 pm--Tata IVR--8106999651Call-NewTo be collectedMissed Call---714246​29435121 Jan 2026, 02:42 pm--Tata IVR--7985995043Call-NewTo be collectedMissed Call---834332​29436021 Jan 2026, 03:26 pm--Tata IVR--9860080600Call-NewTo be collectedMissed Call---160864​29436121 Jan 2026, 03:27 pm--Tata IVR--7718978661Call-NewTo be collectedMissed Call---798001​29435621 Jan 2026, 03:08 pm--Tata IVR--9858120674Call-NewTo be collectedMissed Call---521790​29435821 Jan 2026, 03:13 pm--Tata IVR--9930724909Call-NewTo be collectedMissed Call---442445​29435921 Jan 2026, 03:13 pm--Tata IVR--7620160436Call-NewTo be collectedMissed Call---185471​29435721 Jan 2026, 03:09 pmRathi C-Tata IVR--9940832670Call-NewTo be collectedMissed Call---471017​29435421 Jan 2026, 02:57 pmRosalin Jamadar -Tata IVR--9439960774Call-NewTo be collectedMissed Call---294968​29434721 Jan 2026, 02:17 pm--Tata IVR--7975474546Call-NewTo be collectedMissed Call---983468​29434521 Jan 2026, 02:09 pm--Tata IVR--7400276466Call-NewTo be collectedMissed Call---704156​29434421 Jan 2026, 02:05 pm--Tata IVR--8217691929Call-NewTo be collectedMissed Call---819801​29434321 Jan 2026, 02:04 pm--Tata IVR--9221232352Call-NewTo be collectedMissed Call---991233​29434221 Jan 2026, 02:00 pm--Tata IVR--9008684992Call-NewTo be collectedMissed Call---288304​29434021 Jan 2026, 01:45 pm--Tata IVR--9970584034Call-NewTo be collectedMissed Call---885116​"
  locator resolved to <tbody class="MuiTableBody-root css-1xnox0e">…</tbody>
  unexpected value "29442021 Jan 2026, 05:55 pm--Tata IVR--8438390602Call-NewTo be collectedMissed Call---481172​29439621 Jan 2026, 05:26 pmTesting City-Tata IVR--9345999487Call-NewTo be collectedMissed Call---628630​29439221 Jan 2026, 05:02 pmveera inovatrik-Tata IVR--9087003803Call-NewTo be collectedMissed Call---824799​29432521 Jan 2026, 01:23 pmTest-Tata IVR--9489794586Call-NewTo be collectedMissed Call---508124​29439421 Jan 2026, 05:08 pm--Tata IVR--9167609327Call-NewTo be collectedMissed Call---355543​29438521 Jan 2026, 04:51 pmsds-Tata IVR--6369021072Call-NewTo be collectedMissed Call---250559​29439321 Jan 2026, 05:04 pm--Tata IVR--7012782878Call-NewTo be collectedMissed Call---147527​29431921 Jan 2026, 01:07 pm--Tata IVR--6384075107Call-NewTo be collectedMissed Call---489191​29437621 Jan 2026, 04:15 pmUmme Asma-Tata IVR--8660912744Call-NewTo be collectedMissed Call---261027​29438121 Jan 2026, 04:31 pm--Tata IVR--8766326693Call-NewTo be collectedMissed Call---330314​29435221 Jan 2026, 02:47 pm--Tata IVR--9739623231Call-NewTo be collectedMissed Call---923747​29438021 Jan 2026, 04:27 pmTesting-Tata IVR--7502508191Call-NewTo be collectedMissed Call---877946​29437921 Jan 2026, 04:27 pm--Tata IVR--6374873219Call-NewTo be collectedMissed Call---358872​29437821 Jan 2026, 04:26 pmTesting-Tata IVR--9360620662Call-NewTo be collectedMissed Call---407858​29437521 Jan 2026, 04:11 pm--Tata IVR--9075031905Call-NewTo be collectedMissed Call---796060​29437421 Jan 2026, 03:55 pm--Tata IVR--8106999651Call-NewTo be collectedMissed Call---714246​29435121 Jan 2026, 02:42 pm--Tata IVR--7985995043Call-NewTo be collectedMissed Call---834332​29436021 Jan 2026, 03:26 pm--Tata IVR--9860080600Call-NewTo be collectedMissed Call---160864​29436121 Jan 2026, 03:27 pm--Tata IVR--7718978661Call-NewTo be collectedMissed Call---798001​29435621 Jan 2026, 03:08 pm--Tata IVR--9858120674Call-NewTo be collectedMissed Call---521790​29435821 Jan 2026, 03:13 pm--Tata IVR--9930724909Call-NewTo be collectedMissed Call---442445​29435921 Jan 2026, 03:13 pm--Tata IVR--7620160436Call-NewTo be collectedMissed Call---185471​29435721 Jan 2026, 03:09 pmRathi C-Tata IVR--9940832670Call-NewTo be collectedMissed Call---471017​29435421 Jan 2026, 02:57 pmRosalin Jamadar -Tata IVR--9439960774Call-NewTo be collectedMissed Call---294968​29434721 Jan 2026, 02:17 pm--Tata IVR--7975474546Call-NewTo be collectedMissed Call---983468​29434521 Jan 2026, 02:09 pm--Tata IVR--7400276466Call-NewTo be collectedMissed Call---704156​29434421 Jan 2026, 02:05 pm--Tata IVR--8217691929Call-NewTo be collectedMissed Call---819801​29434321 Jan 2026, 02:04 pm--Tata IVR--9221232352Call-NewTo be collectedMissed Call---991233​29434221 Jan 2026, 02:00 pm--Tata IVR--9008684992Call-NewTo be collectedMissed Call---288304​29434021 Jan 2026, 01:45 pm--Tata IVR--9970584034Call-NewTo be collectedMissed Call---885116​"
  locator resolved to <tbody class="MuiTableBody-root css-1xnox0e">…</tbody>
  unexpected value "29442021 Jan 2026, 05:55 pm--Tata IVR--8438390602Call-NewTo be collectedMissed Call---481172​29439621 Jan 2026, 05:26 pmTesting City-Tata IVR--9345999487Call-NewTo be collectedMissed Call---628630​29439221 Jan 2026, 05:02 pmveera inovatrik-Tata IVR--9087003803Call-NewTo be collectedMissed Call---824799​29432521 Jan 2026, 01:23 pmTest-Tata IVR--9489794586Call-NewTo be collectedMissed Call---508124​29439421 Jan 2026, 05:08 pm--Tata IVR--9167609327Call-NewTo be collectedMissed Call---355543​29438521 Jan 2026, 04:51 pmsds-Tata IVR--6369021072Call-NewTo be collectedMissed Call---250559​29439321 Jan 2026, 05:04 pm--Tata IVR--7012782878Call-NewTo be collectedMissed Call---147527​29431921 Jan 2026, 01:07 pm--Tata IVR--6384075107Call-NewTo be collectedMissed Call---489191​29437621 Jan 2026, 04:15 pmUmme Asma-Tata IVR--8660912744Call-NewTo be collectedMissed Call---261027​29438121 Jan 2026, 04:31 pm--Tata IVR--8766326693Call-NewTo be collectedMissed Call---330314​29435221 Jan 2026, 02:47 pm--Tata IVR--9739623231Call-NewTo be collectedMissed Call---923747​29438021 Jan 2026, 04:27 pmTesting-Tata IVR--7502508191Call-NewTo be collectedMissed Call---877946​29437921 Jan 2026, 04:27 pm--Tata IVR--6374873219Call-NewTo be collectedMissed Call---358872​29437821 Jan 2026, 04:26 pmTesting-Tata IVR--9360620662Call-NewTo be collectedMissed Call---407858​29437521 Jan 2026, 04:11 pm--Tata IVR--9075031905Call-NewTo be collectedMissed Call---796060​29437421 Jan 2026, 03:55 pm--Tata IVR--8106999651Call-NewTo be collectedMissed Call---714246​29435121 Jan 2026, 02:42 pm--Tata IVR--7985995043Call-NewTo be collectedMissed Call---834332​29436021 Jan 2026, 03:26 pm--Tata IVR--9860080600Call-NewTo be collectedMissed Call---160864​29436121 Jan 2026, 03:27 pm--Tata IVR--7718978661Call-NewTo be collectedMissed Call---798001​29435621 Jan 2026, 03:08 pm--Tata IVR--9858120674Call-NewTo be collectedMissed Call---521790​29435821 Jan 2026, 03:13 pm--Tata IVR--9930724909Call-NewTo be collectedMissed Call---442445​29435921 Jan 2026, 03:13 pm--Tata IVR--7620160436Call-NewTo be collectedMissed Call---185471​29435721 Jan 2026, 03:09 pmRathi C-Tata IVR--9940832670Call-NewTo be collectedMissed Call---471017​29435421 Jan 2026, 02:57 pmRosalin Jamadar -Tata IVR--9439960774Call-NewTo be collectedMissed Call---294968​29434721 Jan 2026, 02:17 pm--Tata IVR--7975474546Call-NewTo be collectedMissed Call---983468​29434521 Jan 2026, 02:09 pm--Tata IVR--7400276466Call-NewTo be collectedMissed Call---704156​29434421 Jan 2026, 02:05 pm--Tata IVR--8217691929Call-NewTo be collectedMissed Call---819801​29434321 Jan 2026, 02:04 pm--Tata IVR--9221232352Call-NewTo be collectedMissed Call---991233​29434221 Jan 2026, 02:00 pm--Tata IVR--9008684992Call-NewTo be collectedMissed Call---288304​29434021 Jan 2026, 01:45 pm--Tata IVR--9970584034Call-NewTo be collectedMissed Call---885116​"
  locator resolved to <tbody class="MuiTableBody-root css-1xnox0e">…</tbody>
  unexpected value "29442021 Jan 2026, 05:55 pm--Tata IVR--8438390602Call-NewTo be collectedMissed Call---481172​29439621 Jan 2026, 05:26 pmTesting City-Tata IVR--9345999487Call-NewTo be collectedMissed Call---628630​29439221 Jan 2026, 05:02 pmveera inovatrik-Tata IVR--9087003803Call-NewTo be collectedMissed Call---824799​29432521 Jan 2026, 01:23 pmTest-Tata IVR--9489794586Call-NewTo be collectedMissed Call---508124​29439421 Jan 2026, 05:08 pm--Tata IVR--9167609327Call-NewTo be collectedMissed Call---355543​29438521 Jan 2026, 04:51 pmsds-Tata IVR--6369021072Call-NewTo be collectedMissed Call---250559​29439321 Jan 2026, 05:04 pm--Tata IVR--7012782878Call-NewTo be collectedMissed Call---147527​29431921 Jan 2026, 01:07 pm--Tata IVR--6384075107Call-NewTo be collectedMissed Call---489191​29437621 Jan 2026, 04:15 pmUmme Asma-Tata IVR--8660912744Call-NewTo be collectedMissed Call---261027​29438121 Jan 2026, 04:31 pm--Tata IVR--8766326693Call-NewTo be collectedMissed Call---330314​29435221 Jan 2026, 02:47 pm--Tata IVR--9739623231Call-NewTo be collectedMissed Call---923747​29438021 Jan 2026, 04:27 pmTesting-Tata IVR--7502508191Call-NewTo be collectedMissed Call---877946​29437921 Jan 2026, 04:27 pm--Tata IVR--6374873219Call-NewTo be collectedMissed Call---358872​29437821 Jan 2026, 04:26 pmTesting-Tata IVR--9360620662Call-NewTo be collectedMissed Call---407858​29437521 Jan 2026, 04:11 pm--Tata IVR--9075031905Call-NewTo be collectedMissed Call---796060​29437421 Jan 2026, 03:55 pm--Tata IVR--8106999651Call-NewTo be collectedMissed Call---714246​29435121 Jan 2026, 02:42 pm--Tata IVR--7985995043Call-NewTo be collectedMissed Call---834332​29436021 Jan 2026, 03:26 pm--Tata IVR--9860080600Call-NewTo be collectedMissed Call---160864​29436121 Jan 2026, 03:27 pm--Tata IVR--7718978661Call-NewTo be collectedMissed Call---798001​29435621 Jan 2026, 03:08 pm--Tata IVR--9858120674Call-NewTo be collectedMissed Call---521790​29435821 Jan 2026, 03:13 pm--Tata IVR--9930724909Call-NewTo be collectedMissed Call---442445​29435921 Jan 2026, 03:13 pm--Tata IVR--7620160436Call-NewTo be collectedMissed Call---185471​29435721 Jan 2026, 03:09 pmRathi C-Tata IVR--9940832670Call-NewTo be collectedMissed Call---471017​29435421 Jan 2026, 02:57 pmRosalin Jamadar -Tata IVR--9439960774Call-NewTo be collectedMissed Call---294968​29434721 Jan 2026, 02:17 pm--Tata IVR--7975474546Call-NewTo be collectedMissed Call---983468​29434521 Jan 2026, 02:09 pm--Tata IVR--7400276466Call-NewTo be collectedMissed Call---704156​29434421 Jan 2026, 02:05 pm--Tata IVR--8217691929Call-NewTo be collectedMissed Call---819801​29434321 Jan 2026, 02:04 pm--Tata IVR--9221232352Call-NewTo be collectedMissed Call---991233​29434221 Jan 2026, 02:00 pm--Tata IVR--9008684992Call-NewTo be collectedMissed Call---288304​29434021 Jan 2026, 01:45 pm--Tata IVR--9970584034Call-NewTo be collectedMissed Call---885116​"
  locator resolved to <tbody class="MuiTableBody-root css-1xnox0e">…</tbody>
  unexpected value "29442021 Jan 2026, 05:55 pm--Tata IVR--8438390602Call-NewTo be collectedMissed Call---481172​29439621 Jan 2026, 05:26 pmTesting City-Tata IVR--9345999487Call-NewTo be collectedMissed Call---628630​29439221 Jan 2026, 05:02 pmveera inovatrik-Tata IVR--9087003803Call-NewTo be collectedMissed Call---824799​29432521 Jan 2026, 01:23 pmTest-Tata IVR--9489794586Call-NewTo be collectedMissed Call---508124​29439421 Jan 2026, 05:08 pm--Tata IVR--9167609327Call-NewTo be collectedMissed Call---355543​29438521 Jan 2026, 04:51 pmsds-Tata IVR--6369021072Call-NewTo be collectedMissed Call---250559​29439321 Jan 2026, 05:04 pm--Tata IVR--7012782878Call-NewTo be collectedMissed Call---147527​29431921 Jan 2026, 01:07 pm--Tata IVR--6384075107Call-NewTo be collectedMissed Call---489191​29437621 Jan 2026, 04:15 pmUmme Asma-Tata IVR--8660912744Call-NewTo be collectedMissed Call---261027​29438121 Jan 2026, 04:31 pm--Tata IVR--8766326693Call-NewTo be collectedMissed Call---330314​29435221 Jan 2026, 02:47 pm--Tata IVR--9739623231Call-NewTo be collectedMissed Call---923747​29438021 Jan 2026, 04:27 pmTesting-Tata IVR--7502508191Call-NewTo be collectedMissed Call---877946​29437921 Jan 2026, 04:27 pm--Tata IVR--6374873219Call-NewTo be collectedMissed Call---358872​29437821 Jan 2026, 04:26 pmTesting-Tata IVR--9360620662Call-NewTo be collectedMissed Call---407858​29437521 Jan 2026, 04:11 pm--Tata IVR--9075031905Call-NewTo be collectedMissed Call---796060​29437421 Jan 2026, 03:55 pm--Tata IVR--8106999651Call-NewTo be collectedMissed Call---714246​29435121 Jan 2026, 02:42 pm--Tata IVR--7985995043Call-NewTo be collectedMissed Call---834332​29436021 Jan 2026, 03:26 pm--Tata IVR--9860080600Call-NewTo be collectedMissed Call---160864​29436121 Jan 2026, 03:27 pm--Tata IVR--7718978661Call-NewTo be collectedMissed Call---798001​29435621 Jan 2026, 03:08 pm--Tata IVR--9858120674Call-NewTo be collectedMissed Call---521790​29435821 Jan 2026, 03:13 pm--Tata IVR--9930724909Call-NewTo be collectedMissed Call---442445​29435921 Jan 2026, 03:13 pm--Tata IVR--7620160436Call-NewTo be collectedMissed Call---185471​29435721 Jan 2026, 03:09 pmRathi C-Tata IVR--9940832670Call-NewTo be collectedMissed Call---471017​29435421 Jan 2026, 02:57 pmRosalin Jamadar -Tata IVR--9439960774Call-NewTo be collectedMissed Call---294968​29434721 Jan 2026, 02:17 pm--Tata IVR--7975474546Call-NewTo be collectedMissed Call---983468​29434521 Jan 2026, 02:09 pm--Tata IVR--7400276466Call-NewTo be collectedMissed Call---704156​29434421 Jan 2026, 02:05 pm--Tata IVR--8217691929Call-NewTo be collectedMissed Call---819801​29434321 Jan 2026, 02:04 pm--Tata IVR--9221232352Call-NewTo be collectedMissed Call---991233​29434221 Jan 2026, 02:00 pm--Tata IVR--9008684992Call-NewTo be collectedMissed Call---288304​29434021 Jan 2026, 01:45 pm--Tata IVR--9970584034Call-NewTo be collectedMissed Call---885116​"
  locator resolved to <tbody class="MuiTableBody-root css-1xnox0e">…</tbody>
  unexpected value "29442021 Jan 2026, 05:55 pm--Tata IVR--8438390602Call-NewTo be collectedMissed Call---481172​29439621 Jan 2026, 05:26 pmTesting City-Tata IVR--9345999487Call-NewTo be collectedMissed Call---628630​29439221 Jan 2026, 05:02 pmveera inovatrik-Tata IVR--9087003803Call-NewTo be collectedMissed Call---824799​29432521 Jan 2026, 01:23 pmTest-Tata IVR--9489794586Call-NewTo be collectedMissed Call---508124​29439421 Jan 2026, 05:08 pm--Tata IVR--9167609327Call-NewTo be collectedMissed Call---355543​29438521 Jan 2026, 04:51 pmsds-Tata IVR--6369021072Call-NewTo be collectedMissed Call---250559​29439321 Jan 2026, 05:04 pm--Tata IVR--7012782878Call-NewTo be collectedMissed Call---147527​29431921 Jan 2026, 01:07 pm--Tata IVR--6384075107Call-NewTo be collectedMissed Call---489191​29437621 Jan 2026, 04:15 pmUmme Asma-Tata IVR--8660912744Call-NewTo be collectedMissed Call---261027​29438121 Jan 2026, 04:31 pm--Tata IVR--8766326693Call-NewTo be collectedMissed Call---330314​29435221 Jan 2026, 02:47 pm--Tata IVR--9739623231Call-NewTo be collectedMissed Call---923747​29438021 Jan 2026, 04:27 pmTesting-Tata IVR--7502508191Call-NewTo be collectedMissed Call---877946​29437921 Jan 2026, 04:27 pm--Tata IVR--6374873219Call-NewTo be collectedMissed Call---358872​29437821 Jan 2026, 04:26 pmTesting-Tata IVR--9360620662Call-NewTo be collectedMissed Call---407858​29437521 Jan 2026, 04:11 pm--Tata IVR--9075031905Call-NewTo be collectedMissed Call---796060​29437421 Jan 2026, 03:55 pm--Tata IVR--8106999651Call-NewTo be collectedMissed Call---714246​29435121 Jan 2026, 02:42 pm--Tata IVR--7985995043Call-NewTo be collectedMissed Call---834332​29436021 Jan 2026, 03:26 pm--Tata IVR--9860080600Call-NewTo be collectedMissed Call---160864​29436121 Jan 2026, 03:27 pm--Tata IVR--7718978661Call-NewTo be collectedMissed Call---798001​29435621 Jan 2026, 03:08 pm--Tata IVR--9858120674Call-NewTo be collectedMissed Call---521790​29435821 Jan 2026, 03:13 pm--Tata IVR--9930724909Call-NewTo be collectedMissed Call---442445​29435921 Jan 2026, 03:13 pm--Tata IVR--7620160436Call-NewTo be collectedMissed Call---185471​29435721 Jan 2026, 03:09 pmRathi C-Tata IVR--9940832670Call-NewTo be collectedMissed Call---471017​29435421 Jan 2026, 02:57 pmRosalin Jamadar -Tata IVR--9439960774Call-NewTo be collectedMissed Call---294968​29434721 Jan 2026, 02:17 pm--Tata IVR--7975474546Call-NewTo be collectedMissed Call---983468​29434521 Jan 2026, 02:09 pm--Tata IVR--7400276466Call-NewTo be collectedMissed Call---704156​29434421 Jan 2026, 02:05 pm--Tata IVR--8217691929Call-NewTo be collectedMissed Call---819801​29434321 Jan 2026, 02:04 pm--Tata IVR--9221232352Call-NewTo be collectedMissed Call---991233​29434221 Jan 2026, 02:00 pm--Tata IVR--9008684992Call-NewTo be collectedMissed Call---288304​29434021 Jan 2026, 01:45 pm--Tata IVR--9970584034Call-NewTo be collectedMissed Call---885116​"
  locator resolved to <tbody class="MuiTableBody-root css-1xnox0e">…</tbody>
  unexpected value "29442021 Jan 2026, 05:55 pm--Tata IVR--8438390602Call-NewTo be collectedMissed Call---481172​29439621 Jan 2026, 05:26 pmTesting City-Tata IVR--9345999487Call-NewTo be collectedMissed Call---628630​29439221 Jan 2026, 05:02 pmveera inovatrik-Tata IVR--9087003803Call-NewTo be collectedMissed Call---824799​29432521 Jan 2026, 01:23 pmTest-Tata IVR--9489794586Call-NewTo be collectedMissed Call---508124​29439421 Jan 2026, 05:08 pm--Tata IVR--9167609327Call-NewTo be collectedMissed Call---355543​29438521 Jan 2026, 04:51 pmsds-Tata IVR--6369021072Call-NewTo be collectedMissed Call---250559​29439321 Jan 2026, 05:04 pm--Tata IVR--7012782878Call-NewTo be collectedMissed Call---147527​29431921 Jan 2026, 01:07 pm--Tata IVR--6384075107Call-NewTo be collectedMissed Call---489191​29437621 Jan 2026, 04:15 pmUmme Asma-Tata IVR--8660912744Call-NewTo be collectedMissed Call---261027​29438121 Jan 2026, 04:31 pm--Tata IVR--8766326693Call-NewTo be collectedMissed Call---330314​29435221 Jan 2026, 02:47 pm--Tata IVR--9739623231Call-NewTo be collectedMissed Call---923747​29438021 Jan 2026, 04:27 pmTesting-Tata IVR--7502508191Call-NewTo be collectedMissed Call---877946​29437921 Jan 2026, 04:27 pm--Tata IVR--6374873219Call-NewTo be collectedMissed Call---358872​29437821 Jan 2026, 04:26 pmTesting-Tata IVR--9360620662Call-NewTo be collectedMissed Call---407858​29437521 Jan 2026, 04:11 pm--Tata IVR--9075031905Call-NewTo be collectedMissed Call---796060​29437421 Jan 2026, 03:55 pm--Tata IVR--8106999651Call-NewTo be collectedMissed Call---714246​29435121 Jan 2026, 02:42 pm--Tata IVR--7985995043Call-NewTo be collectedMissed Call---834332​29436021 Jan 2026, 03:26 pm--Tata IVR--9860080600Call-NewTo be collectedMissed Call---160864​29436121 Jan 2026, 03:27 pm--Tata IVR--7718978661Call-NewTo be collectedMissed Call---798001​29435621 Jan 2026, 03:08 pm--Tata IVR--9858120674Call-NewTo be collectedMissed Call---521790​29435821 Jan 2026, 03:13 pm--Tata IVR--9930724909Call-NewTo be collectedMissed Call---442445​29435921 Jan 2026, 03:13 pm--Tata IVR--7620160436Call-NewTo be collectedMissed Call---185471​29435721 Jan 2026, 03:09 pmRathi C-Tata IVR--9940832670Call-NewTo be collectedMissed Call---471017​29435421 Jan 2026, 02:57 pmRosalin Jamadar -Tata IVR--9439960774Call-NewTo be collectedMissed Call---294968​29434721 Jan 2026, 02:17 pm--Tata IVR--7975474546Call-NewTo be collectedMissed Call---983468​29434521 Jan 2026, 02:09 pm--Tata IVR--7400276466Call-NewTo be collectedMissed Call---704156​29434421 Jan 2026, 02:05 pm--Tata IVR--8217691929Call-NewTo be collectedMissed Call---819801​29434321 Jan 2026, 02:04 pm--Tata IVR--9221232352Call-NewTo be collectedMissed Call---991233​29434221 Jan 2026, 02:00 pm--Tata IVR--9008684992Call-NewTo be collectedMissed Call---288304​29434021 Jan 2026, 01:45 pm--Tata IVR--9970584034Call-NewTo be collectedMissed Call---885116​"
  locator resolved to <tbody class="MuiTableBody-root css-1xnox0e">…</tbody>
  unexpected value "29442021 Jan 2026, 05:55 pm--Tata IVR--8438390602Call-NewTo be collectedMissed Call---481172​29439621 Jan 2026, 05:26 pmTesting City-Tata IVR--9345999487Call-NewTo be collectedMissed Call---628630​29439221 Jan 2026, 05:02 pmveera inovatrik-Tata IVR--9087003803Call-NewTo be collectedMissed Call---824799​29432521 Jan 2026, 01:23 pmTest-Tata IVR--9489794586Call-NewTo be collectedMissed Call---508124​29439421 Jan 2026, 05:08 pm--Tata IVR--9167609327Call-NewTo be collectedMissed Call---355543​29438521 Jan 2026, 04:51 pmsds-Tata IVR--6369021072Call-NewTo be collectedMissed Call---250559​29439321 Jan 2026, 05:04 pm--Tata IVR--7012782878Call-NewTo be collectedMissed Call---147527​29431921 Jan 2026, 01:07 pm--Tata IVR--6384075107Call-NewTo be collectedMissed Call---489191​29437621 Jan 2026, 04:15 pmUmme Asma-Tata IVR--8660912744Call-NewTo be collectedMissed Call---261027​29438121 Jan 2026, 04:31 pm--Tata IVR--8766326693Call-NewTo be collectedMissed Call---330314​29435221 Jan 2026, 02:47 pm--Tata IVR--9739623231Call-NewTo be collectedMissed Call---923747​29438021 Jan 2026, 04:27 pmTesting-Tata IVR--7502508191Call-NewTo be collectedMissed Call---877946​29437921 Jan 2026, 04:27 pm--Tata IVR--6374873219Call-NewTo be collectedMissed Call---358872​29437821 Jan 2026, 04:26 pmTesting-Tata IVR--9360620662Call-NewTo be collectedMissed Call---407858​29437521 Jan 2026, 04:11 pm--Tata IVR--9075031905Call-NewTo be collectedMissed Call---796060​29437421 Jan 2026, 03:55 pm--Tata IVR--8106999651Call-NewTo be collectedMissed Call---714246​29435121 Jan 2026, 02:42 pm--Tata IVR--7985995043Call-NewTo be collectedMissed Call---834332​29436021 Jan 2026, 03:26 pm--Tata IVR--9860080600Call-NewTo be collectedMissed Call---160864​29436121 Jan 2026, 03:27 pm--Tata IVR--7718978661Call-NewTo be collectedMissed Call---798001​29435621 Jan 2026, 03:08 pm--Tata IVR--9858120674Call-NewTo be collectedMissed Call---521790​29435821 Jan 2026, 03:13 pm--Tata IVR--9930724909Call-NewTo be collectedMissed Call---442445​29435921 Jan 2026, 03:13 pm--Tata IVR--7620160436Call-NewTo be collectedMissed Call---185471​29435721 Jan 2026, 03:09 pmRathi C-Tata IVR--9940832670Call-NewTo be collectedMissed Call---471017​29435421 Jan 2026, 02:57 pmRosalin Jamadar -Tata IVR--9439960774Call-NewTo be collectedMissed Call---294968​29434721 Jan 2026, 02:17 pm--Tata IVR--7975474546Call-NewTo be collectedMissed Call---983468​29434521 Jan 2026, 02:09 pm--Tata IVR--7400276466Call-NewTo be collectedMissed Call---704156​29434421 Jan 2026, 02:05 pm--Tata IVR--8217691929Call-NewTo be collectedMissed Call---819801​29434321 Jan 2026, 02:04 pm--Tata IVR--9221232352Call-NewTo be collectedMissed Call---991233​29434221 Jan 2026, 02:00 pm--Tata IVR--9008684992Call-NewTo be collectedMissed Call---288304​29434021 Jan 2026, 01:45 pm--Tata IVR--9970584034Call-NewTo be collectedMissed Call---885116​"
	at com.microsoft.playwright.impl.AssertionsBase.expectImpl(AssertionsBase.java:74)
	at com.microsoft.playwright.impl.AssertionsBase.expectImpl(AssertionsBase.java:51)
	at com.microsoft.playwright.impl.AssertionsBase.expectImpl(AssertionsBase.java:42)
	at com.microsoft.playwright.impl.LocatorAssertionsImpl.containsText(LocatorAssertionsImpl.java:47)
	at com.microsoft.playwright.assertions.LocatorAssertions.containsText(LocatorAssertions.java:839)
	at page.BMSPage.adminBookingIdVerification(BMSPage.java:196)
	at page.BMSPage.MRIBrainBook(BMSPage.java:224)
	at test.BMSTest.verifyMRIBrainBook(BMSTest.java:68)
	at java.base/jdk.internal.reflect.NativeMethodAccessorImpl.invoke0(Native Method)
	at java.base/jdk.internal.reflect.NativeMethodAccessorImpl.invoke(NativeMethodAccessorImpl.java:77)
	at java.base/jdk.internal.reflect.DelegatingMethodAccessorImpl.invoke(DelegatingMethodAccessorImpl.java:43)
	at java.base/java.lang.reflect.Method.invoke(Method.java:568)
	at org.testng.internal.invokers.MethodInvocationHelper.invokeMethod(MethodInvocationHelper.java:139)
	at org.testng.internal.invokers.TestInvoker.invokeMethod(TestInvoker.java:664)
	at org.testng.internal.invokers.TestInvoker.invokeTestMethod(TestInvoker.java:228)
	at org.testng.internal.invokers.MethodRunner.runInSequence(MethodRunner.java:63)
	at org.testng.internal.invokers.TestInvoker$MethodInvocationAgent.invoke(TestInvoker.java:961)
	at org.testng.internal.invokers.TestInvoker.invokeTestMethods(TestInvoker.java:201)
	at org.testng.internal.invokers.TestMethodWorker.invokeTestMethods(TestMethodWorker.java:148)
	at org.testng.internal.invokers.TestMethodWorker.run(TestMethodWorker.java:128)
	at java.base/java.util.ArrayList.forEach(ArrayList.java:1511)
	at org.testng.TestRunner.privateRun(TestRunner.java:819)
	at org.testng.TestRunner.run(TestRunner.java:619)
	at org.testng.SuiteRunner.runTest(SuiteRunner.java:443)
	at org.testng.SuiteRunner.runSequentially(SuiteRunner.java:437)
	at org.testng.SuiteRunner.privateRun(SuiteRunner.java:397)
	at org.testng.SuiteRunner.run(SuiteRunner.java:336)
	at org.testng.SuiteRunnerWorker.runSuite(SuiteRunnerWorker.java:52)
	at org.testng.SuiteRunnerWorker.run(SuiteRunnerWorker.java:95)
	at org.testng.TestNG.runSuitesSequentially(TestNG.java:1301)
	at org.testng.TestNG.runSuitesLocally(TestNG.java:1228)
	at org.testng.TestNG.runSuites(TestNG.java:1134)
	at org.testng.TestNG.run(TestNG.java:1101)
	at org.apache.maven.surefire.testng.TestNGExecutor.run(TestNGExecutor.java:308)
	at org.apache.maven.surefire.testng.TestNGXmlTestSuite.execute(TestNGXmlTestSuite.java:71)
	at org.apache.maven.surefire.testng.TestNGProvider.invoke(TestNGProvider.java:113)
	at org.apache.maven.surefire.booter.ForkedBooter.runSuitesInProcess(ForkedBooter.java:385)
	at org.apache.maven.surefire.booter.ForkedBooter.execute(ForkedBooter.java:162)
	at org.apache.maven.surefire.booter.ForkedBooter.run(ForkedBooter.java:507)
	at org.apache.maven.surefire.booter.ForkedBooter.main(ForkedBooter.java:495)

test.BMSTest.verifyCTBook -- Time elapsed: 17.99 s <<< FAILURE!
org.opentest4j.AssertionFailedError: 
Locator expected to contain text: 294423
Received: 29442021 Jan 2026, 05:55 pm--Tata IVR--8438390602Call-NewTo be collectedMissed Call---481172​29439621 Jan 2026, 05:26 pmTesting City-Tata IVR--9345999487Call-NewTo be collectedMissed Call---628630​29439221 Jan 2026, 05:02 pmveera inovatrik-Tata IVR--9087003803Call-NewTo be collectedMissed Call---824799​29432521 Jan 2026, 01:23 pmTest-Tata IVR--9489794586Call-NewTo be collectedMissed Call---508124​29439421 Jan 2026, 05:08 pm--Tata IVR--9167609327Call-NewTo be collectedMissed Call---355543​29438521 Jan 2026, 04:51 pmsds-Tata IVR--6369021072Call-NewTo be collectedMissed Call---250559​29439321 Jan 2026, 05:04 pm--Tata IVR--7012782878Call-NewTo be collectedMissed Call---147527​29431921 Jan 2026, 01:07 pm--Tata IVR--6384075107Call-NewTo be collectedMissed Call---489191​29437621 Jan 2026, 04:15 pmUmme Asma-Tata IVR--8660912744Call-NewTo be collectedMissed Call---261027​29438121 Jan 2026, 04:31 pm--Tata IVR--8766326693Call-NewTo be collectedMissed Call---330314​29435221 Jan 2026, 02:47 pm--Tata IVR--9739623231Call-NewTo be collectedMissed Call---923747​29438021 Jan 2026, 04:27 pmTesting-Tata IVR--7502508191Call-NewTo be collectedMissed Call---877946​29437921 Jan 2026, 04:27 pm--Tata IVR--6374873219Call-NewTo be collectedMissed Call---358872​29437821 Jan 2026, 04:26 pmTesting-Tata IVR--9360620662Call-NewTo be collectedMissed Call---407858​29437521 Jan 2026, 04:11 pm--Tata IVR--9075031905Call-NewTo be collectedMissed Call---796060​29437421 Jan 2026, 03:55 pm--Tata IVR--8106999651Call-NewTo be collectedMissed Call---714246​29435121 Jan 2026, 02:42 pm--Tata IVR--7985995043Call-NewTo be collectedMissed Call---834332​29436021 Jan 2026, 03:26 pm--Tata IVR--9860080600Call-NewTo be collectedMissed Call---160864​29436121 Jan 2026, 03:27 pm--Tata IVR--7718978661Call-NewTo be collectedMissed Call---798001​29435621 Jan 2026, 03:08 pm--Tata IVR--9858120674Call-NewTo be collectedMissed Call---521790​29435821 Jan 2026, 03:13 pm--Tata IVR--9930724909Call-NewTo be collectedMissed Call---442445​29435921 Jan 2026, 03:13 pm--Tata IVR--7620160436Call-NewTo be collectedMissed Call---185471​29435721 Jan 2026, 03:09 pmRathi C-Tata IVR--9940832670Call-NewTo be collectedMissed Call---471017​29435421 Jan 2026, 02:57 pmRosalin Jamadar -Tata IVR--9439960774Call-NewTo be collectedMissed Call---294968​29434721 Jan 2026, 02:17 pm--Tata IVR--7975474546Call-NewTo be collectedMissed Call---983468​29434521 Jan 2026, 02:09 pm--Tata IVR--7400276466Call-NewTo be collectedMissed Call---704156​29434421 Jan 2026, 02:05 pm--Tata IVR--8217691929Call-NewTo be collectedMissed Call---819801​29434321 Jan 2026, 02:04 pm--Tata IVR--9221232352Call-NewTo be collectedMissed Call---991233​29434221 Jan 2026, 02:00 pm--Tata IVR--9008684992Call-NewTo be collectedMissed Call---288304​29434021 Jan 2026, 01:45 pm--Tata IVR--9970584034Call-NewTo be collectedMissed Call---885116​

Call log:
Locator.expect with timeout 5000ms
waiting for locator("tbody")
  locator resolved to <tbody class="MuiTableBody-root css-1xnox0e">…</tbody>
  unexpected value "29442021 Jan 2026, 05:55 pm--Tata IVR--8438390602Call-NewTo be collectedMissed Call---481172​29439621 Jan 2026, 05:26 pmTesting City-Tata IVR--9345999487Call-NewTo be collectedMissed Call---628630​29439221 Jan 2026, 05:02 pmveera inovatrik-Tata IVR--9087003803Call-NewTo be collectedMissed Call---824799​29432521 Jan 2026, 01:23 pmTest-Tata IVR--9489794586Call-NewTo be collectedMissed Call---508124​29439421 Jan 2026, 05:08 pm--Tata IVR--9167609327Call-NewTo be collectedMissed Call---355543​29438521 Jan 2026, 04:51 pmsds-Tata IVR--6369021072Call-NewTo be collectedMissed Call---250559​29439321 Jan 2026, 05:04 pm--Tata IVR--7012782878Call-NewTo be collectedMissed Call---147527​29431921 Jan 2026, 01:07 pm--Tata IVR--6384075107Call-NewTo be collectedMissed Call---489191​29437621 Jan 2026, 04:15 pmUmme Asma-Tata IVR--8660912744Call-NewTo be collectedMissed Call---261027​29438121 Jan 2026, 04:31 pm--Tata IVR--8766326693Call-NewTo be collectedMissed Call---330314​29435221 Jan 2026, 02:47 pm--Tata IVR--9739623231Call-NewTo be collectedMissed Call---923747​29438021 Jan 2026, 04:27 pmTesting-Tata IVR--7502508191Call-NewTo be collectedMissed Call---877946​29437921 Jan 2026, 04:27 pm--Tata IVR--6374873219Call-NewTo be collectedMissed Call---358872​29437821 Jan 2026, 04:26 pmTesting-Tata IVR--9360620662Call-NewTo be collectedMissed Call---407858​29437521 Jan 2026, 04:11 pm--Tata IVR--9075031905Call-NewTo be collectedMissed Call---796060​29437421 Jan 2026, 03:55 pm--Tata IVR--8106999651Call-NewTo be collectedMissed Call---714246​29435121 Jan 2026, 02:42 pm--Tata IVR--7985995043Call-NewTo be collectedMissed Call---834332​29436021 Jan 2026, 03:26 pm--Tata IVR--9860080600Call-NewTo be collectedMissed Call---160864​29436121 Jan 2026, 03:27 pm--Tata IVR--7718978661Call-NewTo be collectedMissed Call---798001​29435621 Jan 2026, 03:08 pm--Tata IVR--9858120674Call-NewTo be collectedMissed Call---521790​29435821 Jan 2026, 03:13 pm--Tata IVR--9930724909Call-NewTo be collectedMissed Call---442445​29435921 Jan 2026, 03:13 pm--Tata IVR--7620160436Call-NewTo be collectedMissed Call---185471​29435721 Jan 2026, 03:09 pmRathi C-Tata IVR--9940832670Call-NewTo be collectedMissed Call---471017​29435421 Jan 2026, 02:57 pmRosalin Jamadar -Tata IVR--9439960774Call-NewTo be collectedMissed Call---294968​29434721 Jan 2026, 02:17 pm--Tata IVR--7975474546Call-NewTo be collectedMissed Call---983468​29434521 Jan 2026, 02:09 pm--Tata IVR--7400276466Call-NewTo be collectedMissed Call---704156​29434421 Jan 2026, 02:05 pm--Tata IVR--8217691929Call-NewTo be collectedMissed Call---819801​29434321 Jan 2026, 02:04 pm--Tata IVR--9221232352Call-NewTo be collectedMissed Call---991233​29434221 Jan 2026, 02:00 pm--Tata IVR--9008684992Call-NewTo be collectedMissed Call---288304​29434021 Jan 2026, 01:45 pm--Tata IVR--9970584034Call-NewTo be collectedMissed Call---885116​"
  locator resolved to <tbody class="MuiTableBody-root css-1xnox0e">…</tbody>
  unexpected value "29442021 Jan 2026, 05:55 pm--Tata IVR--8438390602Call-NewTo be collectedMissed Call---481172​29439621 Jan 2026, 05:26 pmTesting City-Tata IVR--9345999487Call-NewTo be collectedMissed Call---628630​29439221 Jan 2026, 05:02 pmveera inovatrik-Tata IVR--9087003803Call-NewTo be collectedMissed Call---824799​29432521 Jan 2026, 01:23 pmTest-Tata IVR--9489794586Call-NewTo be collectedMissed Call---508124​29439421 Jan 2026, 05:08 pm--Tata IVR--9167609327Call-NewTo be collectedMissed Call---355543​29438521 Jan 2026, 04:51 pmsds-Tata IVR--6369021072Call-NewTo be collectedMissed Call---250559​29439321 Jan 2026, 05:04 pm--Tata IVR--7012782878Call-NewTo be collectedMissed Call---147527​29431921 Jan 2026, 01:07 pm--Tata IVR--6384075107Call-NewTo be collectedMissed Call---489191​29437621 Jan 2026, 04:15 pmUmme Asma-Tata IVR--8660912744Call-NewTo be collectedMissed Call---261027​29438121 Jan 2026, 04:31 pm--Tata IVR--8766326693Call-NewTo be collectedMissed Call---330314​29435221 Jan 2026, 02:47 pm--Tata IVR--9739623231Call-NewTo be collectedMissed Call---923747​29438021 Jan 2026, 04:27 pmTesting-Tata IVR--7502508191Call-NewTo be collectedMissed Call---877946​29437921 Jan 2026, 04:27 pm--Tata IVR--6374873219Call-NewTo be collectedMissed Call---358872​29437821 Jan 2026, 04:26 pmTesting-Tata IVR--9360620662Call-NewTo be collectedMissed Call---407858​29437521 Jan 2026, 04:11 pm--Tata IVR--9075031905Call-NewTo be collectedMissed Call---796060​29437421 Jan 2026, 03:55 pm--Tata IVR--8106999651Call-NewTo be collectedMissed Call---714246​29435121 Jan 2026, 02:42 pm--Tata IVR--7985995043Call-NewTo be collectedMissed Call---834332​29436021 Jan 2026, 03:26 pm--Tata IVR--9860080600Call-NewTo be collectedMissed Call---160864​29436121 Jan 2026, 03:27 pm--Tata IVR--7718978661Call-NewTo be collectedMissed Call---798001​29435621 Jan 2026, 03:08 pm--Tata IVR--9858120674Call-NewTo be collectedMissed Call---521790​29435821 Jan 2026, 03:13 pm--Tata IVR--9930724909Call-NewTo be collectedMissed Call---442445​29435921 Jan 2026, 03:13 pm--Tata IVR--7620160436Call-NewTo be collectedMissed Call---185471​29435721 Jan 2026, 03:09 pmRathi C-Tata IVR--9940832670Call-NewTo be collectedMissed Call---471017​29435421 Jan 2026, 02:57 pmRosalin Jamadar -Tata IVR--9439960774Call-NewTo be collectedMissed Call---294968​29434721 Jan 2026, 02:17 pm--Tata IVR--7975474546Call-NewTo be collectedMissed Call---983468​29434521 Jan 2026, 02:09 pm--Tata IVR--7400276466Call-NewTo be collectedMissed Call---704156​29434421 Jan 2026, 02:05 pm--Tata IVR--8217691929Call-NewTo be collectedMissed Call---819801​29434321 Jan 2026, 02:04 pm--Tata IVR--9221232352Call-NewTo be collectedMissed Call---991233​29434221 Jan 2026, 02:00 pm--Tata IVR--9008684992Call-NewTo be collectedMissed Call---288304​29434021 Jan 2026, 01:45 pm--Tata IVR--9970584034Call-NewTo be collectedMissed Call---885116​"
  locator resolved to <tbody class="MuiTableBody-root css-1xnox0e">…</tbody>
[...]
    at process.processImmediate (node:internal/timers:483:21)
}
	at com.microsoft.playwright.impl.WaitableResult.get(WaitableResult.java:54)
	at com.microsoft.playwright.impl.ChannelOwner.runUntil(ChannelOwner.java:120)
	at com.microsoft.playwright.impl.Connection.sendMessage(Connection.java:130)
	at com.microsoft.playwright.impl.ChannelOwner.sendMessage(ChannelOwner.java:106)
	at com.microsoft.playwright.impl.FrameImpl.navigateImpl(FrameImpl.java:463)
	at com.microsoft.playwright.impl.PageImpl.lambda$navigate$46(PageImpl.java:932)
	at com.microsoft.playwright.impl.LoggingSupport.withLogging(LoggingSupport.java:47)
	at com.microsoft.playwright.impl.ChannelOwner.withLogging(ChannelOwner.java:89)
	at com.microsoft.playwright.impl.PageImpl.navigate(PageImpl.java:932)
	at com.microsoft.playwright.impl.PageImpl.navigate(PageImpl.java:42)
	at com.microsoft.playwright.Page.navigate(Page.java:5446)
	at page.BMSPage.BookPlatinumMHCBook(BMSPage.java:644)
	at test.BMSTest.VerifplatinumMHCBook(BMSTest.java:146)
	at java.base/jdk.internal.reflect.NativeMethodAccessorImpl.invoke0(Native Method)
	at java.base/jdk.internal.reflect.NativeMethodAccessorImpl.invoke(NativeMethodAccessorImpl.java:77)
	at java.base/jdk.internal.reflect.DelegatingMethodAccessorImpl.invoke(DelegatingMethodAccessorImpl.java:43)
	at java.base/java.lang.reflect.Method.invoke(Method.java:568)
	at org.testng.internal.invokers.MethodInvocationHelper.invokeMethod(MethodInvocationHelper.java:139)
	at org.testng.internal.invokers.TestInvoker.invokeMethod(TestInvoker.java:664)
	at org.testng.internal.invokers.TestInvoker.invokeTestMethod(TestInvoker.java:228)
	at org.testng.internal.invokers.MethodRunner.runInSequence(MethodRunner.java:63)
	at org.testng.internal.invokers.TestInvoker$MethodInvocationAgent.invoke(TestInvoker.java:961)
	at org.testng.internal.invokers.TestInvoker.invokeTestMethods(TestInvoker.java:201)
	at org.testng.internal.invokers.TestMethodWorker.invokeTestMethods(TestMethodWorker.java:148)
	at org.testng.internal.invokers.TestMethodWorker.run(TestMethodWorker.java:128)
	at java.base/java.util.ArrayList.forEach(ArrayList.java:1511)
	at org.testng.TestRunner.privateRun(TestRunner.java:819)
	at org.testng.TestRunner.run(TestRunner.java:619)
	at org.testng.SuiteRunner.runTest(SuiteRunner.java:443)
	at org.testng.SuiteRunner.runSequentially(SuiteRunner.java:437)
	at org.testng.SuiteRunner.privateRun(SuiteRunner.java:397)
	at org.testng.SuiteRunner.run(SuiteRunner.java:336)
	at org.testng.SuiteRunnerWorker.runSuite(SuiteRunnerWorker.java:52)
	at org.testng.SuiteRunnerWorker.run(SuiteRunnerWorker.java:95)
	at org.testng.TestNG.runSuitesSequentially(TestNG.java:1301)
	at org.testng.TestNG.runSuitesLocally(TestNG.java:1228)
	at org.testng.TestNG.runSuites(TestNG.java:1134)
	at org.testng.TestNG.run(TestNG.java:1101)
	at org.apache.maven.surefire.testng.TestNGExecutor.run(TestNGExecutor.java:308)
	at org.apache.maven.surefire.testng.TestNGXmlTestSuite.execute(TestNGXmlTestSuite.java:71)
	at org.apache.maven.surefire.testng.TestNGProvider.invoke(TestNGProvider.java:113)
	at org.apache.maven.surefire.booter.ForkedBooter.runSuitesInProcess(ForkedBooter.java:385)
	at org.apache.maven.surefire.booter.ForkedBooter.execute(ForkedBooter.java:162)
	at org.apache.maven.surefire.booter.ForkedBooter.run(ForkedBooter.java:507)
	at org.apache.maven.surefire.booter.ForkedBooter.main(ForkedBooter.java:495)
Caused by: com.microsoft.playwright.impl.TargetClosedError: Error {
  message='Target page, context or browser has been closed
  name='TargetClosedError
  stack='TargetClosedError: Target page, context or browser has been closed
    at DispatcherConnection.dispatch (C:\Users\HAIPPY~1\AppData\Local\Temp\playwright-java-5451770823098902323\package\lib\server\dispatchers\dispatcher.js:273:44)
    at transport.onmessage (C:\Users\HAIPPY~1\AppData\Local\Temp\playwright-java-5451770823098902323\package\lib\cli\driver.js:52:57)
    at Immediate._onImmediate (C:\Users\HAIPPY~1\AppData\Local\Temp\playwright-java-5451770823098902323\package\lib\protocol\transport.js:77:34)
    at process.processImmediate (node:internal/timers:483:21)
}
	at com.microsoft.playwright.impl.Connection.dispatch(Connection.java:256)
	at com.microsoft.playwright.impl.Connection.processOneMessage(Connection.java:211)
	at com.microsoft.playwright.impl.ChannelOwner.runUntil(ChannelOwner.java:118)
	... 43 more

test.BMSTest.verifyXRAYBook -- Time elapsed: 0.004 s <<< FAILURE!
com.microsoft.playwright.impl.TargetClosedError: 
Error {
  message='Target page, context or browser has been closed
  name='TargetClosedError
  stack='TargetClosedError: Target page, context or browser has been closed
    at DispatcherConnection.dispatch (C:\Users\HAIPPY~1\AppData\Local\Temp\playwright-java-5451770823098902323\package\lib\server\dispatchers\dispatcher.js:273:44)
    at transport.onmessage (C:\Users\HAIPPY~1\AppData\Local\Temp\playwright-java-5451770823098902323\package\lib\cli\driver.js:52:57)
    at Immediate._onImmediate (C:\Users\HAIPPY~1\AppData\Local\Temp\playwright-java-5451770823098902323\package\lib\protocol\transport.js:77:34)
    at process.processImmediate (node:internal/timers:483:21)
}
	at com.microsoft.playwright.impl.WaitableResult.get(WaitableResult.java:54)
	at com.microsoft.playwright.impl.ChannelOwner.runUntil(ChannelOwner.java:120)
	at com.microsoft.playwright.impl.Connection.sendMessage(Connection.java:130)
	at com.microsoft.playwright.impl.ChannelOwner.sendMessage(ChannelOwner.java:106)
	at com.microsoft.playwright.impl.FrameImpl.navigateImpl(FrameImpl.java:463)
	at com.microsoft.playwright.impl.PageImpl.lambda$navigate$46(PageImpl.java:932)
	at com.microsoft.playwright.impl.LoggingSupport.withLogging(LoggingSupport.java:47)
	at com.microsoft.playwright.impl.ChannelOwner.withLogging(ChannelOwner.java:89)
	at com.microsoft.playwright.impl.PageImpl.navigate(PageImpl.java:932)
	at com.microsoft.playwright.impl.PageImpl.navigate(PageImpl.java:42)
	at com.microsoft.playwright.Page.navigate(Page.java:5446)
	at page.BMSPage.XRAYBook(BMSPage.java:681)
	at test.BMSTest.verifyXRAYBook(BMSTest.java:150)
	at java.base/jdk.internal.reflect.NativeMethodAccessorImpl.invoke0(Native Method)
	at java.base/jdk.internal.reflect.NativeMethodAccessorImpl.invoke(NativeMethodAccessorImpl.java:77)
	at java.base/jdk.internal.reflect.DelegatingMethodAccessorImpl.invoke(DelegatingMethodAccessorImpl.java:43)
	at java.base/java.lang.reflect.Method.invoke(Method.java:568)
	at org.testng.internal.invokers.MethodInvocationHelper.invokeMethod(MethodInvocationHelper.java:139)
	at org.testng.internal.invokers.TestInvoker.invokeMethod(TestInvoker.java:664)
	at org.testng.internal.invokers.TestInvoker.invokeTestMethod(TestInvoker.java:228)
	at org.testng.internal.invokers.MethodRunner.runInSequence(MethodRunner.java:63)
	at org.testng.internal.invokers.TestInvoker$MethodInvocationAgent.invoke(TestInvoker.java:961)
	at org.testng.internal.invokers.TestInvoker.invokeTestMethods(TestInvoker.java:201)
	at org.testng.internal.invokers.TestMethodWorker.invokeTestMethods(TestMethodWorker.java:148)
	at org.testng.internal.invokers.TestMethodWorker.run(TestMethodWorker.java:128)
	at java.base/java.util.ArrayList.forEach(ArrayList.java:1511)
	at org.testng.TestRunner.privateRun(TestRunner.java:819)
	at org.testng.TestRunner.run(TestRunner.java:619)
	at org.testng.SuiteRunner.runTest(SuiteRunner.java:443)
	at org.testng.SuiteRunner.runSequentially(SuiteRunner.java:437)
	at org.testng.SuiteRunner.privateRun(SuiteRunner.java:397)
	at org.testng.SuiteRunner.run(SuiteRunner.java:336)
	at org.testng.SuiteRunnerWorker.runSuite(SuiteRunnerWorker.java:52)
	at org.testng.SuiteRunnerWorker.run(SuiteRunnerWorker.java:95)
	at org.testng.TestNG.runSuitesSequentially(TestNG.java:1301)
	at org.testng.TestNG.runSuitesLocally(TestNG.java:1228)
	at org.testng.TestNG.runSuites(TestNG.java:1134)
	at org.testng.TestNG.run(TestNG.java:1101)
	at org.apache.maven.surefire.testng.TestNGExecutor.run(TestNGExecutor.java:308)
	at org.apache.maven.surefire.testng.TestNGXmlTestSuite.execute(TestNGXmlTestSuite.java:71)
	at org.apache.maven.surefire.testng.TestNGProvider.invoke(TestNGProvider.java:113)
	at org.apache.maven.surefire.booter.ForkedBooter.runSuitesInProcess(ForkedBooter.java:385)
	at org.apache.maven.surefire.booter.ForkedBooter.execute(ForkedBooter.java:162)
	at org.apache.maven.surefire.booter.ForkedBooter.run(ForkedBooter.java:507)
	at org.apache.maven.surefire.booter.ForkedBooter.main(ForkedBooter.java:495)
Caused by: com.microsoft.playwright.impl.TargetClosedError: Error {
  message='Target page, context or browser has been closed
  name='TargetClosedError
  stack='TargetClosedError: Target page, context or browser has been closed
    at DispatcherConnection.dispatch (C:\Users\HAIPPY~1\AppData\Local\Temp\playwright-java-5451770823098902323\package\lib\server\dispatchers\dispatcher.js:273:44)
    at transport.onmessage (C:\Users\HAIPPY~1\AppData\Local\Temp\playwright-java-5451770823098902323\package\lib\cli\driver.js:52:57)
    at Immediate._onImmediate (C:\Users\HAIPPY~1\AppData\Local\Temp\playwright-java-5451770823098902323\package\lib\protocol\transport.js:77:34)
    at process.processImmediate (node:internal/timers:483:21)
}
	at com.microsoft.playwright.impl.Connection.dispatch(Connection.java:256)
	at com.microsoft.playwright.impl.Connection.processOneMessage(Connection.java:211)
	at com.microsoft.playwright.impl.ChannelOwner.runUntil(ChannelOwner.java:118)
	... 43 more

test.BMSTest.verifyUSGBook -- Time elapsed: 0.005 s <<< FAILURE!
com.microsoft.playwright.impl.TargetClosedError: 
Error {
  message='Target page, context or browser has been closed
  name='TargetClosedError
  stack='TargetClosedError: Target page, context or browser has been closed
    at DispatcherConnection.dispatch (C:\Users\HAIPPY~1\AppData\Local\Temp\playwright-java-5451770823098902323\package\lib\server\dispatchers\dispatcher.js:273:44)
    at transport.onmessage (C:\Users\HAIPPY~1\AppData\Local\Temp\playwright-java-5451770823098902323\package\lib\cli\driver.js:52:57)
    at Immediate._onImmediate (C:\Users\HAIPPY~1\AppData\Local\Temp\playwright-java-5451770823098902323\package\lib\protocol\transport.js:77:34)
    at process.processImmediate (node:internal/timers:483:21)
}
	at com.microsoft.playwright.impl.WaitableResult.get(WaitableResult.java:54)
	at com.microsoft.playwright.impl.ChannelOwner.runUntil(ChannelOwner.java:120)
	at com.microsoft.playwright.impl.Connection.sendMessage(Connection.java:130)
	at com.microsoft.playwright.impl.ChannelOwner.sendMessage(ChannelOwner.java:106)
	at com.microsoft.playwright.impl.FrameImpl.navigateImpl(FrameImpl.java:463)
	at com.microsoft.playwright.impl.PageImpl.lambda$navigate$46(PageImpl.java:932)
	at com.microsoft.playwright.impl.LoggingSupport.withLogging(LoggingSupport.java:47)
	at com.microsoft.playwright.impl.ChannelOwner.withLogging(ChannelOwner.java:89)
	at com.microsoft.playwright.impl.PageImpl.navigate(PageImpl.java:932)
	at com.microsoft.playwright.impl.PageImpl.navigate(PageImpl.java:42)
	at com.microsoft.playwright.Page.navigate(Page.java:5446)
	at page.BMSPage.bookUSG(BMSPage.java:707)
	at test.BMSTest.verifyUSGBook(BMSTest.java:155)
	at java.base/jdk.internal.reflect.NativeMethodAccessorImpl.invoke0(Native Method)
	at java.base/jdk.internal.reflect.NativeMethodAccessorImpl.invoke(NativeMethodAccessorImpl.java:77)
	at java.base/jdk.internal.reflect.DelegatingMethodAccessorImpl.invoke(DelegatingMethodAccessorImpl.java:43)
	at java.base/java.lang.reflect.Method.invoke(Method.java:568)
	at org.testng.internal.invokers.MethodInvocationHelper.invokeMethod(MethodInvocationHelper.java:139)
	at org.testng.internal.invokers.TestInvoker.invokeMethod(TestInvoker.java:664)
	at org.testng.internal.invokers.TestInvoker.invokeTestMethod(TestInvoker.java:228)
	at org.testng.internal.invokers.MethodRunner.runInSequence(MethodRunner.java:63)
	at org.testng.internal.invokers.TestInvoker$MethodInvocationAgent.invoke(TestInvoker.java:961)
	at org.testng.internal.invokers.TestInvoker.invokeTestMethods(TestInvoker.java:201)
	at org.testng.internal.invokers.TestMethodWorker.invokeTestMethods(TestMethodWorker.java:148)
	at org.testng.internal.invokers.TestMethodWorker.run(TestMethodWorker.java:128)
	at java.base/java.util.ArrayList.forEach(ArrayList.java:1511)
	at org.testng.TestRunner.privateRun(TestRunner.java:819)
	at org.testng.TestRunner.run(TestRunner.java:619)
	at org.testng.SuiteRunner.runTest(SuiteRunner.java:443)
	at org.testng.SuiteRunner.runSequentially(SuiteRunner.java:437)
	at org.testng.SuiteRunner.privateRun(SuiteRunner.java:397)
	at org.testng.SuiteRunner.run(SuiteRunner.java:336)
	at org.testng.SuiteRunnerWorker.runSuite(SuiteRunnerWorker.java:52)
	at org.testng.SuiteRunnerWorker.run(SuiteRunnerWorker.java:95)
	at org.testng.TestNG.runSuitesSequentially(TestNG.java:1301)
	at org.testng.TestNG.runSuitesLocally(TestNG.java:1228)
	at org.testng.TestNG.runSuites(TestNG.java:1134)
	at org.testng.TestNG.run(TestNG.java:1101)
	at org.apache.maven.surefire.testng.TestNGExecutor.run(TestNGExecutor.java:308)
	at org.apache.maven.surefire.testng.TestNGXmlTestSuite.execute(TestNGXmlTestSuite.java:71)
	at org.apache.maven.surefire.testng.TestNGProvider.invoke(TestNGProvider.java:113)
	at org.apache.maven.surefire.booter.ForkedBooter.runSuitesInProcess(ForkedBooter.java:385)
	at org.apache.maven.surefire.booter.ForkedBooter.execute(ForkedBooter.java:162)
	at org.apache.maven.surefire.booter.ForkedBooter.run(ForkedBooter.java:507)
	at org.apache.maven.surefire.booter.ForkedBooter.main(ForkedBooter.java:495)
Caused by: com.microsoft.playwright.impl.TargetClosedError: Error {
  message='Target page, context or browser has been closed
  name='TargetClosedError
  stack='TargetClosedError: Target page, context or browser has been closed
    at DispatcherConnection.dispatch (C:\Users\HAIPPY~1\AppData\Local\Temp\playwright-java-5451770823098902323\package\lib\server\dispatchers\dispatcher.js:273:44)
    at transport.onmessage (C:\Users\HAIPPY~1\AppData\Local\Temp\playwright-java-5451770823098902323\package\lib\cli\driver.js:52:57)
    at Immediate._onImmediate (C:\Users\HAIPPY~1\AppData\Local\Temp\playwright-java-5451770823098902323\package\lib\protocol\transport.js:77:34)
    at process.processImmediate (node:internal/timers:483:21)
}
	at com.microsoft.playwright.impl.Connection.dispatch(Connection.java:256)
	at com.microsoft.playwright.impl.Connection.processOneMessage(Connection.java:211)
	at com.microsoft.playwright.impl.ChannelOwner.runUntil(ChannelOwner.java:118)
	... 43 more

test.BMSTest.verifyECGBook -- Time elapsed: 0.006 s <<< FAILURE!
com.microsoft.playwright.impl.TargetClosedError: 
Error {
  message='Target page, context or browser has been closed
  name='TargetClosedError
  stack='TargetClosedError: Target page, context or browser has been closed
    at DispatcherConnection.dispatch (C:\Users\HAIPPY~1\AppData\Local\Temp\playwright-java-5451770823098902323\package\lib\server\dispatchers\dispatcher.js:273:44)
    at transport.onmessage (C:\Users\HAIPPY~1\AppData\Local\Temp\playwright-java-5451770823098902323\package\lib\cli\driver.js:52:57)
    at Immediate._onImmediate (C:\Users\HAIPPY~1\AppData\Local\Temp\playwright-java-5451770823098902323\package\lib\protocol\transport.js:77:34)
    at process.processImmediate (node:internal/timers:483:21)
}
	at com.microsoft.playwright.impl.WaitableResult.get(WaitableResult.java:54)
	at com.microsoft.playwright.impl.ChannelOwner.runUntil(ChannelOwner.java:120)
	at com.microsoft.playwright.impl.Connection.sendMessage(Connection.java:130)
	at com.microsoft.playwright.impl.ChannelOwner.sendMessage(ChannelOwner.java:106)
	at com.microsoft.playwright.impl.FrameImpl.clickImpl(FrameImpl.java:252)
	at com.microsoft.playwright.impl.FrameImpl.lambda$click$8(FrameImpl.java:243)
	at com.microsoft.playwright.impl.LoggingSupport.lambda$withLogging$0(LoggingSupport.java:36)
	at com.microsoft.playwright.impl.LoggingSupport.withLogging(LoggingSupport.java:47)
	at com.microsoft.playwright.impl.ChannelOwner.withLogging(ChannelOwner.java:89)
	at com.microsoft.playwright.impl.LoggingSupport.withLogging(LoggingSupport.java:35)
	at com.microsoft.playwright.impl.FrameImpl.click(FrameImpl.java:243)
	at com.microsoft.playwright.impl.LocatorImpl.click(LocatorImpl.java:160)
	at com.microsoft.playwright.Locator.click(Locator.java:2406)
	at page.BMSPage.bookECG(BMSPage.java:728)
	at test.BMSTest.verifyECGBook(BMSTest.java:160)
	at java.base/jdk.internal.reflect.NativeMethodAccessorImpl.invoke0(Native Method)
	at java.base/jdk.internal.reflect.NativeMethodAccessorImpl.invoke(NativeMethodAccessorImpl.java:77)
	at java.base/jdk.internal.reflect.DelegatingMethodAccessorImpl.invoke(DelegatingMethodAccessorImpl.java:43)
	at java.base/java.lang.reflect.Method.invoke(Method.java:568)
	at org.testng.internal.invokers.MethodInvocationHelper.invokeMethod(MethodInvocationHelper.java:139)
	at org.testng.internal.invokers.TestInvoker.invokeMethod(TestInvoker.java:664)
	at org.testng.internal.invokers.TestInvoker.invokeTestMethod(TestInvoker.java:228)
	at org.testng.internal.invokers.MethodRunner.runInSequence(MethodRunner.java:63)
	at org.testng.internal.invokers.TestInvoker$MethodInvocationAgent.invoke(TestInvoker.java:961)
	at org.testng.internal.invokers.TestInvoker.invokeTestMethods(TestInvoker.java:201)
	at org.testng.internal.invokers.TestMethodWorker.invokeTestMethods(TestMethodWorker.java:148)
	at org.testng.internal.invokers.TestMethodWorker.run(TestMethodWorker.java:128)
	at java.base/java.util.ArrayList.forEach(ArrayList.java:1511)
	at org.testng.TestRunner.privateRun(TestRunner.java:819)
	at org.testng.TestRunner.run(TestRunner.java:619)
	at org.testng.SuiteRunner.runTest(SuiteRunner.java:443)
	at org.testng.SuiteRunner.runSequentially(SuiteRunner.java:437)
	at org.testng.SuiteRunner.privateRun(SuiteRunner.java:397)
	at org.testng.SuiteRunner.run(SuiteRunner.java:336)
	at org.testng.SuiteRunnerWorker.runSuite(SuiteRunnerWorker.java:52)
	at org.testng.SuiteRunnerWorker.run(SuiteRunnerWorker.java:95)
	at org.testng.TestNG.runSuitesSequentially(TestNG.java:1301)
	at org.testng.TestNG.runSuitesLocally(TestNG.java:1228)
	at org.testng.TestNG.runSuites(TestNG.java:1134)
	at org.testng.TestNG.run(TestNG.java:1101)
	at org.apache.maven.surefire.testng.TestNGExecutor.run(TestNGExecutor.java:308)
	at org.apache.maven.surefire.testng.TestNGXmlTestSuite.execute(TestNGXmlTestSuite.java:71)
	at org.apache.maven.surefire.testng.TestNGProvider.invoke(TestNGProvider.java:113)
	at org.apache.maven.surefire.booter.ForkedBooter.runSuitesInProcess(ForkedBooter.java:385)
	at org.apache.maven.surefire.booter.ForkedBooter.execute(ForkedBooter.java:162)
	at org.apache.maven.surefire.booter.ForkedBooter.run(ForkedBooter.java:507)
	at org.apache.maven.surefire.booter.ForkedBooter.main(ForkedBooter.java:495)
Caused by: com.microsoft.playwright.impl.TargetClosedError: Error {
  message='Target page, context or browser has been closed
  name='TargetClosedError
  stack='TargetClosedError: Target page, context or browser has been closed
    at DispatcherConnection.dispatch (C:\Users\HAIPPY~1\AppData\Local\Temp\playwright-java-5451770823098902323\package\lib\server\dispatchers\dispatcher.js:273:44)
    at transport.onmessage (C:\Users\HAIPPY~1\AppData\Local\Temp\playwright-java-5451770823098902323\package\lib\cli\driver.js:52:57)
    at Immediate._onImmediate (C:\Users\HAIPPY~1\AppData\Local\Temp\playwright-java-5451770823098902323\package\lib\protocol\transport.js:77:34)
    at process.processImmediate (node:internal/timers:483:21)
}
	at com.microsoft.playwright.impl.Connection.dispatch(Connection.java:256)
	at com.microsoft.playwright.impl.Connection.processOneMessage(Connection.java:211)
	at com.microsoft.playwright.impl.ChannelOwner.runUntil(ChannelOwner.java:118)
	... 45 more

